#! /usr/bin/vvp
:ivl_version "11.0 (stable)";
:ivl_delay_selection "TYPICAL";
:vpi_time_precision + 0;
:vpi_module "/usr/lib/x86_64-linux-gnu/ivl/system.vpi";
:vpi_module "/usr/lib/x86_64-linux-gnu/ivl/vhdl_sys.vpi";
:vpi_module "/usr/lib/x86_64-linux-gnu/ivl/vhdl_textio.vpi";
:vpi_module "/usr/lib/x86_64-linux-gnu/ivl/v2005_math.vpi";
:vpi_module "/usr/lib/x86_64-linux-gnu/ivl/va_math.vpi";
S_0x55dbca80e840 .scope module, "UartRX_tb" "UartRX_tb" 2 8;
 .timescale 0 0;
P_0x55dbca80e9d0 .param/l "lpCLKCycle" 1 2 13, +C4<00000000000000000000000000000010>;
v0x55dbca82f620_0 .var "rCLK", 0 0;
v0x55dbca82f6c0_0 .var "rCnt", 1 0;
v0x55dbca82f780_0 .var "rRST", 0 0;
v0x55dbca82f880_0 .var "rUartRX", 9 0;
v0x55dbca82f920_0 .net "wRd", 7 0, L_0x55dbca830260;  1 drivers
v0x55dbca82fa30_0 .net "wVd", 0 0, L_0x55dbca7f13f0;  1 drivers
E_0x55dbca806e30 .event negedge, v0x55dbca82e8b0_0;
L_0x55dbca830620 .part v0x55dbca82f880_0, 9, 1;
S_0x55dbca80ea70 .scope module, "UartRX" "UartRX" 2 42, 3 14 0, S_0x55dbca80e840;
 .timescale 0 0;
    .port_info 0 /INPUT 1 "iUartRX";
    .port_info 1 /OUTPUT 8 "oRd";
    .port_info 2 /OUTPUT 1 "oVd";
    .port_info 3 /INPUT 1 "iRST";
    .port_info 4 /INPUT 1 "iCLK";
P_0x55dbca7cacf0 .param/l "lpBaudRate" 1 3 33, C4<10>;
P_0x55dbca7cad30 .param/l "lpBaudRateWidth" 1 3 32, C4<00000010>;
P_0x55dbca7cad70 .param/l "lpSampling" 1 3 36, C4<01>;
P_0x55dbca7cadb0 .param/l "lpStartBit" 1 3 35, C4<00>;
P_0x55dbca7cadf0 .param/l "lpStopBit" 1 3 37, C4<10>;
P_0x55dbca7cae30 .param/l "pBaudRate" 0 3 15, +C4<00000000000000000000000000000010>;
L_0x55dbca7f13f0 .functor BUFZ 1, v0x55dbca82f310_0, C4<0>, C4<0>, C4<0>;
v0x55dbca82e160_0 .net *"_ivl_1", 0 0, L_0x55dbca82fb00;  1 drivers
v0x55dbca82e260_0 .net *"_ivl_11", 0 0, L_0x55dbca82ff90;  1 drivers
v0x55dbca82e340_0 .net *"_ivl_13", 0 0, L_0x55dbca8300a0;  1 drivers
v0x55dbca82e400_0 .net *"_ivl_15", 0 0, L_0x55dbca830140;  1 drivers
v0x55dbca82e4e0_0 .net *"_ivl_3", 0 0, L_0x55dbca82fc00;  1 drivers
v0x55dbca82e610_0 .net *"_ivl_5", 0 0, L_0x55dbca82fd20;  1 drivers
v0x55dbca82e6f0_0 .net *"_ivl_7", 0 0, L_0x55dbca82fdc0;  1 drivers
v0x55dbca82e7d0_0 .net *"_ivl_9", 0 0, L_0x55dbca82fec0;  1 drivers
v0x55dbca82e8b0_0 .net "iCLK", 0 0, v0x55dbca82f620_0;  1 drivers
v0x55dbca82e970_0 .net "iRST", 0 0, v0x55dbca82f780_0;  1 drivers
v0x55dbca82ea30_0 .net "iUartRX", 0 0, L_0x55dbca830620;  1 drivers
v0x55dbca82eaf0_0 .net "oRd", 7 0, L_0x55dbca830260;  alias, 1 drivers
v0x55dbca82ebd0_0 .net "oVd", 0 0, L_0x55dbca7f13f0;  alias, 1 drivers
v0x55dbca82ec90_0 .var "qBaudRateCntMaxCke", 0 0;
v0x55dbca82ed50_0 .var "qRdCke", 0 0;
v0x55dbca82ee10_0 .var "qSampCke", 0 0;
v0x55dbca82eed0_0 .var "qVdCke", 0 0;
v0x55dbca82ef90_0 .var "rBaudRateCnt", 1 0;
v0x55dbca82f070_0 .var "rRd", 7 0;
v0x55dbca82f150_0 .var "rSampCnt", 3 0;
v0x55dbca82f230_0 .var "rState", 1 0;
v0x55dbca82f310_0 .var "rVd", 0 0;
E_0x55dbca80cce0/0 .event edge, v0x55dbca82ef90_0, v0x55dbca82f150_0, v0x55dbca82ec90_0, v0x55dbca82f230_0;
E_0x55dbca80cce0/1 .event edge, v0x55dbca82ee10_0;
E_0x55dbca80cce0 .event/or E_0x55dbca80cce0/0, E_0x55dbca80cce0/1;
E_0x55dbca7eeb10 .event posedge, v0x55dbca82e8b0_0;
L_0x55dbca82fb00 .part v0x55dbca82f070_0, 0, 1;
L_0x55dbca82fc00 .part v0x55dbca82f070_0, 1, 1;
L_0x55dbca82fd20 .part v0x55dbca82f070_0, 2, 1;
L_0x55dbca82fdc0 .part v0x55dbca82f070_0, 3, 1;
L_0x55dbca82fec0 .part v0x55dbca82f070_0, 4, 1;
L_0x55dbca82ff90 .part v0x55dbca82f070_0, 5, 1;
L_0x55dbca8300a0 .part v0x55dbca82f070_0, 6, 1;
L_0x55dbca830140 .part v0x55dbca82f070_0, 7, 1;
LS_0x55dbca830260_0_0 .concat [ 1 1 1 1], L_0x55dbca830140, L_0x55dbca8300a0, L_0x55dbca82ff90, L_0x55dbca82fec0;
LS_0x55dbca830260_0_4 .concat [ 1 1 1 1], L_0x55dbca82fdc0, L_0x55dbca82fd20, L_0x55dbca82fc00, L_0x55dbca82fb00;
L_0x55dbca830260 .concat [ 4 4 0 0], LS_0x55dbca830260_0_0, LS_0x55dbca830260_0_4;
S_0x55dbca7fd3d0 .scope function.vec4.s8, "func_getwidth" "func_getwidth" 3 94, 3 94 0, S_0x55dbca80ea70;
 .timescale 0 0;
; Variable func_getwidth is vec4 return value of scope S_0x55dbca7fd3d0
v0x55dbca82dfc0_0 .var/i "i", 31 0;
v0x55dbca82e0a0_0 .var "iVAL", 31 0;
TD_UartRX_tb.UartRX.func_getwidth ;
    %pushi/vec4 1, 0, 8;
    %ret/vec4 0, 0, 8;  Assign to func_getwidth (store_vec4_to_lval)
    %pushi/vec4 0, 0, 32;
    %store/vec4 v0x55dbca82dfc0_0, 0, 32;
T_0.0 ;
    %load/vec4 v0x55dbca82dfc0_0;
    %cmpi/s 32, 0, 32;
    %jmp/0xz T_0.1, 5;
    %load/vec4 v0x55dbca82e0a0_0;
    %load/vec4 v0x55dbca82dfc0_0;
    %part/s 1;
    %flag_set/vec4 8;
    %jmp/0xz  T_0.2, 8;
    %load/vec4 v0x55dbca82dfc0_0;
    %addi 1, 0, 32;
    %pad/s 8;
    %ret/vec4 0, 0, 8;  Assign to func_getwidth (store_vec4_to_lval)
T_0.2 ;
    %load/vec4 v0x55dbca82dfc0_0;
    %addi 1, 0, 32;
    %store/vec4 v0x55dbca82dfc0_0, 0, 32;
    %jmp T_0.0;
T_0.1 ;
    %end;
S_0x55dbca82f470 .scope task, "reset_init" "reset_init" 2 23, 2 23 0, S_0x55dbca80e840;
 .timescale 0 0;
TD_UartRX_tb.reset_init ;
    %delay 10, 0;
    %pushi/vec4 0, 0, 1;
    %store/vec4 v0x55dbca82f780_0, 0, 1;
    %delay 10, 0;
    %end;
    .scope S_0x55dbca80ea70;
T_2 ;
    %wait E_0x55dbca7eeb10;
    %load/vec4 v0x55dbca82e970_0;
    %flag_set/vec4 8;
    %jmp/0xz  T_2.0, 8;
    %pushi/vec4 0, 0, 2;
    %assign/vec4 v0x55dbca82f230_0, 0;
    %jmp T_2.1;
T_2.0 ;
    %load/vec4 v0x55dbca82f230_0;
    %dup/vec4;
    %pushi/vec4 0, 0, 2;
    %cmp/u;
    %jmp/1 T_2.2, 6;
    %dup/vec4;
    %pushi/vec4 1, 0, 2;
    %cmp/u;
    %jmp/1 T_2.3, 6;
    %dup/vec4;
    %pushi/vec4 2, 0, 2;
    %cmp/u;
    %jmp/1 T_2.4, 6;
    %pushi/vec4 0, 0, 2;
    %assign/vec4 v0x55dbca82f230_0, 0;
    %jmp T_2.6;
T_2.2 ;
    %load/vec4 v0x55dbca82ea30_0;
    %flag_set/vec4 8;
    %jmp/0 T_2.7, 8;
    %pushi/vec4 0, 0, 2;
    %jmp/1 T_2.8, 8;
T_2.7 ; End of true expr.
    %pushi/vec4 1, 0, 2;
    %jmp/0 T_2.8, 8;
 ; End of false expr.
    %blend;
T_2.8;
    %assign/vec4 v0x55dbca82f230_0, 0;
    %jmp T_2.6;
T_2.3 ;
    %load/vec4 v0x55dbca82ee10_0;
    %flag_set/vec4 8;
    %jmp/0 T_2.9, 8;
    %pushi/vec4 2, 0, 2;
    %jmp/1 T_2.10, 8;
T_2.9 ; End of true expr.
    %pushi/vec4 1, 0, 2;
    %jmp/0 T_2.10, 8;
 ; End of false expr.
    %blend;
T_2.10;
    %assign/vec4 v0x55dbca82f230_0, 0;
    %jmp T_2.6;
T_2.4 ;
    %load/vec4 v0x55dbca82ec90_0;
    %flag_set/vec4 8;
    %jmp/0 T_2.11, 8;
    %pushi/vec4 0, 0, 2;
    %jmp/1 T_2.12, 8;
T_2.11 ; End of true expr.
    %pushi/vec4 2, 0, 2;
    %jmp/0 T_2.12, 8;
 ; End of false expr.
    %blend;
T_2.12;
    %assign/vec4 v0x55dbca82f230_0, 0;
    %jmp T_2.6;
T_2.6 ;
    %pop/vec4 1;
T_2.1 ;
    %jmp T_2;
    .thread T_2;
    .scope S_0x55dbca80ea70;
T_3 ;
    %wait E_0x55dbca7eeb10;
    %load/vec4 v0x55dbca82ed50_0;
    %flag_set/vec4 8;
    %jmp/0xz  T_3.0, 8;
    %load/vec4 v0x55dbca82f070_0;
    %parti/s 7, 0, 2;
    %load/vec4 v0x55dbca82ea30_0;
    %concat/vec4; draw_concat_vec4
    %assign/vec4 v0x55dbca82f070_0, 0;
    %jmp T_3.1;
T_3.0 ;
    %load/vec4 v0x55dbca82f070_0;
    %assign/vec4 v0x55dbca82f070_0, 0;
T_3.1 ;
    %load/vec4 v0x55dbca82e970_0;
    %flag_set/vec4 8;
    %jmp/0xz  T_3.2, 8;
    %pushi/vec4 0, 0, 1;
    %assign/vec4 v0x55dbca82f310_0, 0;
    %jmp T_3.3;
T_3.2 ;
    %load/vec4 v0x55dbca82eed0_0;
    %flag_set/vec4 8;
    %jmp/0xz  T_3.4, 8;
    %pushi/vec4 1, 0, 1;
    %assign/vec4 v0x55dbca82f310_0, 0;
    %jmp T_3.5;
T_3.4 ;
    %pushi/vec4 0, 0, 1;
    %assign/vec4 v0x55dbca82f310_0, 0;
T_3.5 ;
T_3.3 ;
    %load/vec4 v0x55dbca82f230_0;
    %cmpi/e 0, 0, 2;
    %jmp/0xz  T_3.6, 4;
    %pushi/vec4 0, 0, 4;
    %assign/vec4 v0x55dbca82f150_0, 0;
    %jmp T_3.7;
T_3.6 ;
    %load/vec4 v0x55dbca82ec90_0;
    %flag_set/vec4 8;
    %jmp/0xz  T_3.8, 8;
    %load/vec4 v0x55dbca82f150_0;
    %addi 1, 0, 4;
    %assign/vec4 v0x55dbca82f150_0, 0;
    %jmp T_3.9;
T_3.8 ;
    %load/vec4 v0x55dbca82f150_0;
    %assign/vec4 v0x55dbca82f150_0, 0;
T_3.9 ;
T_3.7 ;
    %load/vec4 v0x55dbca82f230_0;
    %cmpi/e 0, 0, 2;
    %jmp/0xz  T_3.10, 4;
    %pushi/vec4 0, 0, 2;
    %assign/vec4 v0x55dbca82ef90_0, 0;
    %jmp T_3.11;
T_3.10 ;
    %load/vec4 v0x55dbca82ec90_0;
    %flag_set/vec4 8;
    %jmp/0xz  T_3.12, 8;
    %pushi/vec4 0, 0, 2;
    %assign/vec4 v0x55dbca82ef90_0, 0;
    %jmp T_3.13;
T_3.12 ;
    %load/vec4 v0x55dbca82ef90_0;
    %addi 1, 0, 2;
    %assign/vec4 v0x55dbca82ef90_0, 0;
T_3.13 ;
T_3.11 ;
    %jmp T_3;
    .thread T_3;
    .scope S_0x55dbca80ea70;
T_4 ;
    %wait E_0x55dbca80cce0;
    %load/vec4 v0x55dbca82ef90_0;
    %pushi/vec4 2, 0, 2;
    %cmp/e;
    %flag_get/vec4 4;
    %assign/vec4 v0x55dbca82ec90_0, 0;
    %load/vec4 v0x55dbca82f150_0;
    %pushi/vec4 8, 0, 4;
    %cmp/e;
    %flag_get/vec4 4;
    %assign/vec4 v0x55dbca82ee10_0, 0;
    %load/vec4 v0x55dbca82ec90_0;
    %load/vec4 v0x55dbca82f230_0;
    %pushi/vec4 1, 0, 2;
    %cmp/e;
    %flag_get/vec4 4;
    %concat/vec4; draw_concat_vec4
    %and/r;
    %assign/vec4 v0x55dbca82ed50_0, 0;
    %load/vec4 v0x55dbca82ec90_0;
    %load/vec4 v0x55dbca82ee10_0;
    %concat/vec4; draw_concat_vec4
    %and/r;
    %assign/vec4 v0x55dbca82eed0_0, 0;
    %jmp T_4;
    .thread T_4, $push;
    .scope S_0x55dbca80e840;
T_5 ;
    %pushi/vec4 0, 0, 1;
    %store/vec4 v0x55dbca82f620_0, 0, 1;
    %pushi/vec4 1, 0, 1;
    %store/vec4 v0x55dbca82f780_0, 0, 1;
    %end;
    .thread T_5;
    .scope S_0x55dbca80e840;
T_6 ;
    %delay 1, 0;
    %load/vec4 v0x55dbca82f620_0;
    %inv;
    %store/vec4 v0x55dbca82f620_0, 0, 1;
    %jmp T_6;
    .thread T_6;
    .scope S_0x55dbca80e840;
T_7 ;
    %wait E_0x55dbca806e30;
    %load/vec4 v0x55dbca82f780_0;
    %flag_set/vec4 8;
    %jmp/0xz  T_7.0, 8;
    %pushi/vec4 0, 0, 2;
    %assign/vec4 v0x55dbca82f6c0_0, 0;
    %jmp T_7.1;
T_7.0 ;
    %load/vec4 v0x55dbca82f6c0_0;
    %cmpi/e 2, 0, 2;
    %jmp/0xz  T_7.2, 4;
    %pushi/vec4 0, 0, 2;
    %assign/vec4 v0x55dbca82f6c0_0, 0;
    %jmp T_7.3;
T_7.2 ;
    %load/vec4 v0x55dbca82f6c0_0;
    %addi 1, 0, 2;
    %assign/vec4 v0x55dbca82f6c0_0, 0;
T_7.3 ;
T_7.1 ;
    %load/vec4 v0x55dbca82f780_0;
    %flag_set/vec4 8;
    %jmp/0xz  T_7.4, 8;
    %pushi/vec4 629, 0, 10;
    %assign/vec4 v0x55dbca82f880_0, 0;
    %jmp T_7.5;
T_7.4 ;
    %load/vec4 v0x55dbca82f6c0_0;
    %cmpi/e 2, 0, 2;
    %jmp/0xz  T_7.6, 4;
    %load/vec4 v0x55dbca82f880_0;
    %parti/s 9, 0, 2;
    %concati/vec4 1, 0, 1;
    %assign/vec4 v0x55dbca82f880_0, 0;
    %jmp T_7.7;
T_7.6 ;
    %load/vec4 v0x55dbca82f880_0;
    %assign/vec4 v0x55dbca82f880_0, 0;
T_7.7 ;
T_7.5 ;
    %jmp T_7;
    .thread T_7;
    .scope S_0x55dbca80e840;
T_8 ;
    %vpi_call 2 68 "$dumpfile", "UartRX_tb.vcd" {0 0 0};
    %vpi_call 2 69 "$dumpvars", 32'sb00000000000000000000000000000000, S_0x55dbca80e840 {0 0 0};
    %fork TD_UartRX_tb.reset_init, S_0x55dbca82f470;
    %join;
    %delay 9600, 0;
    %vpi_call 2 72 "$finish" {0 0 0};
    %end;
    .thread T_8;
# The file index is used to find the file name in the following table.
:file_names 4;
    "N/A";
    "<interactive>";
    "UartRX_tb.v";
    "UartRX.v";
