#! /usr/bin/vvp
:ivl_version "11.0 (stable)";
:ivl_delay_selection "TYPICAL";
:vpi_time_precision + 0;
:vpi_module "/usr/lib/x86_64-linux-gnu/ivl/system.vpi";
:vpi_module "/usr/lib/x86_64-linux-gnu/ivl/vhdl_sys.vpi";
:vpi_module "/usr/lib/x86_64-linux-gnu/ivl/vhdl_textio.vpi";
:vpi_module "/usr/lib/x86_64-linux-gnu/ivl/v2005_math.vpi";
:vpi_module "/usr/lib/x86_64-linux-gnu/ivl/va_math.vpi";
S_0x5566734a9aa0 .scope module, "MidiPitch_tb" "MidiPitch_tb" 2 6;
 .timescale 0 0;
P_0x5566734a9c30 .param/l "lpAudioBitDepth" 1 2 112, +C4<00000000000000000000000000010000>;
P_0x5566734a9c70 .param/str "lpDecimalFileName" 1 2 114, "../dat/IndexDecimal.dat";
P_0x5566734a9cb0 .param/str "lpIntegerFileName" 1 2 113, "../dat/IndexInteger.dat";
P_0x5566734a9cf0 .param/l "lpMCLKCycle" 1 2 13, +C4<00000000000000000000000000000111>;
P_0x5566734a9d30 .param/str "lpPitchFileName" 1 2 115, "../dat/PitchSin.dat";
P_0x5566734a9d70 .param/l "lpSCLKCycle" 1 2 12, +C4<00000000000000000000000000000100>;
v0x556673541910_0 .net *"_ivl_0", 7 0, L_0x556673542630;  1 drivers
v0x5566735419f0_0 .net *"_ivl_2", 9 0, L_0x556673542750;  1 drivers
L_0x7f48b923e060 .functor BUFT 1, C4<00>, C4<0>, C4<0>, C4<0>;
v0x556673541ad0_0 .net *"_ivl_5", 1 0, L_0x7f48b923e060;  1 drivers
v0x556673541b90_0 .var/i "i", 31 0;
v0x556673541c70_0 .var "qMidiWeCke", 0 0;
v0x556673541d60_0 .var "rMidiWa", 7 0;
v0x556673541e20 .array "rMidiWd", 0 255, 7 0;
v0x556673541ee0_0 .var "rMidiWe", 0 0;
v0x556673541fa0_0 .var "rMidiWeWait", 3 0;
v0x556673542080_0 .var "wMCLK", 0 0;
v0x556673542140_0 .var "wMRST", 0 0;
v0x556673542200_0 .net "wPitAudioFreq", 15 0, L_0x5566734922a0;  1 drivers
v0x5566735422c0_0 .var "wSCLK", 0 0;
v0x556673542360_0 .var "wSRST", 0 0;
v0x556673542400_0 .var "wnMRST", 0 0;
v0x5566735424a0_0 .var "wnSRST", 0 0;
E_0x556673486b10 .event edge, v0x556673541fa0_0;
L_0x556673542630 .array/port v0x556673541e20, L_0x556673542750;
L_0x556673542750 .concat [ 8 2 0 0], v0x556673541d60_0, L_0x7f48b923e060;
L_0x5566735428c0 .part L_0x556673542630, 0, 7;
S_0x5566734ab6a0 .scope module, "MidiPitch" "MidiPitch" 2 124, 3 5 0, S_0x5566734a9aa0;
 .timescale 0 0;
    .port_info 0 /INPUT 7 "iNoteNumber";
    .port_info 1 /INPUT 1 "iNoteOn";
    .port_info 2 /OUTPUT 16 "oAudioFreq";
    .port_info 3 /INPUT 1 "iRST";
    .port_info 4 /INPUT 1 "iCLK";
P_0x556673490050 .param/l "pAudioBitDepth" 0 3 6, +C4<00000000000000000000000000010000>;
P_0x556673490090 .param/str "pDecimalFileName" 0 3 8, "../dat/IndexDecimal.dat";
P_0x5566734900d0 .param/str "pIntegerFileName" 0 3 7, "../dat/IndexInteger.dat";
P_0x556673490110 .param/str "pPitchFileName" 0 3 9, "../dat/PitchSin.dat";
v0x556673541100_0 .net "iCLK", 0 0, v0x5566735422c0_0;  1 drivers
v0x5566735411c0_0 .net "iNoteNumber", 6 0, L_0x5566735428c0;  1 drivers
v0x556673541280_0 .net "iNoteOn", 0 0, v0x556673541c70_0;  1 drivers
v0x556673541320_0 .net "iRST", 0 0, v0x556673542360_0;  1 drivers
v0x5566735413c0_0 .net "oAudioFreq", 15 0, L_0x5566734922a0;  alias, 1 drivers
v0x5566735414d0_0 .var "qMtiRst", 0 0;
v0x5566735415a0_0 .net "wMpiPitchIndex", 15 0, L_0x556673517480;  1 drivers
E_0x55667351a6d0 .event edge, v0x556673541320_0, v0x556673541280_0;
S_0x5566734ab970 .scope module, "MidiPicthRom" "MidiPicthRom" 3 55, 4 6 0, S_0x5566734ab6a0;
 .timescale 0 0;
    .port_info 0 /INPUT 16 "iToneIndex";
    .port_info 1 /OUTPUT 16 "oAudioFreq";
    .port_info 2 /INPUT 1 "iCLK";
P_0x556673474650 .param/l "pAudioBitDepth" 0 4 8, +C4<00000000000000000000000000010000>;
P_0x556673474690 .param/l "pBramDepth" 0 4 7, +C4<00000000000000000000000100000000>;
P_0x5566734746d0 .param/str "pFileName" 0 4 9, "../dat/PitchSin.dat";
L_0x5566734922a0 .functor BUFZ 16, v0x5566735175a0_0, C4<0000000000000000>, C4<0000000000000000>, C4<0000000000000000>;
v0x5566734d4cb0_0 .net "iCLK", 0 0, v0x5566735422c0_0;  alias, 1 drivers
v0x5566734eff10_0 .net "iToneIndex", 15 0, L_0x556673517480;  alias, 1 drivers
v0x5566734efa90_0 .net "oAudioFreq", 15 0, L_0x5566734922a0;  alias, 1 drivers
v0x5566735175a0_0 .var "rWave", 15 0;
v0x5566734923c0 .array "rWaveFifo", 255 0, 15 0;
E_0x55667351a910 .event posedge, v0x5566734d4cb0_0;
S_0x55667353efa0 .scope module, "MidiPitchIndex" "MidiPitchIndex" 3 33, 5 6 0, S_0x5566734ab6a0;
 .timescale 0 0;
    .port_info 0 /INPUT 7 "iNoteNumber";
    .port_info 1 /OUTPUT 16 "oPitchIndex";
    .port_info 2 /INPUT 1 "iRST";
    .port_info 3 /INPUT 1 "iCKE";
    .port_info 4 /INPUT 1 "iCLK";
P_0x5566734a6800 .param/l "pAudioBitDepth" 0 5 8, +C4<00000000000000000000000000010000>;
P_0x5566734a6840 .param/l "pBramDepth" 0 5 7, +C4<00000000000000000000000010000000>;
P_0x5566734a6880 .param/str "pDecimalFileName" 0 5 10, "../dat/IndexDecimal.dat";
P_0x5566734a68c0 .param/str "pIntegerFileName" 0 5 9, "../dat/IndexInteger.dat";
L_0x556673517480 .functor BUFZ 16, v0x556673540f50_0, C4<0000000000000000>, C4<0000000000000000>, C4<0000000000000000>;
L_0x7f48b923e018 .functor BUFT 1, C4<1>, C4<0>, C4<0>, C4<0>;
v0x5566734f4a80_0 .net "iCKE", 0 0, L_0x7f48b923e018;  1 drivers
v0x5566734d9eb0_0 .net "iCLK", 0 0, v0x5566735422c0_0;  alias, 1 drivers
v0x55667353f780_0 .net "iNoteNumber", 6 0, L_0x5566735428c0;  alias, 1 drivers
v0x55667353f850_0 .net "iRST", 0 0, v0x5566735414d0_0;  1 drivers
v0x55667353f8f0_0 .net "oPitchIndex", 15 0, L_0x556673517480;  alias, 1 drivers
v0x55667353fa00_0 .var "qDecCarry", 0 0;
v0x55667353faa0_0 .var "qDecCarrySum", 16 0;
v0x55667353fb80 .array "rDecBram", 127 0, 15 0;
v0x556673540d90_0 .var "rDecIndex", 16 0;
v0x556673540e70 .array "rIntBram", 127 0, 15 0;
v0x556673540f50_0 .var "rIntIndex", 15 0;
v0x55667353fb80_0 .array/port v0x55667353fb80, 0;
v0x55667353fb80_1 .array/port v0x55667353fb80, 1;
v0x55667353fb80_2 .array/port v0x55667353fb80, 2;
E_0x55667351a8d0/0 .event edge, v0x55667353f780_0, v0x55667353fb80_0, v0x55667353fb80_1, v0x55667353fb80_2;
v0x55667353fb80_3 .array/port v0x55667353fb80, 3;
v0x55667353fb80_4 .array/port v0x55667353fb80, 4;
v0x55667353fb80_5 .array/port v0x55667353fb80, 5;
v0x55667353fb80_6 .array/port v0x55667353fb80, 6;
E_0x55667351a8d0/1 .event edge, v0x55667353fb80_3, v0x55667353fb80_4, v0x55667353fb80_5, v0x55667353fb80_6;
v0x55667353fb80_7 .array/port v0x55667353fb80, 7;
v0x55667353fb80_8 .array/port v0x55667353fb80, 8;
v0x55667353fb80_9 .array/port v0x55667353fb80, 9;
v0x55667353fb80_10 .array/port v0x55667353fb80, 10;
E_0x55667351a8d0/2 .event edge, v0x55667353fb80_7, v0x55667353fb80_8, v0x55667353fb80_9, v0x55667353fb80_10;
v0x55667353fb80_11 .array/port v0x55667353fb80, 11;
v0x55667353fb80_12 .array/port v0x55667353fb80, 12;
v0x55667353fb80_13 .array/port v0x55667353fb80, 13;
v0x55667353fb80_14 .array/port v0x55667353fb80, 14;
E_0x55667351a8d0/3 .event edge, v0x55667353fb80_11, v0x55667353fb80_12, v0x55667353fb80_13, v0x55667353fb80_14;
v0x55667353fb80_15 .array/port v0x55667353fb80, 15;
v0x55667353fb80_16 .array/port v0x55667353fb80, 16;
v0x55667353fb80_17 .array/port v0x55667353fb80, 17;
v0x55667353fb80_18 .array/port v0x55667353fb80, 18;
E_0x55667351a8d0/4 .event edge, v0x55667353fb80_15, v0x55667353fb80_16, v0x55667353fb80_17, v0x55667353fb80_18;
v0x55667353fb80_19 .array/port v0x55667353fb80, 19;
v0x55667353fb80_20 .array/port v0x55667353fb80, 20;
v0x55667353fb80_21 .array/port v0x55667353fb80, 21;
v0x55667353fb80_22 .array/port v0x55667353fb80, 22;
E_0x55667351a8d0/5 .event edge, v0x55667353fb80_19, v0x55667353fb80_20, v0x55667353fb80_21, v0x55667353fb80_22;
v0x55667353fb80_23 .array/port v0x55667353fb80, 23;
v0x55667353fb80_24 .array/port v0x55667353fb80, 24;
v0x55667353fb80_25 .array/port v0x55667353fb80, 25;
v0x55667353fb80_26 .array/port v0x55667353fb80, 26;
E_0x55667351a8d0/6 .event edge, v0x55667353fb80_23, v0x55667353fb80_24, v0x55667353fb80_25, v0x55667353fb80_26;
v0x55667353fb80_27 .array/port v0x55667353fb80, 27;
v0x55667353fb80_28 .array/port v0x55667353fb80, 28;
v0x55667353fb80_29 .array/port v0x55667353fb80, 29;
v0x55667353fb80_30 .array/port v0x55667353fb80, 30;
E_0x55667351a8d0/7 .event edge, v0x55667353fb80_27, v0x55667353fb80_28, v0x55667353fb80_29, v0x55667353fb80_30;
v0x55667353fb80_31 .array/port v0x55667353fb80, 31;
v0x55667353fb80_32 .array/port v0x55667353fb80, 32;
v0x55667353fb80_33 .array/port v0x55667353fb80, 33;
v0x55667353fb80_34 .array/port v0x55667353fb80, 34;
E_0x55667351a8d0/8 .event edge, v0x55667353fb80_31, v0x55667353fb80_32, v0x55667353fb80_33, v0x55667353fb80_34;
v0x55667353fb80_35 .array/port v0x55667353fb80, 35;
v0x55667353fb80_36 .array/port v0x55667353fb80, 36;
v0x55667353fb80_37 .array/port v0x55667353fb80, 37;
v0x55667353fb80_38 .array/port v0x55667353fb80, 38;
E_0x55667351a8d0/9 .event edge, v0x55667353fb80_35, v0x55667353fb80_36, v0x55667353fb80_37, v0x55667353fb80_38;
v0x55667353fb80_39 .array/port v0x55667353fb80, 39;
v0x55667353fb80_40 .array/port v0x55667353fb80, 40;
v0x55667353fb80_41 .array/port v0x55667353fb80, 41;
v0x55667353fb80_42 .array/port v0x55667353fb80, 42;
E_0x55667351a8d0/10 .event edge, v0x55667353fb80_39, v0x55667353fb80_40, v0x55667353fb80_41, v0x55667353fb80_42;
v0x55667353fb80_43 .array/port v0x55667353fb80, 43;
v0x55667353fb80_44 .array/port v0x55667353fb80, 44;
v0x55667353fb80_45 .array/port v0x55667353fb80, 45;
v0x55667353fb80_46 .array/port v0x55667353fb80, 46;
E_0x55667351a8d0/11 .event edge, v0x55667353fb80_43, v0x55667353fb80_44, v0x55667353fb80_45, v0x55667353fb80_46;
v0x55667353fb80_47 .array/port v0x55667353fb80, 47;
v0x55667353fb80_48 .array/port v0x55667353fb80, 48;
v0x55667353fb80_49 .array/port v0x55667353fb80, 49;
v0x55667353fb80_50 .array/port v0x55667353fb80, 50;
E_0x55667351a8d0/12 .event edge, v0x55667353fb80_47, v0x55667353fb80_48, v0x55667353fb80_49, v0x55667353fb80_50;
v0x55667353fb80_51 .array/port v0x55667353fb80, 51;
v0x55667353fb80_52 .array/port v0x55667353fb80, 52;
v0x55667353fb80_53 .array/port v0x55667353fb80, 53;
v0x55667353fb80_54 .array/port v0x55667353fb80, 54;
E_0x55667351a8d0/13 .event edge, v0x55667353fb80_51, v0x55667353fb80_52, v0x55667353fb80_53, v0x55667353fb80_54;
v0x55667353fb80_55 .array/port v0x55667353fb80, 55;
v0x55667353fb80_56 .array/port v0x55667353fb80, 56;
v0x55667353fb80_57 .array/port v0x55667353fb80, 57;
v0x55667353fb80_58 .array/port v0x55667353fb80, 58;
E_0x55667351a8d0/14 .event edge, v0x55667353fb80_55, v0x55667353fb80_56, v0x55667353fb80_57, v0x55667353fb80_58;
v0x55667353fb80_59 .array/port v0x55667353fb80, 59;
v0x55667353fb80_60 .array/port v0x55667353fb80, 60;
v0x55667353fb80_61 .array/port v0x55667353fb80, 61;
v0x55667353fb80_62 .array/port v0x55667353fb80, 62;
E_0x55667351a8d0/15 .event edge, v0x55667353fb80_59, v0x55667353fb80_60, v0x55667353fb80_61, v0x55667353fb80_62;
v0x55667353fb80_63 .array/port v0x55667353fb80, 63;
v0x55667353fb80_64 .array/port v0x55667353fb80, 64;
v0x55667353fb80_65 .array/port v0x55667353fb80, 65;
v0x55667353fb80_66 .array/port v0x55667353fb80, 66;
E_0x55667351a8d0/16 .event edge, v0x55667353fb80_63, v0x55667353fb80_64, v0x55667353fb80_65, v0x55667353fb80_66;
v0x55667353fb80_67 .array/port v0x55667353fb80, 67;
v0x55667353fb80_68 .array/port v0x55667353fb80, 68;
v0x55667353fb80_69 .array/port v0x55667353fb80, 69;
v0x55667353fb80_70 .array/port v0x55667353fb80, 70;
E_0x55667351a8d0/17 .event edge, v0x55667353fb80_67, v0x55667353fb80_68, v0x55667353fb80_69, v0x55667353fb80_70;
v0x55667353fb80_71 .array/port v0x55667353fb80, 71;
v0x55667353fb80_72 .array/port v0x55667353fb80, 72;
v0x55667353fb80_73 .array/port v0x55667353fb80, 73;
v0x55667353fb80_74 .array/port v0x55667353fb80, 74;
E_0x55667351a8d0/18 .event edge, v0x55667353fb80_71, v0x55667353fb80_72, v0x55667353fb80_73, v0x55667353fb80_74;
v0x55667353fb80_75 .array/port v0x55667353fb80, 75;
v0x55667353fb80_76 .array/port v0x55667353fb80, 76;
v0x55667353fb80_77 .array/port v0x55667353fb80, 77;
v0x55667353fb80_78 .array/port v0x55667353fb80, 78;
E_0x55667351a8d0/19 .event edge, v0x55667353fb80_75, v0x55667353fb80_76, v0x55667353fb80_77, v0x55667353fb80_78;
v0x55667353fb80_79 .array/port v0x55667353fb80, 79;
v0x55667353fb80_80 .array/port v0x55667353fb80, 80;
v0x55667353fb80_81 .array/port v0x55667353fb80, 81;
v0x55667353fb80_82 .array/port v0x55667353fb80, 82;
E_0x55667351a8d0/20 .event edge, v0x55667353fb80_79, v0x55667353fb80_80, v0x55667353fb80_81, v0x55667353fb80_82;
v0x55667353fb80_83 .array/port v0x55667353fb80, 83;
v0x55667353fb80_84 .array/port v0x55667353fb80, 84;
v0x55667353fb80_85 .array/port v0x55667353fb80, 85;
v0x55667353fb80_86 .array/port v0x55667353fb80, 86;
E_0x55667351a8d0/21 .event edge, v0x55667353fb80_83, v0x55667353fb80_84, v0x55667353fb80_85, v0x55667353fb80_86;
v0x55667353fb80_87 .array/port v0x55667353fb80, 87;
v0x55667353fb80_88 .array/port v0x55667353fb80, 88;
v0x55667353fb80_89 .array/port v0x55667353fb80, 89;
v0x55667353fb80_90 .array/port v0x55667353fb80, 90;
E_0x55667351a8d0/22 .event edge, v0x55667353fb80_87, v0x55667353fb80_88, v0x55667353fb80_89, v0x55667353fb80_90;
v0x55667353fb80_91 .array/port v0x55667353fb80, 91;
v0x55667353fb80_92 .array/port v0x55667353fb80, 92;
v0x55667353fb80_93 .array/port v0x55667353fb80, 93;
v0x55667353fb80_94 .array/port v0x55667353fb80, 94;
E_0x55667351a8d0/23 .event edge, v0x55667353fb80_91, v0x55667353fb80_92, v0x55667353fb80_93, v0x55667353fb80_94;
v0x55667353fb80_95 .array/port v0x55667353fb80, 95;
v0x55667353fb80_96 .array/port v0x55667353fb80, 96;
v0x55667353fb80_97 .array/port v0x55667353fb80, 97;
v0x55667353fb80_98 .array/port v0x55667353fb80, 98;
E_0x55667351a8d0/24 .event edge, v0x55667353fb80_95, v0x55667353fb80_96, v0x55667353fb80_97, v0x55667353fb80_98;
v0x55667353fb80_99 .array/port v0x55667353fb80, 99;
v0x55667353fb80_100 .array/port v0x55667353fb80, 100;
v0x55667353fb80_101 .array/port v0x55667353fb80, 101;
v0x55667353fb80_102 .array/port v0x55667353fb80, 102;
E_0x55667351a8d0/25 .event edge, v0x55667353fb80_99, v0x55667353fb80_100, v0x55667353fb80_101, v0x55667353fb80_102;
v0x55667353fb80_103 .array/port v0x55667353fb80, 103;
v0x55667353fb80_104 .array/port v0x55667353fb80, 104;
v0x55667353fb80_105 .array/port v0x55667353fb80, 105;
v0x55667353fb80_106 .array/port v0x55667353fb80, 106;
E_0x55667351a8d0/26 .event edge, v0x55667353fb80_103, v0x55667353fb80_104, v0x55667353fb80_105, v0x55667353fb80_106;
v0x55667353fb80_107 .array/port v0x55667353fb80, 107;
v0x55667353fb80_108 .array/port v0x55667353fb80, 108;
v0x55667353fb80_109 .array/port v0x55667353fb80, 109;
v0x55667353fb80_110 .array/port v0x55667353fb80, 110;
E_0x55667351a8d0/27 .event edge, v0x55667353fb80_107, v0x55667353fb80_108, v0x55667353fb80_109, v0x55667353fb80_110;
v0x55667353fb80_111 .array/port v0x55667353fb80, 111;
v0x55667353fb80_112 .array/port v0x55667353fb80, 112;
v0x55667353fb80_113 .array/port v0x55667353fb80, 113;
v0x55667353fb80_114 .array/port v0x55667353fb80, 114;
E_0x55667351a8d0/28 .event edge, v0x55667353fb80_111, v0x55667353fb80_112, v0x55667353fb80_113, v0x55667353fb80_114;
v0x55667353fb80_115 .array/port v0x55667353fb80, 115;
v0x55667353fb80_116 .array/port v0x55667353fb80, 116;
v0x55667353fb80_117 .array/port v0x55667353fb80, 117;
v0x55667353fb80_118 .array/port v0x55667353fb80, 118;
E_0x55667351a8d0/29 .event edge, v0x55667353fb80_115, v0x55667353fb80_116, v0x55667353fb80_117, v0x55667353fb80_118;
v0x55667353fb80_119 .array/port v0x55667353fb80, 119;
v0x55667353fb80_120 .array/port v0x55667353fb80, 120;
v0x55667353fb80_121 .array/port v0x55667353fb80, 121;
v0x55667353fb80_122 .array/port v0x55667353fb80, 122;
E_0x55667351a8d0/30 .event edge, v0x55667353fb80_119, v0x55667353fb80_120, v0x55667353fb80_121, v0x55667353fb80_122;
v0x55667353fb80_123 .array/port v0x55667353fb80, 123;
v0x55667353fb80_124 .array/port v0x55667353fb80, 124;
v0x55667353fb80_125 .array/port v0x55667353fb80, 125;
v0x55667353fb80_126 .array/port v0x55667353fb80, 126;
E_0x55667351a8d0/31 .event edge, v0x55667353fb80_123, v0x55667353fb80_124, v0x55667353fb80_125, v0x55667353fb80_126;
v0x55667353fb80_127 .array/port v0x55667353fb80, 127;
E_0x55667351a8d0/32 .event edge, v0x55667353fb80_127, v0x556673540d90_0, v0x55667353faa0_0;
E_0x55667351a8d0 .event/or E_0x55667351a8d0/0, E_0x55667351a8d0/1, E_0x55667351a8d0/2, E_0x55667351a8d0/3, E_0x55667351a8d0/4, E_0x55667351a8d0/5, E_0x55667351a8d0/6, E_0x55667351a8d0/7, E_0x55667351a8d0/8, E_0x55667351a8d0/9, E_0x55667351a8d0/10, E_0x55667351a8d0/11, E_0x55667351a8d0/12, E_0x55667351a8d0/13, E_0x55667351a8d0/14, E_0x55667351a8d0/15, E_0x55667351a8d0/16, E_0x55667351a8d0/17, E_0x55667351a8d0/18, E_0x55667351a8d0/19, E_0x55667351a8d0/20, E_0x55667351a8d0/21, E_0x55667351a8d0/22, E_0x55667351a8d0/23, E_0x55667351a8d0/24, E_0x55667351a8d0/25, E_0x55667351a8d0/26, E_0x55667351a8d0/27, E_0x55667351a8d0/28, E_0x55667351a8d0/29, E_0x55667351a8d0/30, E_0x55667351a8d0/31, E_0x55667351a8d0/32;
S_0x556673541710 .scope task, "reset_init" "reset_init" 2 30, 2 30 0, S_0x5566734a9aa0;
 .timescale 0 0;
TD_MidiPitch_tb.reset_init ;
    %delay 40, 0;
    %pushi/vec4 0, 0, 1;
    %store/vec4 v0x556673542360_0, 0, 1;
    %load/vec4 v0x556673542360_0;
    %inv;
    %store/vec4 v0x5566735424a0_0, 0, 1;
    %pushi/vec4 0, 0, 1;
    %store/vec4 v0x556673542140_0, 0, 1;
    %load/vec4 v0x556673542140_0;
    %inv;
    %store/vec4 v0x556673542400_0, 0, 1;
    %delay 40, 0;
    %end;
    .scope S_0x55667353efa0;
T_1 ;
    %vpi_call 5 30 "$readmemh", P_0x5566734a68c0, v0x556673540e70 {0 0 0};
    %vpi_call 5 31 "$readmemh", P_0x5566734a6880, v0x55667353fb80 {0 0 0};
    %end;
    .thread T_1;
    .scope S_0x55667353efa0;
T_2 ;
    %wait E_0x55667351a910;
    %load/vec4 v0x55667353f850_0;
    %flag_set/vec4 8;
    %jmp/0xz  T_2.0, 8;
    %pushi/vec4 0, 0, 16;
    %assign/vec4 v0x556673540f50_0, 0;
    %jmp T_2.1;
T_2.0 ;
    %load/vec4 v0x5566734f4a80_0;
    %flag_set/vec4 8;
    %jmp/0xz  T_2.2, 8;
    %load/vec4 v0x55667353f780_0;
    %pad/u 9;
    %ix/vec4 4;
    %load/vec4a v0x556673540e70, 4;
    %load/vec4 v0x556673540f50_0;
    %add;
    %load/vec4 v0x55667353fa00_0;
    %pad/u 16;
    %add;
    %assign/vec4 v0x556673540f50_0, 0;
    %jmp T_2.3;
T_2.2 ;
    %load/vec4 v0x556673540f50_0;
    %assign/vec4 v0x556673540f50_0, 0;
T_2.3 ;
T_2.1 ;
    %load/vec4 v0x55667353f850_0;
    %flag_set/vec4 8;
    %jmp/0xz  T_2.4, 8;
    %pushi/vec4 0, 0, 17;
    %assign/vec4 v0x556673540d90_0, 0;
    %jmp T_2.5;
T_2.4 ;
    %load/vec4 v0x5566734f4a80_0;
    %flag_set/vec4 8;
    %jmp/0xz  T_2.6, 8;
    %load/vec4 v0x55667353faa0_0;
    %parti/s 16, 0, 2;
    %pad/u 17;
    %assign/vec4 v0x556673540d90_0, 0;
    %jmp T_2.7;
T_2.6 ;
    %load/vec4 v0x556673540d90_0;
    %assign/vec4 v0x556673540d90_0, 0;
T_2.7 ;
T_2.5 ;
    %jmp T_2;
    .thread T_2;
    .scope S_0x55667353efa0;
T_3 ;
    %wait E_0x55667351a8d0;
    %load/vec4 v0x55667353f780_0;
    %pad/u 9;
    %ix/vec4 4;
    %load/vec4a v0x55667353fb80, 4;
    %pad/u 17;
    %load/vec4 v0x556673540d90_0;
    %parti/s 16, 0, 2;
    %pad/u 17;
    %add;
    %load/vec4 v0x556673540d90_0;
    %parti/s 1, 16, 6;
    %pad/u 17;
    %add;
    %assign/vec4 v0x55667353faa0_0, 0;
    %load/vec4 v0x55667353faa0_0;
    %parti/s 1, 16, 6;
    %assign/vec4 v0x55667353fa00_0, 0;
    %jmp T_3;
    .thread T_3, $push;
    .scope S_0x5566734ab970;
T_4 ;
    %vpi_call 4 26 "$readmemh", P_0x5566734746d0, v0x5566734923c0 {0 0 0};
    %end;
    .thread T_4;
    .scope S_0x5566734ab970;
T_5 ;
    %wait E_0x55667351a910;
    %ix/getv 4, v0x5566734eff10_0;
    %load/vec4a v0x5566734923c0, 4;
    %assign/vec4 v0x5566735175a0_0, 0;
    %jmp T_5;
    .thread T_5;
    .scope S_0x5566734ab6a0;
T_6 ;
    %wait E_0x55667351a6d0;
    %load/vec4 v0x556673541320_0;
    %load/vec4 v0x556673541280_0;
    %concat/vec4; draw_concat_vec4
    %or/r;
    %assign/vec4 v0x5566735414d0_0, 0;
    %jmp T_6;
    .thread T_6, $push;
    .scope S_0x5566734a9aa0;
T_7 ;
    %pushi/vec4 0, 0, 1;
    %store/vec4 v0x5566735422c0_0, 0, 1;
    %pushi/vec4 0, 0, 1;
    %store/vec4 v0x556673542080_0, 0, 1;
    %pushi/vec4 1, 0, 1;
    %store/vec4 v0x556673542360_0, 0, 1;
    %pushi/vec4 1, 0, 1;
    %store/vec4 v0x556673542140_0, 0, 1;
    %pushi/vec4 0, 0, 1;
    %store/vec4 v0x5566735424a0_0, 0, 1;
    %pushi/vec4 0, 0, 1;
    %store/vec4 v0x556673542400_0, 0, 1;
    %end;
    .thread T_7;
    .scope S_0x5566734a9aa0;
T_8 ;
    %delay 2, 0;
    %load/vec4 v0x5566735422c0_0;
    %inv;
    %store/vec4 v0x5566735422c0_0, 0, 1;
    %jmp T_8;
    .thread T_8;
    .scope S_0x5566734a9aa0;
T_9 ;
    %delay 3, 0;
    %load/vec4 v0x556673542080_0;
    %inv;
    %store/vec4 v0x556673542080_0, 0, 1;
    %jmp T_9;
    .thread T_9;
    .scope S_0x5566734a9aa0;
T_10 ;
    %wait E_0x55667351a910;
    %load/vec4 v0x556673542360_0;
    %flag_set/vec4 8;
    %jmp/0xz  T_10.0, 8;
    %pushi/vec4 0, 0, 4;
    %assign/vec4 v0x556673541fa0_0, 0;
    %jmp T_10.1;
T_10.0 ;
    %load/vec4 v0x556673541fa0_0;
    %addi 1, 0, 4;
    %assign/vec4 v0x556673541fa0_0, 0;
T_10.1 ;
    %load/vec4 v0x556673542360_0;
    %flag_set/vec4 8;
    %jmp/0xz  T_10.2, 8;
    %pushi/vec4 0, 0, 1;
    %assign/vec4 v0x556673541ee0_0, 0;
    %jmp T_10.3;
T_10.2 ;
    %load/vec4 v0x556673541c70_0;
    %flag_set/vec4 8;
    %jmp/0xz  T_10.4, 8;
    %pushi/vec4 1, 0, 1;
    %assign/vec4 v0x556673541ee0_0, 0;
    %jmp T_10.5;
T_10.4 ;
    %pushi/vec4 0, 0, 1;
    %assign/vec4 v0x556673541ee0_0, 0;
T_10.5 ;
T_10.3 ;
    %load/vec4 v0x556673542360_0;
    %flag_set/vec4 8;
    %jmp/0xz  T_10.6, 8;
    %pushi/vec4 0, 0, 8;
    %assign/vec4 v0x556673541d60_0, 0;
    %jmp T_10.7;
T_10.6 ;
    %load/vec4 v0x556673541c70_0;
    %flag_set/vec4 8;
    %jmp/0xz  T_10.8, 8;
    %load/vec4 v0x556673541d60_0;
    %addi 1, 0, 8;
    %assign/vec4 v0x556673541d60_0, 0;
    %jmp T_10.9;
T_10.8 ;
    %load/vec4 v0x556673541d60_0;
    %assign/vec4 v0x556673541d60_0, 0;
T_10.9 ;
T_10.7 ;
    %jmp T_10;
    .thread T_10;
    .scope S_0x5566734a9aa0;
T_11 ;
    %wait E_0x556673486b10;
    %load/vec4 v0x556673541fa0_0;
    %pushi/vec4 15, 0, 4;
    %cmp/e;
    %flag_get/vec4 4;
    %assign/vec4 v0x556673541c70_0, 0;
    %jmp T_11;
    .thread T_11, $push;
    .scope S_0x5566734a9aa0;
T_12 ;
    %pushi/vec4 144, 0, 8;
    %ix/load 4, 0, 0;
    %flag_set/imm 4, 0;
    %store/vec4a v0x556673541e20, 4, 0;
    %pushi/vec4 54, 0, 8;
    %ix/load 4, 1, 0;
    %flag_set/imm 4, 0;
    %store/vec4a v0x556673541e20, 4, 0;
    %pushi/vec4 48, 0, 8;
    %ix/load 4, 2, 0;
    %flag_set/imm 4, 0;
    %store/vec4a v0x556673541e20, 4, 0;
    %pushi/vec4 144, 0, 8;
    %ix/load 4, 3, 0;
    %flag_set/imm 4, 0;
    %store/vec4a v0x556673541e20, 4, 0;
    %pushi/vec4 64, 0, 8;
    %ix/load 4, 4, 0;
    %flag_set/imm 4, 0;
    %store/vec4a v0x556673541e20, 4, 0;
    %pushi/vec4 32, 0, 8;
    %ix/load 4, 5, 0;
    %flag_set/imm 4, 0;
    %store/vec4a v0x556673541e20, 4, 0;
    %pushi/vec4 144, 0, 8;
    %ix/load 4, 6, 0;
    %flag_set/imm 4, 0;
    %store/vec4a v0x556673541e20, 4, 0;
    %pushi/vec4 68, 0, 8;
    %ix/load 4, 7, 0;
    %flag_set/imm 4, 0;
    %store/vec4a v0x556673541e20, 4, 0;
    %pushi/vec4 32, 0, 8;
    %ix/load 4, 8, 0;
    %flag_set/imm 4, 0;
    %store/vec4a v0x556673541e20, 4, 0;
    %pushi/vec4 128, 0, 8;
    %ix/load 4, 9, 0;
    %flag_set/imm 4, 0;
    %store/vec4a v0x556673541e20, 4, 0;
    %pushi/vec4 68, 0, 8;
    %ix/load 4, 10, 0;
    %flag_set/imm 4, 0;
    %store/vec4a v0x556673541e20, 4, 0;
    %pushi/vec4 32, 0, 8;
    %ix/load 4, 11, 0;
    %flag_set/imm 4, 0;
    %store/vec4a v0x556673541e20, 4, 0;
    %pushi/vec4 144, 0, 8;
    %ix/load 4, 12, 0;
    %flag_set/imm 4, 0;
    %store/vec4a v0x556673541e20, 4, 0;
    %pushi/vec4 18, 0, 8;
    %ix/load 4, 13, 0;
    %flag_set/imm 4, 0;
    %store/vec4a v0x556673541e20, 4, 0;
    %pushi/vec4 32, 0, 8;
    %ix/load 4, 14, 0;
    %flag_set/imm 4, 0;
    %store/vec4a v0x556673541e20, 4, 0;
    %pushi/vec4 144, 0, 8;
    %ix/load 4, 15, 0;
    %flag_set/imm 4, 0;
    %store/vec4a v0x556673541e20, 4, 0;
    %pushi/vec4 20, 0, 8;
    %ix/load 4, 16, 0;
    %flag_set/imm 4, 0;
    %store/vec4a v0x556673541e20, 4, 0;
    %pushi/vec4 32, 0, 8;
    %ix/load 4, 17, 0;
    %flag_set/imm 4, 0;
    %store/vec4a v0x556673541e20, 4, 0;
    %pushi/vec4 128, 0, 8;
    %ix/load 4, 18, 0;
    %flag_set/imm 4, 0;
    %store/vec4a v0x556673541e20, 4, 0;
    %pushi/vec4 54, 0, 8;
    %ix/load 4, 19, 0;
    %flag_set/imm 4, 0;
    %store/vec4a v0x556673541e20, 4, 0;
    %pushi/vec4 48, 0, 8;
    %ix/load 4, 20, 0;
    %flag_set/imm 4, 0;
    %store/vec4a v0x556673541e20, 4, 0;
    %end;
    .thread T_12;
    .scope S_0x5566734a9aa0;
T_13 ;
    %vpi_call 2 142 "$dumpfile", "MidiPitch_tb.vcd" {0 0 0};
    %vpi_call 2 143 "$dumpvars", 32'sb00000000000000000000000000000000, S_0x5566734a9aa0 {0 0 0};
    %pushi/vec4 0, 0, 32;
    %store/vec4 v0x556673541b90_0, 0, 32;
T_13.0 ;
    %load/vec4 v0x556673541b90_0;
    %cmpi/s 128, 0, 32;
    %jmp/0xz T_13.1, 5;
    %vpi_call 2 147 "$dumpvars", 32'sb00000000000000000000000000000000, &A<v0x556673540e70, v0x556673541b90_0 > {0 0 0};
    ; show_stmt_assign_vector: Get l-value for compressed += operand
    %load/vec4 v0x556673541b90_0;
    %pushi/vec4 1, 0, 32;
    %add;
    %store/vec4 v0x556673541b90_0, 0, 32;
    %jmp T_13.0;
T_13.1 ;
    %fork TD_MidiPitch_tb.reset_init, S_0x556673541710;
    %join;
    %delay 33600, 0;
    %vpi_call 2 152 "$finish" {0 0 0};
    %end;
    .thread T_13;
# The file index is used to find the file name in the following table.
:file_names 6;
    "N/A";
    "<interactive>";
    "MidiPitch_tb.v";
    "../MidiPitch.v";
    "../MidiPitchRom.v";
    "../MidiPitchIndex.v";
