#! /usr/bin/vvp
:ivl_version "11.0 (stable)";
:ivl_delay_selection "TYPICAL";
:vpi_time_precision + 0;
:vpi_module "/usr/lib/x86_64-linux-gnu/ivl/system.vpi";
:vpi_module "/usr/lib/x86_64-linux-gnu/ivl/vhdl_sys.vpi";
:vpi_module "/usr/lib/x86_64-linux-gnu/ivl/vhdl_textio.vpi";
:vpi_module "/usr/lib/x86_64-linux-gnu/ivl/v2005_math.vpi";
:vpi_module "/usr/lib/x86_64-linux-gnu/ivl/va_math.vpi";
S_0x562744756fc0 .scope module, "I2SSignalGen_tb" "I2SSignalGen_tb" 2 8;
 .timescale 0 0;
P_0x562744757150 .param/l "lpSysClkCycle" 1 2 15, +C4<00000000000000000000000000000010>;
v0x562744779eb0_0 .var "rAudioData", 31 0;
v0x562744779f70_0 .var "rMCLK", 0 0;
v0x56274477a010_0 .var "rMRST", 0 0;
v0x56274477a110_0 .net "wAudioDataRdy", 0 0, L_0x56274477a8c0;  1 drivers
v0x56274477a1e0_0 .net "wI2S_BCLK", 0 0, L_0x56274477a650;  1 drivers
v0x56274477a2d0_0 .net "wI2S_LRCLK", 0 0, L_0x56274477a710;  1 drivers
v0x56274477a3a0_0 .net "wI2S_MCLK", 0 0, L_0x56274477a540;  1 drivers
v0x56274477a470_0 .net "wI2S_SDATA", 0 0, L_0x56274477a7d0;  1 drivers
E_0x56274474ad60 .event posedge, v0x562744778bb0_0;
S_0x5627447571f0 .scope module, "I2SSignalGen" "I2SSignalGen" 2 42, 3 8 0, S_0x562744756fc0;
 .timescale 0 0;
    .port_info 0 /OUTPUT 1 "oI2S_MCLK";
    .port_info 1 /OUTPUT 1 "oI2S_BCLK";
    .port_info 2 /OUTPUT 1 "oI2S_LRCLK";
    .port_info 3 /OUTPUT 1 "oI2S_SDATA";
    .port_info 4 /INPUT 32 "iAudioData";
    .port_info 5 /OUTPUT 1 "oAudioDataRdy";
    .port_info 6 /INPUT 1 "iMRST";
    .port_info 7 /INPUT 1 "iSRST";
    .port_info 8 /INPUT 1 "iMCLK";
    .port_info 9 /INPUT 1 "iSCLK";
P_0x562744757380 .param/l "lpMclkCntWidth" 1 3 31, +C4<00000000000000000000000000001000>;
L_0x56274477a540 .functor BUFZ 1, v0x562744779f70_0, C4<0>, C4<0>, C4<0>;
L_0x56274477a650 .functor BUFZ 1, v0x562744779680_0, C4<0>, C4<0>, C4<0>;
L_0x56274477a710 .functor BUFZ 1, v0x562744779740_0, C4<0>, C4<0>, C4<0>;
L_0x56274477a8c0 .functor BUFZ 1, v0x5627447799c0_0, C4<0>, C4<0>, C4<0>;
v0x562744745920_0 .net "iAudioData", 31 0, v0x562744779eb0_0;  1 drivers
v0x562744778bb0_0 .net "iMCLK", 0 0, v0x562744779f70_0;  1 drivers
v0x562744778c70_0 .net "iMRST", 0 0, v0x56274477a010_0;  1 drivers
o0x7f1d1e68b0a8 .functor BUFZ 1, C4<z>; HiZ drive
v0x562744778d10_0 .net "iSCLK", 0 0, o0x7f1d1e68b0a8;  0 drivers
o0x7f1d1e68b0d8 .functor BUFZ 1, C4<z>; HiZ drive
v0x562744778dd0_0 .net "iSRST", 0 0, o0x7f1d1e68b0d8;  0 drivers
v0x562744778ee0_0 .net "oAudioDataRdy", 0 0, L_0x56274477a8c0;  alias, 1 drivers
v0x562744778fa0_0 .net "oI2S_BCLK", 0 0, L_0x56274477a650;  alias, 1 drivers
v0x562744779060_0 .net "oI2S_LRCLK", 0 0, L_0x56274477a710;  alias, 1 drivers
v0x562744779120_0 .net "oI2S_MCLK", 0 0, L_0x56274477a540;  alias, 1 drivers
v0x5627447791e0_0 .net "oI2S_SDATA", 0 0, L_0x56274477a7d0;  alias, 1 drivers
v0x5627447792a0_0 .var "qBclkCke", 0 0;
v0x562744779360_0 .var "qLRclkCke", 0 0;
v0x562744779420_0 .var "qRdyCke", 0 0;
v0x5627447794e0_0 .var "qSdata", 31 0;
v0x5627447795c0_0 .var "qSdataSftCke", 0 0;
v0x562744779680_0 .var "rBclk", 0 0;
v0x562744779740_0 .var "rLRclk", 0 0;
v0x562744779800_0 .var "rMclkBCnt", 1 0;
v0x5627447798e0_0 .var "rMclkLRCnt", 7 0;
v0x5627447799c0_0 .var "rRdy", 0 0;
v0x562744779a80_0 .var "rSdata", 31 0;
E_0x562744749ca0 .event edge, v0x562744745920_0;
E_0x562744733b10/0 .event edge, v0x562744779800_0, v0x5627447798e0_0, v0x5627447792a0_0, v0x562744779680_0;
E_0x562744733b10/1 .event edge, v0x562744779360_0, v0x562744779740_0;
E_0x562744733b10 .event/or E_0x562744733b10/0, E_0x562744733b10/1;
E_0x562744738750 .event negedge, v0x562744778bb0_0;
L_0x56274477a7d0 .part v0x562744779a80_0, 31, 1;
S_0x562744779d00 .scope task, "reset_init" "reset_init" 2 26, 2 26 0, S_0x562744756fc0;
 .timescale 0 0;
TD_I2SSignalGen_tb.reset_init ;
    %delay 10, 0;
    %pushi/vec4 0, 0, 1;
    %store/vec4 v0x56274477a010_0, 0, 1;
    %delay 10, 0;
    %end;
    .scope S_0x5627447571f0;
T_1 ;
    %wait E_0x562744738750;
    %load/vec4 v0x562744778c70_0;
    %flag_set/vec4 8;
    %jmp/0xz  T_1.0, 8;
    %pushi/vec4 0, 0, 2;
    %assign/vec4 v0x562744779800_0, 0;
    %jmp T_1.1;
T_1.0 ;
    %load/vec4 v0x5627447792a0_0;
    %flag_set/vec4 8;
    %jmp/0xz  T_1.2, 8;
    %pushi/vec4 0, 0, 2;
    %assign/vec4 v0x562744779800_0, 0;
    %jmp T_1.3;
T_1.2 ;
    %load/vec4 v0x562744779800_0;
    %addi 1, 0, 2;
    %assign/vec4 v0x562744779800_0, 0;
T_1.3 ;
T_1.1 ;
    %load/vec4 v0x562744778c70_0;
    %flag_set/vec4 8;
    %jmp/0xz  T_1.4, 8;
    %pushi/vec4 0, 0, 1;
    %assign/vec4 v0x562744779680_0, 0;
    %jmp T_1.5;
T_1.4 ;
    %load/vec4 v0x5627447792a0_0;
    %flag_set/vec4 8;
    %jmp/0xz  T_1.6, 8;
    %load/vec4 v0x562744779680_0;
    %inv;
    %assign/vec4 v0x562744779680_0, 0;
    %jmp T_1.7;
T_1.6 ;
    %load/vec4 v0x562744779680_0;
    %assign/vec4 v0x562744779680_0, 0;
T_1.7 ;
T_1.5 ;
    %load/vec4 v0x562744778c70_0;
    %flag_set/vec4 8;
    %jmp/0xz  T_1.8, 8;
    %pushi/vec4 0, 0, 8;
    %assign/vec4 v0x5627447798e0_0, 0;
    %jmp T_1.9;
T_1.8 ;
    %load/vec4 v0x5627447798e0_0;
    %addi 1, 0, 8;
    %assign/vec4 v0x5627447798e0_0, 0;
T_1.9 ;
    %load/vec4 v0x562744778c70_0;
    %flag_set/vec4 8;
    %jmp/0xz  T_1.10, 8;
    %pushi/vec4 0, 0, 1;
    %assign/vec4 v0x562744779740_0, 0;
    %jmp T_1.11;
T_1.10 ;
    %load/vec4 v0x562744779360_0;
    %flag_set/vec4 8;
    %jmp/0xz  T_1.12, 8;
    %load/vec4 v0x562744779740_0;
    %inv;
    %assign/vec4 v0x562744779740_0, 0;
    %jmp T_1.13;
T_1.12 ;
    %load/vec4 v0x562744779740_0;
    %assign/vec4 v0x562744779740_0, 0;
T_1.13 ;
T_1.11 ;
    %load/vec4 v0x562744779360_0;
    %flag_set/vec4 8;
    %jmp/0xz  T_1.14, 8;
    %load/vec4 v0x5627447794e0_0;
    %assign/vec4 v0x562744779a80_0, 0;
    %jmp T_1.15;
T_1.14 ;
    %load/vec4 v0x5627447795c0_0;
    %flag_set/vec4 8;
    %jmp/0xz  T_1.16, 8;
    %load/vec4 v0x562744779a80_0;
    %parti/s 31, 0, 2;
    %concati/vec4 0, 0, 1;
    %assign/vec4 v0x562744779a80_0, 0;
    %jmp T_1.17;
T_1.16 ;
    %load/vec4 v0x562744779a80_0;
    %assign/vec4 v0x562744779a80_0, 0;
T_1.17 ;
T_1.15 ;
    %load/vec4 v0x562744778c70_0;
    %flag_set/vec4 8;
    %jmp/0xz  T_1.18, 8;
    %pushi/vec4 0, 0, 1;
    %assign/vec4 v0x5627447799c0_0, 0;
    %jmp T_1.19;
T_1.18 ;
    %load/vec4 v0x562744779420_0;
    %flag_set/vec4 8;
    %jmp/0xz  T_1.20, 8;
    %pushi/vec4 1, 0, 1;
    %assign/vec4 v0x5627447799c0_0, 0;
    %jmp T_1.21;
T_1.20 ;
    %pushi/vec4 0, 0, 1;
    %assign/vec4 v0x5627447799c0_0, 0;
T_1.21 ;
T_1.19 ;
    %jmp T_1;
    .thread T_1;
    .scope S_0x5627447571f0;
T_2 ;
    %wait E_0x562744733b10;
    %load/vec4 v0x562744779800_0;
    %pushi/vec4 3, 0, 2;
    %cmp/e;
    %flag_get/vec4 4;
    %assign/vec4 v0x5627447792a0_0, 0;
    %load/vec4 v0x5627447798e0_0;
    %pushi/vec4 255, 0, 8;
    %cmp/e;
    %flag_get/vec4 4;
    %assign/vec4 v0x562744779360_0, 0;
    %load/vec4 v0x5627447792a0_0;
    %load/vec4 v0x562744779680_0;
    %and;
    %assign/vec4 v0x5627447795c0_0, 0;
    %load/vec4 v0x562744779360_0;
    %load/vec4 v0x562744779740_0;
    %inv;
    %and;
    %assign/vec4 v0x562744779420_0, 0;
    %jmp T_2;
    .thread T_2, $push;
    .scope S_0x5627447571f0;
T_3 ;
    %wait E_0x562744749ca0;
    %load/vec4 v0x562744745920_0;
    %parti/s 1, 30, 6;
    %ix/load 4, 0, 0;
    %ix/load 5, 0, 0;
    %flag_set/imm 4, 0;
    %assign/vec4/off/d v0x5627447794e0_0, 4, 5;
    %load/vec4 v0x562744745920_0;
    %parti/s 1, 29, 6;
    %ix/load 4, 1, 0;
    %ix/load 5, 0, 0;
    %flag_set/imm 4, 0;
    %assign/vec4/off/d v0x5627447794e0_0, 4, 5;
    %load/vec4 v0x562744745920_0;
    %parti/s 1, 28, 6;
    %ix/load 4, 2, 0;
    %ix/load 5, 0, 0;
    %flag_set/imm 4, 0;
    %assign/vec4/off/d v0x5627447794e0_0, 4, 5;
    %load/vec4 v0x562744745920_0;
    %parti/s 1, 27, 6;
    %ix/load 4, 3, 0;
    %ix/load 5, 0, 0;
    %flag_set/imm 4, 0;
    %assign/vec4/off/d v0x5627447794e0_0, 4, 5;
    %load/vec4 v0x562744745920_0;
    %parti/s 1, 26, 6;
    %ix/load 4, 4, 0;
    %ix/load 5, 0, 0;
    %flag_set/imm 4, 0;
    %assign/vec4/off/d v0x5627447794e0_0, 4, 5;
    %load/vec4 v0x562744745920_0;
    %parti/s 1, 25, 6;
    %ix/load 4, 5, 0;
    %ix/load 5, 0, 0;
    %flag_set/imm 4, 0;
    %assign/vec4/off/d v0x5627447794e0_0, 4, 5;
    %load/vec4 v0x562744745920_0;
    %parti/s 1, 24, 6;
    %ix/load 4, 6, 0;
    %ix/load 5, 0, 0;
    %flag_set/imm 4, 0;
    %assign/vec4/off/d v0x5627447794e0_0, 4, 5;
    %load/vec4 v0x562744745920_0;
    %parti/s 1, 23, 6;
    %ix/load 4, 7, 0;
    %ix/load 5, 0, 0;
    %flag_set/imm 4, 0;
    %assign/vec4/off/d v0x5627447794e0_0, 4, 5;
    %load/vec4 v0x562744745920_0;
    %parti/s 1, 22, 6;
    %ix/load 4, 8, 0;
    %ix/load 5, 0, 0;
    %flag_set/imm 4, 0;
    %assign/vec4/off/d v0x5627447794e0_0, 4, 5;
    %load/vec4 v0x562744745920_0;
    %parti/s 1, 21, 6;
    %ix/load 4, 9, 0;
    %ix/load 5, 0, 0;
    %flag_set/imm 4, 0;
    %assign/vec4/off/d v0x5627447794e0_0, 4, 5;
    %load/vec4 v0x562744745920_0;
    %parti/s 1, 20, 6;
    %ix/load 4, 10, 0;
    %ix/load 5, 0, 0;
    %flag_set/imm 4, 0;
    %assign/vec4/off/d v0x5627447794e0_0, 4, 5;
    %load/vec4 v0x562744745920_0;
    %parti/s 1, 19, 6;
    %ix/load 4, 11, 0;
    %ix/load 5, 0, 0;
    %flag_set/imm 4, 0;
    %assign/vec4/off/d v0x5627447794e0_0, 4, 5;
    %load/vec4 v0x562744745920_0;
    %parti/s 1, 18, 6;
    %ix/load 4, 12, 0;
    %ix/load 5, 0, 0;
    %flag_set/imm 4, 0;
    %assign/vec4/off/d v0x5627447794e0_0, 4, 5;
    %load/vec4 v0x562744745920_0;
    %parti/s 1, 17, 6;
    %ix/load 4, 13, 0;
    %ix/load 5, 0, 0;
    %flag_set/imm 4, 0;
    %assign/vec4/off/d v0x5627447794e0_0, 4, 5;
    %load/vec4 v0x562744745920_0;
    %parti/s 1, 16, 6;
    %ix/load 4, 14, 0;
    %ix/load 5, 0, 0;
    %flag_set/imm 4, 0;
    %assign/vec4/off/d v0x5627447794e0_0, 4, 5;
    %load/vec4 v0x562744745920_0;
    %parti/s 1, 15, 5;
    %ix/load 4, 15, 0;
    %ix/load 5, 0, 0;
    %flag_set/imm 4, 0;
    %assign/vec4/off/d v0x5627447794e0_0, 4, 5;
    %load/vec4 v0x562744745920_0;
    %parti/s 1, 14, 5;
    %ix/load 4, 16, 0;
    %ix/load 5, 0, 0;
    %flag_set/imm 4, 0;
    %assign/vec4/off/d v0x5627447794e0_0, 4, 5;
    %load/vec4 v0x562744745920_0;
    %parti/s 1, 13, 5;
    %ix/load 4, 17, 0;
    %ix/load 5, 0, 0;
    %flag_set/imm 4, 0;
    %assign/vec4/off/d v0x5627447794e0_0, 4, 5;
    %load/vec4 v0x562744745920_0;
    %parti/s 1, 12, 5;
    %ix/load 4, 18, 0;
    %ix/load 5, 0, 0;
    %flag_set/imm 4, 0;
    %assign/vec4/off/d v0x5627447794e0_0, 4, 5;
    %load/vec4 v0x562744745920_0;
    %parti/s 1, 11, 5;
    %ix/load 4, 19, 0;
    %ix/load 5, 0, 0;
    %flag_set/imm 4, 0;
    %assign/vec4/off/d v0x5627447794e0_0, 4, 5;
    %load/vec4 v0x562744745920_0;
    %parti/s 1, 10, 5;
    %ix/load 4, 20, 0;
    %ix/load 5, 0, 0;
    %flag_set/imm 4, 0;
    %assign/vec4/off/d v0x5627447794e0_0, 4, 5;
    %load/vec4 v0x562744745920_0;
    %parti/s 1, 9, 5;
    %ix/load 4, 21, 0;
    %ix/load 5, 0, 0;
    %flag_set/imm 4, 0;
    %assign/vec4/off/d v0x5627447794e0_0, 4, 5;
    %load/vec4 v0x562744745920_0;
    %parti/s 1, 8, 5;
    %ix/load 4, 22, 0;
    %ix/load 5, 0, 0;
    %flag_set/imm 4, 0;
    %assign/vec4/off/d v0x5627447794e0_0, 4, 5;
    %load/vec4 v0x562744745920_0;
    %parti/s 1, 7, 4;
    %ix/load 4, 23, 0;
    %ix/load 5, 0, 0;
    %flag_set/imm 4, 0;
    %assign/vec4/off/d v0x5627447794e0_0, 4, 5;
    %load/vec4 v0x562744745920_0;
    %parti/s 1, 6, 4;
    %ix/load 4, 24, 0;
    %ix/load 5, 0, 0;
    %flag_set/imm 4, 0;
    %assign/vec4/off/d v0x5627447794e0_0, 4, 5;
    %load/vec4 v0x562744745920_0;
    %parti/s 1, 5, 4;
    %ix/load 4, 25, 0;
    %ix/load 5, 0, 0;
    %flag_set/imm 4, 0;
    %assign/vec4/off/d v0x5627447794e0_0, 4, 5;
    %load/vec4 v0x562744745920_0;
    %parti/s 1, 4, 4;
    %ix/load 4, 26, 0;
    %ix/load 5, 0, 0;
    %flag_set/imm 4, 0;
    %assign/vec4/off/d v0x5627447794e0_0, 4, 5;
    %load/vec4 v0x562744745920_0;
    %parti/s 1, 3, 3;
    %ix/load 4, 27, 0;
    %ix/load 5, 0, 0;
    %flag_set/imm 4, 0;
    %assign/vec4/off/d v0x5627447794e0_0, 4, 5;
    %load/vec4 v0x562744745920_0;
    %parti/s 1, 2, 3;
    %ix/load 4, 28, 0;
    %ix/load 5, 0, 0;
    %flag_set/imm 4, 0;
    %assign/vec4/off/d v0x5627447794e0_0, 4, 5;
    %load/vec4 v0x562744745920_0;
    %parti/s 1, 1, 2;
    %ix/load 4, 29, 0;
    %ix/load 5, 0, 0;
    %flag_set/imm 4, 0;
    %assign/vec4/off/d v0x5627447794e0_0, 4, 5;
    %load/vec4 v0x562744745920_0;
    %parti/s 1, 0, 2;
    %ix/load 4, 30, 0;
    %ix/load 5, 0, 0;
    %flag_set/imm 4, 0;
    %assign/vec4/off/d v0x5627447794e0_0, 4, 5;
    %load/vec4 v0x562744745920_0;
    %parti/s 1, 31, 6;
    %ix/load 4, 31, 0;
    %ix/load 5, 0, 0;
    %flag_set/imm 4, 0;
    %assign/vec4/off/d v0x5627447794e0_0, 4, 5;
    %jmp T_3;
    .thread T_3, $push;
    .scope S_0x562744756fc0;
T_4 ;
    %pushi/vec4 0, 0, 1;
    %store/vec4 v0x562744779f70_0, 0, 1;
    %pushi/vec4 1, 0, 1;
    %store/vec4 v0x56274477a010_0, 0, 1;
    %end;
    .thread T_4;
    .scope S_0x562744756fc0;
T_5 ;
    %delay 1, 0;
    %load/vec4 v0x562744779f70_0;
    %inv;
    %store/vec4 v0x562744779f70_0, 0, 1;
    %jmp T_5;
    .thread T_5;
    .scope S_0x562744756fc0;
T_6 ;
    %wait E_0x56274474ad60;
    %load/vec4 v0x56274477a010_0;
    %flag_set/vec4 8;
    %jmp/0xz  T_6.0, 8;
    %pushi/vec4 0, 0, 32;
    %assign/vec4 v0x562744779eb0_0, 0;
    %jmp T_6.1;
T_6.0 ;
    %load/vec4 v0x56274477a110_0;
    %flag_set/vec4 8;
    %jmp/0xz  T_6.2, 8;
    %load/vec4 v0x562744779eb0_0;
    %addi 1, 0, 32;
    %assign/vec4 v0x562744779eb0_0, 0;
    %jmp T_6.3;
T_6.2 ;
    %load/vec4 v0x562744779eb0_0;
    %assign/vec4 v0x562744779eb0_0, 0;
T_6.3 ;
T_6.1 ;
    %jmp T_6;
    .thread T_6;
    .scope S_0x562744756fc0;
T_7 ;
    %vpi_call 2 64 "$dumpfile", "I2SSignalGen_tb.vcd" {0 0 0};
    %vpi_call 2 65 "$dumpvars", 32'sb00000000000000000000000000000000, S_0x562744756fc0 {0 0 0};
    %fork TD_I2SSignalGen_tb.reset_init, S_0x562744779d00;
    %join;
    %delay 9600, 0;
    %vpi_call 2 68 "$finish" {0 0 0};
    %end;
    .thread T_7;
# The file index is used to find the file name in the following table.
:file_names 4;
    "N/A";
    "<interactive>";
    "I2SSignalGen_tb.v";
    "I2SSignalGen.v";
