

================================================================
== Vitis HLS Report for 'copy_loop_proc'
================================================================
* Date:           Sun May 16 17:14:34 2021

* Version:        2020.2 (Build 3064766 on Wed Nov 18 09:12:47 MST 2020)
* Project:        framebuffer_copy
* Solution:       solution1 (Vivado IP Flow Target)
* Product family: zynq
* Target device:  xc7z020-clg400-1


================================================================
== Performance Estimates
================================================================
+ Timing: 
    * Summary: 
    +--------+----------+----------+------------+
    |  Clock |  Target  | Estimated| Uncertainty|
    +--------+----------+----------+------------+
    |ap_clk  |  10.00 ns|  7.300 ns|     2.70 ns|
    +--------+----------+----------+------------+

+ Latency: 
    * Summary: 
    +---------+---------+----------+----------+-----+-----+---------+
    |  Latency (cycles) |  Latency (absolute) |  Interval | Pipeline|
    |   min   |   max   |    min   |    max   | min | max |   Type  |
    +---------+---------+----------+----------+-----+-----+---------+
    |       12|      651|  0.120 us|  6.510 us|   12|  651|     none|
    +---------+---------+----------+----------+-----+-----+---------+

    + Detail: 
        * Instance: 
        N/A

        * Loop: 
        +-------------+---------+---------+----------+-----------+-----------+---------+----------+
        |             |  Latency (cycles) | Iteration|  Initiation Interval  |   Trip  |          |
        |  Loop Name  |   min   |   max   |  Latency |  achieved |   target  |  Count  | Pipelined|
        +-------------+---------+---------+----------+-----------+-----------+---------+----------+
        |- copy_loop  |        2|      641|         3|          1|          1|  1 ~ 640|       yes|
        +-------------+---------+---------+----------+-----------+-----------+---------+----------+

============================================================
+ Verbose Summary: Synthesis Manager
============================================================
InlineROM: 1
ExposeGlobal: 0
============================================================
+ Verbose Summary: CDFG Model
============================================================
IsTopModel: 0
ResetActiveHigh: 1
IsCombinational: 2
IsDatapathOnly: 0
HasWiredReturn: 1
HasMFsm: 0
HasVarLatency: 1
IsPipeline: 0
IsRtlPipelined: 0
IsInstanceOverlapped: 0
IsDontTouch: 0
HasImplIP: 0
IsGatedGlobalClock: 0

+ Individual pipeline summary: 
  * Pipeline-0: initiation interval (II) = 1, depth = 3


============================================================
+ Verbose Summary: Schedule
============================================================
* Number of FSM states : 13
* Pipeline : 1
  Pipeline-0 : II = 1, D = 3, States = { 6 7 8 }
* Dataflow Pipeline: 0

* FSM state transitions: 
1 --> 2 
2 --> 3 
3 --> 4 
4 --> 5 
5 --> 6 
6 --> 9 7 
7 --> 8 
8 --> 6 
9 --> 10 
10 --> 11 
11 --> 12 
12 --> 13 
13 --> 

* FSM state operations: 

State 1 <SV = 0> <Delay = 3.63>
ST_1 : Operation 14 [1/1] (3.63ns)   --->   "%width_read = read i32 @_ssdm_op_Read.ap_fifo.i32P0A, i32 %width"   --->   Operation 14 'read' 'width_read' <Predicate = true> <Delay = 3.63> <CoreInst = "FIFO_SRL">   --->   Core 81 'FIFO_SRL' <Latency = 0> <II = 1> <Delay = 3.63> <Storage> <Opcode : 'read' 'write' 'nbread' 'nbwrite'> <Ports = 0> <Width = 32> <Depth = 2> <FIFO>
ST_1 : Operation 15 [1/1] (3.63ns)   --->   "%y_read = read i32 @_ssdm_op_Read.ap_fifo.i32P0A, i32 %y" [framebuffer_copy.cpp:17]   --->   Operation 15 'read' 'y_read' <Predicate = true> <Delay = 3.63> <CoreInst = "FIFO_SRL">   --->   Core 81 'FIFO_SRL' <Latency = 0> <II = 1> <Delay = 3.63> <Storage> <Opcode : 'read' 'write' 'nbread' 'nbwrite'> <Ports = 0> <Width = 32> <Depth = 2> <FIFO>
ST_1 : Operation 16 [1/1] (3.63ns)   --->   "%display_xsize_read = read i32 @_ssdm_op_Read.ap_fifo.i32P0A, i32 %display_xsize" [framebuffer_copy.cpp:17]   --->   Operation 16 'read' 'display_xsize_read' <Predicate = true> <Delay = 3.63> <CoreInst = "FIFO_SRL">   --->   Core 81 'FIFO_SRL' <Latency = 0> <II = 1> <Delay = 3.63> <Storage> <Opcode : 'read' 'write' 'nbread' 'nbwrite'> <Ports = 0> <Width = 32> <Depth = 2> <FIFO>
ST_1 : Operation 17 [1/1] (3.63ns)   --->   "%update_read = read i64 @_ssdm_op_Read.ap_fifo.i64P0A, i64 %update"   --->   Operation 17 'read' 'update_read' <Predicate = true> <Delay = 3.63> <CoreInst = "FIFO_SRL">   --->   Core 81 'FIFO_SRL' <Latency = 0> <II = 1> <Delay = 3.63> <Storage> <Opcode : 'read' 'write' 'nbread' 'nbwrite'> <Ports = 0> <Width = 64> <Depth = 2> <FIFO>

State 2 <SV = 1> <Delay = 6.91>
ST_2 : Operation 18 [1/1] (0.00ns)   --->   "%zext_ln17 = zext i32 %y_read" [framebuffer_copy.cpp:17]   --->   Operation 18 'zext' 'zext_ln17' <Predicate = true> <Delay = 0.00>
ST_2 : Operation 19 [1/1] (0.00ns)   --->   "%zext_ln17_2 = zext i32 %display_xsize_read" [framebuffer_copy.cpp:17]   --->   Operation 19 'zext' 'zext_ln17_2' <Predicate = true> <Delay = 0.00>
ST_2 : Operation 20 [2/2] (6.91ns)   --->   "%mul_i_i58_i = mul i62 %zext_ln17, i62 %zext_ln17_2" [framebuffer_copy.cpp:17]   --->   Operation 20 'mul' 'mul_i_i58_i' <Predicate = true> <Delay = 6.91> <CoreInst = "Multiplier">   --->   Core 3 'Multiplier' <Latency = 1> <II = 1> <Delay = 6.91> <FuncUnit> <Opcode : 'mul'> <InPorts = 2> <OutPorts = 1>

State 3 <SV = 2> <Delay = 6.91>
ST_3 : Operation 21 [1/2] (6.91ns)   --->   "%mul_i_i58_i = mul i62 %zext_ln17, i62 %zext_ln17_2" [framebuffer_copy.cpp:17]   --->   Operation 21 'mul' 'mul_i_i58_i' <Predicate = true> <Delay = 6.91> <CoreInst = "Multiplier">   --->   Core 3 'Multiplier' <Latency = 1> <II = 1> <Delay = 6.91> <FuncUnit> <Opcode : 'mul'> <InPorts = 2> <OutPorts = 1>

State 4 <SV = 3> <Delay = 3.52>
ST_4 : Operation 22 [1/1] (0.00ns)   --->   "%shl_ln329_1 = bitconcatenate i64 @_ssdm_op_BitConcatenate.i64.i62.i2, i62 %mul_i_i58_i, i2 0"   --->   Operation 22 'bitconcatenate' 'shl_ln329_1' <Predicate = true> <Delay = 0.00>
ST_4 : Operation 23 [1/1] (3.52ns)   --->   "%add_ln329 = add i64 %update_read, i64 %shl_ln329_1"   --->   Operation 23 'add' 'add_ln329' <Predicate = true> <Delay = 3.52> <CoreInst = "Adder">   --->   Core 1 'Adder' <Latency = 0> <II = 1> <Delay = 3.52> <FuncUnit> <Opcode : 'add' 'sub'> <InPorts = 2> <OutPorts = 1>
ST_4 : Operation 24 [1/1] (0.00ns)   --->   "%trunc_ln329_1 = partselect i62 @_ssdm_op_PartSelect.i62.i64.i32.i32, i64 %add_ln329, i32 2, i32 63"   --->   Operation 24 'partselect' 'trunc_ln329_1' <Predicate = true> <Delay = 0.00>
ST_4 : Operation 25 [1/1] (0.00ns)   --->   "%sext_ln329 = sext i62 %trunc_ln329_1"   --->   Operation 25 'sext' 'sext_ln329' <Predicate = true> <Delay = 0.00>
ST_4 : Operation 26 [1/1] (0.00ns)   --->   "%up_addr = getelementptr i32 %up, i64 %sext_ln329"   --->   Operation 26 'getelementptr' 'up_addr' <Predicate = true> <Delay = 0.00>

State 5 <SV = 4> <Delay = 7.30>
ST_5 : Operation 27 [1/1] (0.00ns)   --->   "%specinterface_ln0 = specinterface void @_ssdm_op_SpecInterface, i32 %up, void @empty_11, i32 0, i32 0, void @empty_7, i32 0, i32 399360, void @empty_3, void @empty_6, void @empty_7, i32 16, i32 16, i32 16, i32 32, void @empty_7, void @empty_7"   --->   Operation 27 'specinterface' 'specinterface_ln0' <Predicate = true> <Delay = 0.00>
ST_5 : Operation 28 [1/1] (0.00ns)   --->   "%specinterface_ln0 = specinterface void @_ssdm_op_SpecInterface, i64 %update, void @ap_fifo_str, i32 0, i32 0, void @p_str, i32 0, i32 0, void @p_str, void @p_str, void @p_str, i32 2, i32 2, i32 16, i32 16, void @p_str, void @ScalarProp_str"   --->   Operation 28 'specinterface' 'specinterface_ln0' <Predicate = true> <Delay = 0.00>
ST_5 : Operation 29 [1/1] (0.00ns)   --->   "%specinterface_ln0 = specinterface void @_ssdm_op_SpecInterface, i32 %display_xsize, void @ap_fifo_str, i32 0, i32 0, void @p_str, i32 0, i32 0, void @p_str, void @p_str, void @p_str, i32 2, i32 2, i32 16, i32 16, void @p_str, void @ScalarProp_str"   --->   Operation 29 'specinterface' 'specinterface_ln0' <Predicate = true> <Delay = 0.00>
ST_5 : Operation 30 [1/1] (0.00ns)   --->   "%specinterface_ln0 = specinterface void @_ssdm_op_SpecInterface, i32 %y, void @ap_fifo_str, i32 0, i32 0, void @p_str, i32 0, i32 0, void @p_str, void @p_str, void @p_str, i32 2, i32 2, i32 16, i32 16, void @p_str, void @ScalarProp_str"   --->   Operation 30 'specinterface' 'specinterface_ln0' <Predicate = true> <Delay = 0.00>
ST_5 : Operation 31 [1/1] (0.00ns)   --->   "%specinterface_ln0 = specinterface void @_ssdm_op_SpecInterface, i32 %width, void @ap_fifo_str, i32 0, i32 0, void @p_str, i32 0, i32 0, void @p_str, void @p_str, void @p_str, i32 2, i32 2, i32 16, i32 16, void @p_str, void @ScalarProp_str"   --->   Operation 31 'specinterface' 'specinterface_ln0' <Predicate = true> <Delay = 0.00>
ST_5 : Operation 32 [1/1] (0.00ns)   --->   "%specinterface_ln0 = specinterface void @_ssdm_op_SpecInterface, i32 %up, void @empty_11, i32 0, i32 0, void @empty_7, i32 0, i32 399360, void @empty_3, void @empty_6, void @empty_7, i32 16, i32 16, i32 16, i32 32, void @empty_7, void @empty_7"   --->   Operation 32 'specinterface' 'specinterface_ln0' <Predicate = true> <Delay = 0.00>
ST_5 : Operation 33 [1/1] (7.30ns)   --->   "%up_addr_1_wr_req = writereq i1 @_ssdm_op_WriteReq.m_axi.i32P1A, i32 %up_addr, i32 %width_read"   --->   Operation 33 'writereq' 'up_addr_1_wr_req' <Predicate = true> <Delay = 7.30> <CoreInst = "m_axi">   --->   Core 113 'm_axi' <Latency = 6> <II = 1> <Delay = 1.00> <Adapter> <Opcode : 'read' 'write' 'readreq' 'writereq' 'writeresp'>
ST_5 : Operation 34 [1/1] (1.58ns)   --->   "%br_ln0 = br void %.split88.i.i"   --->   Operation 34 'br' 'br_ln0' <Predicate = true> <Delay = 1.58>

State 6 <SV = 5> <Delay = 3.25>
ST_6 : Operation 35 [1/1] (0.00ns)   --->   "%x = phi i32 %add_ln24, void, i32 0, void %entry" [framebuffer_copy.cpp:24]   --->   Operation 35 'phi' 'x' <Predicate = true> <Delay = 0.00>
ST_6 : Operation 36 [1/1] (2.55ns)   --->   "%add_ln24 = add i32 %x, i32 1" [framebuffer_copy.cpp:24]   --->   Operation 36 'add' 'add_ln24' <Predicate = true> <Delay = 2.55> <CoreInst = "Adder">   --->   Core 1 'Adder' <Latency = 0> <II = 1> <Delay = 3.52> <FuncUnit> <Opcode : 'add' 'sub'> <InPorts = 2> <OutPorts = 1>
ST_6 : Operation 37 [1/1] (2.47ns)   --->   "%icmp_ln878 = icmp_eq  i32 %x, i32 %width_read"   --->   Operation 37 'icmp' 'icmp_ln878' <Predicate = true> <Delay = 2.47> <CoreInst = "Cmp">   --->   Core 9 'Cmp' <Latency = 0> <II = 1> <Delay = 2.47> <FuncUnit> <Opcode : 'icmp'> <InPorts = 2> <OutPorts = 1>
ST_6 : Operation 38 [1/1] (0.00ns)   --->   "%br_ln24 = br i1 %icmp_ln878, void, void %.exit" [framebuffer_copy.cpp:24]   --->   Operation 38 'br' 'br_ln24' <Predicate = true> <Delay = 0.00>
ST_6 : Operation 39 [1/1] (0.00ns)   --->   "%zext_ln24 = zext i32 %x" [framebuffer_copy.cpp:24]   --->   Operation 39 'zext' 'zext_ln24' <Predicate = (!icmp_ln878)> <Delay = 0.00>
ST_6 : Operation 40 [1/1] (0.00ns)   --->   "%src_V1_addr = getelementptr i32 %src_V1, i64 0, i64 %zext_ln24"   --->   Operation 40 'getelementptr' 'src_V1_addr' <Predicate = (!icmp_ln878)> <Delay = 0.00>
ST_6 : Operation 41 [2/2] (3.25ns)   --->   "%src_V1_load = load i10 %src_V1_addr"   --->   Operation 41 'load' 'src_V1_load' <Predicate = (!icmp_ln878)> <Delay = 3.25> <CoreInst = "RAM">   --->   Core 82 'RAM' <Latency = 1> <II = 1> <Delay = 3.25> <Storage> <Opcode : 'load' 'store'> <Ports = 2> <Width = 32> <Depth = 640> <RAM>

State 7 <SV = 6> <Delay = 3.25>
ST_7 : Operation 42 [1/2] (3.25ns)   --->   "%src_V1_load = load i10 %src_V1_addr"   --->   Operation 42 'load' 'src_V1_load' <Predicate = (!icmp_ln878)> <Delay = 3.25> <CoreInst = "RAM">   --->   Core 82 'RAM' <Latency = 1> <II = 1> <Delay = 3.25> <Storage> <Opcode : 'load' 'store'> <Ports = 2> <Width = 32> <Depth = 640> <RAM>

State 8 <SV = 7> <Delay = 7.30>
ST_8 : Operation 43 [1/1] (0.00ns)   --->   "%specpipeline_ln1461 = specpipeline void @_ssdm_op_SpecPipeline, i32 4294967295, i32 0, i32 0, i32 0, void @empty_7"   --->   Operation 43 'specpipeline' 'specpipeline_ln1461' <Predicate = (!icmp_ln878)> <Delay = 0.00>
ST_8 : Operation 44 [1/1] (0.00ns)   --->   "%speclooptripcount_ln1461 = speclooptripcount void @_ssdm_op_SpecLoopTripCount, i64 1, i64 640, i64 128"   --->   Operation 44 'speclooptripcount' 'speclooptripcount_ln1461' <Predicate = (!icmp_ln878)> <Delay = 0.00>
ST_8 : Operation 45 [1/1] (0.00ns)   --->   "%specloopname_ln1461 = specloopname void @_ssdm_op_SpecLoopName, void @empty_15"   --->   Operation 45 'specloopname' 'specloopname_ln1461' <Predicate = (!icmp_ln878)> <Delay = 0.00>
ST_8 : Operation 46 [1/1] (7.30ns)   --->   "%write_ln329 = write void @_ssdm_op_Write.m_axi.i32P1A, i32 %up_addr, i32 %src_V1_load, i4 15"   --->   Operation 46 'write' 'write_ln329' <Predicate = (!icmp_ln878)> <Delay = 7.30> <CoreInst = "m_axi">   --->   Core 113 'm_axi' <Latency = 6> <II = 1> <Delay = 1.00> <Adapter> <Opcode : 'read' 'write' 'readreq' 'writereq' 'writeresp'>
ST_8 : Operation 47 [1/1] (0.00ns)   --->   "%br_ln24 = br void %.split88.i.i" [framebuffer_copy.cpp:24]   --->   Operation 47 'br' 'br_ln24' <Predicate = (!icmp_ln878)> <Delay = 0.00>

State 9 <SV = 6> <Delay = 7.30>
ST_9 : Operation 48 [5/5] (7.30ns)   --->   "%up_addr_1_wr_resp = writeresp i1 @_ssdm_op_WriteResp.m_axi.i32P1A, i32 %up_addr"   --->   Operation 48 'writeresp' 'up_addr_1_wr_resp' <Predicate = true> <Delay = 7.30> <CoreInst = "m_axi">   --->   Core 113 'm_axi' <Latency = 6> <II = 1> <Delay = 1.00> <Adapter> <Opcode : 'read' 'write' 'readreq' 'writereq' 'writeresp'>

State 10 <SV = 7> <Delay = 7.30>
ST_10 : Operation 49 [4/5] (7.30ns)   --->   "%up_addr_1_wr_resp = writeresp i1 @_ssdm_op_WriteResp.m_axi.i32P1A, i32 %up_addr"   --->   Operation 49 'writeresp' 'up_addr_1_wr_resp' <Predicate = true> <Delay = 7.30> <CoreInst = "m_axi">   --->   Core 113 'm_axi' <Latency = 6> <II = 1> <Delay = 1.00> <Adapter> <Opcode : 'read' 'write' 'readreq' 'writereq' 'writeresp'>

State 11 <SV = 8> <Delay = 7.30>
ST_11 : Operation 50 [3/5] (7.30ns)   --->   "%up_addr_1_wr_resp = writeresp i1 @_ssdm_op_WriteResp.m_axi.i32P1A, i32 %up_addr"   --->   Operation 50 'writeresp' 'up_addr_1_wr_resp' <Predicate = true> <Delay = 7.30> <CoreInst = "m_axi">   --->   Core 113 'm_axi' <Latency = 6> <II = 1> <Delay = 1.00> <Adapter> <Opcode : 'read' 'write' 'readreq' 'writereq' 'writeresp'>

State 12 <SV = 9> <Delay = 7.30>
ST_12 : Operation 51 [2/5] (7.30ns)   --->   "%up_addr_1_wr_resp = writeresp i1 @_ssdm_op_WriteResp.m_axi.i32P1A, i32 %up_addr"   --->   Operation 51 'writeresp' 'up_addr_1_wr_resp' <Predicate = true> <Delay = 7.30> <CoreInst = "m_axi">   --->   Core 113 'm_axi' <Latency = 6> <II = 1> <Delay = 1.00> <Adapter> <Opcode : 'read' 'write' 'readreq' 'writereq' 'writeresp'>

State 13 <SV = 10> <Delay = 7.30>
ST_13 : Operation 52 [1/5] (7.30ns)   --->   "%up_addr_1_wr_resp = writeresp i1 @_ssdm_op_WriteResp.m_axi.i32P1A, i32 %up_addr"   --->   Operation 52 'writeresp' 'up_addr_1_wr_resp' <Predicate = true> <Delay = 7.30> <CoreInst = "m_axi">   --->   Core 113 'm_axi' <Latency = 6> <II = 1> <Delay = 1.00> <Adapter> <Opcode : 'read' 'write' 'readreq' 'writereq' 'writeresp'>
ST_13 : Operation 53 [1/1] (0.00ns)   --->   "%ret_ln0 = ret"   --->   Operation 53 'ret' 'ret_ln0' <Predicate = true> <Delay = 0.00>


============================================================
+ Verbose Summary: Timing violations
============================================================
Target clock period: 10ns, clock uncertainty: 2.7ns.

 <State 1>: 3.63ns
The critical path consists of the following:
	fifo read on port 'width' [12]  (3.63 ns)

 <State 2>: 6.91ns
The critical path consists of the following:
	'mul' operation ('mul_i_i58_i', framebuffer_copy.cpp:17) [19]  (6.91 ns)

 <State 3>: 6.91ns
The critical path consists of the following:
	'mul' operation ('mul_i_i58_i', framebuffer_copy.cpp:17) [19]  (6.91 ns)

 <State 4>: 3.52ns
The critical path consists of the following:
	'add' operation ('add_ln329') [21]  (3.52 ns)

 <State 5>: 7.3ns
The critical path consists of the following:
	bus request on port 'up' [25]  (7.3 ns)

 <State 6>: 3.25ns
The critical path consists of the following:
	'phi' operation ('x', framebuffer_copy.cpp:24) with incoming values : ('add_ln24', framebuffer_copy.cpp:24) [28]  (0 ns)
	'getelementptr' operation ('src_V1_addr') [37]  (0 ns)
	'load' operation ('src_V1_load') on array 'src_V1' [38]  (3.25 ns)

 <State 7>: 3.25ns
The critical path consists of the following:
	'load' operation ('src_V1_load') on array 'src_V1' [38]  (3.25 ns)

 <State 8>: 7.3ns
The critical path consists of the following:
	bus write on port 'up' [39]  (7.3 ns)

 <State 9>: 7.3ns
The critical path consists of the following:
	bus response on port 'up' [42]  (7.3 ns)

 <State 10>: 7.3ns
The critical path consists of the following:
	bus response on port 'up' [42]  (7.3 ns)

 <State 11>: 7.3ns
The critical path consists of the following:
	bus response on port 'up' [42]  (7.3 ns)

 <State 12>: 7.3ns
The critical path consists of the following:
	bus response on port 'up' [42]  (7.3 ns)

 <State 13>: 7.3ns
The critical path consists of the following:
	bus response on port 'up' [42]  (7.3 ns)


============================================================
+ Verbose Summary: Binding
============================================================
N/A
* FSMD analyzer results:
  - Output states:
 - Input state : 
  - Chain level:
	State 1
	State 2
	State 3
	State 4
	State 5
	State 6
	State 7
	State 8
	State 9
	State 10
	State 11
	State 12
	State 13


============================================================
+ Verbose Summary: Datapath Resource usage 
============================================================
N/A
