

================================================================
== Vitis HLS Report for 'dataflow_in_loop_height_loop'
================================================================
* Date:           Sun May 16 17:14:35 2021

* Version:        2020.2 (Build 3064766 on Wed Nov 18 09:12:47 MST 2020)
* Project:        framebuffer_copy
* Solution:       solution1 (Vivado IP Flow Target)
* Product family: zynq
* Target device:  xc7z020-clg400-1


================================================================
== Performance Estimates
================================================================
+ Timing: 
    * Summary: 
    +--------+----------+-----------+------------+
    |  Clock |  Target  | Estimated | Uncertainty|
    +--------+----------+-----------+------------+
    |ap_clk  |  10.00 ns|  10.166 ns|     2.70 ns|
    +--------+----------+-----------+------------+

+ Latency: 
    * Summary: 
    +---------+---------+----------+-----------+-----+-----+----------+
    |  Latency (cycles) |  Latency (absolute)  |  Interval | Pipeline |
    |   min   |   max   |    min   |    max    | min | max |   Type   |
    +---------+---------+----------+-----------+-----+-----+----------+
    |       26|     1304|  0.264 us|  13.256 us|   14|  653|  dataflow|
    +---------+---------+----------+-----------+-----+-----+----------+

    + Detail: 
        * Instance: 
        +---------------------+------------------+---------+---------+----------+----------+-----+-----+---------+
        |                     |                  |  Latency (cycles) |  Latency (absolute) |  Interval | Pipeline|
        |       Instance      |      Module      |   min   |   max   |    min   |    max   | min | max |   Type  |
        +---------------------+------------------+---------+---------+----------+----------+-----+-----+---------+
        |copy_loop_proc_U0    |copy_loop_proc    |       12|      651|  0.122 us|  6.618 us|   12|  651|     none|
        |width_loop_proc5_U0  |width_loop_proc5  |       13|      652|  0.132 us|  6.628 us|   13|  652|     none|
        +---------------------+------------------+---------+---------+----------+----------+-----+-----+---------+

        * Loop: 
        N/A



================================================================
== Utilization Estimates
================================================================
* Summary: 
+-----------------+---------+-----+--------+-------+-----+
|       Name      | BRAM_18K| DSP |   FF   |  LUT  | URAM|
+-----------------+---------+-----+--------+-------+-----+
|DSP              |        -|    -|       -|      -|    -|
|Expression       |        -|    -|       0|      2|    -|
|FIFO             |        -|    -|     396|    272|    -|
|Instance         |        -|    0|     969|    704|    -|
|Memory           |        4|    -|       0|      0|    -|
|Multiplexer      |        -|    -|       -|      -|    -|
|Register         |        -|    -|       -|      -|    -|
+-----------------+---------+-----+--------+-------+-----+
|Total            |        4|    0|    1365|    978|    0|
+-----------------+---------+-----+--------+-------+-----+
|Available        |      280|  220|  106400|  53200|    0|
+-----------------+---------+-----+--------+-------+-----+
|Utilization (%)  |        1|    0|       1|      1|    0|
+-----------------+---------+-----+--------+-------+-----+

+ Detail: 
    * Instance: 
    +---------------------+------------------+---------+----+-----+-----+-----+
    |       Instance      |      Module      | BRAM_18K| DSP|  FF | LUT | URAM|
    +---------------------+------------------+---------+----+-----+-----+-----+
    |copy_loop_proc_U0    |copy_loop_proc    |        0|   0|  532|  352|    0|
    |width_loop_proc5_U0  |width_loop_proc5  |        0|   0|  437|  352|    0|
    +---------------------+------------------+---------+----+-----+-----+-----+
    |Total                |                  |        0|   0|  969|  704|    0|
    +---------------------+------------------+---------+----+-----+-----+-----+

    * DSP: 
    N/A

    * Memory: 
    +---------+------------------------------------+---------+---+----+-----+------+-----+------+-------------+
    |  Memory |               Module               | BRAM_18K| FF| LUT| URAM| Words| Bits| Banks| W*Bits*Banks|
    +---------+------------------------------------+---------+---+----+-----+------+-----+------+-------------+
    |src_V_U  |dataflow_in_loop_height_loop_src_V  |        4|  0|   0|    0|   640|   32|     1|        20480|
    +---------+------------------------------------+---------+---+----+-----+------+-----+------+-------------+
    |Total    |                                    |        4|  0|   0|    0|   640|   32|     1|        20480|
    +---------+------------------------------------+---------+---+----+-----+------+-----+------+-------------+

    * FIFO: 
    +-------------------+---------+----+----+-----+------+-----+---------+
    |        Name       | BRAM_18K| FF | LUT| URAM| Depth| Bits| Size:D*B|
    +-------------------+---------+----+----+-----+------+-----+---------+
    |display_xsize_c_U  |        0|  99|   0|    -|     2|   32|       64|
    |update_c_U         |        0|  99|   0|    -|     2|   64|      128|
    |width_c_U          |        0|  99|   0|    -|     2|   32|       64|
    |y_c_U              |        0|  99|   0|    -|     2|   32|       64|
    +-------------------+---------+----+----+-----+------+-----+---------+
    |Total              |        0| 396|   0|    0|     8|  160|      320|
    +-------------------+---------+----+----+-----+------+-----+---------+

    * Expression: 
    +--------------+----------+----+---+----+------------+------------+
    | Variable Name| Operation| DSP| FF| LUT| Bitwidth P0| Bitwidth P1|
    +--------------+----------+----+---+----+------------+------------+
    |ap_idle       |       and|   0|  0|   2|           1|           1|
    +--------------+----------+----+---+----+------------+------------+
    |Total         |          |   0|  0|   2|           1|           1|
    +--------------+----------+----+---+----+------------+------------+

    * Multiplexer: 
    N/A

    * Register: 
    N/A



================================================================
== Interface
================================================================
* Summary: 
+----------------------+-----+-----+------------+------------------------------+--------------+
|       RTL Ports      | Dir | Bits|  Protocol  |         Source Object        |    C Type    |
+----------------------+-----+-----+------------+------------------------------+--------------+
|ap_clk                |   in|    1|  ap_ctrl_hs|  dataflow_in_loop_height_loop|  return value|
|ap_rst                |   in|    1|  ap_ctrl_hs|  dataflow_in_loop_height_loop|  return value|
|ap_start              |   in|    1|  ap_ctrl_hs|  dataflow_in_loop_height_loop|  return value|
|ap_done               |  out|    1|  ap_ctrl_hs|  dataflow_in_loop_height_loop|  return value|
|ap_ready              |  out|    1|  ap_ctrl_hs|  dataflow_in_loop_height_loop|  return value|
|ap_idle               |  out|    1|  ap_ctrl_hs|  dataflow_in_loop_height_loop|  return value|
|ap_continue           |   in|    1|  ap_ctrl_hs|  dataflow_in_loop_height_loop|  return value|
|width                 |   in|   32|     ap_none|                         width|        scalar|
|width_ap_vld          |   in|    1|     ap_none|                         width|        scalar|
|y                     |   in|   32|     ap_none|                             y|        scalar|
|y_ap_vld              |   in|    1|     ap_none|                             y|        scalar|
|display_xsize         |   in|   32|     ap_none|                 display_xsize|        scalar|
|display_xsize_ap_vld  |   in|    1|     ap_none|                 display_xsize|        scalar|
|copy                  |   in|   64|     ap_none|                          copy|        scalar|
|copy_ap_vld           |   in|    1|     ap_none|                          copy|        scalar|
|m_axi_cp_AWVALID      |  out|    1|       m_axi|                            cp|       pointer|
|m_axi_cp_AWREADY      |   in|    1|       m_axi|                            cp|       pointer|
|m_axi_cp_AWADDR       |  out|   64|       m_axi|                            cp|       pointer|
|m_axi_cp_AWID         |  out|    1|       m_axi|                            cp|       pointer|
|m_axi_cp_AWLEN        |  out|   32|       m_axi|                            cp|       pointer|
|m_axi_cp_AWSIZE       |  out|    3|       m_axi|                            cp|       pointer|
|m_axi_cp_AWBURST      |  out|    2|       m_axi|                            cp|       pointer|
|m_axi_cp_AWLOCK       |  out|    2|       m_axi|                            cp|       pointer|
|m_axi_cp_AWCACHE      |  out|    4|       m_axi|                            cp|       pointer|
|m_axi_cp_AWPROT       |  out|    3|       m_axi|                            cp|       pointer|
|m_axi_cp_AWQOS        |  out|    4|       m_axi|                            cp|       pointer|
|m_axi_cp_AWREGION     |  out|    4|       m_axi|                            cp|       pointer|
|m_axi_cp_AWUSER       |  out|    1|       m_axi|                            cp|       pointer|
|m_axi_cp_WVALID       |  out|    1|       m_axi|                            cp|       pointer|
|m_axi_cp_WREADY       |   in|    1|       m_axi|                            cp|       pointer|
|m_axi_cp_WDATA        |  out|   32|       m_axi|                            cp|       pointer|
|m_axi_cp_WSTRB        |  out|    4|       m_axi|                            cp|       pointer|
|m_axi_cp_WLAST        |  out|    1|       m_axi|                            cp|       pointer|
|m_axi_cp_WID          |  out|    1|       m_axi|                            cp|       pointer|
|m_axi_cp_WUSER        |  out|    1|       m_axi|                            cp|       pointer|
|m_axi_cp_ARVALID      |  out|    1|       m_axi|                            cp|       pointer|
|m_axi_cp_ARREADY      |   in|    1|       m_axi|                            cp|       pointer|
|m_axi_cp_ARADDR       |  out|   64|       m_axi|                            cp|       pointer|
|m_axi_cp_ARID         |  out|    1|       m_axi|                            cp|       pointer|
|m_axi_cp_ARLEN        |  out|   32|       m_axi|                            cp|       pointer|
|m_axi_cp_ARSIZE       |  out|    3|       m_axi|                            cp|       pointer|
|m_axi_cp_ARBURST      |  out|    2|       m_axi|                            cp|       pointer|
|m_axi_cp_ARLOCK       |  out|    2|       m_axi|                            cp|       pointer|
|m_axi_cp_ARCACHE      |  out|    4|       m_axi|                            cp|       pointer|
|m_axi_cp_ARPROT       |  out|    3|       m_axi|                            cp|       pointer|
|m_axi_cp_ARQOS        |  out|    4|       m_axi|                            cp|       pointer|
|m_axi_cp_ARREGION     |  out|    4|       m_axi|                            cp|       pointer|
|m_axi_cp_ARUSER       |  out|    1|       m_axi|                            cp|       pointer|
|m_axi_cp_RVALID       |   in|    1|       m_axi|                            cp|       pointer|
|m_axi_cp_RREADY       |  out|    1|       m_axi|                            cp|       pointer|
|m_axi_cp_RDATA        |   in|   32|       m_axi|                            cp|       pointer|
|m_axi_cp_RLAST        |   in|    1|       m_axi|                            cp|       pointer|
|m_axi_cp_RID          |   in|    1|       m_axi|                            cp|       pointer|
|m_axi_cp_RUSER        |   in|    1|       m_axi|                            cp|       pointer|
|m_axi_cp_RRESP        |   in|    2|       m_axi|                            cp|       pointer|
|m_axi_cp_BVALID       |   in|    1|       m_axi|                            cp|       pointer|
|m_axi_cp_BREADY       |  out|    1|       m_axi|                            cp|       pointer|
|m_axi_cp_BRESP        |   in|    2|       m_axi|                            cp|       pointer|
|m_axi_cp_BID          |   in|    1|       m_axi|                            cp|       pointer|
|m_axi_cp_BUSER        |   in|    1|       m_axi|                            cp|       pointer|
|update                |   in|   64|     ap_none|                        update|        scalar|
|update_ap_vld         |   in|    1|     ap_none|                        update|        scalar|
|m_axi_up_AWVALID      |  out|    1|       m_axi|                            up|       pointer|
|m_axi_up_AWREADY      |   in|    1|       m_axi|                            up|       pointer|
|m_axi_up_AWADDR       |  out|   64|       m_axi|                            up|       pointer|
|m_axi_up_AWID         |  out|    1|       m_axi|                            up|       pointer|
|m_axi_up_AWLEN        |  out|   32|       m_axi|                            up|       pointer|
|m_axi_up_AWSIZE       |  out|    3|       m_axi|                            up|       pointer|
|m_axi_up_AWBURST      |  out|    2|       m_axi|                            up|       pointer|
|m_axi_up_AWLOCK       |  out|    2|       m_axi|                            up|       pointer|
|m_axi_up_AWCACHE      |  out|    4|       m_axi|                            up|       pointer|
|m_axi_up_AWPROT       |  out|    3|       m_axi|                            up|       pointer|
|m_axi_up_AWQOS        |  out|    4|       m_axi|                            up|       pointer|
|m_axi_up_AWREGION     |  out|    4|       m_axi|                            up|       pointer|
|m_axi_up_AWUSER       |  out|    1|       m_axi|                            up|       pointer|
|m_axi_up_WVALID       |  out|    1|       m_axi|                            up|       pointer|
|m_axi_up_WREADY       |   in|    1|       m_axi|                            up|       pointer|
|m_axi_up_WDATA        |  out|   32|       m_axi|                            up|       pointer|
|m_axi_up_WSTRB        |  out|    4|       m_axi|                            up|       pointer|
|m_axi_up_WLAST        |  out|    1|       m_axi|                            up|       pointer|
|m_axi_up_WID          |  out|    1|       m_axi|                            up|       pointer|
|m_axi_up_WUSER        |  out|    1|       m_axi|                            up|       pointer|
|m_axi_up_ARVALID      |  out|    1|       m_axi|                            up|       pointer|
|m_axi_up_ARREADY      |   in|    1|       m_axi|                            up|       pointer|
|m_axi_up_ARADDR       |  out|   64|       m_axi|                            up|       pointer|
|m_axi_up_ARID         |  out|    1|       m_axi|                            up|       pointer|
|m_axi_up_ARLEN        |  out|   32|       m_axi|                            up|       pointer|
|m_axi_up_ARSIZE       |  out|    3|       m_axi|                            up|       pointer|
|m_axi_up_ARBURST      |  out|    2|       m_axi|                            up|       pointer|
|m_axi_up_ARLOCK       |  out|    2|       m_axi|                            up|       pointer|
|m_axi_up_ARCACHE      |  out|    4|       m_axi|                            up|       pointer|
|m_axi_up_ARPROT       |  out|    3|       m_axi|                            up|       pointer|
|m_axi_up_ARQOS        |  out|    4|       m_axi|                            up|       pointer|
|m_axi_up_ARREGION     |  out|    4|       m_axi|                            up|       pointer|
|m_axi_up_ARUSER       |  out|    1|       m_axi|                            up|       pointer|
|m_axi_up_RVALID       |   in|    1|       m_axi|                            up|       pointer|
|m_axi_up_RREADY       |  out|    1|       m_axi|                            up|       pointer|
|m_axi_up_RDATA        |   in|   32|       m_axi|                            up|       pointer|
|m_axi_up_RLAST        |   in|    1|       m_axi|                            up|       pointer|
|m_axi_up_RID          |   in|    1|       m_axi|                            up|       pointer|
|m_axi_up_RUSER        |   in|    1|       m_axi|                            up|       pointer|
|m_axi_up_RRESP        |   in|    2|       m_axi|                            up|       pointer|
|m_axi_up_BVALID       |   in|    1|       m_axi|                            up|       pointer|
|m_axi_up_BREADY       |  out|    1|       m_axi|                            up|       pointer|
|m_axi_up_BRESP        |   in|    2|       m_axi|                            up|       pointer|
|m_axi_up_BID          |   in|    1|       m_axi|                            up|       pointer|
|m_axi_up_BUSER        |   in|    1|       m_axi|                            up|       pointer|
+----------------------+-----+-----+------------+------------------------------+--------------+

============================================================
+ Verbose Summary: Synthesis Manager
============================================================
InlineROM: 1
ExposeGlobal: 0
============================================================
+ Verbose Summary: CDFG Model
============================================================
IsTopModel: 0
ResetActiveHigh: 1
IsCombinational: 2
IsDatapathOnly: 0
HasWiredReturn: 1
HasMFsm: 0
HasVarLatency: 1
IsPipeline: 0
IsRtlPipelined: 0
IsInstanceOverlapped: 0
IsDontTouch: 0
HasImplIP: 0
IsGatedGlobalClock: 0


============================================================
+ Verbose Summary: Schedule
============================================================
* Number of FSM states : 4
* Pipeline : 0
* Dataflow Pipeline: 1
  DF-Pipeline-0: Size = 4, States = { 1 2 3 4 }

* FSM state transitions: 
1 --> 2 
2 --> 3 
3 --> 4 
4 --> 

* FSM state operations: 

State 1 <SV = 0> <Delay = 10.1>
ST_1 : Operation 5 [1/1] (0.00ns)   --->   "%update_read = read i64 @_ssdm_op_Read.ap_auto.i64, i64 %update"   --->   Operation 5 'read' 'update_read' <Predicate = true> <Delay = 0.00>
ST_1 : Operation 6 [1/1] (0.00ns)   --->   "%copy_read = read i64 @_ssdm_op_Read.ap_auto.i64, i64 %copy"   --->   Operation 6 'read' 'copy_read' <Predicate = true> <Delay = 0.00>
ST_1 : Operation 7 [1/1] (0.00ns)   --->   "%display_xsize_read = read i32 @_ssdm_op_Read.ap_auto.i32, i32 %display_xsize"   --->   Operation 7 'read' 'display_xsize_read' <Predicate = true> <Delay = 0.00>
ST_1 : Operation 8 [1/1] (0.00ns)   --->   "%y_read = read i32 @_ssdm_op_Read.ap_auto.i32, i32 %y"   --->   Operation 8 'read' 'y_read' <Predicate = true> <Delay = 0.00>
ST_1 : Operation 9 [1/1] (0.00ns)   --->   "%width_read = read i32 @_ssdm_op_Read.ap_auto.i32, i32 %width"   --->   Operation 9 'read' 'width_read' <Predicate = true> <Delay = 0.00>
ST_1 : Operation 10 [1/1] (0.00ns)   --->   "%update_c = alloca i64 1"   --->   Operation 10 'alloca' 'update_c' <Predicate = true> <Delay = 0.00> <CoreInst = "FIFO_SRL">   --->   Core 81 'FIFO_SRL' <Latency = 0> <II = 1> <Delay = 3.63> <Storage> <Opcode : 'read' 'write' 'nbread' 'nbwrite'> <Ports = 0> <Width = 64> <Depth = 2> <FIFO>
ST_1 : Operation 11 [1/1] (0.00ns)   --->   "%display_xsize_c = alloca i64 1"   --->   Operation 11 'alloca' 'display_xsize_c' <Predicate = true> <Delay = 0.00> <CoreInst = "FIFO_SRL">   --->   Core 81 'FIFO_SRL' <Latency = 0> <II = 1> <Delay = 3.63> <Storage> <Opcode : 'read' 'write' 'nbread' 'nbwrite'> <Ports = 0> <Width = 32> <Depth = 2> <FIFO>
ST_1 : Operation 12 [1/1] (0.00ns)   --->   "%y_c = alloca i64 1"   --->   Operation 12 'alloca' 'y_c' <Predicate = true> <Delay = 0.00> <CoreInst = "FIFO_SRL">   --->   Core 81 'FIFO_SRL' <Latency = 0> <II = 1> <Delay = 3.63> <Storage> <Opcode : 'read' 'write' 'nbread' 'nbwrite'> <Ports = 0> <Width = 32> <Depth = 2> <FIFO>
ST_1 : Operation 13 [1/1] (0.00ns)   --->   "%width_c = alloca i64 1"   --->   Operation 13 'alloca' 'width_c' <Predicate = true> <Delay = 0.00> <CoreInst = "FIFO_SRL">   --->   Core 81 'FIFO_SRL' <Latency = 0> <II = 1> <Delay = 3.63> <Storage> <Opcode : 'read' 'write' 'nbread' 'nbwrite'> <Ports = 0> <Width = 32> <Depth = 2> <FIFO>
ST_1 : Operation 14 [1/1] (3.25ns)   --->   "%src_V = alloca i64 1" [framebuffer_copy.cpp:15]   --->   Operation 14 'alloca' 'src_V' <Predicate = true> <Delay = 3.25>
ST_1 : Operation 15 [2/2] (6.91ns)   --->   "%call_ln0 = call void @width_loop_proc5, i32 %width_read, i32 %y_read, i32 %display_xsize_read, i64 %copy_read, i32 %cp, i32 %src_V, i64 %update_read, i32 %width_c, i32 %y_c, i32 %display_xsize_c, i64 %update_c"   --->   Operation 15 'call' 'call_ln0' <Predicate = true> <Delay = 6.91> <CoreType = "Generic">   --->   Core 0 '' <Latency = 0> <II = 1> <Delay = 1.00> <Generic> <Opcode : >

State 2 <SV = 1> <Delay = 0.00>
ST_2 : Operation 16 [1/2] (0.00ns)   --->   "%call_ln0 = call void @width_loop_proc5, i32 %width_read, i32 %y_read, i32 %display_xsize_read, i64 %copy_read, i32 %cp, i32 %src_V, i64 %update_read, i32 %width_c, i32 %y_c, i32 %display_xsize_c, i64 %update_c"   --->   Operation 16 'call' 'call_ln0' <Predicate = true> <Delay = 0.00> <CoreType = "Generic">   --->   Core 0 '' <Latency = 0> <II = 1> <Delay = 1.00> <Generic> <Opcode : >

State 3 <SV = 2> <Delay = 0.00>
ST_3 : Operation 17 [2/2] (0.00ns)   --->   "%call_ln0 = call void @copy_loop_proc, i32 %width_c, i32 %y_c, i32 %display_xsize_c, i32 %src_V, i64 %update_c, i32 %up"   --->   Operation 17 'call' 'call_ln0' <Predicate = true> <Delay = 0.00> <CoreType = "Generic">   --->   Core 0 '' <Latency = 0> <II = 1> <Delay = 1.00> <Generic> <Opcode : >

State 4 <SV = 3> <Delay = 0.00>
ST_4 : Operation 18 [1/1] (0.00ns)   --->   "%specinterface_ln0 = specinterface void @_ssdm_op_SpecInterface, i32 %up, void @empty_11, i32 0, i32 0, void @empty_7, i32 0, i32 399360, void @empty_3, void @empty_6, void @empty_7, i32 16, i32 16, i32 16, i32 32, void @empty_7, void @empty_7"   --->   Operation 18 'specinterface' 'specinterface_ln0' <Predicate = true> <Delay = 0.00>
ST_4 : Operation 19 [1/1] (0.00ns)   --->   "%specinterface_ln0 = specinterface void @_ssdm_op_SpecInterface, i32 %cp, void @empty_11, i32 0, i32 0, void @empty_7, i32 0, i32 399360, void @empty, void @empty_6, void @empty_7, i32 16, i32 16, i32 32, i32 16, void @empty_7, void @empty_7"   --->   Operation 19 'specinterface' 'specinterface_ln0' <Predicate = true> <Delay = 0.00>
ST_4 : Operation 20 [1/1] (0.00ns)   --->   "%specdataflowpipeline_ln19 = specdataflowpipeline void @_ssdm_op_SpecDataflowPipeline, i32 4294967295, i32 0, void @empty_7" [framebuffer_copy.cpp:19]   --->   Operation 20 'specdataflowpipeline' 'specdataflowpipeline_ln19' <Predicate = true> <Delay = 0.00>
ST_4 : Operation 21 [1/1] (0.00ns)   --->   "%empty = specchannel i32 @_ssdm_op_SpecChannel, void @width_c_str, i32 1, void @p_str, void @p_str, i32 2, i32 0, i32 %width_c, i32 %width_c"   --->   Operation 21 'specchannel' 'empty' <Predicate = true> <Delay = 0.00>
ST_4 : Operation 22 [1/1] (0.00ns)   --->   "%specinterface_ln0 = specinterface void @_ssdm_op_SpecInterface, i32 %width_c, void @ap_fifo_str, i32 0, i32 0, void @p_str, i32 0, i32 0, void @p_str, void @p_str, void @p_str, i32 2, i32 2, i32 16, i32 16, void @p_str, void @p_str"   --->   Operation 22 'specinterface' 'specinterface_ln0' <Predicate = true> <Delay = 0.00>
ST_4 : Operation 23 [1/1] (0.00ns)   --->   "%empty_24 = specchannel i32 @_ssdm_op_SpecChannel, void @y_c_str, i32 1, void @p_str, void @p_str, i32 2, i32 0, i32 %y_c, i32 %y_c"   --->   Operation 23 'specchannel' 'empty_24' <Predicate = true> <Delay = 0.00>
ST_4 : Operation 24 [1/1] (0.00ns)   --->   "%specinterface_ln0 = specinterface void @_ssdm_op_SpecInterface, i32 %y_c, void @ap_fifo_str, i32 0, i32 0, void @p_str, i32 0, i32 0, void @p_str, void @p_str, void @p_str, i32 2, i32 2, i32 16, i32 16, void @p_str, void @p_str"   --->   Operation 24 'specinterface' 'specinterface_ln0' <Predicate = true> <Delay = 0.00>
ST_4 : Operation 25 [1/1] (0.00ns)   --->   "%empty_25 = specchannel i32 @_ssdm_op_SpecChannel, void @display_xsize_c_str, i32 1, void @p_str, void @p_str, i32 2, i32 0, i32 %display_xsize_c, i32 %display_xsize_c"   --->   Operation 25 'specchannel' 'empty_25' <Predicate = true> <Delay = 0.00>
ST_4 : Operation 26 [1/1] (0.00ns)   --->   "%specinterface_ln0 = specinterface void @_ssdm_op_SpecInterface, i32 %display_xsize_c, void @ap_fifo_str, i32 0, i32 0, void @p_str, i32 0, i32 0, void @p_str, void @p_str, void @p_str, i32 2, i32 2, i32 16, i32 16, void @p_str, void @p_str"   --->   Operation 26 'specinterface' 'specinterface_ln0' <Predicate = true> <Delay = 0.00>
ST_4 : Operation 27 [1/1] (0.00ns)   --->   "%empty_26 = specchannel i32 @_ssdm_op_SpecChannel, void @update_c_str, i32 1, void @p_str, void @p_str, i32 2, i32 0, i64 %update_c, i64 %update_c"   --->   Operation 27 'specchannel' 'empty_26' <Predicate = true> <Delay = 0.00>
ST_4 : Operation 28 [1/1] (0.00ns)   --->   "%specinterface_ln0 = specinterface void @_ssdm_op_SpecInterface, i64 %update_c, void @ap_fifo_str, i32 0, i32 0, void @p_str, i32 0, i32 0, void @p_str, void @p_str, void @p_str, i32 2, i32 2, i32 16, i32 16, void @p_str, void @p_str"   --->   Operation 28 'specinterface' 'specinterface_ln0' <Predicate = true> <Delay = 0.00>
ST_4 : Operation 29 [1/2] (0.00ns)   --->   "%call_ln0 = call void @copy_loop_proc, i32 %width_c, i32 %y_c, i32 %display_xsize_c, i32 %src_V, i64 %update_c, i32 %up"   --->   Operation 29 'call' 'call_ln0' <Predicate = true> <Delay = 0.00> <CoreType = "Generic">   --->   Core 0 '' <Latency = 0> <II = 1> <Delay = 1.00> <Generic> <Opcode : >
ST_4 : Operation 30 [1/1] (0.00ns)   --->   "%ret_ln0 = ret"   --->   Operation 30 'ret' 'ret_ln0' <Predicate = true> <Delay = 0.00>


============================================================
+ Verbose Summary: Binding
============================================================
STG Binding: 
---------------- STG Properties BEGIN ----------------
- Is combinational: 0
- Is one-state seq: 0
- Is datapath-only: 0
- Is pipelined: 0
- Is top level: 0
Port [ Return ] is wired: 1; IO mode=ap_ctrl_hs:ce=0
Port [ width]:  wired=1; compound=0; hidden=0; nouse=0; global=0; static=0; extern=0; dir=0; type=0; pingpong=0; private_global=0; IO mode=ap_none:ce=0
Port [ y]:  wired=1; compound=0; hidden=0; nouse=0; global=0; static=0; extern=0; dir=0; type=0; pingpong=0; private_global=0; IO mode=ap_none:ce=0
Port [ display_xsize]:  wired=1; compound=0; hidden=0; nouse=0; global=0; static=0; extern=0; dir=0; type=0; pingpong=0; private_global=0; IO mode=ap_none:ce=0
Port [ copy]:  wired=1; compound=0; hidden=0; nouse=0; global=0; static=0; extern=0; dir=0; type=0; pingpong=0; private_global=0; IO mode=ap_none:ce=0
Port [ cp]:  wired=1; compound=1; hidden=0; nouse=0; global=0; static=0; extern=0; dir=0; type=4; pingpong=0; private_global=0; IO mode=m_axi:ce=0
Port [ update]:  wired=1; compound=0; hidden=0; nouse=0; global=0; static=0; extern=0; dir=0; type=0; pingpong=0; private_global=0; IO mode=ap_none:ce=0
Port [ up]:  wired=1; compound=1; hidden=0; nouse=0; global=0; static=0; extern=0; dir=1; type=4; pingpong=0; private_global=0; IO mode=m_axi:ce=0
---------------- STG Properties END ------------------

---------------- Datapath Model BEGIN ----------------

<LifeTime>
<method=bitvector/>
update_read               (read                ) [ 00100]
copy_read                 (read                ) [ 00100]
display_xsize_read        (read                ) [ 00100]
y_read                    (read                ) [ 00100]
width_read                (read                ) [ 00100]
update_c                  (alloca              ) [ 01111]
display_xsize_c           (alloca              ) [ 01111]
y_c                       (alloca              ) [ 01111]
width_c                   (alloca              ) [ 01111]
src_V                     (alloca              ) [ 00111]
call_ln0                  (call                ) [ 00000]
specinterface_ln0         (specinterface       ) [ 00000]
specinterface_ln0         (specinterface       ) [ 00000]
specdataflowpipeline_ln19 (specdataflowpipeline) [ 00000]
empty                     (specchannel         ) [ 00000]
specinterface_ln0         (specinterface       ) [ 00000]
empty_24                  (specchannel         ) [ 00000]
specinterface_ln0         (specinterface       ) [ 00000]
empty_25                  (specchannel         ) [ 00000]
specinterface_ln0         (specinterface       ) [ 00000]
empty_26                  (specchannel         ) [ 00000]
specinterface_ln0         (specinterface       ) [ 00000]
call_ln0                  (call                ) [ 00000]
ret_ln0                   (ret                 ) [ 00000]
</LifeTime>

<model>

<comp_list>
<comp id="0" class="1000" name="width">
<pin_list>
<pin id="1" dir="1" index="0" bw="1" slack="0"/>
</pin_list>
<bind>
<StgValue><ssdm name="width"/></StgValue>
</bind>
</comp>

<comp id="2" class="1000" name="y">
<pin_list>
<pin id="3" dir="1" index="0" bw="1" slack="0"/>
</pin_list>
<bind>
<StgValue><ssdm name="y"/></StgValue>
</bind>
</comp>

<comp id="4" class="1000" name="display_xsize">
<pin_list>
<pin id="5" dir="1" index="0" bw="1" slack="0"/>
</pin_list>
<bind>
<StgValue><ssdm name="display_xsize"/></StgValue>
</bind>
</comp>

<comp id="6" class="1000" name="copy">
<pin_list>
<pin id="7" dir="1" index="0" bw="1" slack="0"/>
</pin_list>
<bind>
<StgValue><ssdm name="copy"/></StgValue>
</bind>
</comp>

<comp id="8" class="1000" name="cp">
<pin_list>
<pin id="9" dir="1" index="0" bw="1" slack="0"/>
</pin_list>
<bind>
<StgValue><ssdm name="cp"/></StgValue>
</bind>
</comp>

<comp id="10" class="1000" name="update">
<pin_list>
<pin id="11" dir="1" index="0" bw="1" slack="0"/>
</pin_list>
<bind>
<StgValue><ssdm name="update"/></StgValue>
</bind>
</comp>

<comp id="12" class="1000" name="up">
<pin_list>
<pin id="13" dir="1" index="0" bw="1" slack="0"/>
</pin_list>
<bind>
<StgValue><ssdm name="up"/></StgValue>
</bind>
</comp>

<comp id="14" class="1001" name="const_14">
<pin_list>
<pin id="15" dir="1" index="0" bw="1" slack="0"/>
</pin_list>
<bind>
<StgValue><ssdm name="_ssdm_op_Read.ap_auto.i64"/></StgValue>
</bind>
</comp>

<comp id="16" class="1001" name="const_16">
<pin_list>
<pin id="17" dir="1" index="0" bw="1" slack="0"/>
</pin_list>
<bind>
<StgValue><ssdm name="_ssdm_op_Read.ap_auto.i32"/></StgValue>
</bind>
</comp>

<comp id="18" class="1001" name="const_18">
<pin_list>
<pin id="19" dir="1" index="0" bw="1" slack="0"/>
</pin_list>
<bind>
<StgValue><ssdm name=""/></StgValue>
</bind>
</comp>

<comp id="20" class="1001" name="const_20">
<pin_list>
<pin id="21" dir="1" index="0" bw="1" slack="0"/>
</pin_list>
<bind>
<StgValue><ssdm name="width_loop_proc5"/></StgValue>
</bind>
</comp>

<comp id="22" class="1001" name="const_22">
<pin_list>
<pin id="23" dir="1" index="0" bw="1" slack="0"/>
</pin_list>
<bind>
<StgValue><ssdm name="copy_loop_proc"/></StgValue>
</bind>
</comp>

<comp id="24" class="1001" name="const_24">
<pin_list>
<pin id="25" dir="1" index="0" bw="1" slack="2147483647"/>
</pin_list>
<bind>
<StgValue><ssdm name="_ssdm_op_SpecInterface"/></StgValue>
</bind>
</comp>

<comp id="26" class="1001" name="const_26">
<pin_list>
<pin id="27" dir="1" index="0" bw="1" slack="2147483647"/>
</pin_list>
<bind>
<StgValue><ssdm name="empty_11"/></StgValue>
</bind>
</comp>

<comp id="28" class="1001" name="const_28">
<pin_list>
<pin id="29" dir="1" index="0" bw="1" slack="2147483647"/>
</pin_list>
<bind>
<StgValue><ssdm name=""/></StgValue>
</bind>
</comp>

<comp id="30" class="1001" name="const_30">
<pin_list>
<pin id="31" dir="1" index="0" bw="1" slack="2147483647"/>
</pin_list>
<bind>
<StgValue><ssdm name="empty_7"/></StgValue>
</bind>
</comp>

<comp id="32" class="1001" name="const_32">
<pin_list>
<pin id="33" dir="1" index="0" bw="1" slack="2147483647"/>
</pin_list>
<bind>
<StgValue><ssdm name=""/></StgValue>
</bind>
</comp>

<comp id="34" class="1001" name="const_34">
<pin_list>
<pin id="35" dir="1" index="0" bw="1" slack="2147483647"/>
</pin_list>
<bind>
<StgValue><ssdm name="empty_3"/></StgValue>
</bind>
</comp>

<comp id="36" class="1001" name="const_36">
<pin_list>
<pin id="37" dir="1" index="0" bw="1" slack="2147483647"/>
</pin_list>
<bind>
<StgValue><ssdm name="empty_6"/></StgValue>
</bind>
</comp>

<comp id="38" class="1001" name="const_38">
<pin_list>
<pin id="39" dir="1" index="0" bw="1" slack="2147483647"/>
</pin_list>
<bind>
<StgValue><ssdm name=""/></StgValue>
</bind>
</comp>

<comp id="40" class="1001" name="const_40">
<pin_list>
<pin id="41" dir="1" index="0" bw="1" slack="2147483647"/>
</pin_list>
<bind>
<StgValue><ssdm name=""/></StgValue>
</bind>
</comp>

<comp id="42" class="1001" name="const_42">
<pin_list>
<pin id="43" dir="1" index="0" bw="1" slack="2147483647"/>
</pin_list>
<bind>
<StgValue><ssdm name="empty"/></StgValue>
</bind>
</comp>

<comp id="44" class="1001" name="const_44">
<pin_list>
<pin id="45" dir="1" index="0" bw="1" slack="2147483647"/>
</pin_list>
<bind>
<StgValue><ssdm name="_ssdm_op_SpecDataflowPipeline"/></StgValue>
</bind>
</comp>

<comp id="46" class="1001" name="const_46">
<pin_list>
<pin id="47" dir="1" index="0" bw="1" slack="2147483647"/>
</pin_list>
<bind>
<StgValue><ssdm name=""/></StgValue>
</bind>
</comp>

<comp id="48" class="1001" name="const_48">
<pin_list>
<pin id="49" dir="1" index="0" bw="1" slack="2147483647"/>
</pin_list>
<bind>
<StgValue><ssdm name="_ssdm_op_SpecChannel"/></StgValue>
</bind>
</comp>

<comp id="50" class="1001" name="const_50">
<pin_list>
<pin id="51" dir="1" index="0" bw="1" slack="2147483647"/>
</pin_list>
<bind>
<StgValue><ssdm name="width_c_str"/></StgValue>
</bind>
</comp>

<comp id="52" class="1001" name="const_52">
<pin_list>
<pin id="53" dir="1" index="0" bw="1" slack="2147483647"/>
</pin_list>
<bind>
<StgValue><ssdm name=""/></StgValue>
</bind>
</comp>

<comp id="54" class="1001" name="const_54">
<pin_list>
<pin id="55" dir="1" index="0" bw="1" slack="2147483647"/>
</pin_list>
<bind>
<StgValue><ssdm name="p_str"/></StgValue>
</bind>
</comp>

<comp id="56" class="1001" name="const_56">
<pin_list>
<pin id="57" dir="1" index="0" bw="1" slack="2147483647"/>
</pin_list>
<bind>
<StgValue><ssdm name=""/></StgValue>
</bind>
</comp>

<comp id="58" class="1001" name="const_58">
<pin_list>
<pin id="59" dir="1" index="0" bw="1" slack="2147483647"/>
</pin_list>
<bind>
<StgValue><ssdm name="ap_fifo_str"/></StgValue>
</bind>
</comp>

<comp id="60" class="1001" name="const_60">
<pin_list>
<pin id="61" dir="1" index="0" bw="1" slack="2147483647"/>
</pin_list>
<bind>
<StgValue><ssdm name="y_c_str"/></StgValue>
</bind>
</comp>

<comp id="62" class="1001" name="const_62">
<pin_list>
<pin id="63" dir="1" index="0" bw="1" slack="2147483647"/>
</pin_list>
<bind>
<StgValue><ssdm name="display_xsize_c_str"/></StgValue>
</bind>
</comp>

<comp id="64" class="1001" name="const_64">
<pin_list>
<pin id="65" dir="1" index="0" bw="1" slack="2147483647"/>
</pin_list>
<bind>
<StgValue><ssdm name="update_c_str"/></StgValue>
</bind>
</comp>

<comp id="66" class="1004" name="update_c_fu_66">
<pin_list>
<pin id="67" dir="0" index="0" bw="1" slack="0"/>
<pin id="68" dir="1" index="1" bw="64" slack="0"/>
</pin_list>
<bind>
<opcode="alloca(26) " fcode="alloca"/>
<opset="update_c/1 "/>
</bind>
</comp>

<comp id="70" class="1004" name="display_xsize_c_fu_70">
<pin_list>
<pin id="71" dir="0" index="0" bw="1" slack="0"/>
<pin id="72" dir="1" index="1" bw="32" slack="0"/>
</pin_list>
<bind>
<opcode="alloca(26) " fcode="alloca"/>
<opset="display_xsize_c/1 "/>
</bind>
</comp>

<comp id="74" class="1004" name="y_c_fu_74">
<pin_list>
<pin id="75" dir="0" index="0" bw="1" slack="0"/>
<pin id="76" dir="1" index="1" bw="32" slack="0"/>
</pin_list>
<bind>
<opcode="alloca(26) " fcode="alloca"/>
<opset="y_c/1 "/>
</bind>
</comp>

<comp id="78" class="1004" name="width_c_fu_78">
<pin_list>
<pin id="79" dir="0" index="0" bw="1" slack="0"/>
<pin id="80" dir="1" index="1" bw="32" slack="0"/>
</pin_list>
<bind>
<opcode="alloca(26) " fcode="alloca"/>
<opset="width_c/1 "/>
</bind>
</comp>

<comp id="82" class="1004" name="src_V_alloca_fu_82">
<pin_list>
<pin id="83" dir="0" index="0" bw="1" slack="0"/>
<pin id="84" dir="1" index="1" bw="32" slack="0"/>
</pin_list>
<bind>
<opcode="alloca(26) " fcode="alloca"/>
<opset="src_V/1 "/>
</bind>
</comp>

<comp id="86" class="1004" name="update_read_read_fu_86">
<pin_list>
<pin id="87" dir="0" index="0" bw="64" slack="0"/>
<pin id="88" dir="0" index="1" bw="64" slack="0"/>
<pin id="89" dir="1" index="2" bw="64" slack="0"/>
</pin_list>
<bind>
<opcode="read(1150) " fcode="read"/>
<opset="update_read/1 "/>
</bind>
</comp>

<comp id="92" class="1004" name="copy_read_read_fu_92">
<pin_list>
<pin id="93" dir="0" index="0" bw="64" slack="0"/>
<pin id="94" dir="0" index="1" bw="64" slack="0"/>
<pin id="95" dir="1" index="2" bw="64" slack="0"/>
</pin_list>
<bind>
<opcode="read(1150) " fcode="read"/>
<opset="copy_read/1 "/>
</bind>
</comp>

<comp id="98" class="1004" name="display_xsize_read_read_fu_98">
<pin_list>
<pin id="99" dir="0" index="0" bw="32" slack="0"/>
<pin id="100" dir="0" index="1" bw="32" slack="0"/>
<pin id="101" dir="1" index="2" bw="32" slack="0"/>
</pin_list>
<bind>
<opcode="read(1150) " fcode="read"/>
<opset="display_xsize_read/1 "/>
</bind>
</comp>

<comp id="104" class="1004" name="y_read_read_fu_104">
<pin_list>
<pin id="105" dir="0" index="0" bw="32" slack="0"/>
<pin id="106" dir="0" index="1" bw="32" slack="0"/>
<pin id="107" dir="1" index="2" bw="32" slack="0"/>
</pin_list>
<bind>
<opcode="read(1150) " fcode="read"/>
<opset="y_read/1 "/>
</bind>
</comp>

<comp id="110" class="1004" name="width_read_read_fu_110">
<pin_list>
<pin id="111" dir="0" index="0" bw="32" slack="0"/>
<pin id="112" dir="0" index="1" bw="32" slack="0"/>
<pin id="113" dir="1" index="2" bw="32" slack="0"/>
</pin_list>
<bind>
<opcode="read(1150) " fcode="read"/>
<opset="width_read/1 "/>
</bind>
</comp>

<comp id="116" class="1004" name="grp_copy_loop_proc_fu_116">
<pin_list>
<pin id="117" dir="0" index="0" bw="0" slack="0"/>
<pin id="118" dir="0" index="1" bw="32" slack="2"/>
<pin id="119" dir="0" index="2" bw="32" slack="2"/>
<pin id="120" dir="0" index="3" bw="32" slack="2"/>
<pin id="121" dir="0" index="4" bw="32" slack="2147483647"/>
<pin id="122" dir="0" index="5" bw="64" slack="2"/>
<pin id="123" dir="0" index="6" bw="32" slack="0"/>
<pin id="124" dir="1" index="7" bw="0" slack="2147483647"/>
</pin_list>
<bind>
<opcode="call(48) " fcode="call"/>
<opset="call_ln0/3 "/>
</bind>
</comp>

<comp id="127" class="1004" name="grp_width_loop_proc5_fu_127">
<pin_list>
<pin id="128" dir="0" index="0" bw="0" slack="0"/>
<pin id="129" dir="0" index="1" bw="32" slack="0"/>
<pin id="130" dir="0" index="2" bw="32" slack="0"/>
<pin id="131" dir="0" index="3" bw="32" slack="0"/>
<pin id="132" dir="0" index="4" bw="64" slack="0"/>
<pin id="133" dir="0" index="5" bw="32" slack="0"/>
<pin id="134" dir="0" index="6" bw="32" slack="0"/>
<pin id="135" dir="0" index="7" bw="64" slack="0"/>
<pin id="136" dir="0" index="8" bw="32" slack="0"/>
<pin id="137" dir="0" index="9" bw="32" slack="0"/>
<pin id="138" dir="0" index="10" bw="32" slack="0"/>
<pin id="139" dir="0" index="11" bw="64" slack="0"/>
<pin id="140" dir="1" index="12" bw="0" slack="2147483647"/>
</pin_list>
<bind>
<opcode="call(48) " fcode="call"/>
<opset="call_ln0/1 "/>
</bind>
</comp>

<comp id="149" class="1005" name="update_read_reg_149">
<pin_list>
<pin id="150" dir="0" index="0" bw="64" slack="1"/>
<pin id="151" dir="1" index="1" bw="64" slack="1"/>
</pin_list>
<bind>
<opset="update_read "/>
</bind>
</comp>

<comp id="154" class="1005" name="copy_read_reg_154">
<pin_list>
<pin id="155" dir="0" index="0" bw="64" slack="1"/>
<pin id="156" dir="1" index="1" bw="64" slack="1"/>
</pin_list>
<bind>
<opset="copy_read "/>
</bind>
</comp>

<comp id="159" class="1005" name="display_xsize_read_reg_159">
<pin_list>
<pin id="160" dir="0" index="0" bw="32" slack="1"/>
<pin id="161" dir="1" index="1" bw="32" slack="1"/>
</pin_list>
<bind>
<opset="display_xsize_read "/>
</bind>
</comp>

<comp id="164" class="1005" name="y_read_reg_164">
<pin_list>
<pin id="165" dir="0" index="0" bw="32" slack="1"/>
<pin id="166" dir="1" index="1" bw="32" slack="1"/>
</pin_list>
<bind>
<opset="y_read "/>
</bind>
</comp>

<comp id="169" class="1005" name="width_read_reg_169">
<pin_list>
<pin id="170" dir="0" index="0" bw="32" slack="1"/>
<pin id="171" dir="1" index="1" bw="32" slack="1"/>
</pin_list>
<bind>
<opset="width_read "/>
</bind>
</comp>

<comp id="174" class="1005" name="update_c_reg_174">
<pin_list>
<pin id="175" dir="0" index="0" bw="64" slack="0"/>
<pin id="176" dir="1" index="1" bw="64" slack="0"/>
</pin_list>
<bind>
<opset="update_c "/>
</bind>
</comp>

<comp id="180" class="1005" name="display_xsize_c_reg_180">
<pin_list>
<pin id="181" dir="0" index="0" bw="32" slack="0"/>
<pin id="182" dir="1" index="1" bw="32" slack="0"/>
</pin_list>
<bind>
<opset="display_xsize_c "/>
</bind>
</comp>

<comp id="186" class="1005" name="y_c_reg_186">
<pin_list>
<pin id="187" dir="0" index="0" bw="32" slack="0"/>
<pin id="188" dir="1" index="1" bw="32" slack="0"/>
</pin_list>
<bind>
<opset="y_c "/>
</bind>
</comp>

<comp id="192" class="1005" name="width_c_reg_192">
<pin_list>
<pin id="193" dir="0" index="0" bw="32" slack="0"/>
<pin id="194" dir="1" index="1" bw="32" slack="0"/>
</pin_list>
<bind>
<opset="width_c "/>
</bind>
</comp>

</comp_list>

<net_list>
<net id="69"><net_src comp="18" pin="0"/><net_sink comp="66" pin=0"/></net>

<net id="73"><net_src comp="18" pin="0"/><net_sink comp="70" pin=0"/></net>

<net id="77"><net_src comp="18" pin="0"/><net_sink comp="74" pin=0"/></net>

<net id="81"><net_src comp="18" pin="0"/><net_sink comp="78" pin=0"/></net>

<net id="85"><net_src comp="18" pin="0"/><net_sink comp="82" pin=0"/></net>

<net id="90"><net_src comp="14" pin="0"/><net_sink comp="86" pin=0"/></net>

<net id="91"><net_src comp="10" pin="0"/><net_sink comp="86" pin=1"/></net>

<net id="96"><net_src comp="14" pin="0"/><net_sink comp="92" pin=0"/></net>

<net id="97"><net_src comp="6" pin="0"/><net_sink comp="92" pin=1"/></net>

<net id="102"><net_src comp="16" pin="0"/><net_sink comp="98" pin=0"/></net>

<net id="103"><net_src comp="4" pin="0"/><net_sink comp="98" pin=1"/></net>

<net id="108"><net_src comp="16" pin="0"/><net_sink comp="104" pin=0"/></net>

<net id="109"><net_src comp="2" pin="0"/><net_sink comp="104" pin=1"/></net>

<net id="114"><net_src comp="16" pin="0"/><net_sink comp="110" pin=0"/></net>

<net id="115"><net_src comp="0" pin="0"/><net_sink comp="110" pin=1"/></net>

<net id="125"><net_src comp="22" pin="0"/><net_sink comp="116" pin=0"/></net>

<net id="126"><net_src comp="12" pin="0"/><net_sink comp="116" pin=6"/></net>

<net id="141"><net_src comp="20" pin="0"/><net_sink comp="127" pin=0"/></net>

<net id="142"><net_src comp="110" pin="2"/><net_sink comp="127" pin=1"/></net>

<net id="143"><net_src comp="104" pin="2"/><net_sink comp="127" pin=2"/></net>

<net id="144"><net_src comp="98" pin="2"/><net_sink comp="127" pin=3"/></net>

<net id="145"><net_src comp="92" pin="2"/><net_sink comp="127" pin=4"/></net>

<net id="146"><net_src comp="8" pin="0"/><net_sink comp="127" pin=5"/></net>

<net id="147"><net_src comp="82" pin="1"/><net_sink comp="127" pin=6"/></net>

<net id="148"><net_src comp="86" pin="2"/><net_sink comp="127" pin=7"/></net>

<net id="152"><net_src comp="86" pin="2"/><net_sink comp="149" pin=0"/></net>

<net id="153"><net_src comp="149" pin="1"/><net_sink comp="127" pin=7"/></net>

<net id="157"><net_src comp="92" pin="2"/><net_sink comp="154" pin=0"/></net>

<net id="158"><net_src comp="154" pin="1"/><net_sink comp="127" pin=4"/></net>

<net id="162"><net_src comp="98" pin="2"/><net_sink comp="159" pin=0"/></net>

<net id="163"><net_src comp="159" pin="1"/><net_sink comp="127" pin=3"/></net>

<net id="167"><net_src comp="104" pin="2"/><net_sink comp="164" pin=0"/></net>

<net id="168"><net_src comp="164" pin="1"/><net_sink comp="127" pin=2"/></net>

<net id="172"><net_src comp="110" pin="2"/><net_sink comp="169" pin=0"/></net>

<net id="173"><net_src comp="169" pin="1"/><net_sink comp="127" pin=1"/></net>

<net id="177"><net_src comp="66" pin="1"/><net_sink comp="174" pin=0"/></net>

<net id="178"><net_src comp="174" pin="1"/><net_sink comp="127" pin=11"/></net>

<net id="179"><net_src comp="174" pin="1"/><net_sink comp="116" pin=5"/></net>

<net id="183"><net_src comp="70" pin="1"/><net_sink comp="180" pin=0"/></net>

<net id="184"><net_src comp="180" pin="1"/><net_sink comp="127" pin=10"/></net>

<net id="185"><net_src comp="180" pin="1"/><net_sink comp="116" pin=3"/></net>

<net id="189"><net_src comp="74" pin="1"/><net_sink comp="186" pin=0"/></net>

<net id="190"><net_src comp="186" pin="1"/><net_sink comp="127" pin=9"/></net>

<net id="191"><net_src comp="186" pin="1"/><net_sink comp="116" pin=2"/></net>

<net id="195"><net_src comp="78" pin="1"/><net_sink comp="192" pin=0"/></net>

<net id="196"><net_src comp="192" pin="1"/><net_sink comp="127" pin=8"/></net>

<net id="197"><net_src comp="192" pin="1"/><net_sink comp="116" pin=1"/></net>

</net_list>

</model> 
---------------- Datapath Model END ------------------

* FSMD analyzer results:
  - Output states:
	Port: cp | {}
	Port: up | {3 4 }
 - Input state : 
	Port: dataflow_in_loop_height_loop : width | {1 }
	Port: dataflow_in_loop_height_loop : y | {1 }
	Port: dataflow_in_loop_height_loop : display_xsize | {1 }
	Port: dataflow_in_loop_height_loop : copy | {1 }
	Port: dataflow_in_loop_height_loop : cp | {1 2 }
	Port: dataflow_in_loop_height_loop : update | {1 }
	Port: dataflow_in_loop_height_loop : up | {}
  - Chain level:
	State 1
		call_ln0 : 1
	State 2
	State 3
	State 4


============================================================
+ Verbose Summary: Datapath Resource usage 
============================================================

* Functional unit list:
|----------|-------------------------------|---------|---------|---------|---------|
| Operation|        Functional Unit        |   DSP   |  Delay  |    FF   |   LUT   |
|----------|-------------------------------|---------|---------|---------|---------|
|   call   |   grp_copy_loop_proc_fu_116   |    0    |  6.352  |   650   |   205   |
|          |  grp_width_loop_proc5_fu_127  |    0    |  4.764  |   512   |   205   |
|----------|-------------------------------|---------|---------|---------|---------|
|          |     update_read_read_fu_86    |    0    |    0    |    0    |    0    |
|          |      copy_read_read_fu_92     |    0    |    0    |    0    |    0    |
|   read   | display_xsize_read_read_fu_98 |    0    |    0    |    0    |    0    |
|          |       y_read_read_fu_104      |    0    |    0    |    0    |    0    |
|          |     width_read_read_fu_110    |    0    |    0    |    0    |    0    |
|----------|-------------------------------|---------|---------|---------|---------|
|   Total  |                               |    0    |  11.116 |   1162  |   410   |
|----------|-------------------------------|---------|---------|---------|---------|

Memories:
+-----+--------+--------+--------+
|     |  BRAM  |   FF   |   LUT  |
+-----+--------+--------+--------+
|src_V|    4   |    0   |    0   |
+-----+--------+--------+--------+
|Total|    4   |    0   |    0   |
+-----+--------+--------+--------+

* Register list:
+--------------------------+--------+
|                          |   FF   |
+--------------------------+--------+
|     copy_read_reg_154    |   64   |
|  display_xsize_c_reg_180 |   32   |
|display_xsize_read_reg_159|   32   |
|     update_c_reg_174     |   64   |
|    update_read_reg_149   |   64   |
|      width_c_reg_192     |   32   |
|    width_read_reg_169    |   32   |
|        y_c_reg_186       |   32   |
|      y_read_reg_164      |   32   |
+--------------------------+--------+
|           Total          |   384  |
+--------------------------+--------+

* Multiplexer (MUX) list: 
|-----------------------------|------|------|------|--------||---------||---------|
|             Comp            |  Pin | Size |  BW  | S x BW ||  Delay  ||   LUT   |
|-----------------------------|------|------|------|--------||---------||---------|
| grp_width_loop_proc5_fu_127 |  p1  |   2  |  32  |   64   ||    9    |
| grp_width_loop_proc5_fu_127 |  p2  |   2  |  32  |   64   ||    9    |
| grp_width_loop_proc5_fu_127 |  p3  |   2  |  32  |   64   ||    9    |
| grp_width_loop_proc5_fu_127 |  p4  |   2  |  64  |   128  ||    9    |
| grp_width_loop_proc5_fu_127 |  p7  |   2  |  64  |   128  ||    9    |
|-----------------------------|------|------|------|--------||---------||---------|
|            Total            |      |      |      |   448  ||   7.94  ||    45   |
|-----------------------------|------|------|------|--------||---------||---------|



* Summary:
+-----------+--------+--------+--------+--------+--------+
|           |  BRAM  |   DSP  |  Delay |   FF   |   LUT  |
+-----------+--------+--------+--------+--------+--------+
|  Function |    -   |    0   |   11   |  1162  |   410  |
|   Memory  |    4   |    -   |    -   |    0   |    0   |
|Multiplexer|    -   |    -   |    7   |    -   |   45   |
|  Register |    -   |    -   |    -   |   384  |    -   |
+-----------+--------+--------+--------+--------+--------+
|   Total   |    4   |    0   |   19   |  1546  |   455  |
+-----------+--------+--------+--------+--------+--------+
