

================================================================
== Vitis HLS Report for 'width_loop_proc5'
================================================================
* Date:           Sun May 16 17:14:34 2021

* Version:        2020.2 (Build 3064766 on Wed Nov 18 09:12:47 MST 2020)
* Project:        framebuffer_copy
* Solution:       solution1 (Vivado IP Flow Target)
* Product family: zynq
* Target device:  xc7z020-clg400-1


================================================================
== Performance Estimates
================================================================
+ Timing: 
    * Summary: 
    +--------+----------+----------+------------+
    |  Clock |  Target  | Estimated| Uncertainty|
    +--------+----------+----------+------------+
    |ap_clk  |  10.00 ns|  7.300 ns|     2.70 ns|
    +--------+----------+----------+------------+

+ Latency: 
    * Summary: 
    +---------+---------+----------+----------+-----+-----+---------+
    |  Latency (cycles) |  Latency (absolute) |  Interval | Pipeline|
    |   min   |   max   |    min   |    max   | min | max |   Type  |
    +---------+---------+----------+----------+-----+-----+---------+
    |       13|      652|  0.130 us|  6.520 us|   13|  652|     none|
    +---------+---------+----------+----------+-----+-----+---------+

    + Detail: 
        * Instance: 
        N/A

        * Loop: 
        +--------------+---------+---------+----------+-----------+-----------+---------+----------+
        |              |  Latency (cycles) | Iteration|  Initiation Interval  |   Trip  |          |
        |   Loop Name  |   min   |   max   |  Latency |  achieved |   target  |  Count  | Pipelined|
        +--------------+---------+---------+----------+-----------+-----------+---------+----------+
        |- width_loop  |        2|      641|         3|          1|          1|  1 ~ 640|       yes|
        +--------------+---------+---------+----------+-----------+-----------+---------+----------+

============================================================
+ Verbose Summary: Synthesis Manager
============================================================
InlineROM: 1
ExposeGlobal: 0
============================================================
+ Verbose Summary: CDFG Model
============================================================
IsTopModel: 0
ResetActiveHigh: 1
IsCombinational: 2
IsDatapathOnly: 0
HasWiredReturn: 1
HasMFsm: 0
HasVarLatency: 1
IsPipeline: 0
IsRtlPipelined: 0
IsInstanceOverlapped: 0
IsDontTouch: 0
HasImplIP: 0
IsGatedGlobalClock: 0

+ Individual pipeline summary: 
  * Pipeline-0: initiation interval (II) = 1, depth = 3


============================================================
+ Verbose Summary: Schedule
============================================================
* Number of FSM states : 14
* Pipeline : 1
  Pipeline-0 : II = 1, D = 3, States = { 11 12 13 }
* Dataflow Pipeline: 0

* FSM state transitions: 
1 --> 2 
2 --> 3 
3 --> 4 
4 --> 5 
5 --> 6 
6 --> 7 
7 --> 8 
8 --> 9 
9 --> 10 
10 --> 11 
11 --> 14 12 
12 --> 13 
13 --> 11 
14 --> 

* FSM state operations: 

State 1 <SV = 0> <Delay = 6.91>
ST_1 : Operation 15 [1/1] (0.00ns)   --->   "%update_read = read i64 @_ssdm_op_Read.ap_auto.i64, i64 %update"   --->   Operation 15 'read' 'update_read' <Predicate = true> <Delay = 0.00>
ST_1 : Operation 16 [1/1] (0.00ns)   --->   "%display_xsize_read = read i32 @_ssdm_op_Read.ap_auto.i32, i32 %display_xsize"   --->   Operation 16 'read' 'display_xsize_read' <Predicate = true> <Delay = 0.00>
ST_1 : Operation 17 [1/1] (0.00ns)   --->   "%y_read = read i32 @_ssdm_op_Read.ap_auto.i32, i32 %y"   --->   Operation 17 'read' 'y_read' <Predicate = true> <Delay = 0.00>
ST_1 : Operation 18 [1/1] (0.00ns)   --->   "%width_read = read i32 @_ssdm_op_Read.ap_auto.i32, i32 %width"   --->   Operation 18 'read' 'width_read' <Predicate = true> <Delay = 0.00>
ST_1 : Operation 19 [1/1] (3.63ns)   --->   "%write_ln0 = write void @_ssdm_op_Write.ap_fifo.i32P0A, i32 %width_out, i32 %width_read"   --->   Operation 19 'write' 'write_ln0' <Predicate = true> <Delay = 3.63> <CoreInst = "FIFO_SRL">   --->   Core 81 'FIFO_SRL' <Latency = 0> <II = 1> <Delay = 3.63> <Storage> <Opcode : 'read' 'write' 'nbread' 'nbwrite'> <Ports = 0> <Width = 32> <Depth = 2> <FIFO>
ST_1 : Operation 20 [1/1] (3.63ns)   --->   "%write_ln0 = write void @_ssdm_op_Write.ap_fifo.i32P0A, i32 %y_out, i32 %y_read"   --->   Operation 20 'write' 'write_ln0' <Predicate = true> <Delay = 3.63> <CoreInst = "FIFO_SRL">   --->   Core 81 'FIFO_SRL' <Latency = 0> <II = 1> <Delay = 3.63> <Storage> <Opcode : 'read' 'write' 'nbread' 'nbwrite'> <Ports = 0> <Width = 32> <Depth = 2> <FIFO>
ST_1 : Operation 21 [1/1] (3.63ns)   --->   "%write_ln0 = write void @_ssdm_op_Write.ap_fifo.i32P0A, i32 %display_xsize_out, i32 %display_xsize_read"   --->   Operation 21 'write' 'write_ln0' <Predicate = true> <Delay = 3.63> <CoreInst = "FIFO_SRL">   --->   Core 81 'FIFO_SRL' <Latency = 0> <II = 1> <Delay = 3.63> <Storage> <Opcode : 'read' 'write' 'nbread' 'nbwrite'> <Ports = 0> <Width = 32> <Depth = 2> <FIFO>
ST_1 : Operation 22 [1/1] (3.63ns)   --->   "%write_ln0 = write void @_ssdm_op_Write.ap_fifo.i64P0A, i64 %update_out, i64 %update_read"   --->   Operation 22 'write' 'write_ln0' <Predicate = true> <Delay = 3.63> <CoreInst = "FIFO_SRL">   --->   Core 81 'FIFO_SRL' <Latency = 0> <II = 1> <Delay = 3.63> <Storage> <Opcode : 'read' 'write' 'nbread' 'nbwrite'> <Ports = 0> <Width = 64> <Depth = 2> <FIFO>
ST_1 : Operation 23 [1/1] (0.00ns)   --->   "%zext_ln17 = zext i32 %y_read" [framebuffer_copy.cpp:17]   --->   Operation 23 'zext' 'zext_ln17' <Predicate = true> <Delay = 0.00>
ST_1 : Operation 24 [1/1] (0.00ns)   --->   "%zext_ln17_1 = zext i32 %display_xsize_read" [framebuffer_copy.cpp:17]   --->   Operation 24 'zext' 'zext_ln17_1' <Predicate = true> <Delay = 0.00>
ST_1 : Operation 25 [2/2] (6.91ns)   --->   "%mul_i_i58_i_i = mul i62 %zext_ln17, i62 %zext_ln17_1" [framebuffer_copy.cpp:17]   --->   Operation 25 'mul' 'mul_i_i58_i_i' <Predicate = true> <Delay = 6.91> <CoreInst = "Multiplier">   --->   Core 3 'Multiplier' <Latency = 1> <II = 1> <Delay = 6.91> <FuncUnit> <Opcode : 'mul'> <InPorts = 2> <OutPorts = 1>

State 2 <SV = 1> <Delay = 6.91>
ST_2 : Operation 26 [1/2] (6.91ns)   --->   "%mul_i_i58_i_i = mul i62 %zext_ln17, i62 %zext_ln17_1" [framebuffer_copy.cpp:17]   --->   Operation 26 'mul' 'mul_i_i58_i_i' <Predicate = true> <Delay = 6.91> <CoreInst = "Multiplier">   --->   Core 3 'Multiplier' <Latency = 1> <II = 1> <Delay = 6.91> <FuncUnit> <Opcode : 'mul'> <InPorts = 2> <OutPorts = 1>

State 3 <SV = 2> <Delay = 3.52>
ST_3 : Operation 27 [1/1] (0.00ns)   --->   "%copy_read = read i64 @_ssdm_op_Read.ap_auto.i64, i64 %copy"   --->   Operation 27 'read' 'copy_read' <Predicate = true> <Delay = 0.00>
ST_3 : Operation 28 [1/1] (0.00ns)   --->   "%shl_ln324_1 = bitconcatenate i64 @_ssdm_op_BitConcatenate.i64.i62.i2, i62 %mul_i_i58_i_i, i2 0"   --->   Operation 28 'bitconcatenate' 'shl_ln324_1' <Predicate = true> <Delay = 0.00>
ST_3 : Operation 29 [1/1] (3.52ns)   --->   "%add_ln324 = add i64 %shl_ln324_1, i64 %copy_read"   --->   Operation 29 'add' 'add_ln324' <Predicate = true> <Delay = 3.52> <CoreInst = "Adder">   --->   Core 1 'Adder' <Latency = 0> <II = 1> <Delay = 3.52> <FuncUnit> <Opcode : 'add' 'sub'> <InPorts = 2> <OutPorts = 1>
ST_3 : Operation 30 [1/1] (0.00ns)   --->   "%trunc_ln324_1 = partselect i62 @_ssdm_op_PartSelect.i62.i64.i32.i32, i64 %add_ln324, i32 2, i32 63"   --->   Operation 30 'partselect' 'trunc_ln324_1' <Predicate = true> <Delay = 0.00>
ST_3 : Operation 31 [1/1] (0.00ns)   --->   "%sext_ln324 = sext i62 %trunc_ln324_1"   --->   Operation 31 'sext' 'sext_ln324' <Predicate = true> <Delay = 0.00>
ST_3 : Operation 32 [1/1] (0.00ns)   --->   "%cp_addr = getelementptr i32 %cp, i64 %sext_ln324"   --->   Operation 32 'getelementptr' 'cp_addr' <Predicate = true> <Delay = 0.00>

State 4 <SV = 3> <Delay = 7.30>
ST_4 : Operation 33 [7/7] (7.30ns)   --->   "%cp_addr_1_rd_req = readreq i1 @_ssdm_op_ReadReq.m_axi.i32P1A, i32 %cp_addr, i32 %width_read"   --->   Operation 33 'readreq' 'cp_addr_1_rd_req' <Predicate = true> <Delay = 7.30> <CoreInst = "m_axi">   --->   Core 113 'm_axi' <Latency = 6> <II = 1> <Delay = 1.00> <Adapter> <Opcode : 'read' 'write' 'readreq' 'writereq' 'writeresp'>

State 5 <SV = 4> <Delay = 7.30>
ST_5 : Operation 34 [6/7] (7.30ns)   --->   "%cp_addr_1_rd_req = readreq i1 @_ssdm_op_ReadReq.m_axi.i32P1A, i32 %cp_addr, i32 %width_read"   --->   Operation 34 'readreq' 'cp_addr_1_rd_req' <Predicate = true> <Delay = 7.30> <CoreInst = "m_axi">   --->   Core 113 'm_axi' <Latency = 6> <II = 1> <Delay = 1.00> <Adapter> <Opcode : 'read' 'write' 'readreq' 'writereq' 'writeresp'>

State 6 <SV = 5> <Delay = 7.30>
ST_6 : Operation 35 [5/7] (7.30ns)   --->   "%cp_addr_1_rd_req = readreq i1 @_ssdm_op_ReadReq.m_axi.i32P1A, i32 %cp_addr, i32 %width_read"   --->   Operation 35 'readreq' 'cp_addr_1_rd_req' <Predicate = true> <Delay = 7.30> <CoreInst = "m_axi">   --->   Core 113 'm_axi' <Latency = 6> <II = 1> <Delay = 1.00> <Adapter> <Opcode : 'read' 'write' 'readreq' 'writereq' 'writeresp'>

State 7 <SV = 6> <Delay = 7.30>
ST_7 : Operation 36 [4/7] (7.30ns)   --->   "%cp_addr_1_rd_req = readreq i1 @_ssdm_op_ReadReq.m_axi.i32P1A, i32 %cp_addr, i32 %width_read"   --->   Operation 36 'readreq' 'cp_addr_1_rd_req' <Predicate = true> <Delay = 7.30> <CoreInst = "m_axi">   --->   Core 113 'm_axi' <Latency = 6> <II = 1> <Delay = 1.00> <Adapter> <Opcode : 'read' 'write' 'readreq' 'writereq' 'writeresp'>

State 8 <SV = 7> <Delay = 7.30>
ST_8 : Operation 37 [3/7] (7.30ns)   --->   "%cp_addr_1_rd_req = readreq i1 @_ssdm_op_ReadReq.m_axi.i32P1A, i32 %cp_addr, i32 %width_read"   --->   Operation 37 'readreq' 'cp_addr_1_rd_req' <Predicate = true> <Delay = 7.30> <CoreInst = "m_axi">   --->   Core 113 'm_axi' <Latency = 6> <II = 1> <Delay = 1.00> <Adapter> <Opcode : 'read' 'write' 'readreq' 'writereq' 'writeresp'>

State 9 <SV = 8> <Delay = 7.30>
ST_9 : Operation 38 [2/7] (7.30ns)   --->   "%cp_addr_1_rd_req = readreq i1 @_ssdm_op_ReadReq.m_axi.i32P1A, i32 %cp_addr, i32 %width_read"   --->   Operation 38 'readreq' 'cp_addr_1_rd_req' <Predicate = true> <Delay = 7.30> <CoreInst = "m_axi">   --->   Core 113 'm_axi' <Latency = 6> <II = 1> <Delay = 1.00> <Adapter> <Opcode : 'read' 'write' 'readreq' 'writereq' 'writeresp'>

State 10 <SV = 9> <Delay = 7.30>
ST_10 : Operation 39 [1/1] (0.00ns)   --->   "%specinterface_ln0 = specinterface void @_ssdm_op_SpecInterface, i32 %cp, void @empty_11, i32 0, i32 0, void @empty_7, i32 0, i32 399360, void @empty, void @empty_6, void @empty_7, i32 16, i32 16, i32 32, i32 16, void @empty_7, void @empty_7"   --->   Operation 39 'specinterface' 'specinterface_ln0' <Predicate = true> <Delay = 0.00>
ST_10 : Operation 40 [1/1] (0.00ns)   --->   "%specinterface_ln0 = specinterface void @_ssdm_op_SpecInterface, i32 %cp, void @empty_11, i32 0, i32 0, void @empty_7, i32 0, i32 399360, void @empty, void @empty_6, void @empty_7, i32 16, i32 16, i32 32, i32 16, void @empty_7, void @empty_7"   --->   Operation 40 'specinterface' 'specinterface_ln0' <Predicate = true> <Delay = 0.00>
ST_10 : Operation 41 [1/1] (0.00ns)   --->   "%specinterface_ln0 = specinterface void @_ssdm_op_SpecInterface, i32 %width_out, void @ap_fifo_str, i32 0, i32 0, void @p_str, i32 0, i32 0, void @p_str, void @p_str, void @p_str, i32 2, i32 2, i32 16, i32 16, void @p_str, void @ScalarProp_str"   --->   Operation 41 'specinterface' 'specinterface_ln0' <Predicate = true> <Delay = 0.00>
ST_10 : Operation 42 [1/1] (0.00ns)   --->   "%specinterface_ln0 = specinterface void @_ssdm_op_SpecInterface, i32 %y_out, void @ap_fifo_str, i32 0, i32 0, void @p_str, i32 0, i32 0, void @p_str, void @p_str, void @p_str, i32 2, i32 2, i32 16, i32 16, void @p_str, void @ScalarProp_str"   --->   Operation 42 'specinterface' 'specinterface_ln0' <Predicate = true> <Delay = 0.00>
ST_10 : Operation 43 [1/1] (0.00ns)   --->   "%specinterface_ln0 = specinterface void @_ssdm_op_SpecInterface, i32 %display_xsize_out, void @ap_fifo_str, i32 0, i32 0, void @p_str, i32 0, i32 0, void @p_str, void @p_str, void @p_str, i32 2, i32 2, i32 16, i32 16, void @p_str, void @ScalarProp_str"   --->   Operation 43 'specinterface' 'specinterface_ln0' <Predicate = true> <Delay = 0.00>
ST_10 : Operation 44 [1/1] (0.00ns)   --->   "%specinterface_ln0 = specinterface void @_ssdm_op_SpecInterface, i64 %update_out, void @ap_fifo_str, i32 0, i32 0, void @p_str, i32 0, i32 0, void @p_str, void @p_str, void @p_str, i32 2, i32 2, i32 16, i32 16, void @p_str, void @ScalarProp_str"   --->   Operation 44 'specinterface' 'specinterface_ln0' <Predicate = true> <Delay = 0.00>
ST_10 : Operation 45 [1/1] (0.00ns)   --->   "%specinterface_ln0 = specinterface void @_ssdm_op_SpecInterface, i32 %cp, void @empty_11, i32 0, i32 0, void @empty_7, i32 0, i32 399360, void @empty, void @empty_6, void @empty_7, i32 16, i32 16, i32 32, i32 16, void @empty_7, void @empty_7"   --->   Operation 45 'specinterface' 'specinterface_ln0' <Predicate = true> <Delay = 0.00>
ST_10 : Operation 46 [1/1] (0.00ns)   --->   "%specinterface_ln0 = specinterface void @_ssdm_op_SpecInterface, i32 %cp, void @empty_11, i32 0, i32 0, void @empty_7, i32 0, i32 399360, void @empty, void @empty_6, void @empty_7, i32 16, i32 16, i32 32, i32 16, void @empty_7, void @empty_7"   --->   Operation 46 'specinterface' 'specinterface_ln0' <Predicate = true> <Delay = 0.00>
ST_10 : Operation 47 [1/7] (7.30ns)   --->   "%cp_addr_1_rd_req = readreq i1 @_ssdm_op_ReadReq.m_axi.i32P1A, i32 %cp_addr, i32 %width_read"   --->   Operation 47 'readreq' 'cp_addr_1_rd_req' <Predicate = true> <Delay = 7.30> <CoreInst = "m_axi">   --->   Core 113 'm_axi' <Latency = 6> <II = 1> <Delay = 1.00> <Adapter> <Opcode : 'read' 'write' 'readreq' 'writereq' 'writeresp'>
ST_10 : Operation 48 [1/1] (1.58ns)   --->   "%br_ln0 = br void"   --->   Operation 48 'br' 'br_ln0' <Predicate = true> <Delay = 1.58>

State 11 <SV = 10> <Delay = 2.55>
ST_11 : Operation 49 [1/1] (0.00ns)   --->   "%x = phi i32 %add_ln19, void, i32 0, void %entry" [framebuffer_copy.cpp:19]   --->   Operation 49 'phi' 'x' <Predicate = true> <Delay = 0.00>
ST_11 : Operation 50 [1/1] (2.55ns)   --->   "%add_ln19 = add i32 %x, i32 1" [framebuffer_copy.cpp:19]   --->   Operation 50 'add' 'add_ln19' <Predicate = true> <Delay = 2.55> <CoreInst = "Adder">   --->   Core 1 'Adder' <Latency = 0> <II = 1> <Delay = 3.52> <FuncUnit> <Opcode : 'add' 'sub'> <InPorts = 2> <OutPorts = 1>
ST_11 : Operation 51 [1/1] (2.47ns)   --->   "%icmp_ln878 = icmp_eq  i32 %x, i32 %width_read"   --->   Operation 51 'icmp' 'icmp_ln878' <Predicate = true> <Delay = 2.47> <CoreInst = "Cmp">   --->   Core 9 'Cmp' <Latency = 0> <II = 1> <Delay = 2.47> <FuncUnit> <Opcode : 'icmp'> <InPorts = 2> <OutPorts = 1>
ST_11 : Operation 52 [1/1] (0.00ns)   --->   "%br_ln19 = br i1 %icmp_ln878, void, void %.exit" [framebuffer_copy.cpp:19]   --->   Operation 52 'br' 'br_ln19' <Predicate = true> <Delay = 0.00>

State 12 <SV = 11> <Delay = 7.30>
ST_12 : Operation 53 [1/1] (7.30ns)   --->   "%cp_addr_read = read i32 @_ssdm_op_Read.m_axi.i32P1A, i32 %cp_addr"   --->   Operation 53 'read' 'cp_addr_read' <Predicate = (!icmp_ln878)> <Delay = 7.30> <CoreInst = "m_axi">   --->   Core 113 'm_axi' <Latency = 6> <II = 1> <Delay = 1.00> <Adapter> <Opcode : 'read' 'write' 'readreq' 'writereq' 'writeresp'>

State 13 <SV = 12> <Delay = 3.25>
ST_13 : Operation 54 [1/1] (0.00ns)   --->   "%zext_ln19 = zext i32 %x" [framebuffer_copy.cpp:19]   --->   Operation 54 'zext' 'zext_ln19' <Predicate = (!icmp_ln878)> <Delay = 0.00>
ST_13 : Operation 55 [1/1] (0.00ns)   --->   "%specpipeline_ln1461 = specpipeline void @_ssdm_op_SpecPipeline, i32 4294967295, i32 0, i32 0, i32 0, void @empty_7"   --->   Operation 55 'specpipeline' 'specpipeline_ln1461' <Predicate = (!icmp_ln878)> <Delay = 0.00>
ST_13 : Operation 56 [1/1] (0.00ns)   --->   "%speclooptripcount_ln1461 = speclooptripcount void @_ssdm_op_SpecLoopTripCount, i64 1, i64 640, i64 128"   --->   Operation 56 'speclooptripcount' 'speclooptripcount_ln1461' <Predicate = (!icmp_ln878)> <Delay = 0.00>
ST_13 : Operation 57 [1/1] (0.00ns)   --->   "%specloopname_ln1461 = specloopname void @_ssdm_op_SpecLoopName, void @empty_0"   --->   Operation 57 'specloopname' 'specloopname_ln1461' <Predicate = (!icmp_ln878)> <Delay = 0.00>
ST_13 : Operation 58 [1/1] (0.00ns)   --->   "%src_V1_addr = getelementptr i32 %src_V1, i64 0, i64 %zext_ln19"   --->   Operation 58 'getelementptr' 'src_V1_addr' <Predicate = (!icmp_ln878)> <Delay = 0.00>
ST_13 : Operation 59 [1/1] (3.25ns)   --->   "%store_ln324 = store i32 %cp_addr_read, i10 %src_V1_addr"   --->   Operation 59 'store' 'store_ln324' <Predicate = (!icmp_ln878)> <Delay = 3.25> <CoreInst = "RAM">   --->   Core 82 'RAM' <Latency = 1> <II = 1> <Delay = 3.25> <Storage> <Opcode : 'load' 'store'> <Ports = 2> <Width = 32> <Depth = 640> <RAM>
ST_13 : Operation 60 [1/1] (0.00ns)   --->   "%br_ln19 = br void" [framebuffer_copy.cpp:19]   --->   Operation 60 'br' 'br_ln19' <Predicate = (!icmp_ln878)> <Delay = 0.00>

State 14 <SV = 11> <Delay = 0.00>
ST_14 : Operation 61 [1/1] (0.00ns)   --->   "%ret_ln0 = ret"   --->   Operation 61 'ret' 'ret_ln0' <Predicate = true> <Delay = 0.00>


============================================================
+ Verbose Summary: Timing violations
============================================================
Target clock period: 10ns, clock uncertainty: 2.7ns.

 <State 1>: 6.91ns
The critical path consists of the following:
	wire read on port 'display_xsize' [17]  (0 ns)
	'mul' operation ('mul_i_i58_i_i', framebuffer_copy.cpp:17) [31]  (6.91 ns)

 <State 2>: 6.91ns
The critical path consists of the following:
	'mul' operation ('mul_i_i58_i_i', framebuffer_copy.cpp:17) [31]  (6.91 ns)

 <State 3>: 3.52ns
The critical path consists of the following:
	wire read on port 'copy' [16]  (0 ns)
	'add' operation ('add_ln324') [33]  (3.52 ns)

 <State 4>: 7.3ns
The critical path consists of the following:
	bus request on port 'cp' [37]  (7.3 ns)

 <State 5>: 7.3ns
The critical path consists of the following:
	bus request on port 'cp' [37]  (7.3 ns)

 <State 6>: 7.3ns
The critical path consists of the following:
	bus request on port 'cp' [37]  (7.3 ns)

 <State 7>: 7.3ns
The critical path consists of the following:
	bus request on port 'cp' [37]  (7.3 ns)

 <State 8>: 7.3ns
The critical path consists of the following:
	bus request on port 'cp' [37]  (7.3 ns)

 <State 9>: 7.3ns
The critical path consists of the following:
	bus request on port 'cp' [37]  (7.3 ns)

 <State 10>: 7.3ns
The critical path consists of the following:
	bus request on port 'cp' [37]  (7.3 ns)

 <State 11>: 2.55ns
The critical path consists of the following:
	'phi' operation ('x', framebuffer_copy.cpp:19) with incoming values : ('add_ln19', framebuffer_copy.cpp:19) [40]  (0 ns)
	'add' operation ('add_ln19', framebuffer_copy.cpp:19) [41]  (2.55 ns)

 <State 12>: 7.3ns
The critical path consists of the following:
	bus read on port 'cp' [49]  (7.3 ns)

 <State 13>: 3.25ns
The critical path consists of the following:
	'getelementptr' operation ('src_V1_addr') [50]  (0 ns)
	'store' operation ('store_ln324') of variable 'cp_addr_read' on array 'src_V1' [51]  (3.25 ns)

 <State 14>: 0ns
The critical path consists of the following:


============================================================
+ Verbose Summary: Binding
============================================================
N/A
* FSMD analyzer results:
  - Output states:
 - Input state : 
  - Chain level:
	State 1
	State 2
	State 3
	State 4
	State 5
	State 6
	State 7
	State 8
	State 9
	State 10
	State 11
	State 12
	State 13
	State 14


============================================================
+ Verbose Summary: Datapath Resource usage 
============================================================
N/A
