

================================================================
== Vitis HLS Report for 'background_loop'
================================================================
* Date:           Tue Jun  1 15:08:04 2021

* Version:        2020.2 (Build 3064766 on Wed Nov 18 09:12:47 MST 2020)
* Project:        background_loop
* Solution:       solution1 (Vivado IP Flow Target)
* Product family: zynq
* Target device:  xc7z020-clg400-1


================================================================
== Performance Estimates
================================================================
+ Timing: 
    * Summary: 
    +--------+----------+-----------+------------+
    |  Clock |  Target  | Estimated | Uncertainty|
    +--------+----------+-----------+------------+
    |ap_clk  |  10.00 ns|  10.166 ns|     2.70 ns|
    +--------+----------+-----------+------------+

+ Latency: 
    * Summary: 
    +---------+---------+----------+----------+-----+--------+---------+
    |  Latency (cycles) |  Latency (absolute) |   Interval   | Pipeline|
    |   min   |   max   |    min   |    max   | min |   max  |   Type  |
    +---------+---------+----------+----------+-----+--------+---------+
    |       60|   324663|  0.610 us|  3.301 ms|   61|  324664|     none|
    +---------+---------+----------+----------+-----+--------+---------+

    + Detail: 
        * Instance: 
        +---------------------------------------+----------------------------+---------+---------+----------+-----------+-----+--------+---------+
        |                                       |                            |  Latency (cycles) |  Latency (absolute)  |   Interval   | Pipeline|
        |                Instance               |           Module           |   min   |   max   |    min   |    max    | min |   max  |   Type  |
        +---------------------------------------+----------------------------+---------+---------+----------+-----------+-----+--------+---------+
        |grp_dataflow_parent_loop_proc3_fu_108  |dataflow_parent_loop_proc3  |       29|   314094|  0.295 us|   3.193 ms|   29|  314094|     none|
        |grp_dataflow_parent_loop_proc_fu_121   |dataflow_parent_loop_proc   |       14|     5762|  0.142 us|  58.576 us|   14|    5762|     none|
        |grp_dataflow_parent_loop_proc4_fu_137  |dataflow_parent_loop_proc4  |       12|     4802|  0.122 us|  48.817 us|   12|    4802|     none|
        +---------------------------------------+----------------------------+---------+---------+----------+-----------+-----+--------+---------+

        * Loop: 
        N/A

============================================================
+ Verbose Summary: Synthesis Manager
============================================================
InlineROM: 1
ExposeGlobal: 0
============================================================
+ Verbose Summary: CDFG Model
============================================================
IsTopModel: 1
ResetActiveHigh: 1
IsCombinational: 0
IsDatapathOnly: 0
HasWiredReturn: 1
HasMFsm: 0
HasVarLatency: 1
IsPipeline: 0
IsRtlPipelined: 0
IsInstanceOverlapped: 0
IsDontTouch: 0
HasImplIP: 0
IsGatedGlobalClock: 0


============================================================
+ Verbose Summary: Schedule
============================================================
* Number of FSM states : 6
* Pipeline : 0
* Dataflow Pipeline: 0

* FSM state transitions: 
1 --> 2 
2 --> 3 
3 --> 4 
4 --> 5 
5 --> 6 
6 --> 

* FSM state operations: 

State 1 <SV = 0> <Delay = 3.25>
ST_1 : Operation 7 [1/1] (1.00ns)   --->   "%frame_size_read = read i32 @_ssdm_op_Read.s_axilite.i32, i32 %frame_size"   --->   Operation 7 'read' 'frame_size_read' <Predicate = true> <Delay = 1.00> <CoreInst = "s_axilite">   --->   Core 114 's_axilite' <Latency = 0> <II = 1> <Delay = 1.00> <Adapter> <Opcode : 'read' 'write'>
ST_1 : Operation 8 [1/1] (1.00ns)   --->   "%height_read = read i32 @_ssdm_op_Read.s_axilite.i32, i32 %height"   --->   Operation 8 'read' 'height_read' <Predicate = true> <Delay = 1.00> <CoreInst = "s_axilite">   --->   Core 114 's_axilite' <Latency = 0> <II = 1> <Delay = 1.00> <Adapter> <Opcode : 'read' 'write'>
ST_1 : Operation 9 [1/1] (1.00ns)   --->   "%width_read = read i32 @_ssdm_op_Read.s_axilite.i32, i32 %width"   --->   Operation 9 'read' 'width_read' <Predicate = true> <Delay = 1.00> <CoreInst = "s_axilite">   --->   Core 114 's_axilite' <Latency = 0> <II = 1> <Delay = 1.00> <Adapter> <Opcode : 'read' 'write'>
ST_1 : Operation 10 [1/1] (1.00ns)   --->   "%ddr_update_read = read i64 @_ssdm_op_Read.s_axilite.i64, i64 %ddr_update"   --->   Operation 10 'read' 'ddr_update_read' <Predicate = true> <Delay = 1.00> <CoreInst = "s_axilite">   --->   Core 114 's_axilite' <Latency = 0> <II = 1> <Delay = 1.00> <Adapter> <Opcode : 'read' 'write'>
ST_1 : Operation 11 [1/1] (1.00ns)   --->   "%ddr_copy_read = read i64 @_ssdm_op_Read.s_axilite.i64, i64 %ddr_copy"   --->   Operation 11 'read' 'ddr_copy_read' <Predicate = true> <Delay = 1.00> <CoreInst = "s_axilite">   --->   Core 114 's_axilite' <Latency = 0> <II = 1> <Delay = 1.00> <Adapter> <Opcode : 'read' 'write'>
ST_1 : Operation 12 [1/1] (3.25ns)   --->   "%ycopy_V = alloca i64 1" [background_loop.cpp:24]   --->   Operation 12 'alloca' 'ycopy_V' <Predicate = true> <Delay = 3.25>
ST_1 : Operation 13 [2/2] (0.00ns)   --->   "%call_ln0 = call void @dataflow_parent_loop_proc, i32 %height_read, i32 %copy, i32 %frame_size_read, i32 %width_read, i64 %ddr_copy_read, i32 %ycopy_V"   --->   Operation 13 'call' 'call_ln0' <Predicate = true> <Delay = 0.00> <CoreType = "Generic">   --->   Core 0 '' <Latency = 0> <II = 1> <Delay = 1.00> <Generic> <Opcode : >

State 2 <SV = 1> <Delay = 0.00>
ST_2 : Operation 14 [1/2] (0.00ns)   --->   "%call_ln0 = call void @dataflow_parent_loop_proc, i32 %height_read, i32 %copy, i32 %frame_size_read, i32 %width_read, i64 %ddr_copy_read, i32 %ycopy_V"   --->   Operation 14 'call' 'call_ln0' <Predicate = true> <Delay = 0.00> <CoreType = "Generic">   --->   Core 0 '' <Latency = 0> <II = 1> <Delay = 1.00> <Generic> <Opcode : >

State 3 <SV = 2> <Delay = 0.00>
ST_3 : Operation 15 [2/2] (0.00ns)   --->   "%call_ln0 = call void @dataflow_parent_loop_proc3, i32 %height_read, i32 %width_read, i32 %frame_size_read, i64 %ddr_copy_read, i32 %copy, i64 %ddr_update_read, i32 %update"   --->   Operation 15 'call' 'call_ln0' <Predicate = true> <Delay = 0.00> <CoreType = "Generic">   --->   Core 0 '' <Latency = 0> <II = 1> <Delay = 1.00> <Generic> <Opcode : >

State 4 <SV = 3> <Delay = 0.00>
ST_4 : Operation 16 [1/2] (0.00ns)   --->   "%call_ln0 = call void @dataflow_parent_loop_proc3, i32 %height_read, i32 %width_read, i32 %frame_size_read, i64 %ddr_copy_read, i32 %copy, i64 %ddr_update_read, i32 %update"   --->   Operation 16 'call' 'call_ln0' <Predicate = true> <Delay = 0.00> <CoreType = "Generic">   --->   Core 0 '' <Latency = 0> <II = 1> <Delay = 1.00> <Generic> <Opcode : >

State 5 <SV = 4> <Delay = 0.00>
ST_5 : Operation 17 [2/2] (0.00ns)   --->   "%call_ln0 = call void @dataflow_parent_loop_proc4, i32 %height_read, i32 %ycopy_V, i32 %update, i32 %frame_size_read, i64 %ddr_update_read"   --->   Operation 17 'call' 'call_ln0' <Predicate = true> <Delay = 0.00> <CoreType = "Generic">   --->   Core 0 '' <Latency = 0> <II = 1> <Delay = 1.00> <Generic> <Opcode : >

State 6 <SV = 5> <Delay = 0.00>
ST_6 : Operation 18 [1/1] (0.00ns)   --->   "%spectopmodule_ln0 = spectopmodule void @_ssdm_op_SpecTopModule, void @empty_10"   --->   Operation 18 'spectopmodule' 'spectopmodule_ln0' <Predicate = true> <Delay = 0.00>
ST_6 : Operation 19 [1/1] (0.00ns)   --->   "%specinterface_ln0 = specinterface void @_ssdm_op_SpecInterface, i32 %copy, void @empty_12, i32 0, i32 0, void @empty_8, i32 0, i32 307200, void @empty_14, void @empty_7, void @empty_8, i32 16, i32 16, i32 32, i32 16, void @empty_8, void @empty_8"   --->   Operation 19 'specinterface' 'specinterface_ln0' <Predicate = true> <Delay = 0.00>
ST_6 : Operation 20 [1/1] (0.00ns)   --->   "%specbitsmap_ln0 = specbitsmap void @_ssdm_op_SpecBitsMap, i32 %copy"   --->   Operation 20 'specbitsmap' 'specbitsmap_ln0' <Predicate = true> <Delay = 0.00>
ST_6 : Operation 21 [1/1] (0.00ns)   --->   "%specinterface_ln0 = specinterface void @_ssdm_op_SpecInterface, i32 %update, void @empty_12, i32 0, i32 0, void @empty_8, i32 0, i32 307200, void @empty_15, void @empty_7, void @empty_8, i32 16, i32 16, i32 16, i32 32, void @empty_8, void @empty_8"   --->   Operation 21 'specinterface' 'specinterface_ln0' <Predicate = true> <Delay = 0.00>
ST_6 : Operation 22 [1/1] (0.00ns)   --->   "%specbitsmap_ln0 = specbitsmap void @_ssdm_op_SpecBitsMap, i32 %update"   --->   Operation 22 'specbitsmap' 'specbitsmap_ln0' <Predicate = true> <Delay = 0.00>
ST_6 : Operation 23 [1/1] (0.00ns)   --->   "%specinterface_ln0 = specinterface void @_ssdm_op_SpecInterface, i64 %ddr_copy, void @empty_0, i32 0, i32 0, void @empty_8, i32 0, i32 0, void @empty_11, void @empty_1, void @empty_8, i32 0, i32 0, i32 0, i32 0, void @empty_8, void @empty_2"   --->   Operation 23 'specinterface' 'specinterface_ln0' <Predicate = true> <Delay = 0.00>
ST_6 : Operation 24 [1/1] (0.00ns)   --->   "%specinterface_ln0 = specinterface void @_ssdm_op_SpecInterface, i64 %ddr_copy, void @empty_16, i32 0, i32 0, void @empty_8, i32 0, i32 0, void @empty_8, void @empty_8, void @empty_8, i32 0, i32 0, i32 0, i32 0, void @empty_8, void @empty_2"   --->   Operation 24 'specinterface' 'specinterface_ln0' <Predicate = true> <Delay = 0.00>
ST_6 : Operation 25 [1/1] (0.00ns)   --->   "%specinterface_ln0 = specinterface void @_ssdm_op_SpecInterface, i64 %ddr_update, void @empty_0, i32 0, i32 0, void @empty_8, i32 0, i32 0, void @empty_11, void @empty_5, void @empty_8, i32 0, i32 0, i32 0, i32 0, void @empty_8, void @empty_2"   --->   Operation 25 'specinterface' 'specinterface_ln0' <Predicate = true> <Delay = 0.00>
ST_6 : Operation 26 [1/1] (0.00ns)   --->   "%specinterface_ln0 = specinterface void @_ssdm_op_SpecInterface, i64 %ddr_update, void @empty_16, i32 0, i32 0, void @empty_8, i32 0, i32 0, void @empty_8, void @empty_8, void @empty_8, i32 0, i32 0, i32 0, i32 0, void @empty_8, void @empty_2"   --->   Operation 26 'specinterface' 'specinterface_ln0' <Predicate = true> <Delay = 0.00>
ST_6 : Operation 27 [1/1] (0.00ns)   --->   "%specbitsmap_ln0 = specbitsmap void @_ssdm_op_SpecBitsMap, i32 %width"   --->   Operation 27 'specbitsmap' 'specbitsmap_ln0' <Predicate = true> <Delay = 0.00>
ST_6 : Operation 28 [1/1] (0.00ns)   --->   "%specinterface_ln0 = specinterface void @_ssdm_op_SpecInterface, i32 %width, void @empty_0, i32 0, i32 0, void @empty_8, i32 0, i32 0, void @empty_11, void @empty_6, void @empty_8, i32 0, i32 0, i32 0, i32 0, void @empty_8, void @empty_8"   --->   Operation 28 'specinterface' 'specinterface_ln0' <Predicate = true> <Delay = 0.00>
ST_6 : Operation 29 [1/1] (0.00ns)   --->   "%specinterface_ln0 = specinterface void @_ssdm_op_SpecInterface, i32 %width, void @empty_16, i32 0, i32 0, void @empty_8, i32 0, i32 0, void @empty_8, void @empty_8, void @empty_8, i32 0, i32 0, i32 0, i32 0, void @empty_8, void @empty_8"   --->   Operation 29 'specinterface' 'specinterface_ln0' <Predicate = true> <Delay = 0.00>
ST_6 : Operation 30 [1/1] (0.00ns)   --->   "%specbitsmap_ln0 = specbitsmap void @_ssdm_op_SpecBitsMap, i32 %height"   --->   Operation 30 'specbitsmap' 'specbitsmap_ln0' <Predicate = true> <Delay = 0.00>
ST_6 : Operation 31 [1/1] (0.00ns)   --->   "%specinterface_ln0 = specinterface void @_ssdm_op_SpecInterface, i32 %height, void @empty_0, i32 0, i32 0, void @empty_8, i32 0, i32 0, void @empty_11, void @empty_3, void @empty_8, i32 0, i32 0, i32 0, i32 0, void @empty_8, void @empty_8"   --->   Operation 31 'specinterface' 'specinterface_ln0' <Predicate = true> <Delay = 0.00>
ST_6 : Operation 32 [1/1] (0.00ns)   --->   "%specinterface_ln0 = specinterface void @_ssdm_op_SpecInterface, i32 %height, void @empty_16, i32 0, i32 0, void @empty_8, i32 0, i32 0, void @empty_8, void @empty_8, void @empty_8, i32 0, i32 0, i32 0, i32 0, void @empty_8, void @empty_8"   --->   Operation 32 'specinterface' 'specinterface_ln0' <Predicate = true> <Delay = 0.00>
ST_6 : Operation 33 [1/1] (0.00ns)   --->   "%specbitsmap_ln0 = specbitsmap void @_ssdm_op_SpecBitsMap, i32 %frame_size"   --->   Operation 33 'specbitsmap' 'specbitsmap_ln0' <Predicate = true> <Delay = 0.00>
ST_6 : Operation 34 [1/1] (0.00ns)   --->   "%specinterface_ln0 = specinterface void @_ssdm_op_SpecInterface, i32 %frame_size, void @empty_0, i32 0, i32 0, void @empty_8, i32 0, i32 0, void @empty_11, void @empty_13, void @empty_8, i32 0, i32 0, i32 0, i32 0, void @empty_8, void @empty_8"   --->   Operation 34 'specinterface' 'specinterface_ln0' <Predicate = true> <Delay = 0.00>
ST_6 : Operation 35 [1/1] (0.00ns)   --->   "%specinterface_ln0 = specinterface void @_ssdm_op_SpecInterface, i32 %frame_size, void @empty_16, i32 0, i32 0, void @empty_8, i32 0, i32 0, void @empty_8, void @empty_8, void @empty_8, i32 0, i32 0, i32 0, i32 0, void @empty_8, void @empty_8"   --->   Operation 35 'specinterface' 'specinterface_ln0' <Predicate = true> <Delay = 0.00>
ST_6 : Operation 36 [1/1] (0.00ns)   --->   "%specbitsmap_ln0 = specbitsmap void @_ssdm_op_SpecBitsMap, i32 %direction"   --->   Operation 36 'specbitsmap' 'specbitsmap_ln0' <Predicate = true> <Delay = 0.00>
ST_6 : Operation 37 [1/1] (0.00ns)   --->   "%specinterface_ln0 = specinterface void @_ssdm_op_SpecInterface, i32 %direction, void @empty_0, i32 0, i32 0, void @empty_8, i32 0, i32 0, void @empty_11, void @empty_9, void @empty_8, i32 0, i32 0, i32 0, i32 0, void @empty_8, void @empty_8"   --->   Operation 37 'specinterface' 'specinterface_ln0' <Predicate = true> <Delay = 0.00>
ST_6 : Operation 38 [1/1] (0.00ns)   --->   "%specinterface_ln0 = specinterface void @_ssdm_op_SpecInterface, i32 %direction, void @empty_16, i32 0, i32 0, void @empty_8, i32 0, i32 0, void @empty_8, void @empty_8, void @empty_8, i32 0, i32 0, i32 0, i32 0, void @empty_8, void @empty_8"   --->   Operation 38 'specinterface' 'specinterface_ln0' <Predicate = true> <Delay = 0.00>
ST_6 : Operation 39 [1/1] (0.00ns)   --->   "%specinterface_ln0 = specinterface void @_ssdm_op_SpecInterface, i32 0, void @empty_0, i32 0, i32 0, void @empty_8, i32 0, i32 0, void @empty_11, void @empty_8, void @empty_8, i32 0, i32 0, i32 0, i32 0, void @empty_8, void @empty_8"   --->   Operation 39 'specinterface' 'specinterface_ln0' <Predicate = true> <Delay = 0.00>
ST_6 : Operation 40 [1/2] (0.00ns)   --->   "%call_ln0 = call void @dataflow_parent_loop_proc4, i32 %height_read, i32 %ycopy_V, i32 %update, i32 %frame_size_read, i64 %ddr_update_read"   --->   Operation 40 'call' 'call_ln0' <Predicate = true> <Delay = 0.00> <CoreType = "Generic">   --->   Core 0 '' <Latency = 0> <II = 1> <Delay = 1.00> <Generic> <Opcode : >
ST_6 : Operation 41 [1/1] (0.00ns)   --->   "%ret_ln131 = ret" [background_loop.cpp:131]   --->   Operation 41 'ret' 'ret_ln131' <Predicate = true> <Delay = 0.00>


============================================================
+ Verbose Summary: Binding
============================================================
STG Binding: 
---------------- STG Properties BEGIN ----------------
- Is combinational: 0
- Is one-state seq: 0
- Is datapath-only: 0
- Is pipelined: 0
- Is top level: 1
Port [ Return ] is wired: 1; IO mode=ap_ctrl_hs:ce=0
Port [ copy]:  wired=1; compound=1; hidden=0; nouse=0; global=0; static=0; extern=0; dir=0; type=4; pingpong=0; private_global=0; IO mode=m_axi:ce=0
Port [ update]:  wired=1; compound=1; hidden=0; nouse=0; global=0; static=0; extern=0; dir=1; type=4; pingpong=0; private_global=0; IO mode=m_axi:ce=0
Port [ ddr_copy]:  wired=1; compound=0; hidden=0; nouse=0; global=0; static=0; extern=0; dir=0; type=0; pingpong=0; private_global=0; IO mode=ap_none:ce=0
Port [ ddr_update]:  wired=1; compound=0; hidden=0; nouse=0; global=0; static=0; extern=0; dir=0; type=0; pingpong=0; private_global=0; IO mode=ap_none:ce=0
Port [ width]:  wired=1; compound=0; hidden=0; nouse=0; global=0; static=0; extern=0; dir=0; type=0; pingpong=0; private_global=0; IO mode=ap_none:ce=0
Port [ height]:  wired=1; compound=0; hidden=0; nouse=0; global=0; static=0; extern=0; dir=0; type=0; pingpong=0; private_global=0; IO mode=ap_none:ce=0
Port [ frame_size]:  wired=1; compound=0; hidden=0; nouse=0; global=0; static=0; extern=0; dir=0; type=0; pingpong=0; private_global=0; IO mode=ap_none:ce=0
Port [ direction]:  wired=1; compound=0; hidden=0; nouse=1; global=0; static=0; extern=0; dir=0; type=0; pingpong=0; private_global=0; IO mode=ap_none:ce=0
---------------- STG Properties END ------------------

---------------- Datapath Model BEGIN ----------------

<LifeTime>
<method=bitvector/>
frame_size_read   (read         ) [ 0011111]
height_read       (read         ) [ 0011111]
width_read        (read         ) [ 0011100]
ddr_update_read   (read         ) [ 0011111]
ddr_copy_read     (read         ) [ 0011100]
ycopy_V           (alloca       ) [ 0011111]
call_ln0          (call         ) [ 0000000]
call_ln0          (call         ) [ 0000000]
spectopmodule_ln0 (spectopmodule) [ 0000000]
specinterface_ln0 (specinterface) [ 0000000]
specbitsmap_ln0   (specbitsmap  ) [ 0000000]
specinterface_ln0 (specinterface) [ 0000000]
specbitsmap_ln0   (specbitsmap  ) [ 0000000]
specinterface_ln0 (specinterface) [ 0000000]
specinterface_ln0 (specinterface) [ 0000000]
specinterface_ln0 (specinterface) [ 0000000]
specinterface_ln0 (specinterface) [ 0000000]
specbitsmap_ln0   (specbitsmap  ) [ 0000000]
specinterface_ln0 (specinterface) [ 0000000]
specinterface_ln0 (specinterface) [ 0000000]
specbitsmap_ln0   (specbitsmap  ) [ 0000000]
specinterface_ln0 (specinterface) [ 0000000]
specinterface_ln0 (specinterface) [ 0000000]
specbitsmap_ln0   (specbitsmap  ) [ 0000000]
specinterface_ln0 (specinterface) [ 0000000]
specinterface_ln0 (specinterface) [ 0000000]
specbitsmap_ln0   (specbitsmap  ) [ 0000000]
specinterface_ln0 (specinterface) [ 0000000]
specinterface_ln0 (specinterface) [ 0000000]
specinterface_ln0 (specinterface) [ 0000000]
call_ln0          (call         ) [ 0000000]
ret_ln131         (ret          ) [ 0000000]
</LifeTime>

<model>

<comp_list>
<comp id="0" class="1000" name="copy">
<pin_list>
<pin id="1" dir="1" index="0" bw="1" slack="0"/>
</pin_list>
<bind>
<StgValue><ssdm name="copy"/></StgValue>
</bind>
</comp>

<comp id="2" class="1000" name="update">
<pin_list>
<pin id="3" dir="1" index="0" bw="1" slack="0"/>
</pin_list>
<bind>
<StgValue><ssdm name="update"/></StgValue>
</bind>
</comp>

<comp id="4" class="1000" name="ddr_copy">
<pin_list>
<pin id="5" dir="1" index="0" bw="1" slack="0"/>
</pin_list>
<bind>
<StgValue><ssdm name="ddr_copy"/></StgValue>
</bind>
</comp>

<comp id="6" class="1000" name="ddr_update">
<pin_list>
<pin id="7" dir="1" index="0" bw="1" slack="0"/>
</pin_list>
<bind>
<StgValue><ssdm name="ddr_update"/></StgValue>
</bind>
</comp>

<comp id="8" class="1000" name="width">
<pin_list>
<pin id="9" dir="1" index="0" bw="1" slack="0"/>
</pin_list>
<bind>
<StgValue><ssdm name="width"/></StgValue>
</bind>
</comp>

<comp id="10" class="1000" name="height">
<pin_list>
<pin id="11" dir="1" index="0" bw="1" slack="0"/>
</pin_list>
<bind>
<StgValue><ssdm name="height"/></StgValue>
</bind>
</comp>

<comp id="12" class="1000" name="frame_size">
<pin_list>
<pin id="13" dir="1" index="0" bw="1" slack="0"/>
</pin_list>
<bind>
<StgValue><ssdm name="frame_size"/></StgValue>
</bind>
</comp>

<comp id="14" class="1000" name="direction">
<pin_list>
<pin id="15" dir="1" index="0" bw="1" slack="2147483647"/>
</pin_list>
<bind>
<StgValue><ssdm name="direction"/></StgValue>
</bind>
</comp>

<comp id="16" class="1001" name="const_16">
<pin_list>
<pin id="17" dir="1" index="0" bw="1" slack="0"/>
</pin_list>
<bind>
<StgValue><ssdm name="_ssdm_op_Read.s_axilite.i32"/></StgValue>
</bind>
</comp>

<comp id="18" class="1001" name="const_18">
<pin_list>
<pin id="19" dir="1" index="0" bw="1" slack="0"/>
</pin_list>
<bind>
<StgValue><ssdm name="_ssdm_op_Read.s_axilite.i64"/></StgValue>
</bind>
</comp>

<comp id="20" class="1001" name="const_20">
<pin_list>
<pin id="21" dir="1" index="0" bw="1" slack="0"/>
</pin_list>
<bind>
<StgValue><ssdm name=""/></StgValue>
</bind>
</comp>

<comp id="22" class="1001" name="const_22">
<pin_list>
<pin id="23" dir="1" index="0" bw="1" slack="0"/>
</pin_list>
<bind>
<StgValue><ssdm name="dataflow_parent_loop_proc"/></StgValue>
</bind>
</comp>

<comp id="24" class="1001" name="const_24">
<pin_list>
<pin id="25" dir="1" index="0" bw="1" slack="0"/>
</pin_list>
<bind>
<StgValue><ssdm name="dataflow_parent_loop_proc3"/></StgValue>
</bind>
</comp>

<comp id="26" class="1001" name="const_26">
<pin_list>
<pin id="27" dir="1" index="0" bw="1" slack="0"/>
</pin_list>
<bind>
<StgValue><ssdm name="dataflow_parent_loop_proc4"/></StgValue>
</bind>
</comp>

<comp id="28" class="1001" name="const_28">
<pin_list>
<pin id="29" dir="1" index="0" bw="1" slack="2147483647"/>
</pin_list>
<bind>
<StgValue><ssdm name="_ssdm_op_SpecTopModule"/></StgValue>
</bind>
</comp>

<comp id="30" class="1001" name="const_30">
<pin_list>
<pin id="31" dir="1" index="0" bw="1" slack="2147483647"/>
</pin_list>
<bind>
<StgValue><ssdm name="empty_10"/></StgValue>
</bind>
</comp>

<comp id="32" class="1001" name="const_32">
<pin_list>
<pin id="33" dir="1" index="0" bw="1" slack="2147483647"/>
</pin_list>
<bind>
<StgValue><ssdm name="_ssdm_op_SpecInterface"/></StgValue>
</bind>
</comp>

<comp id="34" class="1001" name="const_34">
<pin_list>
<pin id="35" dir="1" index="0" bw="1" slack="2147483647"/>
</pin_list>
<bind>
<StgValue><ssdm name="empty_12"/></StgValue>
</bind>
</comp>

<comp id="36" class="1001" name="const_36">
<pin_list>
<pin id="37" dir="1" index="0" bw="1" slack="2147483647"/>
</pin_list>
<bind>
<StgValue><ssdm name=""/></StgValue>
</bind>
</comp>

<comp id="38" class="1001" name="const_38">
<pin_list>
<pin id="39" dir="1" index="0" bw="1" slack="2147483647"/>
</pin_list>
<bind>
<StgValue><ssdm name="empty_8"/></StgValue>
</bind>
</comp>

<comp id="40" class="1001" name="const_40">
<pin_list>
<pin id="41" dir="1" index="0" bw="1" slack="2147483647"/>
</pin_list>
<bind>
<StgValue><ssdm name=""/></StgValue>
</bind>
</comp>

<comp id="42" class="1001" name="const_42">
<pin_list>
<pin id="43" dir="1" index="0" bw="1" slack="2147483647"/>
</pin_list>
<bind>
<StgValue><ssdm name="empty_14"/></StgValue>
</bind>
</comp>

<comp id="44" class="1001" name="const_44">
<pin_list>
<pin id="45" dir="1" index="0" bw="1" slack="2147483647"/>
</pin_list>
<bind>
<StgValue><ssdm name="empty_7"/></StgValue>
</bind>
</comp>

<comp id="46" class="1001" name="const_46">
<pin_list>
<pin id="47" dir="1" index="0" bw="1" slack="2147483647"/>
</pin_list>
<bind>
<StgValue><ssdm name=""/></StgValue>
</bind>
</comp>

<comp id="48" class="1001" name="const_48">
<pin_list>
<pin id="49" dir="1" index="0" bw="1" slack="2147483647"/>
</pin_list>
<bind>
<StgValue><ssdm name=""/></StgValue>
</bind>
</comp>

<comp id="50" class="1001" name="const_50">
<pin_list>
<pin id="51" dir="1" index="0" bw="1" slack="2147483647"/>
</pin_list>
<bind>
<StgValue><ssdm name="_ssdm_op_SpecBitsMap"/></StgValue>
</bind>
</comp>

<comp id="52" class="1001" name="const_52">
<pin_list>
<pin id="53" dir="1" index="0" bw="1" slack="2147483647"/>
</pin_list>
<bind>
<StgValue><ssdm name="empty_15"/></StgValue>
</bind>
</comp>

<comp id="54" class="1001" name="const_54">
<pin_list>
<pin id="55" dir="1" index="0" bw="1" slack="2147483647"/>
</pin_list>
<bind>
<StgValue><ssdm name="empty_0"/></StgValue>
</bind>
</comp>

<comp id="56" class="1001" name="const_56">
<pin_list>
<pin id="57" dir="1" index="0" bw="1" slack="2147483647"/>
</pin_list>
<bind>
<StgValue><ssdm name="empty_11"/></StgValue>
</bind>
</comp>

<comp id="58" class="1001" name="const_58">
<pin_list>
<pin id="59" dir="1" index="0" bw="1" slack="2147483647"/>
</pin_list>
<bind>
<StgValue><ssdm name="empty_1"/></StgValue>
</bind>
</comp>

<comp id="60" class="1001" name="const_60">
<pin_list>
<pin id="61" dir="1" index="0" bw="1" slack="2147483647"/>
</pin_list>
<bind>
<StgValue><ssdm name="empty_2"/></StgValue>
</bind>
</comp>

<comp id="62" class="1001" name="const_62">
<pin_list>
<pin id="63" dir="1" index="0" bw="1" slack="2147483647"/>
</pin_list>
<bind>
<StgValue><ssdm name="empty_16"/></StgValue>
</bind>
</comp>

<comp id="64" class="1001" name="const_64">
<pin_list>
<pin id="65" dir="1" index="0" bw="1" slack="2147483647"/>
</pin_list>
<bind>
<StgValue><ssdm name="empty_5"/></StgValue>
</bind>
</comp>

<comp id="66" class="1001" name="const_66">
<pin_list>
<pin id="67" dir="1" index="0" bw="1" slack="2147483647"/>
</pin_list>
<bind>
<StgValue><ssdm name="empty_6"/></StgValue>
</bind>
</comp>

<comp id="68" class="1001" name="const_68">
<pin_list>
<pin id="69" dir="1" index="0" bw="1" slack="2147483647"/>
</pin_list>
<bind>
<StgValue><ssdm name="empty_3"/></StgValue>
</bind>
</comp>

<comp id="70" class="1001" name="const_70">
<pin_list>
<pin id="71" dir="1" index="0" bw="1" slack="2147483647"/>
</pin_list>
<bind>
<StgValue><ssdm name="empty_13"/></StgValue>
</bind>
</comp>

<comp id="72" class="1001" name="const_72">
<pin_list>
<pin id="73" dir="1" index="0" bw="1" slack="2147483647"/>
</pin_list>
<bind>
<StgValue><ssdm name="empty_9"/></StgValue>
</bind>
</comp>

<comp id="74" class="1004" name="ycopy_V_alloca_fu_74">
<pin_list>
<pin id="75" dir="0" index="0" bw="1" slack="0"/>
<pin id="76" dir="1" index="1" bw="32" slack="0"/>
</pin_list>
<bind>
<opcode="alloca(26) " fcode="alloca"/>
<opset="ycopy_V/1 "/>
</bind>
</comp>

<comp id="78" class="1004" name="frame_size_read_read_fu_78">
<pin_list>
<pin id="79" dir="0" index="0" bw="32" slack="0"/>
<pin id="80" dir="0" index="1" bw="32" slack="0"/>
<pin id="81" dir="1" index="2" bw="32" slack="0"/>
</pin_list>
<bind>
<opcode="read(1150) " fcode="read"/>
<opset="frame_size_read/1 "/>
</bind>
</comp>

<comp id="84" class="1004" name="height_read_read_fu_84">
<pin_list>
<pin id="85" dir="0" index="0" bw="32" slack="0"/>
<pin id="86" dir="0" index="1" bw="32" slack="0"/>
<pin id="87" dir="1" index="2" bw="32" slack="0"/>
</pin_list>
<bind>
<opcode="read(1150) " fcode="read"/>
<opset="height_read/1 "/>
</bind>
</comp>

<comp id="90" class="1004" name="width_read_read_fu_90">
<pin_list>
<pin id="91" dir="0" index="0" bw="32" slack="0"/>
<pin id="92" dir="0" index="1" bw="32" slack="0"/>
<pin id="93" dir="1" index="2" bw="32" slack="0"/>
</pin_list>
<bind>
<opcode="read(1150) " fcode="read"/>
<opset="width_read/1 "/>
</bind>
</comp>

<comp id="96" class="1004" name="ddr_update_read_read_fu_96">
<pin_list>
<pin id="97" dir="0" index="0" bw="64" slack="0"/>
<pin id="98" dir="0" index="1" bw="64" slack="0"/>
<pin id="99" dir="1" index="2" bw="64" slack="2"/>
</pin_list>
<bind>
<opcode="read(1150) " fcode="read"/>
<opset="ddr_update_read/1 "/>
</bind>
</comp>

<comp id="102" class="1004" name="ddr_copy_read_read_fu_102">
<pin_list>
<pin id="103" dir="0" index="0" bw="64" slack="0"/>
<pin id="104" dir="0" index="1" bw="64" slack="0"/>
<pin id="105" dir="1" index="2" bw="64" slack="0"/>
</pin_list>
<bind>
<opcode="read(1150) " fcode="read"/>
<opset="ddr_copy_read/1 "/>
</bind>
</comp>

<comp id="108" class="1004" name="grp_dataflow_parent_loop_proc3_fu_108">
<pin_list>
<pin id="109" dir="0" index="0" bw="0" slack="0"/>
<pin id="110" dir="0" index="1" bw="32" slack="2"/>
<pin id="111" dir="0" index="2" bw="32" slack="2"/>
<pin id="112" dir="0" index="3" bw="32" slack="2"/>
<pin id="113" dir="0" index="4" bw="64" slack="2"/>
<pin id="114" dir="0" index="5" bw="32" slack="0"/>
<pin id="115" dir="0" index="6" bw="64" slack="2"/>
<pin id="116" dir="0" index="7" bw="32" slack="0"/>
<pin id="117" dir="1" index="8" bw="0" slack="2147483647"/>
</pin_list>
<bind>
<opcode="call(48) " fcode="call"/>
<opset="call_ln0/3 "/>
</bind>
</comp>

<comp id="121" class="1004" name="grp_dataflow_parent_loop_proc_fu_121">
<pin_list>
<pin id="122" dir="0" index="0" bw="0" slack="0"/>
<pin id="123" dir="0" index="1" bw="32" slack="0"/>
<pin id="124" dir="0" index="2" bw="32" slack="0"/>
<pin id="125" dir="0" index="3" bw="32" slack="0"/>
<pin id="126" dir="0" index="4" bw="32" slack="0"/>
<pin id="127" dir="0" index="5" bw="64" slack="0"/>
<pin id="128" dir="0" index="6" bw="32" slack="0"/>
<pin id="129" dir="1" index="7" bw="0" slack="2147483647"/>
</pin_list>
<bind>
<opcode="call(48) " fcode="call"/>
<opset="call_ln0/1 "/>
</bind>
</comp>

<comp id="137" class="1004" name="grp_dataflow_parent_loop_proc4_fu_137">
<pin_list>
<pin id="138" dir="0" index="0" bw="0" slack="0"/>
<pin id="139" dir="0" index="1" bw="32" slack="4"/>
<pin id="140" dir="0" index="2" bw="32" slack="2147483647"/>
<pin id="141" dir="0" index="3" bw="32" slack="0"/>
<pin id="142" dir="0" index="4" bw="32" slack="4"/>
<pin id="143" dir="0" index="5" bw="64" slack="4"/>
<pin id="144" dir="1" index="6" bw="0" slack="2147483647"/>
</pin_list>
<bind>
<opcode="call(48) " fcode="call"/>
<opset="call_ln0/5 "/>
</bind>
</comp>

<comp id="147" class="1005" name="frame_size_read_reg_147">
<pin_list>
<pin id="148" dir="0" index="0" bw="32" slack="1"/>
<pin id="149" dir="1" index="1" bw="32" slack="1"/>
</pin_list>
<bind>
<opset="frame_size_read "/>
</bind>
</comp>

<comp id="154" class="1005" name="height_read_reg_154">
<pin_list>
<pin id="155" dir="0" index="0" bw="32" slack="1"/>
<pin id="156" dir="1" index="1" bw="32" slack="1"/>
</pin_list>
<bind>
<opset="height_read "/>
</bind>
</comp>

<comp id="161" class="1005" name="width_read_reg_161">
<pin_list>
<pin id="162" dir="0" index="0" bw="32" slack="1"/>
<pin id="163" dir="1" index="1" bw="32" slack="1"/>
</pin_list>
<bind>
<opset="width_read "/>
</bind>
</comp>

<comp id="167" class="1005" name="ddr_update_read_reg_167">
<pin_list>
<pin id="168" dir="0" index="0" bw="64" slack="2"/>
<pin id="169" dir="1" index="1" bw="64" slack="2"/>
</pin_list>
<bind>
<opset="ddr_update_read "/>
</bind>
</comp>

<comp id="173" class="1005" name="ddr_copy_read_reg_173">
<pin_list>
<pin id="174" dir="0" index="0" bw="64" slack="1"/>
<pin id="175" dir="1" index="1" bw="64" slack="1"/>
</pin_list>
<bind>
<opset="ddr_copy_read "/>
</bind>
</comp>

</comp_list>

<net_list>
<net id="77"><net_src comp="20" pin="0"/><net_sink comp="74" pin=0"/></net>

<net id="82"><net_src comp="16" pin="0"/><net_sink comp="78" pin=0"/></net>

<net id="83"><net_src comp="12" pin="0"/><net_sink comp="78" pin=1"/></net>

<net id="88"><net_src comp="16" pin="0"/><net_sink comp="84" pin=0"/></net>

<net id="89"><net_src comp="10" pin="0"/><net_sink comp="84" pin=1"/></net>

<net id="94"><net_src comp="16" pin="0"/><net_sink comp="90" pin=0"/></net>

<net id="95"><net_src comp="8" pin="0"/><net_sink comp="90" pin=1"/></net>

<net id="100"><net_src comp="18" pin="0"/><net_sink comp="96" pin=0"/></net>

<net id="101"><net_src comp="6" pin="0"/><net_sink comp="96" pin=1"/></net>

<net id="106"><net_src comp="18" pin="0"/><net_sink comp="102" pin=0"/></net>

<net id="107"><net_src comp="4" pin="0"/><net_sink comp="102" pin=1"/></net>

<net id="118"><net_src comp="24" pin="0"/><net_sink comp="108" pin=0"/></net>

<net id="119"><net_src comp="0" pin="0"/><net_sink comp="108" pin=5"/></net>

<net id="120"><net_src comp="2" pin="0"/><net_sink comp="108" pin=7"/></net>

<net id="130"><net_src comp="22" pin="0"/><net_sink comp="121" pin=0"/></net>

<net id="131"><net_src comp="84" pin="2"/><net_sink comp="121" pin=1"/></net>

<net id="132"><net_src comp="0" pin="0"/><net_sink comp="121" pin=2"/></net>

<net id="133"><net_src comp="78" pin="2"/><net_sink comp="121" pin=3"/></net>

<net id="134"><net_src comp="90" pin="2"/><net_sink comp="121" pin=4"/></net>

<net id="135"><net_src comp="102" pin="2"/><net_sink comp="121" pin=5"/></net>

<net id="136"><net_src comp="74" pin="1"/><net_sink comp="121" pin=6"/></net>

<net id="145"><net_src comp="26" pin="0"/><net_sink comp="137" pin=0"/></net>

<net id="146"><net_src comp="2" pin="0"/><net_sink comp="137" pin=3"/></net>

<net id="150"><net_src comp="78" pin="2"/><net_sink comp="147" pin=0"/></net>

<net id="151"><net_src comp="147" pin="1"/><net_sink comp="121" pin=3"/></net>

<net id="152"><net_src comp="147" pin="1"/><net_sink comp="108" pin=3"/></net>

<net id="153"><net_src comp="147" pin="1"/><net_sink comp="137" pin=4"/></net>

<net id="157"><net_src comp="84" pin="2"/><net_sink comp="154" pin=0"/></net>

<net id="158"><net_src comp="154" pin="1"/><net_sink comp="121" pin=1"/></net>

<net id="159"><net_src comp="154" pin="1"/><net_sink comp="108" pin=1"/></net>

<net id="160"><net_src comp="154" pin="1"/><net_sink comp="137" pin=1"/></net>

<net id="164"><net_src comp="90" pin="2"/><net_sink comp="161" pin=0"/></net>

<net id="165"><net_src comp="161" pin="1"/><net_sink comp="121" pin=4"/></net>

<net id="166"><net_src comp="161" pin="1"/><net_sink comp="108" pin=2"/></net>

<net id="170"><net_src comp="96" pin="2"/><net_sink comp="167" pin=0"/></net>

<net id="171"><net_src comp="167" pin="1"/><net_sink comp="108" pin=6"/></net>

<net id="172"><net_src comp="167" pin="1"/><net_sink comp="137" pin=5"/></net>

<net id="176"><net_src comp="102" pin="2"/><net_sink comp="173" pin=0"/></net>

<net id="177"><net_src comp="173" pin="1"/><net_sink comp="121" pin=5"/></net>

<net id="178"><net_src comp="173" pin="1"/><net_sink comp="108" pin=4"/></net>

</net_list>

</model> 
---------------- Datapath Model END ------------------

* FSMD analyzer results:
  - Output states:
	Port: update | {3 4 5 6 }
 - Input state : 
	Port: background_loop : copy | {1 2 3 4 }
	Port: background_loop : ddr_copy | {1 }
	Port: background_loop : ddr_update | {1 }
	Port: background_loop : width | {1 }
	Port: background_loop : height | {1 }
	Port: background_loop : frame_size | {1 }
  - Chain level:
	State 1
		call_ln0 : 1
	State 2
	State 3
	State 4
	State 5
	State 6


============================================================
+ Verbose Summary: Datapath Resource usage 
============================================================

* Functional unit list:
|----------|---------------------------------------|---------|---------|---------|---------|---------|
| Operation|            Functional Unit            |   BRAM  |   DSP   |  Delay  |    FF   |   LUT   |
|----------|---------------------------------------|---------|---------|---------|---------|---------|
|          | grp_dataflow_parent_loop_proc3_fu_108 |    4    |    0    |  20.644 |   1899  |   656   |
|   call   |  grp_dataflow_parent_loop_proc_fu_121 |    0    |    0    |  11.116 |   864   |   349   |
|          | grp_dataflow_parent_loop_proc4_fu_137 |    0    |    0    |  12.704 |   778   |   241   |
|----------|---------------------------------------|---------|---------|---------|---------|---------|
|          |       frame_size_read_read_fu_78      |    0    |    0    |    0    |    0    |    0    |
|          |         height_read_read_fu_84        |    0    |    0    |    0    |    0    |    0    |
|   read   |         width_read_read_fu_90         |    0    |    0    |    0    |    0    |    0    |
|          |       ddr_update_read_read_fu_96      |    0    |    0    |    0    |    0    |    0    |
|          |       ddr_copy_read_read_fu_102       |    0    |    0    |    0    |    0    |    0    |
|----------|---------------------------------------|---------|---------|---------|---------|---------|
|   Total  |                                       |    4    |    0    |  44.464 |   3541  |   1246  |
|----------|---------------------------------------|---------|---------|---------|---------|---------|

Memories:
+-------+--------+--------+--------+
|       |  BRAM  |   FF   |   LUT  |
+-------+--------+--------+--------+
|ycopy_V|    2   |    0   |    0   |
+-------+--------+--------+--------+
| Total |    2   |    0   |    0   |
+-------+--------+--------+--------+

* Register list:
+-----------------------+--------+
|                       |   FF   |
+-----------------------+--------+
| ddr_copy_read_reg_173 |   64   |
|ddr_update_read_reg_167|   64   |
|frame_size_read_reg_147|   32   |
|  height_read_reg_154  |   32   |
|   width_read_reg_161  |   32   |
+-----------------------+--------+
|         Total         |   224  |
+-----------------------+--------+

* Multiplexer (MUX) list: 
|--------------------------------------|------|------|------|--------||---------||---------|
|                 Comp                 |  Pin | Size |  BW  | S x BW ||  Delay  ||   LUT   |
|--------------------------------------|------|------|------|--------||---------||---------|
| grp_dataflow_parent_loop_proc_fu_121 |  p1  |   2  |  32  |   64   ||    9    |
| grp_dataflow_parent_loop_proc_fu_121 |  p3  |   2  |  32  |   64   ||    9    |
| grp_dataflow_parent_loop_proc_fu_121 |  p4  |   2  |  32  |   64   ||    9    |
| grp_dataflow_parent_loop_proc_fu_121 |  p5  |   2  |  64  |   128  ||    9    |
|--------------------------------------|------|------|------|--------||---------||---------|
|                 Total                |      |      |      |   320  ||  6.352  ||    36   |
|--------------------------------------|------|------|------|--------||---------||---------|



* Summary:
+-----------+--------+--------+--------+--------+--------+
|           |  BRAM  |   DSP  |  Delay |   FF   |   LUT  |
+-----------+--------+--------+--------+--------+--------+
|  Function |    4   |    0   |   44   |  3541  |  1246  |
|   Memory  |    2   |    -   |    -   |    0   |    0   |
|Multiplexer|    -   |    -   |    6   |    -   |   36   |
|  Register |    -   |    -   |    -   |   224  |    -   |
+-----------+--------+--------+--------+--------+--------+
|   Total   |    6   |    0   |   50   |  3765  |  1282  |
+-----------+--------+--------+--------+--------+--------+
