

================================================================
== Vitis HLS Report for 'dataflow_parent_loop_proc'
================================================================
* Date:           Tue Jun  1 15:08:03 2021

* Version:        2020.2 (Build 3064766 on Wed Nov 18 09:12:47 MST 2020)
* Project:        background_loop
* Solution:       solution1 (Vivado IP Flow Target)
* Product family: zynq
* Target device:  xc7z020-clg400-1


================================================================
== Performance Estimates
================================================================
+ Timing: 
    * Summary: 
    +--------+----------+----------+------------+
    |  Clock |  Target  | Estimated| Uncertainty|
    +--------+----------+----------+------------+
    |ap_clk  |  10.00 ns|  7.300 ns|     2.70 ns|
    +--------+----------+----------+------------+

+ Latency: 
    * Summary: 
    +---------+---------+----------+-----------+-----+------+---------+
    |  Latency (cycles) |  Latency (absolute)  |  Interval  | Pipeline|
    |   min   |   max   |    min   |    max    | min |  max |   Type  |
    +---------+---------+----------+-----------+-----+------+---------+
    |       14|     5762|  0.140 us|  57.620 us|   14|  5762|     none|
    +---------+---------+----------+-----------+-----+------+---------+

    + Detail: 
        * Instance: 
        N/A

        * Loop: 
        +----------+---------+---------+----------+-----------+-----------+---------+----------+
        |          |  Latency (cycles) | Iteration|  Initiation Interval  |   Trip  |          |
        | Loop Name|   min   |   max   |  Latency |  achieved |   target  |  Count  | Pipelined|
        +----------+---------+---------+----------+-----------+-----------+---------+----------+
        |- copy    |       13|     5761|        14|          -|          -|  1 ~ 480|        no|
        +----------+---------+---------+----------+-----------+-----------+---------+----------+

============================================================
+ Verbose Summary: Synthesis Manager
============================================================
InlineROM: 1
ExposeGlobal: 0
============================================================
+ Verbose Summary: CDFG Model
============================================================
IsTopModel: 0
ResetActiveHigh: 1
IsCombinational: 2
IsDatapathOnly: 0
HasWiredReturn: 1
HasMFsm: 0
HasVarLatency: 1
IsPipeline: 0
IsRtlPipelined: 0
IsInstanceOverlapped: 0
IsDontTouch: 0
HasImplIP: 0
IsGatedGlobalClock: 0


============================================================
+ Verbose Summary: Schedule
============================================================
* Number of FSM states : 4
* Pipeline : 0
* Dataflow Pipeline: 1
  DF-Pipeline-0: Size = 3, States = { 2 3 4 }

* FSM state transitions: 
1 --> 2 
2 --> 3 
3 --> 4 
4 --> 2 

* FSM state operations: 

State 1 <SV = 0> <Delay = 1.58>
ST_1 : Operation 5 [1/1] (0.00ns)   --->   "%specinterface_ln0 = specinterface void @_ssdm_op_SpecInterface, i32 %copy, void @empty_12, i32 0, i32 0, void @empty_8, i32 0, i32 307200, void @empty_14, void @empty_7, void @empty_8, i32 16, i32 16, i32 32, i32 16, void @empty_8, void @empty_8"   --->   Operation 5 'specinterface' 'specinterface_ln0' <Predicate = true> <Delay = 0.00>
ST_1 : Operation 6 [1/1] (0.00ns)   --->   "%ddr_copy_read = read i64 @_ssdm_op_Read.ap_auto.i64, i64 %ddr_copy"   --->   Operation 6 'read' 'ddr_copy_read' <Predicate = true> <Delay = 0.00>
ST_1 : Operation 7 [1/1] (0.00ns)   --->   "%width_read = read i32 @_ssdm_op_Read.ap_auto.i32, i32 %width"   --->   Operation 7 'read' 'width_read' <Predicate = true> <Delay = 0.00>
ST_1 : Operation 8 [1/1] (0.00ns)   --->   "%frame_size_read = read i32 @_ssdm_op_Read.ap_auto.i32, i32 %frame_size"   --->   Operation 8 'read' 'frame_size_read' <Predicate = true> <Delay = 0.00>
ST_1 : Operation 9 [1/1] (0.00ns)   --->   "%height_read = read i32 @_ssdm_op_Read.ap_auto.i32, i32 %height"   --->   Operation 9 'read' 'height_read' <Predicate = true> <Delay = 0.00>
ST_1 : Operation 10 [1/1] (1.58ns)   --->   "%br_ln0 = br void"   --->   Operation 10 'br' 'br_ln0' <Predicate = true> <Delay = 1.58>

State 2 <SV = 1> <Delay = 2.55>
ST_2 : Operation 11 [1/1] (0.00ns)   --->   "%y = phi i32 %add_ln29, void %.split, i32 0, void %newFuncRoot"   --->   Operation 11 'phi' 'y' <Predicate = true> <Delay = 0.00>
ST_2 : Operation 12 [1/1] (2.55ns)   --->   "%add_ln29 = add i32 %y, i32 1" [background_loop.cpp:29]   --->   Operation 12 'add' 'add_ln29' <Predicate = true> <Delay = 2.55> <CoreInst = "Adder">   --->   Core 1 'Adder' <Latency = 0> <II = 1> <Delay = 2.55> <FuncUnit> <Opcode : 'add' 'sub'> <InPorts = 2> <OutPorts = 1>
ST_2 : Operation 13 [1/1] (2.47ns)   --->   "%icmp_ln878 = icmp_eq  i32 %y, i32 %height_read"   --->   Operation 13 'icmp' 'icmp_ln878' <Predicate = true> <Delay = 2.47> <CoreInst = "Cmp">   --->   Core 9 'Cmp' <Latency = 0> <II = 1> <Delay = 2.47> <FuncUnit> <Opcode : 'icmp'> <InPorts = 2> <OutPorts = 1>
ST_2 : Operation 14 [1/1] (0.00ns)   --->   "%specdataflowpipeline_ln1345 = specdataflowpipeline void @_ssdm_op_SpecDataflowPipeline, i32 4294967295, i32 0, void @dataflow_parent_loop_str, i32 %y, i32 %height"   --->   Operation 14 'specdataflowpipeline' 'specdataflowpipeline_ln1345' <Predicate = true> <Delay = 0.00>
ST_2 : Operation 15 [1/1] (0.00ns)   --->   "%br_ln29 = br i1 %icmp_ln878, void %.split, void %.preheader1.exitStub" [background_loop.cpp:29]   --->   Operation 15 'br' 'br_ln29' <Predicate = true> <Delay = 0.00>
ST_2 : Operation 16 [1/1] (0.00ns)   --->   "%ret_ln0 = ret"   --->   Operation 16 'ret' 'ret_ln0' <Predicate = (icmp_ln878)> <Delay = 0.00>

State 3 <SV = 2> <Delay = 6.91>
ST_3 : Operation 17 [2/2] (6.91ns)   --->   "%call_ln324 = call void @dataflow_in_loop_copy, i32 %copy, i32 %y, i32 %frame_size_read, i32 %width_read, i64 %ddr_copy_read, i32 %ycopy_V"   --->   Operation 17 'call' 'call_ln324' <Predicate = (!icmp_ln878)> <Delay = 6.91> <CoreType = "Generic">   --->   Core 0 '' <Latency = 0> <II = 1> <Delay = 1.00> <Generic> <Opcode : >

State 4 <SV = 3> <Delay = 0.00>
ST_4 : Operation 18 [1/1] (0.00ns)   --->   "%speclooptripcount_ln1461 = speclooptripcount void @_ssdm_op_SpecLoopTripCount, i64 1, i64 480, i64 480"   --->   Operation 18 'speclooptripcount' 'speclooptripcount_ln1461' <Predicate = (!icmp_ln878)> <Delay = 0.00>
ST_4 : Operation 19 [1/1] (0.00ns)   --->   "%specloopname_ln1461 = specloopname void @_ssdm_op_SpecLoopName, void @empty_14"   --->   Operation 19 'specloopname' 'specloopname_ln1461' <Predicate = (!icmp_ln878)> <Delay = 0.00>
ST_4 : Operation 20 [1/2] (0.00ns)   --->   "%call_ln324 = call void @dataflow_in_loop_copy, i32 %copy, i32 %y, i32 %frame_size_read, i32 %width_read, i64 %ddr_copy_read, i32 %ycopy_V"   --->   Operation 20 'call' 'call_ln324' <Predicate = (!icmp_ln878)> <Delay = 0.00> <CoreType = "Generic">   --->   Core 0 '' <Latency = 0> <II = 1> <Delay = 1.00> <Generic> <Opcode : >
ST_4 : Operation 21 [1/1] (0.00ns)   --->   "%br_ln29 = br void" [background_loop.cpp:29]   --->   Operation 21 'br' 'br_ln29' <Predicate = (!icmp_ln878)> <Delay = 0.00>


============================================================
+ Verbose Summary: Timing violations
============================================================
Target clock period: 10ns, clock uncertainty: 2.7ns.

 <State 1>: 1.59ns
The critical path consists of the following:
	multiplexor before 'phi' operation ('y') with incoming values : ('add_ln29', background_loop.cpp:29) [14]  (1.59 ns)

 <State 2>: 2.55ns
The critical path consists of the following:
	'phi' operation ('y') with incoming values : ('add_ln29', background_loop.cpp:29) [14]  (0 ns)
	'add' operation ('add_ln29', background_loop.cpp:29) [15]  (2.55 ns)

 <State 3>: 6.91ns
The critical path consists of the following:
	'call' operation ('call_ln324') to 'dataflow_in_loop_copy' [22]  (6.91 ns)

 <State 4>: 0ns
The critical path consists of the following:


============================================================
+ Verbose Summary: Binding
============================================================
N/A
* FSMD analyzer results:
  - Output states:
 - Input state : 
  - Chain level:
	State 1
	State 2
	State 3
	State 4


============================================================
+ Verbose Summary: Datapath Resource usage 
============================================================
N/A
