#! /usr/bin/vvp
:ivl_version "10.3 (stable)";
:ivl_delay_selection "TYPICAL";
:vpi_time_precision + 0;
:vpi_module "system";
:vpi_module "vhdl_sys";
:vpi_module "v2005_math";
:vpi_module "va_math";
S_0x55ce494f3130 .scope module, "BUZZER" "BUZZER" 2 1;
 .timescale 0 0;
    .port_info 0 /INPUT 1 "CLK"
    .port_info 1 /INPUT 1 "ENABLE"
    .port_info 2 /INPUT 2 "KEY"
    .port_info 3 /OUTPUT 1 "GPIO"
o0x7fa8ceb89018 .functor BUFZ 1, C4<z>; HiZ drive
v0x55ce494f3360_0 .net "CLK", 0 0, o0x7fa8ceb89018;  0 drivers
o0x7fa8ceb89048 .functor BUFZ 1, C4<z>; HiZ drive
v0x55ce49538b80_0 .net "ENABLE", 0 0, o0x7fa8ceb89048;  0 drivers
v0x55ce49538c40_0 .var "GPIO", 0 0;
o0x7fa8ceb890a8 .functor BUFZ 2, C4<zz>; HiZ drive
v0x55ce49538d10_0 .net "KEY", 1 0, o0x7fa8ceb890a8;  0 drivers
v0x55ce49538df0_0 .var "state", 4 0;
E_0x55ce494f38b0 .event posedge, v0x55ce494f3360_0;
    .scope S_0x55ce494f3130;
T_0 ;
    %wait E_0x55ce494f38b0;
    %load/vec4 v0x55ce49538b80_0;
    %pushi/vec4 1, 0, 1;
    %cmp/e;
    %flag_get/vec4 4;
    %load/vec4 v0x55ce49538d10_0;
    %parti/s 1, 0, 2;
    %pushi/vec4 0, 0, 1;
    %cmp/e;
    %flag_get/vec4 4;
    %load/vec4 v0x55ce49538d10_0;
    %parti/s 1, 1, 2;
    %pushi/vec4 0, 0, 1;
    %cmp/e;
    %flag_get/vec4 4;
    %or;
    %and;
    %flag_set/vec4 8;
    %jmp/0xz  T_0.0, 8;
    %load/vec4 v0x55ce49538df0_0;
    %cmpi/e 31, 0, 5;
    %jmp/0xz  T_0.2, 4;
    %pushi/vec4 0, 0, 1;
    %assign/vec4 v0x55ce49538c40_0, 0;
    %jmp T_0.3;
T_0.2 ;
    %load/vec4 v0x55ce49538c40_0;
    %inv;
    %assign/vec4 v0x55ce49538c40_0, 0;
    %load/vec4 v0x55ce49538df0_0;
    %addi 1, 0, 5;
    %assign/vec4 v0x55ce49538df0_0, 0;
T_0.3 ;
    %jmp T_0.1;
T_0.0 ;
    %load/vec4 v0x55ce49538d10_0;
    %parti/s 1, 0, 2;
    %pushi/vec4 1, 0, 1;
    %cmp/e;
    %flag_get/vec4 4;
    %load/vec4 v0x55ce49538d10_0;
    %parti/s 1, 1, 2;
    %pushi/vec4 1, 0, 1;
    %cmp/e;
    %flag_get/vec4 4;
    %and;
    %flag_set/vec4 8;
    %jmp/0xz  T_0.4, 8;
    %pushi/vec4 0, 0, 5;
    %assign/vec4 v0x55ce49538df0_0, 0;
T_0.4 ;
T_0.1 ;
    %jmp T_0;
    .thread T_0;
# The file index is used to find the file name in the following table.
:file_names 3;
    "N/A";
    "<interactive>";
    "BUZZER.v";
