#! /usr/bin/vvp
:ivl_version "11.0 (stable)";
:ivl_delay_selection "TYPICAL";
:vpi_time_precision + 0;
:vpi_module "/usr/lib/x86_64-linux-gnu/ivl/system.vpi";
:vpi_module "/usr/lib/x86_64-linux-gnu/ivl/vhdl_sys.vpi";
:vpi_module "/usr/lib/x86_64-linux-gnu/ivl/vhdl_textio.vpi";
:vpi_module "/usr/lib/x86_64-linux-gnu/ivl/v2005_math.vpi";
:vpi_module "/usr/lib/x86_64-linux-gnu/ivl/va_math.vpi";
S_0x56215a3cf950 .scope module, "SysTimer_tb" "SysTimer_tb" 2 10;
 .timescale 0 0;
P_0x56215a3c1030 .param/l "lpSCLKCycle" 1 2 15, +C4<00000000000000000000000000000010>;
v0x56215a40bfc0_0 .var "rSCLK", 0 0;
v0x56215a40c060_0 .var "rSRST", 0 0;
S_0x56215a3cfb30 .scope module, "SysTimerBlock" "SysTimerBlock" 2 59, 3 8 0, S_0x56215a3cf950;
 .timescale 0 0;
    .port_info 0 /OUTPUT 32 "oSUsiRd";
    .port_info 1 /INPUT 32 "iSUsiWd";
    .port_info 2 /INPUT 32 "iSUsiAdrs";
    .port_info 3 /INPUT 1 "iSRST";
    .port_info 4 /INPUT 1 "iSCLK";
P_0x56215a3d5d70 .param/l "lpClk10ms" 1 3 56, +C4<00000000000000000000000000001010>;
P_0x56215a3d5db0 .param/l "lpClk1ms" 1 3 57, +C4<00000000000000000000000000000001>;
P_0x56215a3d5df0 .param/l "lpClk1us" 1 3 58, +C4<00000000000000000000000000000000>;
P_0x56215a3d5e30 .param/l "pAdrsMap" 0 3 11, C4<00000100>;
P_0x56215a3d5e70 .param/l "pBlockAdrsWidth" 0 3 10, +C4<00000000000000000000000000001000>;
P_0x56215a3d5eb0 .param/l "pCsrActiveWidth" 0 3 14, +C4<00000000000000000000000000001000>;
P_0x56215a3d5ef0 .param/l "pCsrAdrsWidth" 0 3 13, +C4<00000000000000000000000000010000>;
P_0x56215a3d5f30 .param/l "pSysClk" 0 3 15, +C4<00000000000000000000001111101000>;
P_0x56215a3d5f70 .param/l "pUsiBusWidth" 0 3 12, +C4<00000000000000000000000000100000>;
v0x56215a40b6e0_0 .net "iSCLK", 0 0, v0x56215a40bfc0_0;  1 drivers
v0x56215a40b7a0_0 .net "iSRST", 0 0, v0x56215a40c060_0;  1 drivers
L_0x7f8484049060 .functor BUFT 1, C4<00000000000001000000000000000000>, C4<0>, C4<0>, C4<0>;
v0x56215a40b860_0 .net "iSUsiAdrs", 31 0, L_0x7f8484049060;  1 drivers
L_0x7f8484049018 .functor BUFT 1, C4<00000000000000000000000000000000>, C4<0>, C4<0>, C4<0>;
v0x56215a40b960_0 .net "iSUsiWd", 31 0, L_0x7f8484049018;  1 drivers
v0x56215a40ba30_0 .net "oSUsiRd", 31 0, L_0x56215a3a9a60;  1 drivers
v0x56215a40bad0_0 .net "wCnt10msCsr", 31 0, L_0x56215a3b43d0;  1 drivers
v0x56215a40bb70_0 .net "wCnt1msCsr", 31 0, L_0x56215a3b8510;  1 drivers
v0x56215a40bc10_0 .net "wCnt1usCsr", 31 0, L_0x56215a3b6ca0;  1 drivers
S_0x56215a3dc900 .scope module, "ClkCounter10ms" "ClkCounter" 3 62, 4 8 0, S_0x56215a3cfb30;
 .timescale 0 0;
    .port_info 0 /OUTPUT 32 "oTimerCnt";
    .port_info 1 /INPUT 1 "iRST";
    .port_info 2 /INPUT 1 "iCLK";
P_0x56215a3b28a0 .param/l "lpTimerBitWidth" 1 4 19, C4<00000100>;
P_0x56215a3b28e0 .param/l "lpTimerMaxCnt" 1 4 20, C4<1001>;
P_0x56215a3b2920 .param/l "pDivNum" 0 4 9, +C4<00000000000000000000000000001010>;
P_0x56215a3b2960 .param/l "pTimerCntBitWidth" 0 4 10, +C4<00000000000000000000000000100000>;
L_0x56215a3b43d0 .functor BUFZ 32, v0x56215a408550_0, C4<00000000000000000000000000000000>, C4<00000000000000000000000000000000>, C4<00000000000000000000000000000000>;
v0x56215a3b37b0_0 .net "iCLK", 0 0, v0x56215a40bfc0_0;  alias, 1 drivers
v0x56215a3b44a0_0 .net "iRST", 0 0, v0x56215a40c060_0;  alias, 1 drivers
v0x56215a3b8630_0 .net "oTimerCnt", 31 0, L_0x56215a3b43d0;  alias, 1 drivers
v0x56215a3b6dc0_0 .var "qSystickCntCke", 0 0;
v0x56215a408420_0 .var "rSystickCnt", 3 0;
v0x56215a408550_0 .var "rTimerCnt", 31 0;
E_0x56215a3c5f50 .event edge, v0x56215a408420_0;
E_0x56215a3cdee0 .event posedge, v0x56215a3b37b0_0;
S_0x56215a380cf0 .scope function.vec4.s8, "fBitWidth" "fBitWidth" 4 45, 4 45 0, S_0x56215a3dc900;
 .timescale 0 0;
; Variable fBitWidth is vec4 return value of scope S_0x56215a380cf0
v0x56215a3bed80_0 .var/i "i", 31 0;
v0x56215a3bea50_0 .var "iVAL", 31 0;
TD_SysTimer_tb.SysTimerBlock.ClkCounter10ms.fBitWidth ;
    %pushi/vec4 1, 0, 8;
    %ret/vec4 0, 0, 8;  Assign to fBitWidth (store_vec4_to_lval)
    %pushi/vec4 0, 0, 32;
    %store/vec4 v0x56215a3bed80_0, 0, 32;
T_0.0 ;
    %load/vec4 v0x56215a3bed80_0;
    %cmpi/s 32, 0, 32;
    %jmp/0xz T_0.1, 5;
    %load/vec4 v0x56215a3bea50_0;
    %load/vec4 v0x56215a3bed80_0;
    %part/s 1;
    %flag_set/vec4 8;
    %jmp/0xz  T_0.2, 8;
    %load/vec4 v0x56215a3bed80_0;
    %addi 1, 0, 32;
    %pad/s 8;
    %ret/vec4 0, 0, 8;  Assign to fBitWidth (store_vec4_to_lval)
T_0.2 ;
    %load/vec4 v0x56215a3bed80_0;
    %addi 1, 0, 32;
    %store/vec4 v0x56215a3bed80_0, 0, 32;
    %jmp T_0.0;
T_0.1 ;
    %end;
S_0x56215a4086b0 .scope module, "ClkCounter1ms" "ClkCounter" 3 69, 4 8 0, S_0x56215a3cfb30;
 .timescale 0 0;
    .port_info 0 /OUTPUT 32 "oTimerCnt";
    .port_info 1 /INPUT 1 "iRST";
    .port_info 2 /INPUT 1 "iCLK";
P_0x56215a3b29b0 .param/l "lpTimerBitWidth" 1 4 19, C4<00000001>;
P_0x56215a3b29f0 .param/l "lpTimerMaxCnt" 1 4 20, C4<0>;
P_0x56215a3b2a30 .param/l "pDivNum" 0 4 9, +C4<00000000000000000000000000000001>;
P_0x56215a3b2a70 .param/l "pTimerCntBitWidth" 0 4 10, +C4<00000000000000000000000000100000>;
L_0x56215a3b8510 .functor BUFZ 32, v0x56215a409400_0, C4<00000000000000000000000000000000>, C4<00000000000000000000000000000000>, C4<00000000000000000000000000000000>;
v0x56215a408fa0_0 .net "iCLK", 0 0, v0x56215a40bfc0_0;  alias, 1 drivers
v0x56215a409090_0 .net "iRST", 0 0, v0x56215a40c060_0;  alias, 1 drivers
v0x56215a409160_0 .net "oTimerCnt", 31 0, L_0x56215a3b8510;  alias, 1 drivers
v0x56215a409230_0 .var "qSystickCntCke", 0 0;
v0x56215a4092d0_0 .var "rSystickCnt", 0 0;
v0x56215a409400_0 .var "rTimerCnt", 31 0;
E_0x56215a3a4b10 .event edge, v0x56215a4092d0_0;
S_0x56215a408ad0 .scope function.vec4.s8, "fBitWidth" "fBitWidth" 4 45, 4 45 0, S_0x56215a4086b0;
 .timescale 0 0;
; Variable fBitWidth is vec4 return value of scope S_0x56215a408ad0
v0x56215a408dd0_0 .var/i "i", 31 0;
v0x56215a408eb0_0 .var "iVAL", 31 0;
TD_SysTimer_tb.SysTimerBlock.ClkCounter1ms.fBitWidth ;
    %pushi/vec4 1, 0, 8;
    %ret/vec4 0, 0, 8;  Assign to fBitWidth (store_vec4_to_lval)
    %pushi/vec4 0, 0, 32;
    %store/vec4 v0x56215a408dd0_0, 0, 32;
T_1.4 ;
    %load/vec4 v0x56215a408dd0_0;
    %cmpi/s 32, 0, 32;
    %jmp/0xz T_1.5, 5;
    %load/vec4 v0x56215a408eb0_0;
    %load/vec4 v0x56215a408dd0_0;
    %part/s 1;
    %flag_set/vec4 8;
    %jmp/0xz  T_1.6, 8;
    %load/vec4 v0x56215a408dd0_0;
    %addi 1, 0, 32;
    %pad/s 8;
    %ret/vec4 0, 0, 8;  Assign to fBitWidth (store_vec4_to_lval)
T_1.6 ;
    %load/vec4 v0x56215a408dd0_0;
    %addi 1, 0, 32;
    %store/vec4 v0x56215a408dd0_0, 0, 32;
    %jmp T_1.4;
T_1.5 ;
    %end;
S_0x56215a409560 .scope module, "ClkCounter1us" "ClkCounter" 3 76, 4 8 0, S_0x56215a3cfb30;
 .timescale 0 0;
    .port_info 0 /OUTPUT 32 "oTimerCnt";
    .port_info 1 /INPUT 1 "iRST";
    .port_info 2 /INPUT 1 "iCLK";
P_0x56215a409740 .param/l "lpTimerBitWidth" 1 4 19, C4<00000001>;
P_0x56215a409780 .param/l "lpTimerMaxCnt" 1 4 20, C4<1>;
P_0x56215a4097c0 .param/l "pDivNum" 0 4 9, +C4<00000000000000000000000000000000>;
P_0x56215a409800 .param/l "pTimerCntBitWidth" 0 4 10, +C4<00000000000000000000000000100000>;
L_0x56215a3b6ca0 .functor BUFZ 32, v0x56215a40a420_0, C4<00000000000000000000000000000000>, C4<00000000000000000000000000000000>, C4<00000000000000000000000000000000>;
v0x56215a409f70_0 .net "iCLK", 0 0, v0x56215a40bfc0_0;  alias, 1 drivers
v0x56215a40a080_0 .net "iRST", 0 0, v0x56215a40c060_0;  alias, 1 drivers
v0x56215a40a190_0 .net "oTimerCnt", 31 0, L_0x56215a3b6ca0;  alias, 1 drivers
v0x56215a40a230_0 .var "qSystickCntCke", 0 0;
v0x56215a40a2f0_0 .var "rSystickCnt", 0 0;
v0x56215a40a420_0 .var "rTimerCnt", 31 0;
E_0x56215a3ec630 .event edge, v0x56215a40a2f0_0;
S_0x56215a409aa0 .scope function.vec4.s8, "fBitWidth" "fBitWidth" 4 45, 4 45 0, S_0x56215a409560;
 .timescale 0 0;
; Variable fBitWidth is vec4 return value of scope S_0x56215a409aa0
v0x56215a409da0_0 .var/i "i", 31 0;
v0x56215a409e80_0 .var "iVAL", 31 0;
TD_SysTimer_tb.SysTimerBlock.ClkCounter1us.fBitWidth ;
    %pushi/vec4 1, 0, 8;
    %ret/vec4 0, 0, 8;  Assign to fBitWidth (store_vec4_to_lval)
    %pushi/vec4 0, 0, 32;
    %store/vec4 v0x56215a409da0_0, 0, 32;
T_2.8 ;
    %load/vec4 v0x56215a409da0_0;
    %cmpi/s 32, 0, 32;
    %jmp/0xz T_2.9, 5;
    %load/vec4 v0x56215a409e80_0;
    %load/vec4 v0x56215a409da0_0;
    %part/s 1;
    %flag_set/vec4 8;
    %jmp/0xz  T_2.10, 8;
    %load/vec4 v0x56215a409da0_0;
    %addi 1, 0, 32;
    %pad/s 8;
    %ret/vec4 0, 0, 8;  Assign to fBitWidth (store_vec4_to_lval)
T_2.10 ;
    %load/vec4 v0x56215a409da0_0;
    %addi 1, 0, 32;
    %store/vec4 v0x56215a409da0_0, 0, 32;
    %jmp T_2.8;
T_2.9 ;
    %end;
S_0x56215a40a580 .scope module, "SysTimerCsr" "SysTimerCsr" 3 39, 5 11 0, S_0x56215a3cfb30;
 .timescale 0 0;
    .port_info 0 /OUTPUT 32 "oSUsiRd";
    .port_info 1 /INPUT 32 "iSUsiWd";
    .port_info 2 /INPUT 32 "iSUsiAdrs";
    .port_info 3 /INPUT 32 "iTimerCnt10ms";
    .port_info 4 /INPUT 32 "iTimerCnt1ms";
    .port_info 5 /INPUT 32 "iTimerCnt1us";
    .port_info 6 /INPUT 1 "iSRST";
    .port_info 7 /INPUT 1 "iSCLK";
P_0x56215a40a760 .param/l "pAdrsMap" 0 5 14, C4<00000100>;
P_0x56215a40a7a0 .param/l "pBlockAdrsWidth" 0 5 13, +C4<00000000000000000000000000001000>;
P_0x56215a40a7e0 .param/l "pCsrActiveWidth" 0 5 17, +C4<00000000000000000000000000001000>;
P_0x56215a40a820 .param/l "pCsrAdrsWidth" 0 5 16, +C4<00000000000000000000000000010000>;
P_0x56215a40a860 .param/l "pUsiBusWidth" 0 5 15, +C4<00000000000000000000000000100000>;
L_0x56215a3a9a60 .functor BUFZ 32, v0x56215a40b260_0, C4<00000000000000000000000000000000>, C4<00000000000000000000000000000000>, C4<00000000000000000000000000000000>;
v0x56215a40abc0_0 .net "iSCLK", 0 0, v0x56215a40bfc0_0;  alias, 1 drivers
v0x56215a40ac80_0 .net "iSRST", 0 0, v0x56215a40c060_0;  alias, 1 drivers
v0x56215a40ad40_0 .net "iSUsiAdrs", 31 0, L_0x7f8484049060;  alias, 1 drivers
v0x56215a40ae10_0 .net "iSUsiWd", 31 0, L_0x7f8484049018;  alias, 1 drivers
v0x56215a40aef0_0 .net "iTimerCnt10ms", 31 0, L_0x56215a3b43d0;  alias, 1 drivers
v0x56215a40b000_0 .net "iTimerCnt1ms", 31 0, L_0x56215a3b8510;  alias, 1 drivers
v0x56215a40b0d0_0 .net "iTimerCnt1us", 31 0, L_0x56215a3b6ca0;  alias, 1 drivers
v0x56215a40b1a0_0 .net "oSUsiRd", 31 0, L_0x56215a3a9a60;  alias, 1 drivers
v0x56215a40b260_0 .var "rSUsiRd", 31 0;
v0x56215a40b340_0 .var "rTimerCnt10ms", 31 0;
v0x56215a40b420_0 .var "rTimerCnt1ms", 31 0;
v0x56215a40b500_0 .var "rTimerCnt1us", 31 0;
S_0x56215a40bdc0 .scope task, "reset_init" "reset_init" 2 31, 2 31 0, S_0x56215a3cf950;
 .timescale 0 0;
TD_SysTimer_tb.reset_init ;
    %delay 10, 0;
    %pushi/vec4 0, 0, 1;
    %store/vec4 v0x56215a40c060_0, 0, 1;
    %delay 10, 0;
    %end;
    .scope S_0x56215a40a580;
T_4 ;
    %wait E_0x56215a3cdee0;
    %load/vec4 v0x56215a40ac80_0;
    %flag_set/vec4 8;
    %jmp/0xz  T_4.0, 8;
    %pushi/vec4 0, 0, 32;
    %assign/vec4 v0x56215a40b340_0, 0;
    %pushi/vec4 0, 0, 32;
    %assign/vec4 v0x56215a40b420_0, 0;
    %pushi/vec4 0, 0, 32;
    %assign/vec4 v0x56215a40b500_0, 0;
    %jmp T_4.1;
T_4.0 ;
    %load/vec4 v0x56215a40aef0_0;
    %assign/vec4 v0x56215a40b340_0, 0;
    %load/vec4 v0x56215a40b000_0;
    %assign/vec4 v0x56215a40b420_0, 0;
    %load/vec4 v0x56215a40b0d0_0;
    %assign/vec4 v0x56215a40b500_0, 0;
T_4.1 ;
    %jmp T_4;
    .thread T_4;
    .scope S_0x56215a40a580;
T_5 ;
    %wait E_0x56215a3cdee0;
    %load/vec4 v0x56215a40ad40_0;
    %parti/s 8, 0, 2;
    %dup/vec4;
    %pushi/vec4 0, 0, 8;
    %cmp/u;
    %jmp/1 T_5.0, 6;
    %dup/vec4;
    %pushi/vec4 4, 0, 8;
    %cmp/u;
    %jmp/1 T_5.1, 6;
    %dup/vec4;
    %pushi/vec4 8, 0, 8;
    %cmp/u;
    %jmp/1 T_5.2, 6;
    %load/vec4 v0x56215a40ae10_0;
    %assign/vec4 v0x56215a40b260_0, 0;
    %jmp T_5.4;
T_5.0 ;
    %load/vec4 v0x56215a40b340_0;
    %assign/vec4 v0x56215a40b260_0, 0;
    %jmp T_5.4;
T_5.1 ;
    %load/vec4 v0x56215a40b420_0;
    %assign/vec4 v0x56215a40b260_0, 0;
    %jmp T_5.4;
T_5.2 ;
    %load/vec4 v0x56215a40b500_0;
    %assign/vec4 v0x56215a40b260_0, 0;
    %jmp T_5.4;
T_5.4 ;
    %pop/vec4 1;
    %jmp T_5;
    .thread T_5;
    .scope S_0x56215a3dc900;
T_6 ;
    %wait E_0x56215a3cdee0;
    %load/vec4 v0x56215a3b44a0_0;
    %flag_set/vec4 8;
    %jmp/0xz  T_6.0, 8;
    %pushi/vec4 0, 0, 4;
    %assign/vec4 v0x56215a408420_0, 0;
    %jmp T_6.1;
T_6.0 ;
    %load/vec4 v0x56215a3b6dc0_0;
    %flag_set/vec4 8;
    %jmp/0xz  T_6.2, 8;
    %load/vec4 v0x56215a408420_0;
    %addi 1, 0, 4;
    %assign/vec4 v0x56215a408420_0, 0;
    %jmp T_6.3;
T_6.2 ;
    %load/vec4 v0x56215a408420_0;
    %assign/vec4 v0x56215a408420_0, 0;
T_6.3 ;
T_6.1 ;
    %load/vec4 v0x56215a3b44a0_0;
    %flag_set/vec4 8;
    %jmp/0xz  T_6.4, 8;
    %pushi/vec4 0, 0, 32;
    %assign/vec4 v0x56215a408550_0, 0;
    %jmp T_6.5;
T_6.4 ;
    %load/vec4 v0x56215a3b6dc0_0;
    %flag_set/vec4 8;
    %jmp/0xz  T_6.6, 8;
    %load/vec4 v0x56215a408420_0;
    %pad/u 32;
    %addi 1, 0, 32;
    %assign/vec4 v0x56215a408550_0, 0;
    %jmp T_6.7;
T_6.6 ;
    %load/vec4 v0x56215a408420_0;
    %pad/u 32;
    %assign/vec4 v0x56215a408550_0, 0;
T_6.7 ;
T_6.5 ;
    %jmp T_6;
    .thread T_6;
    .scope S_0x56215a3dc900;
T_7 ;
    %wait E_0x56215a3c5f50;
    %load/vec4 v0x56215a408420_0;
    %pushi/vec4 9, 0, 4;
    %cmp/e;
    %flag_get/vec4 4;
    %assign/vec4 v0x56215a3b6dc0_0, 0;
    %jmp T_7;
    .thread T_7, $push;
    .scope S_0x56215a4086b0;
T_8 ;
    %wait E_0x56215a3cdee0;
    %load/vec4 v0x56215a409090_0;
    %flag_set/vec4 8;
    %jmp/0xz  T_8.0, 8;
    %pushi/vec4 0, 0, 1;
    %assign/vec4 v0x56215a4092d0_0, 0;
    %jmp T_8.1;
T_8.0 ;
    %load/vec4 v0x56215a409230_0;
    %flag_set/vec4 8;
    %jmp/0xz  T_8.2, 8;
    %load/vec4 v0x56215a4092d0_0;
    %addi 1, 0, 1;
    %assign/vec4 v0x56215a4092d0_0, 0;
    %jmp T_8.3;
T_8.2 ;
    %load/vec4 v0x56215a4092d0_0;
    %assign/vec4 v0x56215a4092d0_0, 0;
T_8.3 ;
T_8.1 ;
    %load/vec4 v0x56215a409090_0;
    %flag_set/vec4 8;
    %jmp/0xz  T_8.4, 8;
    %pushi/vec4 0, 0, 32;
    %assign/vec4 v0x56215a409400_0, 0;
    %jmp T_8.5;
T_8.4 ;
    %load/vec4 v0x56215a409230_0;
    %flag_set/vec4 8;
    %jmp/0xz  T_8.6, 8;
    %load/vec4 v0x56215a4092d0_0;
    %pad/u 32;
    %addi 1, 0, 32;
    %assign/vec4 v0x56215a409400_0, 0;
    %jmp T_8.7;
T_8.6 ;
    %load/vec4 v0x56215a4092d0_0;
    %pad/u 32;
    %assign/vec4 v0x56215a409400_0, 0;
T_8.7 ;
T_8.5 ;
    %jmp T_8;
    .thread T_8;
    .scope S_0x56215a4086b0;
T_9 ;
    %wait E_0x56215a3a4b10;
    %load/vec4 v0x56215a4092d0_0;
    %pushi/vec4 0, 0, 1;
    %cmp/e;
    %flag_get/vec4 4;
    %assign/vec4 v0x56215a409230_0, 0;
    %jmp T_9;
    .thread T_9, $push;
    .scope S_0x56215a409560;
T_10 ;
    %wait E_0x56215a3cdee0;
    %load/vec4 v0x56215a40a080_0;
    %flag_set/vec4 8;
    %jmp/0xz  T_10.0, 8;
    %pushi/vec4 0, 0, 1;
    %assign/vec4 v0x56215a40a2f0_0, 0;
    %jmp T_10.1;
T_10.0 ;
    %load/vec4 v0x56215a40a230_0;
    %flag_set/vec4 8;
    %jmp/0xz  T_10.2, 8;
    %load/vec4 v0x56215a40a2f0_0;
    %addi 1, 0, 1;
    %assign/vec4 v0x56215a40a2f0_0, 0;
    %jmp T_10.3;
T_10.2 ;
    %load/vec4 v0x56215a40a2f0_0;
    %assign/vec4 v0x56215a40a2f0_0, 0;
T_10.3 ;
T_10.1 ;
    %load/vec4 v0x56215a40a080_0;
    %flag_set/vec4 8;
    %jmp/0xz  T_10.4, 8;
    %pushi/vec4 0, 0, 32;
    %assign/vec4 v0x56215a40a420_0, 0;
    %jmp T_10.5;
T_10.4 ;
    %load/vec4 v0x56215a40a230_0;
    %flag_set/vec4 8;
    %jmp/0xz  T_10.6, 8;
    %load/vec4 v0x56215a40a2f0_0;
    %pad/u 32;
    %addi 1, 0, 32;
    %assign/vec4 v0x56215a40a420_0, 0;
    %jmp T_10.7;
T_10.6 ;
    %load/vec4 v0x56215a40a2f0_0;
    %pad/u 32;
    %assign/vec4 v0x56215a40a420_0, 0;
T_10.7 ;
T_10.5 ;
    %jmp T_10;
    .thread T_10;
    .scope S_0x56215a409560;
T_11 ;
    %wait E_0x56215a3ec630;
    %load/vec4 v0x56215a40a2f0_0;
    %pushi/vec4 1, 0, 1;
    %cmp/e;
    %flag_get/vec4 4;
    %assign/vec4 v0x56215a40a230_0, 0;
    %jmp T_11;
    .thread T_11, $push;
    .scope S_0x56215a3cf950;
T_12 ;
    %pushi/vec4 0, 0, 1;
    %store/vec4 v0x56215a40bfc0_0, 0, 1;
    %pushi/vec4 1, 0, 1;
    %store/vec4 v0x56215a40c060_0, 0, 1;
    %end;
    .thread T_12;
    .scope S_0x56215a3cf950;
T_13 ;
    %delay 1, 0;
    %load/vec4 v0x56215a40bfc0_0;
    %inv;
    %store/vec4 v0x56215a40bfc0_0, 0, 1;
    %jmp T_13;
    .thread T_13;
    .scope S_0x56215a3cf950;
T_14 ;
    %fork TD_SysTimer_tb.reset_init, S_0x56215a40bdc0;
    %join;
    %delay 100, 0;
    %vpi_call 2 46 "$finish" {0 0 0};
    %end;
    .thread T_14;
# The file index is used to find the file name in the following table.
:file_names 6;
    "N/A";
    "<interactive>";
    "SysTimer_tb.v";
    "../SysTimerBlock.v";
    "../../common/pulse/ClkCounter.v";
    "../SysTimerCsr.v";
