

================================================================
== Synthesis Summary Report of 'display_shift'
================================================================
+ General Information: 
    * Date:           Thu Jun  3 14:10:49 2021
    * Version:        2020.2 (Build 3064766 on Wed Nov 18 09:12:47 MST 2020)
    * Project:        display_shift
    * Solution:       solution1 (Vivado IP Flow Target)
    * Product family: zynq
    * Target device:  xc7z020-clg484-1
    

+ Performance & Resource Estimates: 
    
    PS: '+' for module; 'o' for loop; '*' for dataflow
    +------------------------------------------------------+--------+-------+---------+-----------+----------+---------+------+----------+--------+----+-----------+-----------+-----+
    |                        Modules                       |  Issue |       | Latency |  Latency  | Iteration|         | Trip |          |        |    |           |           |     |
    |                        & Loops                       |  Type  | Slack | (cycles)|    (ns)   |  Latency | Interval| Count| Pipelined|  BRAM  | DSP|     FF    |    LUT    | URAM|
    +------------------------------------------------------+--------+-------+---------+-----------+----------+---------+------+----------+--------+----+-----------+-----------+-----+
    |+ display_shift                                       |  Timing|   2.94|   314574|  3.222e+06|         -|   314575|     -|        no|  8 (2%)|   -|  3622 (3%)|  3408 (6%)|    -|
    | + grp_dataflow_in_loop_display_shift_label0_fu_164*  |  Timing|   2.94|     1305|  1.337e+04|         -|      654|     -|  dataflow|  4 (1%)|   -|  1648 (1%)|  1378 (2%)|    -|
    |  + grp_display_shift_label2_proc_fu_160              |  Timing|   0.00|      651|  6.668e+03|         -|      651|     -|        no|       -|   -|  574 (~0%)|  484 (~0%)|    -|
    |   o display_shift_label2                             |       -|  -7.30|      641|  6.565e+03|         3|        1|   640|       yes|       -|   -|          -|          -|    -|
    |  + grp_display_shift_label1_proc5_fu_173             |  Timing|   0.00|      653|  6.688e+03|         -|      653|     -|        no|       -|   -|  480 (~0%)|  484 (~0%)|    -|
    |   o display_shift_label1                             |       -|  -7.30|      641|  6.565e+03|         3|        1|   640|       yes|       -|   -|          -|          -|    -|
    | o display_shift_label0                               |       -|  -7.30|   314573|  3.222e+06|      1308|        -|   480|        no|       -|   -|          -|          -|    -|
    +------------------------------------------------------+--------+-------+---------+-----------+----------+---------+------+----------+--------+----+-----------+-----------+-----+

