

================================================================
== Vitis HLS Report for 'dataflow_in_loop_height_loop_entry6'
================================================================
* Date:           Mon Sep  6 21:22:09 2021

* Version:        2020.2 (Build 3064766 on Wed Nov 18 09:12:47 MST 2020)
* Project:        affine_scale
* Solution:       solution1 (Vivado IP Flow Target)
* Product family: zynq
* Target device:  xc7z020-clg400-1


================================================================
== Performance Estimates
================================================================
+ Timing: 
    * Summary: 
    +--------+----------+----------+------------+
    |  Clock |  Target  | Estimated| Uncertainty|
    +--------+----------+----------+------------+
    |ap_clk  |  10.00 ns|  3.634 ns|     2.70 ns|
    +--------+----------+----------+------------+

+ Latency: 
    * Summary: 
    +---------+---------+----------+----------+-----+-----+---------+
    |  Latency (cycles) |  Latency (absolute) |  Interval | Pipeline|
    |   min   |   max   |    min   |    max   | min | max |   Type  |
    +---------+---------+----------+----------+-----+-----+---------+
    |        0|        0|      0 ns|      0 ns|    0|    0|     none|
    +---------+---------+----------+----------+-----+-----+---------+

    + Detail: 
        * Instance: 
        N/A

        * Loop: 
        N/A

============================================================
+ Verbose Summary: Synthesis Manager
============================================================
InlineROM: 1
ExposeGlobal: 0
============================================================
+ Verbose Summary: CDFG Model
============================================================
IsTopModel: 0
ResetActiveHigh: 1
IsCombinational: 2
IsDatapathOnly: 0
HasWiredReturn: 1
HasMFsm: 0
HasVarLatency: 0
IsPipeline: 0
IsRtlPipelined: 0
IsInstanceOverlapped: 0
IsDontTouch: 0
HasImplIP: 0
IsGatedGlobalClock: 0


============================================================
+ Verbose Summary: Schedule
============================================================
* Number of FSM states : 1
* Pipeline : 0
* Dataflow Pipeline: 0

* FSM state transitions: 
1 --> 

* FSM state operations: 

State 1 <SV = 0> <Delay = 3.63>
ST_1 : Operation 2 [1/1] (0.00ns)   --->   "%specinterface_ln0 = specinterface void @_ssdm_op_SpecInterface, i32 %mapchip_draw_xsize_out, void @ap_fifo_str, i32 0, i32 0, void @p_str, i32 0, i32 0, void @p_str, void @p_str, void @p_str, i32 2, i32 2, i32 16, i32 16, void @p_str, void @ScalarProp_str"   --->   Operation 2 'specinterface' 'specinterface_ln0' <Predicate = true> <Delay = 0.00>
ST_1 : Operation 3 [1/1] (0.00ns)   --->   "%dstout_read = read i64 @_ssdm_op_Read.ap_auto.i64, i64 %dstout"   --->   Operation 3 'read' 'dstout_read' <Predicate = true> <Delay = 0.00>
ST_1 : Operation 4 [1/1] (0.00ns)   --->   "%alpha_read = read i8 @_ssdm_op_Read.ap_auto.i8, i8 %alpha"   --->   Operation 4 'read' 'alpha_read' <Predicate = true> <Delay = 0.00>
ST_1 : Operation 5 [1/1] (0.00ns)   --->   "%dstin_read = read i64 @_ssdm_op_Read.ap_auto.i64, i64 %dstin"   --->   Operation 5 'read' 'dstin_read' <Predicate = true> <Delay = 0.00>
ST_1 : Operation 6 [1/1] (0.00ns)   --->   "%frame_size_read = read i32 @_ssdm_op_Read.ap_auto.i32, i32 %frame_size"   --->   Operation 6 'read' 'frame_size_read' <Predicate = true> <Delay = 0.00>
ST_1 : Operation 7 [1/1] (0.00ns)   --->   "%srcin_read = read i64 @_ssdm_op_Read.ap_auto.i64, i64 %srcin"   --->   Operation 7 'read' 'srcin_read' <Predicate = true> <Delay = 0.00>
ST_1 : Operation 8 [1/1] (0.00ns)   --->   "%xstart_pos_read = read i32 @_ssdm_op_Read.ap_auto.i32, i32 %xstart_pos"   --->   Operation 8 'read' 'xstart_pos_read' <Predicate = true> <Delay = 0.00>
ST_1 : Operation 9 [1/1] (0.00ns)   --->   "%ystart_pos_read = read i32 @_ssdm_op_Read.ap_auto.i32, i32 %ystart_pos"   --->   Operation 9 'read' 'ystart_pos_read' <Predicate = true> <Delay = 0.00>
ST_1 : Operation 10 [1/1] (0.00ns)   --->   "%id_read = read i32 @_ssdm_op_Read.ap_auto.i32, i32 %id"   --->   Operation 10 'read' 'id_read' <Predicate = true> <Delay = 0.00>
ST_1 : Operation 11 [1/1] (0.00ns)   --->   "%n_read = read i32 @_ssdm_op_Read.ap_auto.i32, i32 %n"   --->   Operation 11 'read' 'n_read' <Predicate = true> <Delay = 0.00>
ST_1 : Operation 12 [1/1] (0.00ns)   --->   "%mapchip_maxheight_read = read i32 @_ssdm_op_Read.ap_auto.i32, i32 %mapchip_maxheight"   --->   Operation 12 'read' 'mapchip_maxheight_read' <Predicate = true> <Delay = 0.00>
ST_1 : Operation 13 [1/1] (0.00ns)   --->   "%trunc_ln69_read = read i32 @_ssdm_op_Read.ap_auto.i32, i32 %trunc_ln69"   --->   Operation 13 'read' 'trunc_ln69_read' <Predicate = true> <Delay = 0.00>
ST_1 : Operation 14 [1/1] (0.00ns)   --->   "%m_read = read i32 @_ssdm_op_Read.ap_auto.i32, i32 %m"   --->   Operation 14 'read' 'm_read' <Predicate = true> <Delay = 0.00>
ST_1 : Operation 15 [1/1] (0.00ns)   --->   "%b_read = read i20 @_ssdm_op_Read.ap_auto.i20, i20 %b"   --->   Operation 15 'read' 'b_read' <Predicate = true> <Delay = 0.00>
ST_1 : Operation 16 [1/1] (0.00ns)   --->   "%c_read = read i20 @_ssdm_op_Read.ap_auto.i20, i20 %c"   --->   Operation 16 'read' 'c_read' <Predicate = true> <Delay = 0.00>
ST_1 : Operation 17 [1/1] (0.00ns)   --->   "%a_read = read i20 @_ssdm_op_Read.ap_auto.i20, i20 %a"   --->   Operation 17 'read' 'a_read' <Predicate = true> <Delay = 0.00>
ST_1 : Operation 18 [1/1] (0.00ns)   --->   "%d_read = read i20 @_ssdm_op_Read.ap_auto.i20, i20 %d"   --->   Operation 18 'read' 'd_read' <Predicate = true> <Delay = 0.00>
ST_1 : Operation 19 [1/1] (0.00ns)   --->   "%mapchip_maxwidth_read = read i32 @_ssdm_op_Read.ap_auto.i32, i32 %mapchip_maxwidth"   --->   Operation 19 'read' 'mapchip_maxwidth_read' <Predicate = true> <Delay = 0.00>
ST_1 : Operation 20 [1/1] (0.00ns)   --->   "%mapchip_draw_xsize_read = read i32 @_ssdm_op_Read.ap_auto.i32, i32 %mapchip_draw_xsize"   --->   Operation 20 'read' 'mapchip_draw_xsize_read' <Predicate = true> <Delay = 0.00>
ST_1 : Operation 21 [1/1] (3.63ns)   --->   "%write_ln0 = write void @_ssdm_op_Write.ap_fifo.i32P0A, i32 %mapchip_draw_xsize_out, i32 %mapchip_draw_xsize_read"   --->   Operation 21 'write' 'write_ln0' <Predicate = true> <Delay = 3.63> <CoreInst = "FIFO_SRL">   --->   Core 81 'FIFO_SRL' <Latency = 0> <II = 1> <Delay = 3.63> <Storage> <Opcode : 'read' 'write' 'nbread' 'nbwrite'> <Ports = 0> <Width = 32> <Depth = 2> <FIFO>
ST_1 : Operation 22 [1/1] (0.00ns)   --->   "%specinterface_ln0 = specinterface void @_ssdm_op_SpecInterface, i32 %mapchip_draw_xsize_out1, void @ap_fifo_str, i32 0, i32 0, void @p_str, i32 0, i32 0, void @p_str, void @p_str, void @p_str, i32 2, i32 2, i32 16, i32 16, void @p_str, void @ScalarProp_str"   --->   Operation 22 'specinterface' 'specinterface_ln0' <Predicate = true> <Delay = 0.00>
ST_1 : Operation 23 [1/1] (3.63ns)   --->   "%write_ln0 = write void @_ssdm_op_Write.ap_fifo.i32P0A, i32 %mapchip_draw_xsize_out1, i32 %mapchip_draw_xsize_read"   --->   Operation 23 'write' 'write_ln0' <Predicate = true> <Delay = 3.63> <CoreInst = "FIFO_SRL">   --->   Core 81 'FIFO_SRL' <Latency = 0> <II = 1> <Delay = 3.63> <Storage> <Opcode : 'read' 'write' 'nbread' 'nbwrite'> <Ports = 0> <Width = 32> <Depth = 2> <FIFO>
ST_1 : Operation 24 [1/1] (0.00ns)   --->   "%specinterface_ln0 = specinterface void @_ssdm_op_SpecInterface, i32 %mapchip_maxwidth_out, void @ap_fifo_str, i32 0, i32 0, void @p_str, i32 0, i32 0, void @p_str, void @p_str, void @p_str, i32 2, i32 2, i32 16, i32 16, void @p_str, void @ScalarProp_str"   --->   Operation 24 'specinterface' 'specinterface_ln0' <Predicate = true> <Delay = 0.00>
ST_1 : Operation 25 [1/1] (3.63ns)   --->   "%write_ln0 = write void @_ssdm_op_Write.ap_fifo.i32P0A, i32 %mapchip_maxwidth_out, i32 %mapchip_maxwidth_read"   --->   Operation 25 'write' 'write_ln0' <Predicate = true> <Delay = 3.63> <CoreInst = "FIFO_SRL">   --->   Core 81 'FIFO_SRL' <Latency = 0> <II = 1> <Delay = 3.63> <Storage> <Opcode : 'read' 'write' 'nbread' 'nbwrite'> <Ports = 0> <Width = 32> <Depth = 2> <FIFO>
ST_1 : Operation 26 [1/1] (0.00ns)   --->   "%specinterface_ln0 = specinterface void @_ssdm_op_SpecInterface, i32 %mapchip_maxwidth_out2, void @ap_fifo_str, i32 0, i32 0, void @p_str, i32 0, i32 0, void @p_str, void @p_str, void @p_str, i32 2, i32 2, i32 16, i32 16, void @p_str, void @ScalarProp_str"   --->   Operation 26 'specinterface' 'specinterface_ln0' <Predicate = true> <Delay = 0.00>
ST_1 : Operation 27 [1/1] (3.63ns)   --->   "%write_ln0 = write void @_ssdm_op_Write.ap_fifo.i32P0A, i32 %mapchip_maxwidth_out2, i32 %mapchip_maxwidth_read"   --->   Operation 27 'write' 'write_ln0' <Predicate = true> <Delay = 3.63> <CoreInst = "FIFO_SRL">   --->   Core 81 'FIFO_SRL' <Latency = 0> <II = 1> <Delay = 3.63> <Storage> <Opcode : 'read' 'write' 'nbread' 'nbwrite'> <Ports = 0> <Width = 32> <Depth = 2> <FIFO>
ST_1 : Operation 28 [1/1] (0.00ns)   --->   "%specinterface_ln0 = specinterface void @_ssdm_op_SpecInterface, i20 %d_out, void @ap_fifo_str, i32 0, i32 0, void @p_str, i32 0, i32 0, void @p_str, void @p_str, void @p_str, i32 2, i32 2, i32 16, i32 16, void @p_str, void @ScalarProp_str"   --->   Operation 28 'specinterface' 'specinterface_ln0' <Predicate = true> <Delay = 0.00>
ST_1 : Operation 29 [1/1] (3.63ns)   --->   "%write_ln0 = write void @_ssdm_op_Write.ap_fifo.i20P0A, i20 %d_out, i20 %d_read"   --->   Operation 29 'write' 'write_ln0' <Predicate = true> <Delay = 3.63> <CoreInst = "FIFO_SRL">   --->   Core 81 'FIFO_SRL' <Latency = 0> <II = 1> <Delay = 3.63> <Storage> <Opcode : 'read' 'write' 'nbread' 'nbwrite'> <Ports = 0> <Width = 20> <Depth = 2> <FIFO>
ST_1 : Operation 30 [1/1] (0.00ns)   --->   "%specinterface_ln0 = specinterface void @_ssdm_op_SpecInterface, i20 %d_out3, void @ap_fifo_str, i32 0, i32 0, void @p_str, i32 0, i32 0, void @p_str, void @p_str, void @p_str, i32 2, i32 2, i32 16, i32 16, void @p_str, void @ScalarProp_str"   --->   Operation 30 'specinterface' 'specinterface_ln0' <Predicate = true> <Delay = 0.00>
ST_1 : Operation 31 [1/1] (3.63ns)   --->   "%write_ln0 = write void @_ssdm_op_Write.ap_fifo.i20P0A, i20 %d_out3, i20 %d_read"   --->   Operation 31 'write' 'write_ln0' <Predicate = true> <Delay = 3.63> <CoreInst = "FIFO_SRL">   --->   Core 81 'FIFO_SRL' <Latency = 0> <II = 1> <Delay = 3.63> <Storage> <Opcode : 'read' 'write' 'nbread' 'nbwrite'> <Ports = 0> <Width = 20> <Depth = 2> <FIFO>
ST_1 : Operation 32 [1/1] (0.00ns)   --->   "%specinterface_ln0 = specinterface void @_ssdm_op_SpecInterface, i20 %a_out, void @ap_fifo_str, i32 0, i32 0, void @p_str, i32 0, i32 0, void @p_str, void @p_str, void @p_str, i32 2, i32 2, i32 16, i32 16, void @p_str, void @ScalarProp_str"   --->   Operation 32 'specinterface' 'specinterface_ln0' <Predicate = true> <Delay = 0.00>
ST_1 : Operation 33 [1/1] (3.63ns)   --->   "%write_ln0 = write void @_ssdm_op_Write.ap_fifo.i20P0A, i20 %a_out, i20 %a_read"   --->   Operation 33 'write' 'write_ln0' <Predicate = true> <Delay = 3.63> <CoreInst = "FIFO_SRL">   --->   Core 81 'FIFO_SRL' <Latency = 0> <II = 1> <Delay = 3.63> <Storage> <Opcode : 'read' 'write' 'nbread' 'nbwrite'> <Ports = 0> <Width = 20> <Depth = 2> <FIFO>
ST_1 : Operation 34 [1/1] (0.00ns)   --->   "%specinterface_ln0 = specinterface void @_ssdm_op_SpecInterface, i20 %a_out4, void @ap_fifo_str, i32 0, i32 0, void @p_str, i32 0, i32 0, void @p_str, void @p_str, void @p_str, i32 2, i32 2, i32 16, i32 16, void @p_str, void @ScalarProp_str"   --->   Operation 34 'specinterface' 'specinterface_ln0' <Predicate = true> <Delay = 0.00>
ST_1 : Operation 35 [1/1] (3.63ns)   --->   "%write_ln0 = write void @_ssdm_op_Write.ap_fifo.i20P0A, i20 %a_out4, i20 %a_read"   --->   Operation 35 'write' 'write_ln0' <Predicate = true> <Delay = 3.63> <CoreInst = "FIFO_SRL">   --->   Core 81 'FIFO_SRL' <Latency = 0> <II = 1> <Delay = 3.63> <Storage> <Opcode : 'read' 'write' 'nbread' 'nbwrite'> <Ports = 0> <Width = 20> <Depth = 2> <FIFO>
ST_1 : Operation 36 [1/1] (0.00ns)   --->   "%specinterface_ln0 = specinterface void @_ssdm_op_SpecInterface, i20 %c_out, void @ap_fifo_str, i32 0, i32 0, void @p_str, i32 0, i32 0, void @p_str, void @p_str, void @p_str, i32 2, i32 2, i32 16, i32 16, void @p_str, void @ScalarProp_str"   --->   Operation 36 'specinterface' 'specinterface_ln0' <Predicate = true> <Delay = 0.00>
ST_1 : Operation 37 [1/1] (3.63ns)   --->   "%write_ln0 = write void @_ssdm_op_Write.ap_fifo.i20P0A, i20 %c_out, i20 %c_read"   --->   Operation 37 'write' 'write_ln0' <Predicate = true> <Delay = 3.63> <CoreInst = "FIFO_SRL">   --->   Core 81 'FIFO_SRL' <Latency = 0> <II = 1> <Delay = 3.63> <Storage> <Opcode : 'read' 'write' 'nbread' 'nbwrite'> <Ports = 0> <Width = 20> <Depth = 2> <FIFO>
ST_1 : Operation 38 [1/1] (0.00ns)   --->   "%specinterface_ln0 = specinterface void @_ssdm_op_SpecInterface, i20 %c_out5, void @ap_fifo_str, i32 0, i32 0, void @p_str, i32 0, i32 0, void @p_str, void @p_str, void @p_str, i32 2, i32 2, i32 16, i32 16, void @p_str, void @ScalarProp_str"   --->   Operation 38 'specinterface' 'specinterface_ln0' <Predicate = true> <Delay = 0.00>
ST_1 : Operation 39 [1/1] (3.63ns)   --->   "%write_ln0 = write void @_ssdm_op_Write.ap_fifo.i20P0A, i20 %c_out5, i20 %c_read"   --->   Operation 39 'write' 'write_ln0' <Predicate = true> <Delay = 3.63> <CoreInst = "FIFO_SRL">   --->   Core 81 'FIFO_SRL' <Latency = 0> <II = 1> <Delay = 3.63> <Storage> <Opcode : 'read' 'write' 'nbread' 'nbwrite'> <Ports = 0> <Width = 20> <Depth = 2> <FIFO>
ST_1 : Operation 40 [1/1] (0.00ns)   --->   "%specinterface_ln0 = specinterface void @_ssdm_op_SpecInterface, i20 %b_out, void @ap_fifo_str, i32 0, i32 0, void @p_str, i32 0, i32 0, void @p_str, void @p_str, void @p_str, i32 2, i32 2, i32 16, i32 16, void @p_str, void @ScalarProp_str"   --->   Operation 40 'specinterface' 'specinterface_ln0' <Predicate = true> <Delay = 0.00>
ST_1 : Operation 41 [1/1] (3.63ns)   --->   "%write_ln0 = write void @_ssdm_op_Write.ap_fifo.i20P0A, i20 %b_out, i20 %b_read"   --->   Operation 41 'write' 'write_ln0' <Predicate = true> <Delay = 3.63> <CoreInst = "FIFO_SRL">   --->   Core 81 'FIFO_SRL' <Latency = 0> <II = 1> <Delay = 3.63> <Storage> <Opcode : 'read' 'write' 'nbread' 'nbwrite'> <Ports = 0> <Width = 20> <Depth = 2> <FIFO>
ST_1 : Operation 42 [1/1] (0.00ns)   --->   "%specinterface_ln0 = specinterface void @_ssdm_op_SpecInterface, i20 %b_out6, void @ap_fifo_str, i32 0, i32 0, void @p_str, i32 0, i32 0, void @p_str, void @p_str, void @p_str, i32 2, i32 2, i32 16, i32 16, void @p_str, void @ScalarProp_str"   --->   Operation 42 'specinterface' 'specinterface_ln0' <Predicate = true> <Delay = 0.00>
ST_1 : Operation 43 [1/1] (3.63ns)   --->   "%write_ln0 = write void @_ssdm_op_Write.ap_fifo.i20P0A, i20 %b_out6, i20 %b_read"   --->   Operation 43 'write' 'write_ln0' <Predicate = true> <Delay = 3.63> <CoreInst = "FIFO_SRL">   --->   Core 81 'FIFO_SRL' <Latency = 0> <II = 1> <Delay = 3.63> <Storage> <Opcode : 'read' 'write' 'nbread' 'nbwrite'> <Ports = 0> <Width = 20> <Depth = 2> <FIFO>
ST_1 : Operation 44 [1/1] (0.00ns)   --->   "%specinterface_ln0 = specinterface void @_ssdm_op_SpecInterface, i32 %m_out, void @ap_fifo_str, i32 0, i32 0, void @p_str, i32 0, i32 0, void @p_str, void @p_str, void @p_str, i32 2, i32 2, i32 16, i32 16, void @p_str, void @ScalarProp_str"   --->   Operation 44 'specinterface' 'specinterface_ln0' <Predicate = true> <Delay = 0.00>
ST_1 : Operation 45 [1/1] (3.63ns)   --->   "%write_ln0 = write void @_ssdm_op_Write.ap_fifo.i32P0A, i32 %m_out, i32 %m_read"   --->   Operation 45 'write' 'write_ln0' <Predicate = true> <Delay = 3.63> <CoreInst = "FIFO_SRL">   --->   Core 81 'FIFO_SRL' <Latency = 0> <II = 1> <Delay = 3.63> <Storage> <Opcode : 'read' 'write' 'nbread' 'nbwrite'> <Ports = 0> <Width = 32> <Depth = 2> <FIFO>
ST_1 : Operation 46 [1/1] (0.00ns)   --->   "%specinterface_ln0 = specinterface void @_ssdm_op_SpecInterface, i32 %m_out7, void @ap_fifo_str, i32 0, i32 0, void @p_str, i32 0, i32 0, void @p_str, void @p_str, void @p_str, i32 2, i32 2, i32 16, i32 16, void @p_str, void @ScalarProp_str"   --->   Operation 46 'specinterface' 'specinterface_ln0' <Predicate = true> <Delay = 0.00>
ST_1 : Operation 47 [1/1] (3.63ns)   --->   "%write_ln0 = write void @_ssdm_op_Write.ap_fifo.i32P0A, i32 %m_out7, i32 %m_read"   --->   Operation 47 'write' 'write_ln0' <Predicate = true> <Delay = 3.63> <CoreInst = "FIFO_SRL">   --->   Core 81 'FIFO_SRL' <Latency = 0> <II = 1> <Delay = 3.63> <Storage> <Opcode : 'read' 'write' 'nbread' 'nbwrite'> <Ports = 0> <Width = 32> <Depth = 2> <FIFO>
ST_1 : Operation 48 [1/1] (0.00ns)   --->   "%specinterface_ln0 = specinterface void @_ssdm_op_SpecInterface, i32 %trunc_ln69_out, void @ap_fifo_str, i32 0, i32 0, void @p_str, i32 0, i32 0, void @p_str, void @p_str, void @p_str, i32 2, i32 2, i32 16, i32 16, void @p_str, void @ScalarProp_str"   --->   Operation 48 'specinterface' 'specinterface_ln0' <Predicate = true> <Delay = 0.00>
ST_1 : Operation 49 [1/1] (3.63ns)   --->   "%write_ln0 = write void @_ssdm_op_Write.ap_fifo.i32P0A, i32 %trunc_ln69_out, i32 %trunc_ln69_read"   --->   Operation 49 'write' 'write_ln0' <Predicate = true> <Delay = 3.63> <CoreInst = "FIFO_SRL">   --->   Core 81 'FIFO_SRL' <Latency = 0> <II = 1> <Delay = 3.63> <Storage> <Opcode : 'read' 'write' 'nbread' 'nbwrite'> <Ports = 0> <Width = 32> <Depth = 2> <FIFO>
ST_1 : Operation 50 [1/1] (0.00ns)   --->   "%specinterface_ln0 = specinterface void @_ssdm_op_SpecInterface, i32 %trunc_ln69_out8, void @ap_fifo_str, i32 0, i32 0, void @p_str, i32 0, i32 0, void @p_str, void @p_str, void @p_str, i32 2, i32 2, i32 16, i32 16, void @p_str, void @ScalarProp_str"   --->   Operation 50 'specinterface' 'specinterface_ln0' <Predicate = true> <Delay = 0.00>
ST_1 : Operation 51 [1/1] (3.63ns)   --->   "%write_ln0 = write void @_ssdm_op_Write.ap_fifo.i32P0A, i32 %trunc_ln69_out8, i32 %trunc_ln69_read"   --->   Operation 51 'write' 'write_ln0' <Predicate = true> <Delay = 3.63> <CoreInst = "FIFO_SRL">   --->   Core 81 'FIFO_SRL' <Latency = 0> <II = 1> <Delay = 3.63> <Storage> <Opcode : 'read' 'write' 'nbread' 'nbwrite'> <Ports = 0> <Width = 32> <Depth = 2> <FIFO>
ST_1 : Operation 52 [1/1] (0.00ns)   --->   "%specinterface_ln0 = specinterface void @_ssdm_op_SpecInterface, i32 %mapchip_maxheight_out, void @ap_fifo_str, i32 0, i32 0, void @p_str, i32 0, i32 0, void @p_str, void @p_str, void @p_str, i32 2, i32 2, i32 16, i32 16, void @p_str, void @ScalarProp_str"   --->   Operation 52 'specinterface' 'specinterface_ln0' <Predicate = true> <Delay = 0.00>
ST_1 : Operation 53 [1/1] (3.63ns)   --->   "%write_ln0 = write void @_ssdm_op_Write.ap_fifo.i32P0A, i32 %mapchip_maxheight_out, i32 %mapchip_maxheight_read"   --->   Operation 53 'write' 'write_ln0' <Predicate = true> <Delay = 3.63> <CoreInst = "FIFO_SRL">   --->   Core 81 'FIFO_SRL' <Latency = 0> <II = 1> <Delay = 3.63> <Storage> <Opcode : 'read' 'write' 'nbread' 'nbwrite'> <Ports = 0> <Width = 32> <Depth = 2> <FIFO>
ST_1 : Operation 54 [1/1] (0.00ns)   --->   "%specinterface_ln0 = specinterface void @_ssdm_op_SpecInterface, i32 %mapchip_maxheight_out9, void @ap_fifo_str, i32 0, i32 0, void @p_str, i32 0, i32 0, void @p_str, void @p_str, void @p_str, i32 2, i32 2, i32 16, i32 16, void @p_str, void @ScalarProp_str"   --->   Operation 54 'specinterface' 'specinterface_ln0' <Predicate = true> <Delay = 0.00>
ST_1 : Operation 55 [1/1] (3.63ns)   --->   "%write_ln0 = write void @_ssdm_op_Write.ap_fifo.i32P0A, i32 %mapchip_maxheight_out9, i32 %mapchip_maxheight_read"   --->   Operation 55 'write' 'write_ln0' <Predicate = true> <Delay = 3.63> <CoreInst = "FIFO_SRL">   --->   Core 81 'FIFO_SRL' <Latency = 0> <II = 1> <Delay = 3.63> <Storage> <Opcode : 'read' 'write' 'nbread' 'nbwrite'> <Ports = 0> <Width = 32> <Depth = 2> <FIFO>
ST_1 : Operation 56 [1/1] (0.00ns)   --->   "%specinterface_ln0 = specinterface void @_ssdm_op_SpecInterface, i32 %n_out, void @ap_fifo_str, i32 0, i32 0, void @p_str, i32 0, i32 0, void @p_str, void @p_str, void @p_str, i32 2, i32 2, i32 16, i32 16, void @p_str, void @ScalarProp_str"   --->   Operation 56 'specinterface' 'specinterface_ln0' <Predicate = true> <Delay = 0.00>
ST_1 : Operation 57 [1/1] (3.63ns)   --->   "%write_ln0 = write void @_ssdm_op_Write.ap_fifo.i32P0A, i32 %n_out, i32 %n_read"   --->   Operation 57 'write' 'write_ln0' <Predicate = true> <Delay = 3.63> <CoreInst = "FIFO_SRL">   --->   Core 81 'FIFO_SRL' <Latency = 0> <II = 1> <Delay = 3.63> <Storage> <Opcode : 'read' 'write' 'nbread' 'nbwrite'> <Ports = 0> <Width = 32> <Depth = 2> <FIFO>
ST_1 : Operation 58 [1/1] (0.00ns)   --->   "%specinterface_ln0 = specinterface void @_ssdm_op_SpecInterface, i32 %n_out10, void @ap_fifo_str, i32 0, i32 0, void @p_str, i32 0, i32 0, void @p_str, void @p_str, void @p_str, i32 2, i32 2, i32 16, i32 16, void @p_str, void @ScalarProp_str"   --->   Operation 58 'specinterface' 'specinterface_ln0' <Predicate = true> <Delay = 0.00>
ST_1 : Operation 59 [1/1] (3.63ns)   --->   "%write_ln0 = write void @_ssdm_op_Write.ap_fifo.i32P0A, i32 %n_out10, i32 %n_read"   --->   Operation 59 'write' 'write_ln0' <Predicate = true> <Delay = 3.63> <CoreInst = "FIFO_SRL">   --->   Core 81 'FIFO_SRL' <Latency = 0> <II = 1> <Delay = 3.63> <Storage> <Opcode : 'read' 'write' 'nbread' 'nbwrite'> <Ports = 0> <Width = 32> <Depth = 2> <FIFO>
ST_1 : Operation 60 [1/1] (0.00ns)   --->   "%specinterface_ln0 = specinterface void @_ssdm_op_SpecInterface, i32 %id_out, void @ap_fifo_str, i32 0, i32 0, void @p_str, i32 0, i32 0, void @p_str, void @p_str, void @p_str, i32 2, i32 2, i32 16, i32 16, void @p_str, void @ScalarProp_str"   --->   Operation 60 'specinterface' 'specinterface_ln0' <Predicate = true> <Delay = 0.00>
ST_1 : Operation 61 [1/1] (3.63ns)   --->   "%write_ln0 = write void @_ssdm_op_Write.ap_fifo.i32P0A, i32 %id_out, i32 %id_read"   --->   Operation 61 'write' 'write_ln0' <Predicate = true> <Delay = 3.63> <CoreInst = "FIFO_SRL">   --->   Core 81 'FIFO_SRL' <Latency = 0> <II = 1> <Delay = 3.63> <Storage> <Opcode : 'read' 'write' 'nbread' 'nbwrite'> <Ports = 0> <Width = 32> <Depth = 2> <FIFO>
ST_1 : Operation 62 [1/1] (0.00ns)   --->   "%specinterface_ln0 = specinterface void @_ssdm_op_SpecInterface, i32 %ystart_pos_out, void @ap_fifo_str, i32 0, i32 0, void @p_str, i32 0, i32 0, void @p_str, void @p_str, void @p_str, i32 2, i32 2, i32 16, i32 16, void @p_str, void @ScalarProp_str"   --->   Operation 62 'specinterface' 'specinterface_ln0' <Predicate = true> <Delay = 0.00>
ST_1 : Operation 63 [1/1] (3.63ns)   --->   "%write_ln0 = write void @_ssdm_op_Write.ap_fifo.i32P0A, i32 %ystart_pos_out, i32 %ystart_pos_read"   --->   Operation 63 'write' 'write_ln0' <Predicate = true> <Delay = 3.63> <CoreInst = "FIFO_SRL">   --->   Core 81 'FIFO_SRL' <Latency = 0> <II = 1> <Delay = 3.63> <Storage> <Opcode : 'read' 'write' 'nbread' 'nbwrite'> <Ports = 0> <Width = 32> <Depth = 2> <FIFO>
ST_1 : Operation 64 [1/1] (0.00ns)   --->   "%specinterface_ln0 = specinterface void @_ssdm_op_SpecInterface, i32 %xstart_pos_out, void @ap_fifo_str, i32 0, i32 0, void @p_str, i32 0, i32 0, void @p_str, void @p_str, void @p_str, i32 2, i32 2, i32 16, i32 16, void @p_str, void @ScalarProp_str"   --->   Operation 64 'specinterface' 'specinterface_ln0' <Predicate = true> <Delay = 0.00>
ST_1 : Operation 65 [1/1] (3.63ns)   --->   "%write_ln0 = write void @_ssdm_op_Write.ap_fifo.i32P0A, i32 %xstart_pos_out, i32 %xstart_pos_read"   --->   Operation 65 'write' 'write_ln0' <Predicate = true> <Delay = 3.63> <CoreInst = "FIFO_SRL">   --->   Core 81 'FIFO_SRL' <Latency = 0> <II = 1> <Delay = 3.63> <Storage> <Opcode : 'read' 'write' 'nbread' 'nbwrite'> <Ports = 0> <Width = 32> <Depth = 2> <FIFO>
ST_1 : Operation 66 [1/1] (0.00ns)   --->   "%specinterface_ln0 = specinterface void @_ssdm_op_SpecInterface, i64 %srcin_out, void @ap_fifo_str, i32 0, i32 0, void @p_str, i32 0, i32 0, void @p_str, void @p_str, void @p_str, i32 2, i32 2, i32 16, i32 16, void @p_str, void @ScalarProp_str"   --->   Operation 66 'specinterface' 'specinterface_ln0' <Predicate = true> <Delay = 0.00>
ST_1 : Operation 67 [1/1] (3.63ns)   --->   "%write_ln0 = write void @_ssdm_op_Write.ap_fifo.i64P0A, i64 %srcin_out, i64 %srcin_read"   --->   Operation 67 'write' 'write_ln0' <Predicate = true> <Delay = 3.63> <CoreInst = "FIFO_SRL">   --->   Core 81 'FIFO_SRL' <Latency = 0> <II = 1> <Delay = 3.63> <Storage> <Opcode : 'read' 'write' 'nbread' 'nbwrite'> <Ports = 0> <Width = 64> <Depth = 2> <FIFO>
ST_1 : Operation 68 [1/1] (0.00ns)   --->   "%specinterface_ln0 = specinterface void @_ssdm_op_SpecInterface, i32 %frame_size_out, void @ap_fifo_str, i32 0, i32 0, void @p_str, i32 0, i32 0, void @p_str, void @p_str, void @p_str, i32 2, i32 2, i32 16, i32 16, void @p_str, void @ScalarProp_str"   --->   Operation 68 'specinterface' 'specinterface_ln0' <Predicate = true> <Delay = 0.00>
ST_1 : Operation 69 [1/1] (3.63ns)   --->   "%write_ln0 = write void @_ssdm_op_Write.ap_fifo.i32P0A, i32 %frame_size_out, i32 %frame_size_read"   --->   Operation 69 'write' 'write_ln0' <Predicate = true> <Delay = 3.63> <CoreInst = "FIFO_SRL">   --->   Core 81 'FIFO_SRL' <Latency = 0> <II = 1> <Delay = 3.63> <Storage> <Opcode : 'read' 'write' 'nbread' 'nbwrite'> <Ports = 0> <Width = 32> <Depth = 2> <FIFO>
ST_1 : Operation 70 [1/1] (0.00ns)   --->   "%specinterface_ln0 = specinterface void @_ssdm_op_SpecInterface, i32 %frame_size_out11, void @ap_fifo_str, i32 0, i32 0, void @p_str, i32 0, i32 0, void @p_str, void @p_str, void @p_str, i32 2, i32 2, i32 16, i32 16, void @p_str, void @ScalarProp_str"   --->   Operation 70 'specinterface' 'specinterface_ln0' <Predicate = true> <Delay = 0.00>
ST_1 : Operation 71 [1/1] (3.63ns)   --->   "%write_ln0 = write void @_ssdm_op_Write.ap_fifo.i32P0A, i32 %frame_size_out11, i32 %frame_size_read"   --->   Operation 71 'write' 'write_ln0' <Predicate = true> <Delay = 3.63> <CoreInst = "FIFO_SRL">   --->   Core 81 'FIFO_SRL' <Latency = 0> <II = 1> <Delay = 3.63> <Storage> <Opcode : 'read' 'write' 'nbread' 'nbwrite'> <Ports = 0> <Width = 32> <Depth = 3> <FIFO>
ST_1 : Operation 72 [1/1] (0.00ns)   --->   "%specinterface_ln0 = specinterface void @_ssdm_op_SpecInterface, i64 %dstin_out, void @ap_fifo_str, i32 0, i32 0, void @p_str, i32 0, i32 0, void @p_str, void @p_str, void @p_str, i32 2, i32 2, i32 16, i32 16, void @p_str, void @ScalarProp_str"   --->   Operation 72 'specinterface' 'specinterface_ln0' <Predicate = true> <Delay = 0.00>
ST_1 : Operation 73 [1/1] (3.63ns)   --->   "%write_ln0 = write void @_ssdm_op_Write.ap_fifo.i64P0A, i64 %dstin_out, i64 %dstin_read"   --->   Operation 73 'write' 'write_ln0' <Predicate = true> <Delay = 3.63> <CoreInst = "FIFO_SRL">   --->   Core 81 'FIFO_SRL' <Latency = 0> <II = 1> <Delay = 3.63> <Storage> <Opcode : 'read' 'write' 'nbread' 'nbwrite'> <Ports = 0> <Width = 64> <Depth = 2> <FIFO>
ST_1 : Operation 74 [1/1] (0.00ns)   --->   "%specinterface_ln0 = specinterface void @_ssdm_op_SpecInterface, i8 %alpha_out, void @ap_fifo_str, i32 0, i32 0, void @p_str, i32 0, i32 0, void @p_str, void @p_str, void @p_str, i32 2, i32 2, i32 16, i32 16, void @p_str, void @ScalarProp_str"   --->   Operation 74 'specinterface' 'specinterface_ln0' <Predicate = true> <Delay = 0.00>
ST_1 : Operation 75 [1/1] (3.63ns)   --->   "%write_ln0 = write void @_ssdm_op_Write.ap_fifo.i8P0A, i8 %alpha_out, i8 %alpha_read"   --->   Operation 75 'write' 'write_ln0' <Predicate = true> <Delay = 3.63> <CoreInst = "FIFO_SRL">   --->   Core 81 'FIFO_SRL' <Latency = 0> <II = 1> <Delay = 3.63> <Storage> <Opcode : 'read' 'write' 'nbread' 'nbwrite'> <Ports = 0> <Width = 8> <Depth = 3> <FIFO>
ST_1 : Operation 76 [1/1] (0.00ns)   --->   "%specinterface_ln0 = specinterface void @_ssdm_op_SpecInterface, i64 %dstout_out, void @ap_fifo_str, i32 0, i32 0, void @p_str, i32 0, i32 0, void @p_str, void @p_str, void @p_str, i32 2, i32 2, i32 16, i32 16, void @p_str, void @ScalarProp_str"   --->   Operation 76 'specinterface' 'specinterface_ln0' <Predicate = true> <Delay = 0.00>
ST_1 : Operation 77 [1/1] (3.63ns)   --->   "%write_ln0 = write void @_ssdm_op_Write.ap_fifo.i64P0A, i64 %dstout_out, i64 %dstout_read"   --->   Operation 77 'write' 'write_ln0' <Predicate = true> <Delay = 3.63> <CoreInst = "FIFO_SRL">   --->   Core 81 'FIFO_SRL' <Latency = 0> <II = 1> <Delay = 3.63> <Storage> <Opcode : 'read' 'write' 'nbread' 'nbwrite'> <Ports = 0> <Width = 64> <Depth = 3> <FIFO>
ST_1 : Operation 78 [1/1] (0.00ns)   --->   "%ret_ln0 = ret"   --->   Operation 78 'ret' 'ret_ln0' <Predicate = true> <Delay = 0.00>


============================================================
+ Verbose Summary: Binding
============================================================
STG Binding: 
---------------- STG Properties BEGIN ----------------
- Is combinational: 0
- Is one-state seq: 1
- Is datapath-only: 0
- Is pipelined: 0
- Is top level: 0
Port [ Return ] is wired: 1; IO mode=ap_ctrl_hs:ce=0
Port [ mapchip_draw_xsize]:  wired=1; compound=0; hidden=0; nouse=0; global=0; static=0; extern=0; dir=0; type=0; pingpong=0; private_global=0; IO mode=ap_none:ce=0
Port [ mapchip_maxwidth]:  wired=1; compound=0; hidden=0; nouse=0; global=0; static=0; extern=0; dir=0; type=0; pingpong=0; private_global=0; IO mode=ap_none:ce=0
Port [ d]:  wired=1; compound=0; hidden=0; nouse=0; global=0; static=0; extern=0; dir=0; type=0; pingpong=0; private_global=0; IO mode=ap_none:ce=0
Port [ a]:  wired=1; compound=0; hidden=0; nouse=0; global=0; static=0; extern=0; dir=0; type=0; pingpong=0; private_global=0; IO mode=ap_none:ce=0
Port [ c]:  wired=1; compound=0; hidden=0; nouse=0; global=0; static=0; extern=0; dir=0; type=0; pingpong=0; private_global=0; IO mode=ap_none:ce=0
Port [ b]:  wired=1; compound=0; hidden=0; nouse=0; global=0; static=0; extern=0; dir=0; type=0; pingpong=0; private_global=0; IO mode=ap_none:ce=0
Port [ m]:  wired=1; compound=0; hidden=0; nouse=0; global=0; static=0; extern=0; dir=0; type=0; pingpong=0; private_global=0; IO mode=ap_none:ce=0
Port [ trunc_ln69]:  wired=1; compound=0; hidden=0; nouse=0; global=0; static=0; extern=0; dir=0; type=0; pingpong=0; private_global=0; IO mode=ap_none:ce=0
Port [ mapchip_maxheight]:  wired=1; compound=0; hidden=0; nouse=0; global=0; static=0; extern=0; dir=0; type=0; pingpong=0; private_global=0; IO mode=ap_none:ce=0
Port [ n]:  wired=1; compound=0; hidden=0; nouse=0; global=0; static=0; extern=0; dir=0; type=0; pingpong=0; private_global=0; IO mode=ap_none:ce=0
Port [ id]:  wired=1; compound=0; hidden=0; nouse=0; global=0; static=0; extern=0; dir=0; type=0; pingpong=0; private_global=0; IO mode=ap_none:ce=0
Port [ ystart_pos]:  wired=1; compound=0; hidden=0; nouse=0; global=0; static=0; extern=0; dir=0; type=0; pingpong=0; private_global=0; IO mode=ap_none:ce=0
Port [ xstart_pos]:  wired=1; compound=0; hidden=0; nouse=0; global=0; static=0; extern=0; dir=0; type=0; pingpong=0; private_global=0; IO mode=ap_none:ce=0
Port [ srcin]:  wired=1; compound=0; hidden=0; nouse=0; global=0; static=0; extern=0; dir=0; type=0; pingpong=0; private_global=0; IO mode=ap_none:ce=0
Port [ frame_size]:  wired=1; compound=0; hidden=0; nouse=0; global=0; static=0; extern=0; dir=0; type=0; pingpong=0; private_global=0; IO mode=ap_none:ce=0
Port [ dstin]:  wired=1; compound=0; hidden=0; nouse=0; global=0; static=0; extern=0; dir=0; type=0; pingpong=0; private_global=0; IO mode=ap_none:ce=0
Port [ alpha]:  wired=1; compound=0; hidden=0; nouse=0; global=0; static=0; extern=0; dir=0; type=0; pingpong=0; private_global=0; IO mode=ap_none:ce=0
Port [ dstout]:  wired=1; compound=0; hidden=0; nouse=0; global=0; static=0; extern=0; dir=0; type=0; pingpong=0; private_global=0; IO mode=ap_none:ce=0
Port [ mapchip_draw_xsize_out]:  wired=1; compound=1; hidden=0; nouse=0; global=0; static=0; extern=0; dir=1; type=3; pingpong=0; private_global=0; IO mode=ap_fifo:ce=0
Port [ mapchip_draw_xsize_out1]:  wired=1; compound=1; hidden=0; nouse=0; global=0; static=0; extern=0; dir=1; type=3; pingpong=0; private_global=0; IO mode=ap_fifo:ce=0
Port [ mapchip_maxwidth_out]:  wired=1; compound=1; hidden=0; nouse=0; global=0; static=0; extern=0; dir=1; type=3; pingpong=0; private_global=0; IO mode=ap_fifo:ce=0
Port [ mapchip_maxwidth_out2]:  wired=1; compound=1; hidden=0; nouse=0; global=0; static=0; extern=0; dir=1; type=3; pingpong=0; private_global=0; IO mode=ap_fifo:ce=0
Port [ d_out]:  wired=1; compound=1; hidden=0; nouse=0; global=0; static=0; extern=0; dir=1; type=3; pingpong=0; private_global=0; IO mode=ap_fifo:ce=0
Port [ d_out3]:  wired=1; compound=1; hidden=0; nouse=0; global=0; static=0; extern=0; dir=1; type=3; pingpong=0; private_global=0; IO mode=ap_fifo:ce=0
Port [ a_out]:  wired=1; compound=1; hidden=0; nouse=0; global=0; static=0; extern=0; dir=1; type=3; pingpong=0; private_global=0; IO mode=ap_fifo:ce=0
Port [ a_out4]:  wired=1; compound=1; hidden=0; nouse=0; global=0; static=0; extern=0; dir=1; type=3; pingpong=0; private_global=0; IO mode=ap_fifo:ce=0
Port [ c_out]:  wired=1; compound=1; hidden=0; nouse=0; global=0; static=0; extern=0; dir=1; type=3; pingpong=0; private_global=0; IO mode=ap_fifo:ce=0
Port [ c_out5]:  wired=1; compound=1; hidden=0; nouse=0; global=0; static=0; extern=0; dir=1; type=3; pingpong=0; private_global=0; IO mode=ap_fifo:ce=0
Port [ b_out]:  wired=1; compound=1; hidden=0; nouse=0; global=0; static=0; extern=0; dir=1; type=3; pingpong=0; private_global=0; IO mode=ap_fifo:ce=0
Port [ b_out6]:  wired=1; compound=1; hidden=0; nouse=0; global=0; static=0; extern=0; dir=1; type=3; pingpong=0; private_global=0; IO mode=ap_fifo:ce=0
Port [ m_out]:  wired=1; compound=1; hidden=0; nouse=0; global=0; static=0; extern=0; dir=1; type=3; pingpong=0; private_global=0; IO mode=ap_fifo:ce=0
Port [ m_out7]:  wired=1; compound=1; hidden=0; nouse=0; global=0; static=0; extern=0; dir=1; type=3; pingpong=0; private_global=0; IO mode=ap_fifo:ce=0
Port [ trunc_ln69_out]:  wired=1; compound=1; hidden=0; nouse=0; global=0; static=0; extern=0; dir=1; type=3; pingpong=0; private_global=0; IO mode=ap_fifo:ce=0
Port [ trunc_ln69_out8]:  wired=1; compound=1; hidden=0; nouse=0; global=0; static=0; extern=0; dir=1; type=3; pingpong=0; private_global=0; IO mode=ap_fifo:ce=0
Port [ mapchip_maxheight_out]:  wired=1; compound=1; hidden=0; nouse=0; global=0; static=0; extern=0; dir=1; type=3; pingpong=0; private_global=0; IO mode=ap_fifo:ce=0
Port [ mapchip_maxheight_out9]:  wired=1; compound=1; hidden=0; nouse=0; global=0; static=0; extern=0; dir=1; type=3; pingpong=0; private_global=0; IO mode=ap_fifo:ce=0
Port [ n_out]:  wired=1; compound=1; hidden=0; nouse=0; global=0; static=0; extern=0; dir=1; type=3; pingpong=0; private_global=0; IO mode=ap_fifo:ce=0
Port [ n_out10]:  wired=1; compound=1; hidden=0; nouse=0; global=0; static=0; extern=0; dir=1; type=3; pingpong=0; private_global=0; IO mode=ap_fifo:ce=0
Port [ id_out]:  wired=1; compound=1; hidden=0; nouse=0; global=0; static=0; extern=0; dir=1; type=3; pingpong=0; private_global=0; IO mode=ap_fifo:ce=0
Port [ ystart_pos_out]:  wired=1; compound=1; hidden=0; nouse=0; global=0; static=0; extern=0; dir=1; type=3; pingpong=0; private_global=0; IO mode=ap_fifo:ce=0
Port [ xstart_pos_out]:  wired=1; compound=1; hidden=0; nouse=0; global=0; static=0; extern=0; dir=1; type=3; pingpong=0; private_global=0; IO mode=ap_fifo:ce=0
Port [ srcin_out]:  wired=1; compound=1; hidden=0; nouse=0; global=0; static=0; extern=0; dir=1; type=3; pingpong=0; private_global=0; IO mode=ap_fifo:ce=0
Port [ frame_size_out]:  wired=1; compound=1; hidden=0; nouse=0; global=0; static=0; extern=0; dir=1; type=3; pingpong=0; private_global=0; IO mode=ap_fifo:ce=0
Port [ frame_size_out11]:  wired=1; compound=1; hidden=0; nouse=0; global=0; static=0; extern=0; dir=1; type=3; pingpong=0; private_global=0; IO mode=ap_fifo:ce=0
Port [ dstin_out]:  wired=1; compound=1; hidden=0; nouse=0; global=0; static=0; extern=0; dir=1; type=3; pingpong=0; private_global=0; IO mode=ap_fifo:ce=0
Port [ alpha_out]:  wired=1; compound=1; hidden=0; nouse=0; global=0; static=0; extern=0; dir=1; type=3; pingpong=0; private_global=0; IO mode=ap_fifo:ce=0
Port [ dstout_out]:  wired=1; compound=1; hidden=0; nouse=0; global=0; static=0; extern=0; dir=1; type=3; pingpong=0; private_global=0; IO mode=ap_fifo:ce=0
---------------- STG Properties END ------------------

---------------- Datapath Model BEGIN ----------------

<LifeTime>
<method=bitvector/>
specinterface_ln0       (specinterface) [ 00]
dstout_read             (read         ) [ 00]
alpha_read              (read         ) [ 00]
dstin_read              (read         ) [ 00]
frame_size_read         (read         ) [ 00]
srcin_read              (read         ) [ 00]
xstart_pos_read         (read         ) [ 00]
ystart_pos_read         (read         ) [ 00]
id_read                 (read         ) [ 00]
n_read                  (read         ) [ 00]
mapchip_maxheight_read  (read         ) [ 00]
trunc_ln69_read         (read         ) [ 00]
m_read                  (read         ) [ 00]
b_read                  (read         ) [ 00]
c_read                  (read         ) [ 00]
a_read                  (read         ) [ 00]
d_read                  (read         ) [ 00]
mapchip_maxwidth_read   (read         ) [ 00]
mapchip_draw_xsize_read (read         ) [ 00]
write_ln0               (write        ) [ 00]
specinterface_ln0       (specinterface) [ 00]
write_ln0               (write        ) [ 00]
specinterface_ln0       (specinterface) [ 00]
write_ln0               (write        ) [ 00]
specinterface_ln0       (specinterface) [ 00]
write_ln0               (write        ) [ 00]
specinterface_ln0       (specinterface) [ 00]
write_ln0               (write        ) [ 00]
specinterface_ln0       (specinterface) [ 00]
write_ln0               (write        ) [ 00]
specinterface_ln0       (specinterface) [ 00]
write_ln0               (write        ) [ 00]
specinterface_ln0       (specinterface) [ 00]
write_ln0               (write        ) [ 00]
specinterface_ln0       (specinterface) [ 00]
write_ln0               (write        ) [ 00]
specinterface_ln0       (specinterface) [ 00]
write_ln0               (write        ) [ 00]
specinterface_ln0       (specinterface) [ 00]
write_ln0               (write        ) [ 00]
specinterface_ln0       (specinterface) [ 00]
write_ln0               (write        ) [ 00]
specinterface_ln0       (specinterface) [ 00]
write_ln0               (write        ) [ 00]
specinterface_ln0       (specinterface) [ 00]
write_ln0               (write        ) [ 00]
specinterface_ln0       (specinterface) [ 00]
write_ln0               (write        ) [ 00]
specinterface_ln0       (specinterface) [ 00]
write_ln0               (write        ) [ 00]
specinterface_ln0       (specinterface) [ 00]
write_ln0               (write        ) [ 00]
specinterface_ln0       (specinterface) [ 00]
write_ln0               (write        ) [ 00]
specinterface_ln0       (specinterface) [ 00]
write_ln0               (write        ) [ 00]
specinterface_ln0       (specinterface) [ 00]
write_ln0               (write        ) [ 00]
specinterface_ln0       (specinterface) [ 00]
write_ln0               (write        ) [ 00]
specinterface_ln0       (specinterface) [ 00]
write_ln0               (write        ) [ 00]
specinterface_ln0       (specinterface) [ 00]
write_ln0               (write        ) [ 00]
specinterface_ln0       (specinterface) [ 00]
write_ln0               (write        ) [ 00]
specinterface_ln0       (specinterface) [ 00]
write_ln0               (write        ) [ 00]
specinterface_ln0       (specinterface) [ 00]
write_ln0               (write        ) [ 00]
specinterface_ln0       (specinterface) [ 00]
write_ln0               (write        ) [ 00]
specinterface_ln0       (specinterface) [ 00]
write_ln0               (write        ) [ 00]
specinterface_ln0       (specinterface) [ 00]
write_ln0               (write        ) [ 00]
ret_ln0                 (ret          ) [ 00]
</LifeTime>

<model>

<comp_list>
<comp id="0" class="1000" name="mapchip_draw_xsize">
<pin_list>
<pin id="1" dir="1" index="0" bw="1" slack="0"/>
</pin_list>
<bind>
<StgValue><ssdm name="mapchip_draw_xsize"/></StgValue>
</bind>
</comp>

<comp id="2" class="1000" name="mapchip_maxwidth">
<pin_list>
<pin id="3" dir="1" index="0" bw="1" slack="0"/>
</pin_list>
<bind>
<StgValue><ssdm name="mapchip_maxwidth"/></StgValue>
</bind>
</comp>

<comp id="4" class="1000" name="d">
<pin_list>
<pin id="5" dir="1" index="0" bw="1" slack="0"/>
</pin_list>
<bind>
<StgValue><ssdm name="d"/></StgValue>
</bind>
</comp>

<comp id="6" class="1000" name="a">
<pin_list>
<pin id="7" dir="1" index="0" bw="1" slack="0"/>
</pin_list>
<bind>
<StgValue><ssdm name="a"/></StgValue>
</bind>
</comp>

<comp id="8" class="1000" name="c">
<pin_list>
<pin id="9" dir="1" index="0" bw="1" slack="0"/>
</pin_list>
<bind>
<StgValue><ssdm name="c"/></StgValue>
</bind>
</comp>

<comp id="10" class="1000" name="b">
<pin_list>
<pin id="11" dir="1" index="0" bw="1" slack="0"/>
</pin_list>
<bind>
<StgValue><ssdm name="b"/></StgValue>
</bind>
</comp>

<comp id="12" class="1000" name="m">
<pin_list>
<pin id="13" dir="1" index="0" bw="1" slack="0"/>
</pin_list>
<bind>
<StgValue><ssdm name="m"/></StgValue>
</bind>
</comp>

<comp id="14" class="1000" name="trunc_ln69">
<pin_list>
<pin id="15" dir="1" index="0" bw="1" slack="0"/>
</pin_list>
<bind>
<StgValue><ssdm name="trunc_ln69"/></StgValue>
</bind>
</comp>

<comp id="16" class="1000" name="mapchip_maxheight">
<pin_list>
<pin id="17" dir="1" index="0" bw="1" slack="0"/>
</pin_list>
<bind>
<StgValue><ssdm name="mapchip_maxheight"/></StgValue>
</bind>
</comp>

<comp id="18" class="1000" name="n">
<pin_list>
<pin id="19" dir="1" index="0" bw="1" slack="0"/>
</pin_list>
<bind>
<StgValue><ssdm name="n"/></StgValue>
</bind>
</comp>

<comp id="20" class="1000" name="id">
<pin_list>
<pin id="21" dir="1" index="0" bw="1" slack="0"/>
</pin_list>
<bind>
<StgValue><ssdm name="id"/></StgValue>
</bind>
</comp>

<comp id="22" class="1000" name="ystart_pos">
<pin_list>
<pin id="23" dir="1" index="0" bw="1" slack="0"/>
</pin_list>
<bind>
<StgValue><ssdm name="ystart_pos"/></StgValue>
</bind>
</comp>

<comp id="24" class="1000" name="xstart_pos">
<pin_list>
<pin id="25" dir="1" index="0" bw="1" slack="0"/>
</pin_list>
<bind>
<StgValue><ssdm name="xstart_pos"/></StgValue>
</bind>
</comp>

<comp id="26" class="1000" name="srcin">
<pin_list>
<pin id="27" dir="1" index="0" bw="1" slack="0"/>
</pin_list>
<bind>
<StgValue><ssdm name="srcin"/></StgValue>
</bind>
</comp>

<comp id="28" class="1000" name="frame_size">
<pin_list>
<pin id="29" dir="1" index="0" bw="1" slack="0"/>
</pin_list>
<bind>
<StgValue><ssdm name="frame_size"/></StgValue>
</bind>
</comp>

<comp id="30" class="1000" name="dstin">
<pin_list>
<pin id="31" dir="1" index="0" bw="1" slack="0"/>
</pin_list>
<bind>
<StgValue><ssdm name="dstin"/></StgValue>
</bind>
</comp>

<comp id="32" class="1000" name="alpha">
<pin_list>
<pin id="33" dir="1" index="0" bw="1" slack="0"/>
</pin_list>
<bind>
<StgValue><ssdm name="alpha"/></StgValue>
</bind>
</comp>

<comp id="34" class="1000" name="dstout">
<pin_list>
<pin id="35" dir="1" index="0" bw="1" slack="0"/>
</pin_list>
<bind>
<StgValue><ssdm name="dstout"/></StgValue>
</bind>
</comp>

<comp id="36" class="1000" name="mapchip_draw_xsize_out">
<pin_list>
<pin id="37" dir="1" index="0" bw="1" slack="0"/>
</pin_list>
<bind>
<StgValue><ssdm name="mapchip_draw_xsize_out"/></StgValue>
</bind>
</comp>

<comp id="38" class="1000" name="mapchip_draw_xsize_out1">
<pin_list>
<pin id="39" dir="1" index="0" bw="1" slack="0"/>
</pin_list>
<bind>
<StgValue><ssdm name="mapchip_draw_xsize_out1"/></StgValue>
</bind>
</comp>

<comp id="40" class="1000" name="mapchip_maxwidth_out">
<pin_list>
<pin id="41" dir="1" index="0" bw="1" slack="0"/>
</pin_list>
<bind>
<StgValue><ssdm name="mapchip_maxwidth_out"/></StgValue>
</bind>
</comp>

<comp id="42" class="1000" name="mapchip_maxwidth_out2">
<pin_list>
<pin id="43" dir="1" index="0" bw="1" slack="0"/>
</pin_list>
<bind>
<StgValue><ssdm name="mapchip_maxwidth_out2"/></StgValue>
</bind>
</comp>

<comp id="44" class="1000" name="d_out">
<pin_list>
<pin id="45" dir="1" index="0" bw="1" slack="0"/>
</pin_list>
<bind>
<StgValue><ssdm name="d_out"/></StgValue>
</bind>
</comp>

<comp id="46" class="1000" name="d_out3">
<pin_list>
<pin id="47" dir="1" index="0" bw="1" slack="0"/>
</pin_list>
<bind>
<StgValue><ssdm name="d_out3"/></StgValue>
</bind>
</comp>

<comp id="48" class="1000" name="a_out">
<pin_list>
<pin id="49" dir="1" index="0" bw="1" slack="0"/>
</pin_list>
<bind>
<StgValue><ssdm name="a_out"/></StgValue>
</bind>
</comp>

<comp id="50" class="1000" name="a_out4">
<pin_list>
<pin id="51" dir="1" index="0" bw="1" slack="0"/>
</pin_list>
<bind>
<StgValue><ssdm name="a_out4"/></StgValue>
</bind>
</comp>

<comp id="52" class="1000" name="c_out">
<pin_list>
<pin id="53" dir="1" index="0" bw="1" slack="0"/>
</pin_list>
<bind>
<StgValue><ssdm name="c_out"/></StgValue>
</bind>
</comp>

<comp id="54" class="1000" name="c_out5">
<pin_list>
<pin id="55" dir="1" index="0" bw="1" slack="0"/>
</pin_list>
<bind>
<StgValue><ssdm name="c_out5"/></StgValue>
</bind>
</comp>

<comp id="56" class="1000" name="b_out">
<pin_list>
<pin id="57" dir="1" index="0" bw="1" slack="0"/>
</pin_list>
<bind>
<StgValue><ssdm name="b_out"/></StgValue>
</bind>
</comp>

<comp id="58" class="1000" name="b_out6">
<pin_list>
<pin id="59" dir="1" index="0" bw="1" slack="0"/>
</pin_list>
<bind>
<StgValue><ssdm name="b_out6"/></StgValue>
</bind>
</comp>

<comp id="60" class="1000" name="m_out">
<pin_list>
<pin id="61" dir="1" index="0" bw="1" slack="0"/>
</pin_list>
<bind>
<StgValue><ssdm name="m_out"/></StgValue>
</bind>
</comp>

<comp id="62" class="1000" name="m_out7">
<pin_list>
<pin id="63" dir="1" index="0" bw="1" slack="0"/>
</pin_list>
<bind>
<StgValue><ssdm name="m_out7"/></StgValue>
</bind>
</comp>

<comp id="64" class="1000" name="trunc_ln69_out">
<pin_list>
<pin id="65" dir="1" index="0" bw="1" slack="0"/>
</pin_list>
<bind>
<StgValue><ssdm name="trunc_ln69_out"/></StgValue>
</bind>
</comp>

<comp id="66" class="1000" name="trunc_ln69_out8">
<pin_list>
<pin id="67" dir="1" index="0" bw="1" slack="0"/>
</pin_list>
<bind>
<StgValue><ssdm name="trunc_ln69_out8"/></StgValue>
</bind>
</comp>

<comp id="68" class="1000" name="mapchip_maxheight_out">
<pin_list>
<pin id="69" dir="1" index="0" bw="1" slack="0"/>
</pin_list>
<bind>
<StgValue><ssdm name="mapchip_maxheight_out"/></StgValue>
</bind>
</comp>

<comp id="70" class="1000" name="mapchip_maxheight_out9">
<pin_list>
<pin id="71" dir="1" index="0" bw="1" slack="0"/>
</pin_list>
<bind>
<StgValue><ssdm name="mapchip_maxheight_out9"/></StgValue>
</bind>
</comp>

<comp id="72" class="1000" name="n_out">
<pin_list>
<pin id="73" dir="1" index="0" bw="1" slack="0"/>
</pin_list>
<bind>
<StgValue><ssdm name="n_out"/></StgValue>
</bind>
</comp>

<comp id="74" class="1000" name="n_out10">
<pin_list>
<pin id="75" dir="1" index="0" bw="1" slack="0"/>
</pin_list>
<bind>
<StgValue><ssdm name="n_out10"/></StgValue>
</bind>
</comp>

<comp id="76" class="1000" name="id_out">
<pin_list>
<pin id="77" dir="1" index="0" bw="1" slack="0"/>
</pin_list>
<bind>
<StgValue><ssdm name="id_out"/></StgValue>
</bind>
</comp>

<comp id="78" class="1000" name="ystart_pos_out">
<pin_list>
<pin id="79" dir="1" index="0" bw="1" slack="0"/>
</pin_list>
<bind>
<StgValue><ssdm name="ystart_pos_out"/></StgValue>
</bind>
</comp>

<comp id="80" class="1000" name="xstart_pos_out">
<pin_list>
<pin id="81" dir="1" index="0" bw="1" slack="0"/>
</pin_list>
<bind>
<StgValue><ssdm name="xstart_pos_out"/></StgValue>
</bind>
</comp>

<comp id="82" class="1000" name="srcin_out">
<pin_list>
<pin id="83" dir="1" index="0" bw="1" slack="0"/>
</pin_list>
<bind>
<StgValue><ssdm name="srcin_out"/></StgValue>
</bind>
</comp>

<comp id="84" class="1000" name="frame_size_out">
<pin_list>
<pin id="85" dir="1" index="0" bw="1" slack="0"/>
</pin_list>
<bind>
<StgValue><ssdm name="frame_size_out"/></StgValue>
</bind>
</comp>

<comp id="86" class="1000" name="frame_size_out11">
<pin_list>
<pin id="87" dir="1" index="0" bw="1" slack="0"/>
</pin_list>
<bind>
<StgValue><ssdm name="frame_size_out11"/></StgValue>
</bind>
</comp>

<comp id="88" class="1000" name="dstin_out">
<pin_list>
<pin id="89" dir="1" index="0" bw="1" slack="0"/>
</pin_list>
<bind>
<StgValue><ssdm name="dstin_out"/></StgValue>
</bind>
</comp>

<comp id="90" class="1000" name="alpha_out">
<pin_list>
<pin id="91" dir="1" index="0" bw="1" slack="0"/>
</pin_list>
<bind>
<StgValue><ssdm name="alpha_out"/></StgValue>
</bind>
</comp>

<comp id="92" class="1000" name="dstout_out">
<pin_list>
<pin id="93" dir="1" index="0" bw="1" slack="0"/>
</pin_list>
<bind>
<StgValue><ssdm name="dstout_out"/></StgValue>
</bind>
</comp>

<comp id="94" class="1001" name="const_94">
<pin_list>
<pin id="95" dir="1" index="0" bw="1" slack="2147483647"/>
</pin_list>
<bind>
<StgValue><ssdm name="_ssdm_op_SpecInterface"/></StgValue>
</bind>
</comp>

<comp id="96" class="1001" name="const_96">
<pin_list>
<pin id="97" dir="1" index="0" bw="1" slack="2147483647"/>
</pin_list>
<bind>
<StgValue><ssdm name="ap_fifo_str"/></StgValue>
</bind>
</comp>

<comp id="98" class="1001" name="const_98">
<pin_list>
<pin id="99" dir="1" index="0" bw="1" slack="2147483647"/>
</pin_list>
<bind>
<StgValue><ssdm name=""/></StgValue>
</bind>
</comp>

<comp id="100" class="1001" name="const_100">
<pin_list>
<pin id="101" dir="1" index="0" bw="1" slack="2147483647"/>
</pin_list>
<bind>
<StgValue><ssdm name="p_str"/></StgValue>
</bind>
</comp>

<comp id="102" class="1001" name="const_102">
<pin_list>
<pin id="103" dir="1" index="0" bw="1" slack="2147483647"/>
</pin_list>
<bind>
<StgValue><ssdm name=""/></StgValue>
</bind>
</comp>

<comp id="104" class="1001" name="const_104">
<pin_list>
<pin id="105" dir="1" index="0" bw="1" slack="2147483647"/>
</pin_list>
<bind>
<StgValue><ssdm name=""/></StgValue>
</bind>
</comp>

<comp id="106" class="1001" name="const_106">
<pin_list>
<pin id="107" dir="1" index="0" bw="1" slack="2147483647"/>
</pin_list>
<bind>
<StgValue><ssdm name="ScalarProp_str"/></StgValue>
</bind>
</comp>

<comp id="108" class="1001" name="const_108">
<pin_list>
<pin id="109" dir="1" index="0" bw="1" slack="0"/>
</pin_list>
<bind>
<StgValue><ssdm name="_ssdm_op_Read.ap_auto.i64"/></StgValue>
</bind>
</comp>

<comp id="110" class="1001" name="const_110">
<pin_list>
<pin id="111" dir="1" index="0" bw="1" slack="0"/>
</pin_list>
<bind>
<StgValue><ssdm name="_ssdm_op_Read.ap_auto.i8"/></StgValue>
</bind>
</comp>

<comp id="112" class="1001" name="const_112">
<pin_list>
<pin id="113" dir="1" index="0" bw="1" slack="0"/>
</pin_list>
<bind>
<StgValue><ssdm name="_ssdm_op_Read.ap_auto.i32"/></StgValue>
</bind>
</comp>

<comp id="114" class="1001" name="const_114">
<pin_list>
<pin id="115" dir="1" index="0" bw="1" slack="0"/>
</pin_list>
<bind>
<StgValue><ssdm name="_ssdm_op_Read.ap_auto.i20"/></StgValue>
</bind>
</comp>

<comp id="116" class="1001" name="const_116">
<pin_list>
<pin id="117" dir="1" index="0" bw="1" slack="0"/>
</pin_list>
<bind>
<StgValue><ssdm name="_ssdm_op_Write.ap_fifo.i32P0A"/></StgValue>
</bind>
</comp>

<comp id="118" class="1001" name="const_118">
<pin_list>
<pin id="119" dir="1" index="0" bw="1" slack="0"/>
</pin_list>
<bind>
<StgValue><ssdm name="_ssdm_op_Write.ap_fifo.i20P0A"/></StgValue>
</bind>
</comp>

<comp id="120" class="1001" name="const_120">
<pin_list>
<pin id="121" dir="1" index="0" bw="1" slack="0"/>
</pin_list>
<bind>
<StgValue><ssdm name="_ssdm_op_Write.ap_fifo.i64P0A"/></StgValue>
</bind>
</comp>

<comp id="122" class="1001" name="const_122">
<pin_list>
<pin id="123" dir="1" index="0" bw="1" slack="0"/>
</pin_list>
<bind>
<StgValue><ssdm name="_ssdm_op_Write.ap_fifo.i8P0A"/></StgValue>
</bind>
</comp>

<comp id="124" class="1004" name="dstout_read_read_fu_124">
<pin_list>
<pin id="125" dir="0" index="0" bw="64" slack="0"/>
<pin id="126" dir="0" index="1" bw="64" slack="0"/>
<pin id="127" dir="1" index="2" bw="64" slack="0"/>
</pin_list>
<bind>
<opcode="read(1150) " fcode="read"/>
<opset="dstout_read/1 "/>
</bind>
</comp>

<comp id="130" class="1004" name="alpha_read_read_fu_130">
<pin_list>
<pin id="131" dir="0" index="0" bw="8" slack="0"/>
<pin id="132" dir="0" index="1" bw="8" slack="0"/>
<pin id="133" dir="1" index="2" bw="8" slack="0"/>
</pin_list>
<bind>
<opcode="read(1150) " fcode="read"/>
<opset="alpha_read/1 "/>
</bind>
</comp>

<comp id="136" class="1004" name="dstin_read_read_fu_136">
<pin_list>
<pin id="137" dir="0" index="0" bw="64" slack="0"/>
<pin id="138" dir="0" index="1" bw="64" slack="0"/>
<pin id="139" dir="1" index="2" bw="64" slack="0"/>
</pin_list>
<bind>
<opcode="read(1150) " fcode="read"/>
<opset="dstin_read/1 "/>
</bind>
</comp>

<comp id="142" class="1004" name="frame_size_read_read_fu_142">
<pin_list>
<pin id="143" dir="0" index="0" bw="32" slack="0"/>
<pin id="144" dir="0" index="1" bw="32" slack="0"/>
<pin id="145" dir="1" index="2" bw="32" slack="0"/>
</pin_list>
<bind>
<opcode="read(1150) " fcode="read"/>
<opset="frame_size_read/1 "/>
</bind>
</comp>

<comp id="148" class="1004" name="srcin_read_read_fu_148">
<pin_list>
<pin id="149" dir="0" index="0" bw="64" slack="0"/>
<pin id="150" dir="0" index="1" bw="64" slack="0"/>
<pin id="151" dir="1" index="2" bw="64" slack="0"/>
</pin_list>
<bind>
<opcode="read(1150) " fcode="read"/>
<opset="srcin_read/1 "/>
</bind>
</comp>

<comp id="154" class="1004" name="xstart_pos_read_read_fu_154">
<pin_list>
<pin id="155" dir="0" index="0" bw="32" slack="0"/>
<pin id="156" dir="0" index="1" bw="32" slack="0"/>
<pin id="157" dir="1" index="2" bw="32" slack="0"/>
</pin_list>
<bind>
<opcode="read(1150) " fcode="read"/>
<opset="xstart_pos_read/1 "/>
</bind>
</comp>

<comp id="160" class="1004" name="ystart_pos_read_read_fu_160">
<pin_list>
<pin id="161" dir="0" index="0" bw="32" slack="0"/>
<pin id="162" dir="0" index="1" bw="32" slack="0"/>
<pin id="163" dir="1" index="2" bw="32" slack="0"/>
</pin_list>
<bind>
<opcode="read(1150) " fcode="read"/>
<opset="ystart_pos_read/1 "/>
</bind>
</comp>

<comp id="166" class="1004" name="id_read_read_fu_166">
<pin_list>
<pin id="167" dir="0" index="0" bw="32" slack="0"/>
<pin id="168" dir="0" index="1" bw="32" slack="0"/>
<pin id="169" dir="1" index="2" bw="32" slack="0"/>
</pin_list>
<bind>
<opcode="read(1150) " fcode="read"/>
<opset="id_read/1 "/>
</bind>
</comp>

<comp id="172" class="1004" name="n_read_read_fu_172">
<pin_list>
<pin id="173" dir="0" index="0" bw="32" slack="0"/>
<pin id="174" dir="0" index="1" bw="32" slack="0"/>
<pin id="175" dir="1" index="2" bw="32" slack="0"/>
</pin_list>
<bind>
<opcode="read(1150) " fcode="read"/>
<opset="n_read/1 "/>
</bind>
</comp>

<comp id="178" class="1004" name="mapchip_maxheight_read_read_fu_178">
<pin_list>
<pin id="179" dir="0" index="0" bw="32" slack="0"/>
<pin id="180" dir="0" index="1" bw="32" slack="0"/>
<pin id="181" dir="1" index="2" bw="32" slack="0"/>
</pin_list>
<bind>
<opcode="read(1150) " fcode="read"/>
<opset="mapchip_maxheight_read/1 "/>
</bind>
</comp>

<comp id="184" class="1004" name="trunc_ln69_read_read_fu_184">
<pin_list>
<pin id="185" dir="0" index="0" bw="32" slack="0"/>
<pin id="186" dir="0" index="1" bw="32" slack="0"/>
<pin id="187" dir="1" index="2" bw="32" slack="0"/>
</pin_list>
<bind>
<opcode="read(1150) " fcode="read"/>
<opset="trunc_ln69_read/1 "/>
</bind>
</comp>

<comp id="190" class="1004" name="m_read_read_fu_190">
<pin_list>
<pin id="191" dir="0" index="0" bw="32" slack="0"/>
<pin id="192" dir="0" index="1" bw="32" slack="0"/>
<pin id="193" dir="1" index="2" bw="32" slack="0"/>
</pin_list>
<bind>
<opcode="read(1150) " fcode="read"/>
<opset="m_read/1 "/>
</bind>
</comp>

<comp id="196" class="1004" name="b_read_read_fu_196">
<pin_list>
<pin id="197" dir="0" index="0" bw="20" slack="0"/>
<pin id="198" dir="0" index="1" bw="20" slack="0"/>
<pin id="199" dir="1" index="2" bw="20" slack="0"/>
</pin_list>
<bind>
<opcode="read(1150) " fcode="read"/>
<opset="b_read/1 "/>
</bind>
</comp>

<comp id="202" class="1004" name="c_read_read_fu_202">
<pin_list>
<pin id="203" dir="0" index="0" bw="20" slack="0"/>
<pin id="204" dir="0" index="1" bw="20" slack="0"/>
<pin id="205" dir="1" index="2" bw="20" slack="0"/>
</pin_list>
<bind>
<opcode="read(1150) " fcode="read"/>
<opset="c_read/1 "/>
</bind>
</comp>

<comp id="208" class="1004" name="a_read_read_fu_208">
<pin_list>
<pin id="209" dir="0" index="0" bw="20" slack="0"/>
<pin id="210" dir="0" index="1" bw="20" slack="0"/>
<pin id="211" dir="1" index="2" bw="20" slack="0"/>
</pin_list>
<bind>
<opcode="read(1150) " fcode="read"/>
<opset="a_read/1 "/>
</bind>
</comp>

<comp id="214" class="1004" name="d_read_read_fu_214">
<pin_list>
<pin id="215" dir="0" index="0" bw="20" slack="0"/>
<pin id="216" dir="0" index="1" bw="20" slack="0"/>
<pin id="217" dir="1" index="2" bw="20" slack="0"/>
</pin_list>
<bind>
<opcode="read(1150) " fcode="read"/>
<opset="d_read/1 "/>
</bind>
</comp>

<comp id="220" class="1004" name="mapchip_maxwidth_read_read_fu_220">
<pin_list>
<pin id="221" dir="0" index="0" bw="32" slack="0"/>
<pin id="222" dir="0" index="1" bw="32" slack="0"/>
<pin id="223" dir="1" index="2" bw="32" slack="0"/>
</pin_list>
<bind>
<opcode="read(1150) " fcode="read"/>
<opset="mapchip_maxwidth_read/1 "/>
</bind>
</comp>

<comp id="226" class="1004" name="mapchip_draw_xsize_read_read_fu_226">
<pin_list>
<pin id="227" dir="0" index="0" bw="32" slack="0"/>
<pin id="228" dir="0" index="1" bw="32" slack="0"/>
<pin id="229" dir="1" index="2" bw="32" slack="0"/>
</pin_list>
<bind>
<opcode="read(1150) " fcode="read"/>
<opset="mapchip_draw_xsize_read/1 "/>
</bind>
</comp>

<comp id="232" class="1004" name="write_ln0_write_fu_232">
<pin_list>
<pin id="233" dir="0" index="0" bw="0" slack="0"/>
<pin id="234" dir="0" index="1" bw="32" slack="0"/>
<pin id="235" dir="0" index="2" bw="32" slack="0"/>
<pin id="236" dir="1" index="3" bw="0" slack="2147483647"/>
</pin_list>
<bind>
<opcode="write(1151) " fcode="write"/>
<opset="write_ln0/1 "/>
</bind>
</comp>

<comp id="240" class="1004" name="write_ln0_write_fu_240">
<pin_list>
<pin id="241" dir="0" index="0" bw="0" slack="0"/>
<pin id="242" dir="0" index="1" bw="32" slack="0"/>
<pin id="243" dir="0" index="2" bw="32" slack="0"/>
<pin id="244" dir="1" index="3" bw="0" slack="2147483647"/>
</pin_list>
<bind>
<opcode="write(1151) " fcode="write"/>
<opset="write_ln0/1 "/>
</bind>
</comp>

<comp id="248" class="1004" name="write_ln0_write_fu_248">
<pin_list>
<pin id="249" dir="0" index="0" bw="0" slack="0"/>
<pin id="250" dir="0" index="1" bw="32" slack="0"/>
<pin id="251" dir="0" index="2" bw="32" slack="0"/>
<pin id="252" dir="1" index="3" bw="0" slack="2147483647"/>
</pin_list>
<bind>
<opcode="write(1151) " fcode="write"/>
<opset="write_ln0/1 "/>
</bind>
</comp>

<comp id="256" class="1004" name="write_ln0_write_fu_256">
<pin_list>
<pin id="257" dir="0" index="0" bw="0" slack="0"/>
<pin id="258" dir="0" index="1" bw="32" slack="0"/>
<pin id="259" dir="0" index="2" bw="32" slack="0"/>
<pin id="260" dir="1" index="3" bw="0" slack="2147483647"/>
</pin_list>
<bind>
<opcode="write(1151) " fcode="write"/>
<opset="write_ln0/1 "/>
</bind>
</comp>

<comp id="264" class="1004" name="write_ln0_write_fu_264">
<pin_list>
<pin id="265" dir="0" index="0" bw="0" slack="0"/>
<pin id="266" dir="0" index="1" bw="20" slack="0"/>
<pin id="267" dir="0" index="2" bw="20" slack="0"/>
<pin id="268" dir="1" index="3" bw="0" slack="2147483647"/>
</pin_list>
<bind>
<opcode="write(1151) " fcode="write"/>
<opset="write_ln0/1 "/>
</bind>
</comp>

<comp id="272" class="1004" name="write_ln0_write_fu_272">
<pin_list>
<pin id="273" dir="0" index="0" bw="0" slack="0"/>
<pin id="274" dir="0" index="1" bw="20" slack="0"/>
<pin id="275" dir="0" index="2" bw="20" slack="0"/>
<pin id="276" dir="1" index="3" bw="0" slack="2147483647"/>
</pin_list>
<bind>
<opcode="write(1151) " fcode="write"/>
<opset="write_ln0/1 "/>
</bind>
</comp>

<comp id="280" class="1004" name="write_ln0_write_fu_280">
<pin_list>
<pin id="281" dir="0" index="0" bw="0" slack="0"/>
<pin id="282" dir="0" index="1" bw="20" slack="0"/>
<pin id="283" dir="0" index="2" bw="20" slack="0"/>
<pin id="284" dir="1" index="3" bw="0" slack="2147483647"/>
</pin_list>
<bind>
<opcode="write(1151) " fcode="write"/>
<opset="write_ln0/1 "/>
</bind>
</comp>

<comp id="288" class="1004" name="write_ln0_write_fu_288">
<pin_list>
<pin id="289" dir="0" index="0" bw="0" slack="0"/>
<pin id="290" dir="0" index="1" bw="20" slack="0"/>
<pin id="291" dir="0" index="2" bw="20" slack="0"/>
<pin id="292" dir="1" index="3" bw="0" slack="2147483647"/>
</pin_list>
<bind>
<opcode="write(1151) " fcode="write"/>
<opset="write_ln0/1 "/>
</bind>
</comp>

<comp id="296" class="1004" name="write_ln0_write_fu_296">
<pin_list>
<pin id="297" dir="0" index="0" bw="0" slack="0"/>
<pin id="298" dir="0" index="1" bw="20" slack="0"/>
<pin id="299" dir="0" index="2" bw="20" slack="0"/>
<pin id="300" dir="1" index="3" bw="0" slack="2147483647"/>
</pin_list>
<bind>
<opcode="write(1151) " fcode="write"/>
<opset="write_ln0/1 "/>
</bind>
</comp>

<comp id="304" class="1004" name="write_ln0_write_fu_304">
<pin_list>
<pin id="305" dir="0" index="0" bw="0" slack="0"/>
<pin id="306" dir="0" index="1" bw="20" slack="0"/>
<pin id="307" dir="0" index="2" bw="20" slack="0"/>
<pin id="308" dir="1" index="3" bw="0" slack="2147483647"/>
</pin_list>
<bind>
<opcode="write(1151) " fcode="write"/>
<opset="write_ln0/1 "/>
</bind>
</comp>

<comp id="312" class="1004" name="write_ln0_write_fu_312">
<pin_list>
<pin id="313" dir="0" index="0" bw="0" slack="0"/>
<pin id="314" dir="0" index="1" bw="20" slack="0"/>
<pin id="315" dir="0" index="2" bw="20" slack="0"/>
<pin id="316" dir="1" index="3" bw="0" slack="2147483647"/>
</pin_list>
<bind>
<opcode="write(1151) " fcode="write"/>
<opset="write_ln0/1 "/>
</bind>
</comp>

<comp id="320" class="1004" name="write_ln0_write_fu_320">
<pin_list>
<pin id="321" dir="0" index="0" bw="0" slack="0"/>
<pin id="322" dir="0" index="1" bw="20" slack="0"/>
<pin id="323" dir="0" index="2" bw="20" slack="0"/>
<pin id="324" dir="1" index="3" bw="0" slack="2147483647"/>
</pin_list>
<bind>
<opcode="write(1151) " fcode="write"/>
<opset="write_ln0/1 "/>
</bind>
</comp>

<comp id="328" class="1004" name="write_ln0_write_fu_328">
<pin_list>
<pin id="329" dir="0" index="0" bw="0" slack="0"/>
<pin id="330" dir="0" index="1" bw="32" slack="0"/>
<pin id="331" dir="0" index="2" bw="32" slack="0"/>
<pin id="332" dir="1" index="3" bw="0" slack="2147483647"/>
</pin_list>
<bind>
<opcode="write(1151) " fcode="write"/>
<opset="write_ln0/1 "/>
</bind>
</comp>

<comp id="336" class="1004" name="write_ln0_write_fu_336">
<pin_list>
<pin id="337" dir="0" index="0" bw="0" slack="0"/>
<pin id="338" dir="0" index="1" bw="32" slack="0"/>
<pin id="339" dir="0" index="2" bw="32" slack="0"/>
<pin id="340" dir="1" index="3" bw="0" slack="2147483647"/>
</pin_list>
<bind>
<opcode="write(1151) " fcode="write"/>
<opset="write_ln0/1 "/>
</bind>
</comp>

<comp id="344" class="1004" name="write_ln0_write_fu_344">
<pin_list>
<pin id="345" dir="0" index="0" bw="0" slack="0"/>
<pin id="346" dir="0" index="1" bw="32" slack="0"/>
<pin id="347" dir="0" index="2" bw="32" slack="0"/>
<pin id="348" dir="1" index="3" bw="0" slack="2147483647"/>
</pin_list>
<bind>
<opcode="write(1151) " fcode="write"/>
<opset="write_ln0/1 "/>
</bind>
</comp>

<comp id="352" class="1004" name="write_ln0_write_fu_352">
<pin_list>
<pin id="353" dir="0" index="0" bw="0" slack="0"/>
<pin id="354" dir="0" index="1" bw="32" slack="0"/>
<pin id="355" dir="0" index="2" bw="32" slack="0"/>
<pin id="356" dir="1" index="3" bw="0" slack="2147483647"/>
</pin_list>
<bind>
<opcode="write(1151) " fcode="write"/>
<opset="write_ln0/1 "/>
</bind>
</comp>

<comp id="360" class="1004" name="write_ln0_write_fu_360">
<pin_list>
<pin id="361" dir="0" index="0" bw="0" slack="0"/>
<pin id="362" dir="0" index="1" bw="32" slack="0"/>
<pin id="363" dir="0" index="2" bw="32" slack="0"/>
<pin id="364" dir="1" index="3" bw="0" slack="2147483647"/>
</pin_list>
<bind>
<opcode="write(1151) " fcode="write"/>
<opset="write_ln0/1 "/>
</bind>
</comp>

<comp id="368" class="1004" name="write_ln0_write_fu_368">
<pin_list>
<pin id="369" dir="0" index="0" bw="0" slack="0"/>
<pin id="370" dir="0" index="1" bw="32" slack="0"/>
<pin id="371" dir="0" index="2" bw="32" slack="0"/>
<pin id="372" dir="1" index="3" bw="0" slack="2147483647"/>
</pin_list>
<bind>
<opcode="write(1151) " fcode="write"/>
<opset="write_ln0/1 "/>
</bind>
</comp>

<comp id="376" class="1004" name="write_ln0_write_fu_376">
<pin_list>
<pin id="377" dir="0" index="0" bw="0" slack="0"/>
<pin id="378" dir="0" index="1" bw="32" slack="0"/>
<pin id="379" dir="0" index="2" bw="32" slack="0"/>
<pin id="380" dir="1" index="3" bw="0" slack="2147483647"/>
</pin_list>
<bind>
<opcode="write(1151) " fcode="write"/>
<opset="write_ln0/1 "/>
</bind>
</comp>

<comp id="384" class="1004" name="write_ln0_write_fu_384">
<pin_list>
<pin id="385" dir="0" index="0" bw="0" slack="0"/>
<pin id="386" dir="0" index="1" bw="32" slack="0"/>
<pin id="387" dir="0" index="2" bw="32" slack="0"/>
<pin id="388" dir="1" index="3" bw="0" slack="2147483647"/>
</pin_list>
<bind>
<opcode="write(1151) " fcode="write"/>
<opset="write_ln0/1 "/>
</bind>
</comp>

<comp id="392" class="1004" name="write_ln0_write_fu_392">
<pin_list>
<pin id="393" dir="0" index="0" bw="0" slack="0"/>
<pin id="394" dir="0" index="1" bw="32" slack="0"/>
<pin id="395" dir="0" index="2" bw="32" slack="0"/>
<pin id="396" dir="1" index="3" bw="0" slack="2147483647"/>
</pin_list>
<bind>
<opcode="write(1151) " fcode="write"/>
<opset="write_ln0/1 "/>
</bind>
</comp>

<comp id="400" class="1004" name="write_ln0_write_fu_400">
<pin_list>
<pin id="401" dir="0" index="0" bw="0" slack="0"/>
<pin id="402" dir="0" index="1" bw="32" slack="0"/>
<pin id="403" dir="0" index="2" bw="32" slack="0"/>
<pin id="404" dir="1" index="3" bw="0" slack="2147483647"/>
</pin_list>
<bind>
<opcode="write(1151) " fcode="write"/>
<opset="write_ln0/1 "/>
</bind>
</comp>

<comp id="408" class="1004" name="write_ln0_write_fu_408">
<pin_list>
<pin id="409" dir="0" index="0" bw="0" slack="0"/>
<pin id="410" dir="0" index="1" bw="32" slack="0"/>
<pin id="411" dir="0" index="2" bw="32" slack="0"/>
<pin id="412" dir="1" index="3" bw="0" slack="2147483647"/>
</pin_list>
<bind>
<opcode="write(1151) " fcode="write"/>
<opset="write_ln0/1 "/>
</bind>
</comp>

<comp id="416" class="1004" name="write_ln0_write_fu_416">
<pin_list>
<pin id="417" dir="0" index="0" bw="0" slack="0"/>
<pin id="418" dir="0" index="1" bw="64" slack="0"/>
<pin id="419" dir="0" index="2" bw="64" slack="0"/>
<pin id="420" dir="1" index="3" bw="0" slack="2147483647"/>
</pin_list>
<bind>
<opcode="write(1151) " fcode="write"/>
<opset="write_ln0/1 "/>
</bind>
</comp>

<comp id="424" class="1004" name="write_ln0_write_fu_424">
<pin_list>
<pin id="425" dir="0" index="0" bw="0" slack="0"/>
<pin id="426" dir="0" index="1" bw="32" slack="0"/>
<pin id="427" dir="0" index="2" bw="32" slack="0"/>
<pin id="428" dir="1" index="3" bw="0" slack="2147483647"/>
</pin_list>
<bind>
<opcode="write(1151) " fcode="write"/>
<opset="write_ln0/1 "/>
</bind>
</comp>

<comp id="432" class="1004" name="write_ln0_write_fu_432">
<pin_list>
<pin id="433" dir="0" index="0" bw="0" slack="0"/>
<pin id="434" dir="0" index="1" bw="32" slack="0"/>
<pin id="435" dir="0" index="2" bw="32" slack="0"/>
<pin id="436" dir="1" index="3" bw="0" slack="2147483647"/>
</pin_list>
<bind>
<opcode="write(1151) " fcode="write"/>
<opset="write_ln0/1 "/>
</bind>
</comp>

<comp id="440" class="1004" name="write_ln0_write_fu_440">
<pin_list>
<pin id="441" dir="0" index="0" bw="0" slack="0"/>
<pin id="442" dir="0" index="1" bw="64" slack="0"/>
<pin id="443" dir="0" index="2" bw="64" slack="0"/>
<pin id="444" dir="1" index="3" bw="0" slack="2147483647"/>
</pin_list>
<bind>
<opcode="write(1151) " fcode="write"/>
<opset="write_ln0/1 "/>
</bind>
</comp>

<comp id="448" class="1004" name="write_ln0_write_fu_448">
<pin_list>
<pin id="449" dir="0" index="0" bw="0" slack="0"/>
<pin id="450" dir="0" index="1" bw="8" slack="0"/>
<pin id="451" dir="0" index="2" bw="8" slack="0"/>
<pin id="452" dir="1" index="3" bw="0" slack="2147483647"/>
</pin_list>
<bind>
<opcode="write(1151) " fcode="write"/>
<opset="write_ln0/1 "/>
</bind>
</comp>

<comp id="456" class="1004" name="write_ln0_write_fu_456">
<pin_list>
<pin id="457" dir="0" index="0" bw="0" slack="0"/>
<pin id="458" dir="0" index="1" bw="64" slack="0"/>
<pin id="459" dir="0" index="2" bw="64" slack="0"/>
<pin id="460" dir="1" index="3" bw="0" slack="2147483647"/>
</pin_list>
<bind>
<opcode="write(1151) " fcode="write"/>
<opset="write_ln0/1 "/>
</bind>
</comp>

</comp_list>

<net_list>
<net id="128"><net_src comp="108" pin="0"/><net_sink comp="124" pin=0"/></net>

<net id="129"><net_src comp="34" pin="0"/><net_sink comp="124" pin=1"/></net>

<net id="134"><net_src comp="110" pin="0"/><net_sink comp="130" pin=0"/></net>

<net id="135"><net_src comp="32" pin="0"/><net_sink comp="130" pin=1"/></net>

<net id="140"><net_src comp="108" pin="0"/><net_sink comp="136" pin=0"/></net>

<net id="141"><net_src comp="30" pin="0"/><net_sink comp="136" pin=1"/></net>

<net id="146"><net_src comp="112" pin="0"/><net_sink comp="142" pin=0"/></net>

<net id="147"><net_src comp="28" pin="0"/><net_sink comp="142" pin=1"/></net>

<net id="152"><net_src comp="108" pin="0"/><net_sink comp="148" pin=0"/></net>

<net id="153"><net_src comp="26" pin="0"/><net_sink comp="148" pin=1"/></net>

<net id="158"><net_src comp="112" pin="0"/><net_sink comp="154" pin=0"/></net>

<net id="159"><net_src comp="24" pin="0"/><net_sink comp="154" pin=1"/></net>

<net id="164"><net_src comp="112" pin="0"/><net_sink comp="160" pin=0"/></net>

<net id="165"><net_src comp="22" pin="0"/><net_sink comp="160" pin=1"/></net>

<net id="170"><net_src comp="112" pin="0"/><net_sink comp="166" pin=0"/></net>

<net id="171"><net_src comp="20" pin="0"/><net_sink comp="166" pin=1"/></net>

<net id="176"><net_src comp="112" pin="0"/><net_sink comp="172" pin=0"/></net>

<net id="177"><net_src comp="18" pin="0"/><net_sink comp="172" pin=1"/></net>

<net id="182"><net_src comp="112" pin="0"/><net_sink comp="178" pin=0"/></net>

<net id="183"><net_src comp="16" pin="0"/><net_sink comp="178" pin=1"/></net>

<net id="188"><net_src comp="112" pin="0"/><net_sink comp="184" pin=0"/></net>

<net id="189"><net_src comp="14" pin="0"/><net_sink comp="184" pin=1"/></net>

<net id="194"><net_src comp="112" pin="0"/><net_sink comp="190" pin=0"/></net>

<net id="195"><net_src comp="12" pin="0"/><net_sink comp="190" pin=1"/></net>

<net id="200"><net_src comp="114" pin="0"/><net_sink comp="196" pin=0"/></net>

<net id="201"><net_src comp="10" pin="0"/><net_sink comp="196" pin=1"/></net>

<net id="206"><net_src comp="114" pin="0"/><net_sink comp="202" pin=0"/></net>

<net id="207"><net_src comp="8" pin="0"/><net_sink comp="202" pin=1"/></net>

<net id="212"><net_src comp="114" pin="0"/><net_sink comp="208" pin=0"/></net>

<net id="213"><net_src comp="6" pin="0"/><net_sink comp="208" pin=1"/></net>

<net id="218"><net_src comp="114" pin="0"/><net_sink comp="214" pin=0"/></net>

<net id="219"><net_src comp="4" pin="0"/><net_sink comp="214" pin=1"/></net>

<net id="224"><net_src comp="112" pin="0"/><net_sink comp="220" pin=0"/></net>

<net id="225"><net_src comp="2" pin="0"/><net_sink comp="220" pin=1"/></net>

<net id="230"><net_src comp="112" pin="0"/><net_sink comp="226" pin=0"/></net>

<net id="231"><net_src comp="0" pin="0"/><net_sink comp="226" pin=1"/></net>

<net id="237"><net_src comp="116" pin="0"/><net_sink comp="232" pin=0"/></net>

<net id="238"><net_src comp="36" pin="0"/><net_sink comp="232" pin=1"/></net>

<net id="239"><net_src comp="226" pin="2"/><net_sink comp="232" pin=2"/></net>

<net id="245"><net_src comp="116" pin="0"/><net_sink comp="240" pin=0"/></net>

<net id="246"><net_src comp="38" pin="0"/><net_sink comp="240" pin=1"/></net>

<net id="247"><net_src comp="226" pin="2"/><net_sink comp="240" pin=2"/></net>

<net id="253"><net_src comp="116" pin="0"/><net_sink comp="248" pin=0"/></net>

<net id="254"><net_src comp="40" pin="0"/><net_sink comp="248" pin=1"/></net>

<net id="255"><net_src comp="220" pin="2"/><net_sink comp="248" pin=2"/></net>

<net id="261"><net_src comp="116" pin="0"/><net_sink comp="256" pin=0"/></net>

<net id="262"><net_src comp="42" pin="0"/><net_sink comp="256" pin=1"/></net>

<net id="263"><net_src comp="220" pin="2"/><net_sink comp="256" pin=2"/></net>

<net id="269"><net_src comp="118" pin="0"/><net_sink comp="264" pin=0"/></net>

<net id="270"><net_src comp="44" pin="0"/><net_sink comp="264" pin=1"/></net>

<net id="271"><net_src comp="214" pin="2"/><net_sink comp="264" pin=2"/></net>

<net id="277"><net_src comp="118" pin="0"/><net_sink comp="272" pin=0"/></net>

<net id="278"><net_src comp="46" pin="0"/><net_sink comp="272" pin=1"/></net>

<net id="279"><net_src comp="214" pin="2"/><net_sink comp="272" pin=2"/></net>

<net id="285"><net_src comp="118" pin="0"/><net_sink comp="280" pin=0"/></net>

<net id="286"><net_src comp="48" pin="0"/><net_sink comp="280" pin=1"/></net>

<net id="287"><net_src comp="208" pin="2"/><net_sink comp="280" pin=2"/></net>

<net id="293"><net_src comp="118" pin="0"/><net_sink comp="288" pin=0"/></net>

<net id="294"><net_src comp="50" pin="0"/><net_sink comp="288" pin=1"/></net>

<net id="295"><net_src comp="208" pin="2"/><net_sink comp="288" pin=2"/></net>

<net id="301"><net_src comp="118" pin="0"/><net_sink comp="296" pin=0"/></net>

<net id="302"><net_src comp="52" pin="0"/><net_sink comp="296" pin=1"/></net>

<net id="303"><net_src comp="202" pin="2"/><net_sink comp="296" pin=2"/></net>

<net id="309"><net_src comp="118" pin="0"/><net_sink comp="304" pin=0"/></net>

<net id="310"><net_src comp="54" pin="0"/><net_sink comp="304" pin=1"/></net>

<net id="311"><net_src comp="202" pin="2"/><net_sink comp="304" pin=2"/></net>

<net id="317"><net_src comp="118" pin="0"/><net_sink comp="312" pin=0"/></net>

<net id="318"><net_src comp="56" pin="0"/><net_sink comp="312" pin=1"/></net>

<net id="319"><net_src comp="196" pin="2"/><net_sink comp="312" pin=2"/></net>

<net id="325"><net_src comp="118" pin="0"/><net_sink comp="320" pin=0"/></net>

<net id="326"><net_src comp="58" pin="0"/><net_sink comp="320" pin=1"/></net>

<net id="327"><net_src comp="196" pin="2"/><net_sink comp="320" pin=2"/></net>

<net id="333"><net_src comp="116" pin="0"/><net_sink comp="328" pin=0"/></net>

<net id="334"><net_src comp="60" pin="0"/><net_sink comp="328" pin=1"/></net>

<net id="335"><net_src comp="190" pin="2"/><net_sink comp="328" pin=2"/></net>

<net id="341"><net_src comp="116" pin="0"/><net_sink comp="336" pin=0"/></net>

<net id="342"><net_src comp="62" pin="0"/><net_sink comp="336" pin=1"/></net>

<net id="343"><net_src comp="190" pin="2"/><net_sink comp="336" pin=2"/></net>

<net id="349"><net_src comp="116" pin="0"/><net_sink comp="344" pin=0"/></net>

<net id="350"><net_src comp="64" pin="0"/><net_sink comp="344" pin=1"/></net>

<net id="351"><net_src comp="184" pin="2"/><net_sink comp="344" pin=2"/></net>

<net id="357"><net_src comp="116" pin="0"/><net_sink comp="352" pin=0"/></net>

<net id="358"><net_src comp="66" pin="0"/><net_sink comp="352" pin=1"/></net>

<net id="359"><net_src comp="184" pin="2"/><net_sink comp="352" pin=2"/></net>

<net id="365"><net_src comp="116" pin="0"/><net_sink comp="360" pin=0"/></net>

<net id="366"><net_src comp="68" pin="0"/><net_sink comp="360" pin=1"/></net>

<net id="367"><net_src comp="178" pin="2"/><net_sink comp="360" pin=2"/></net>

<net id="373"><net_src comp="116" pin="0"/><net_sink comp="368" pin=0"/></net>

<net id="374"><net_src comp="70" pin="0"/><net_sink comp="368" pin=1"/></net>

<net id="375"><net_src comp="178" pin="2"/><net_sink comp="368" pin=2"/></net>

<net id="381"><net_src comp="116" pin="0"/><net_sink comp="376" pin=0"/></net>

<net id="382"><net_src comp="72" pin="0"/><net_sink comp="376" pin=1"/></net>

<net id="383"><net_src comp="172" pin="2"/><net_sink comp="376" pin=2"/></net>

<net id="389"><net_src comp="116" pin="0"/><net_sink comp="384" pin=0"/></net>

<net id="390"><net_src comp="74" pin="0"/><net_sink comp="384" pin=1"/></net>

<net id="391"><net_src comp="172" pin="2"/><net_sink comp="384" pin=2"/></net>

<net id="397"><net_src comp="116" pin="0"/><net_sink comp="392" pin=0"/></net>

<net id="398"><net_src comp="76" pin="0"/><net_sink comp="392" pin=1"/></net>

<net id="399"><net_src comp="166" pin="2"/><net_sink comp="392" pin=2"/></net>

<net id="405"><net_src comp="116" pin="0"/><net_sink comp="400" pin=0"/></net>

<net id="406"><net_src comp="78" pin="0"/><net_sink comp="400" pin=1"/></net>

<net id="407"><net_src comp="160" pin="2"/><net_sink comp="400" pin=2"/></net>

<net id="413"><net_src comp="116" pin="0"/><net_sink comp="408" pin=0"/></net>

<net id="414"><net_src comp="80" pin="0"/><net_sink comp="408" pin=1"/></net>

<net id="415"><net_src comp="154" pin="2"/><net_sink comp="408" pin=2"/></net>

<net id="421"><net_src comp="120" pin="0"/><net_sink comp="416" pin=0"/></net>

<net id="422"><net_src comp="82" pin="0"/><net_sink comp="416" pin=1"/></net>

<net id="423"><net_src comp="148" pin="2"/><net_sink comp="416" pin=2"/></net>

<net id="429"><net_src comp="116" pin="0"/><net_sink comp="424" pin=0"/></net>

<net id="430"><net_src comp="84" pin="0"/><net_sink comp="424" pin=1"/></net>

<net id="431"><net_src comp="142" pin="2"/><net_sink comp="424" pin=2"/></net>

<net id="437"><net_src comp="116" pin="0"/><net_sink comp="432" pin=0"/></net>

<net id="438"><net_src comp="86" pin="0"/><net_sink comp="432" pin=1"/></net>

<net id="439"><net_src comp="142" pin="2"/><net_sink comp="432" pin=2"/></net>

<net id="445"><net_src comp="120" pin="0"/><net_sink comp="440" pin=0"/></net>

<net id="446"><net_src comp="88" pin="0"/><net_sink comp="440" pin=1"/></net>

<net id="447"><net_src comp="136" pin="2"/><net_sink comp="440" pin=2"/></net>

<net id="453"><net_src comp="122" pin="0"/><net_sink comp="448" pin=0"/></net>

<net id="454"><net_src comp="90" pin="0"/><net_sink comp="448" pin=1"/></net>

<net id="455"><net_src comp="130" pin="2"/><net_sink comp="448" pin=2"/></net>

<net id="461"><net_src comp="120" pin="0"/><net_sink comp="456" pin=0"/></net>

<net id="462"><net_src comp="92" pin="0"/><net_sink comp="456" pin=1"/></net>

<net id="463"><net_src comp="124" pin="2"/><net_sink comp="456" pin=2"/></net>

</net_list>

</model> 
---------------- Datapath Model END ------------------

* FSMD analyzer results:
  - Output states:
	Port: mapchip_draw_xsize_out | {1 }
	Port: mapchip_draw_xsize_out1 | {1 }
	Port: mapchip_maxwidth_out | {1 }
	Port: mapchip_maxwidth_out2 | {1 }
	Port: d_out | {1 }
	Port: d_out3 | {1 }
	Port: a_out | {1 }
	Port: a_out4 | {1 }
	Port: c_out | {1 }
	Port: c_out5 | {1 }
	Port: b_out | {1 }
	Port: b_out6 | {1 }
	Port: m_out | {1 }
	Port: m_out7 | {1 }
	Port: trunc_ln69_out | {1 }
	Port: trunc_ln69_out8 | {1 }
	Port: mapchip_maxheight_out | {1 }
	Port: mapchip_maxheight_out9 | {1 }
	Port: n_out | {1 }
	Port: n_out10 | {1 }
	Port: id_out | {1 }
	Port: ystart_pos_out | {1 }
	Port: xstart_pos_out | {1 }
	Port: srcin_out | {1 }
	Port: frame_size_out | {1 }
	Port: frame_size_out11 | {1 }
	Port: dstin_out | {1 }
	Port: alpha_out | {1 }
	Port: dstout_out | {1 }
 - Input state : 
	Port: dataflow_in_loop_height_loop.entry6 : mapchip_draw_xsize | {1 }
	Port: dataflow_in_loop_height_loop.entry6 : mapchip_maxwidth | {1 }
	Port: dataflow_in_loop_height_loop.entry6 : d | {1 }
	Port: dataflow_in_loop_height_loop.entry6 : a | {1 }
	Port: dataflow_in_loop_height_loop.entry6 : c | {1 }
	Port: dataflow_in_loop_height_loop.entry6 : b | {1 }
	Port: dataflow_in_loop_height_loop.entry6 : m | {1 }
	Port: dataflow_in_loop_height_loop.entry6 : trunc_ln69 | {1 }
	Port: dataflow_in_loop_height_loop.entry6 : mapchip_maxheight | {1 }
	Port: dataflow_in_loop_height_loop.entry6 : n | {1 }
	Port: dataflow_in_loop_height_loop.entry6 : id | {1 }
	Port: dataflow_in_loop_height_loop.entry6 : ystart_pos | {1 }
	Port: dataflow_in_loop_height_loop.entry6 : xstart_pos | {1 }
	Port: dataflow_in_loop_height_loop.entry6 : srcin | {1 }
	Port: dataflow_in_loop_height_loop.entry6 : frame_size | {1 }
	Port: dataflow_in_loop_height_loop.entry6 : dstin | {1 }
	Port: dataflow_in_loop_height_loop.entry6 : alpha | {1 }
	Port: dataflow_in_loop_height_loop.entry6 : dstout | {1 }
  - Chain level:
	State 1


============================================================
+ Verbose Summary: Datapath Resource usage 
============================================================

* Functional unit list:
|----------|-------------------------------------|
| Operation|           Functional Unit           |
|----------|-------------------------------------|
|          |       dstout_read_read_fu_124       |
|          |        alpha_read_read_fu_130       |
|          |        dstin_read_read_fu_136       |
|          |     frame_size_read_read_fu_142     |
|          |        srcin_read_read_fu_148       |
|          |     xstart_pos_read_read_fu_154     |
|          |     ystart_pos_read_read_fu_160     |
|          |         id_read_read_fu_166         |
|   read   |          n_read_read_fu_172         |
|          |  mapchip_maxheight_read_read_fu_178 |
|          |     trunc_ln69_read_read_fu_184     |
|          |          m_read_read_fu_190         |
|          |          b_read_read_fu_196         |
|          |          c_read_read_fu_202         |
|          |          a_read_read_fu_208         |
|          |          d_read_read_fu_214         |
|          |  mapchip_maxwidth_read_read_fu_220  |
|          | mapchip_draw_xsize_read_read_fu_226 |
|----------|-------------------------------------|
|          |        write_ln0_write_fu_232       |
|          |        write_ln0_write_fu_240       |
|          |        write_ln0_write_fu_248       |
|          |        write_ln0_write_fu_256       |
|          |        write_ln0_write_fu_264       |
|          |        write_ln0_write_fu_272       |
|          |        write_ln0_write_fu_280       |
|          |        write_ln0_write_fu_288       |
|          |        write_ln0_write_fu_296       |
|          |        write_ln0_write_fu_304       |
|          |        write_ln0_write_fu_312       |
|          |        write_ln0_write_fu_320       |
|          |        write_ln0_write_fu_328       |
|          |        write_ln0_write_fu_336       |
|   write  |        write_ln0_write_fu_344       |
|          |        write_ln0_write_fu_352       |
|          |        write_ln0_write_fu_360       |
|          |        write_ln0_write_fu_368       |
|          |        write_ln0_write_fu_376       |
|          |        write_ln0_write_fu_384       |
|          |        write_ln0_write_fu_392       |
|          |        write_ln0_write_fu_400       |
|          |        write_ln0_write_fu_408       |
|          |        write_ln0_write_fu_416       |
|          |        write_ln0_write_fu_424       |
|          |        write_ln0_write_fu_432       |
|          |        write_ln0_write_fu_440       |
|          |        write_ln0_write_fu_448       |
|          |        write_ln0_write_fu_456       |
|----------|-------------------------------------|
|   Total  |                                     |
|----------|-------------------------------------|

Memories:
N/A

* Register list:
N/A

* Multiplexer (MUX) list: 
|--------|------|------|------|--------|
|  Comp  |  Pin | Size |  BW  | S x BW |
|--------|------|------|------|--------|
|  Total |      |      |      |    0   |
|--------|------|------|------|--------|



* Summary:
+-----------+
|           |
+-----------+
|  Function |
|   Memory  |
|Multiplexer|
|  Register |
+-----------+
|   Total   |
+-----------+
