#! /usr/bin/vvp
:ivl_version "11.0 (stable)";
:ivl_delay_selection "TYPICAL";
:vpi_time_precision - 12;
:vpi_module "/usr/lib/x86_64-linux-gnu/ivl/system.vpi";
:vpi_module "/usr/lib/x86_64-linux-gnu/ivl/vhdl_sys.vpi";
:vpi_module "/usr/lib/x86_64-linux-gnu/ivl/vhdl_textio.vpi";
:vpi_module "/usr/lib/x86_64-linux-gnu/ivl/v2005_math.vpi";
:vpi_module "/usr/lib/x86_64-linux-gnu/ivl/va_math.vpi";
S_0x563cc8ca2d40 .scope module, "SinGenDsp_tb" "SinGenDsp_tb" 2 8;
 .timescale -9 -12;
P_0x563cc8cefa60 .param/l "lpSCLKCycle" 1 2 13, +C4<00000000000000000000000000000010>;
P_0x563cc8cefaa0 .param/l "lpSimlationTime" 1 2 14, +C4<00000000000000000100111000100000>;
v0x563cc8c8c5e0_0 .var "rSCLK", 0 0;
v0x563cc8c8c680_0 .var "rSRST", 0 0;
v0x563cc8c8c720_0 .var "rnSRST", 0 0;
v0x563cc8c8c7f0_0 .net/s "wSin", 15 0, L_0x563cc8caeb70;  1 drivers
o0x7fdb98cb80d8 .functor BUFZ 1, C4<z>; HiZ drive
v0x563cc8c8c8c0_0 .net "wVd", 0 0, o0x7fdb98cb80d8;  0 drivers
S_0x563cc8ca2f70 .scope module, "SinGenDsp" "SinGenDsp" 2 47, 3 10 0, S_0x563cc8ca2d40;
 .timescale 0 0;
    .port_info 0 /OUTPUT 16 "oSin";
    .port_info 1 /OUTPUT 1 "oVd";
    .port_info 2 /INPUT 1 "iRST";
    .port_info 3 /INPUT 1 "iCLK";
L_0x563cc8caeb70 .functor BUFZ 16, v0x563cc8c8c2d0_0, C4<0000000000000000>, C4<0000000000000000>, C4<0000000000000000>;
v0x563cc8cc9110_0 .var "amplitude", 15 0;
v0x563cc8cd37c0_0 .net "iCLK", 0 0, v0x563cc8c8c5e0_0;  1 drivers
v0x563cc8cd34c0_0 .net "iRST", 0 0, v0x563cc8c8c680_0;  1 drivers
v0x563cc8cd3640_0 .net/s "oSin", 15 0, L_0x563cc8caeb70;  alias, 1 drivers
v0x563cc8cd3be0_0 .net "oVd", 0 0, o0x7fdb98cb80d8;  alias, 0 drivers
v0x563cc8cf94c0_0 .var "phase_accumulator", 31 0;
v0x563cc8cf9360_0 .var "phase_increment", 31 0;
v0x563cc8c8c2d0_0 .var/s "sin_sample", 15 0;
E_0x563cc8ca1040 .event posedge, v0x563cc8cd37c0_0;
S_0x563cc8c8c430 .scope task, "reset_init" "reset_init" 2 32, 2 32 0, S_0x563cc8ca2d40;
 .timescale -9 -12;
TD_SinGenDsp_tb.reset_init ;
    %delay 10000, 0;
    %load/vec4 v0x563cc8c8c720_0;
    %inv;
    %store/vec4 v0x563cc8c8c720_0, 0, 1;
    %load/vec4 v0x563cc8c8c680_0;
    %inv;
    %store/vec4 v0x563cc8c8c680_0, 0, 1;
    %delay 10000, 0;
    %end;
    .scope S_0x563cc8ca2f70;
T_1 ;
    %pushi/vec4 32767, 0, 16;
    %store/vec4 v0x563cc8cc9110_0, 0, 16;
    %pushi/vec4 1666, 0, 32;
    %store/vec4 v0x563cc8cf9360_0, 0, 32;
    %end;
    .thread T_1;
    .scope S_0x563cc8ca2f70;
T_2 ;
    %wait E_0x563cc8ca1040;
    %load/vec4 v0x563cc8cd34c0_0;
    %flag_set/vec4 8;
    %jmp/0xz  T_2.0, 8;
    %pushi/vec4 0, 0, 32;
    %assign/vec4 v0x563cc8cf94c0_0, 0;
    %jmp T_2.1;
T_2.0 ;
    %load/vec4 v0x563cc8cf94c0_0;
    %load/vec4 v0x563cc8cf9360_0;
    %add;
    %assign/vec4 v0x563cc8cf94c0_0, 0;
T_2.1 ;
    %load/vec4 v0x563cc8cd34c0_0;
    %flag_set/vec4 8;
    %jmp/0xz  T_2.2, 8;
    %pushi/vec4 0, 0, 16;
    %assign/vec4 v0x563cc8c8c2d0_0, 0;
    %jmp T_2.3;
T_2.2 ;
    %load/vec4 v0x563cc8cc9110_0;
    %cvt/rv;
    %vpi_func/r 3 28 "$sin", &PV<v0x563cc8cf94c0_0, 16, 16> {0 0 0};
    %mul/wr;
    %cvt/vr 16;
    %assign/vec4 v0x563cc8c8c2d0_0, 0;
T_2.3 ;
    %jmp T_2;
    .thread T_2;
    .scope S_0x563cc8ca2d40;
T_3 ;
    %pushi/vec4 0, 0, 1;
    %store/vec4 v0x563cc8c8c5e0_0, 0, 1;
    %pushi/vec4 1, 0, 1;
    %store/vec4 v0x563cc8c8c680_0, 0, 1;
    %pushi/vec4 0, 0, 1;
    %store/vec4 v0x563cc8c8c720_0, 0, 1;
    %end;
    .thread T_3;
    .scope S_0x563cc8ca2d40;
T_4 ;
    %delay 2000, 0;
    %load/vec4 v0x563cc8c8c5e0_0;
    %inv;
    %store/vec4 v0x563cc8c8c5e0_0, 0, 1;
    %jmp T_4;
    .thread T_4;
    .scope S_0x563cc8ca2d40;
T_5 ;
    %vpi_call 2 60 "$dumpfile", "SinGenDsp_tb.vcd" {0 0 0};
    %vpi_call 2 61 "$dumpvars", 32'sb00000000000000000000000000000000, S_0x563cc8ca2d40 {0 0 0};
    %fork TD_SinGenDsp_tb.reset_init, S_0x563cc8c8c430;
    %join;
    %delay 20000000, 0;
    %vpi_call 2 64 "$finish" {0 0 0};
    %end;
    .thread T_5;
# The file index is used to find the file name in the following table.
:file_names 4;
    "N/A";
    "<interactive>";
    "SinGenDsp_tb.v";
    "../SinGenDsp.v";
