

================================================================
== Vitis HLS Report for 'dataflow_in_loop_display_shift_label0'
================================================================
* Date:           Thu Jun  3 14:10:48 2021

* Version:        2020.2 (Build 3064766 on Wed Nov 18 09:12:47 MST 2020)
* Project:        display_shift
* Solution:       solution1 (Vivado IP Flow Target)
* Product family: zynq
* Target device:  xc7z020-clg484-1


================================================================
== Performance Estimates
================================================================
+ Timing: 
    * Summary: 
    +--------+----------+----------+------------+
    |  Clock |  Target  | Estimated| Uncertainty|
    +--------+----------+----------+------------+
    |ap_clk  |  10.00 ns|  7.300 ns|     2.70 ns|
    +--------+----------+----------+------------+

+ Latency: 
    * Summary: 
    +---------+---------+----------+-----------+-----+-----+----------+
    |  Latency (cycles) |  Latency (absolute)  |  Interval | Pipeline |
    |   min   |   max   |    min   |    max    | min | max |   Type   |
    +---------+---------+----------+-----------+-----+-----+----------+
    |       27|     1305|  0.270 us|  13.050 us|   15|  654|  dataflow|
    +---------+---------+----------+-----------+-----+-----+----------+

    + Detail: 
        * Instance: 
        N/A

        * Loop: 
        N/A

============================================================
+ Verbose Summary: Synthesis Manager
============================================================
InlineROM: 1
ExposeGlobal: 0
============================================================
+ Verbose Summary: CDFG Model
============================================================
IsTopModel: 0
ResetActiveHigh: 1
IsCombinational: 2
IsDatapathOnly: 0
HasWiredReturn: 1
HasMFsm: 0
HasVarLatency: 1
IsPipeline: 0
IsRtlPipelined: 0
IsInstanceOverlapped: 0
IsDontTouch: 0
HasImplIP: 0
IsGatedGlobalClock: 0


============================================================
+ Verbose Summary: Schedule
============================================================
* Number of FSM states : 4
* Pipeline : 0
* Dataflow Pipeline: 1
  DF-Pipeline-0: Size = 4, States = { 1 2 3 4 }

* FSM state transitions: 
1 --> 2 
2 --> 3 
3 --> 4 
4 --> 

* FSM state operations: 

State 1 <SV = 0> <Delay = 6.98>
ST_1 : Operation 5 [1/1] (0.00ns)   --->   "%ddr_update_read = read i64 @_ssdm_op_Read.ap_auto.i64, i64 %ddr_update"   --->   Operation 5 'read' 'ddr_update_read' <Predicate = true> <Delay = 0.00>
ST_1 : Operation 6 [1/1] (0.00ns)   --->   "%yend_read = read i32 @_ssdm_op_Read.ap_auto.i32, i32 %yend"   --->   Operation 6 'read' 'yend_read' <Predicate = true> <Delay = 0.00>
ST_1 : Operation 7 [1/1] (0.00ns)   --->   "%xend_read = read i32 @_ssdm_op_Read.ap_auto.i32, i32 %xend"   --->   Operation 7 'read' 'xend_read' <Predicate = true> <Delay = 0.00>
ST_1 : Operation 8 [1/1] (0.00ns)   --->   "%ddr_copy_read = read i64 @_ssdm_op_Read.ap_auto.i64, i64 %ddr_copy"   --->   Operation 8 'read' 'ddr_copy_read' <Predicate = true> <Delay = 0.00>
ST_1 : Operation 9 [1/1] (0.00ns)   --->   "%frame_size_read = read i32 @_ssdm_op_Read.ap_auto.i32, i32 %frame_size"   --->   Operation 9 'read' 'frame_size_read' <Predicate = true> <Delay = 0.00>
ST_1 : Operation 10 [1/1] (0.00ns)   --->   "%ystart_read = read i32 @_ssdm_op_Read.ap_auto.i32, i32 %ystart"   --->   Operation 10 'read' 'ystart_read' <Predicate = true> <Delay = 0.00>
ST_1 : Operation 11 [1/1] (0.00ns)   --->   "%y_2_read = read i32 @_ssdm_op_Read.ap_auto.i32, i32 %y_2"   --->   Operation 11 'read' 'y_2_read' <Predicate = true> <Delay = 0.00>
ST_1 : Operation 12 [1/1] (0.00ns)   --->   "%xstart_read = read i32 @_ssdm_op_Read.ap_auto.i32, i32 %xstart"   --->   Operation 12 'read' 'xstart_read' <Predicate = true> <Delay = 0.00>
ST_1 : Operation 13 [1/1] (0.00ns)   --->   "%width_read = read i32 @_ssdm_op_Read.ap_auto.i32, i32 %width"   --->   Operation 13 'read' 'width_read' <Predicate = true> <Delay = 0.00>
ST_1 : Operation 14 [1/1] (0.00ns)   --->   "%ddr_update_c = alloca i64 1"   --->   Operation 14 'alloca' 'ddr_update_c' <Predicate = true> <Delay = 0.00> <CoreInst = "FIFO_SRL">   --->   Core 81 'FIFO_SRL' <Latency = 0> <II = 1> <Delay = 3.63> <Storage> <Opcode : 'read' 'write' 'nbread' 'nbwrite'> <Ports = 0> <Width = 64> <Depth = 2> <FIFO>
ST_1 : Operation 15 [1/1] (0.00ns)   --->   "%yend_c = alloca i64 1"   --->   Operation 15 'alloca' 'yend_c' <Predicate = true> <Delay = 0.00> <CoreInst = "FIFO_SRL">   --->   Core 81 'FIFO_SRL' <Latency = 0> <II = 1> <Delay = 3.63> <Storage> <Opcode : 'read' 'write' 'nbread' 'nbwrite'> <Ports = 0> <Width = 32> <Depth = 2> <FIFO>
ST_1 : Operation 16 [1/1] (0.00ns)   --->   "%xend_c = alloca i64 1"   --->   Operation 16 'alloca' 'xend_c' <Predicate = true> <Delay = 0.00> <CoreInst = "FIFO_SRL">   --->   Core 81 'FIFO_SRL' <Latency = 0> <II = 1> <Delay = 3.63> <Storage> <Opcode : 'read' 'write' 'nbread' 'nbwrite'> <Ports = 0> <Width = 32> <Depth = 2> <FIFO>
ST_1 : Operation 17 [1/1] (0.00ns)   --->   "%frame_size_c = alloca i64 1"   --->   Operation 17 'alloca' 'frame_size_c' <Predicate = true> <Delay = 0.00> <CoreInst = "FIFO_SRL">   --->   Core 81 'FIFO_SRL' <Latency = 0> <II = 1> <Delay = 3.63> <Storage> <Opcode : 'read' 'write' 'nbread' 'nbwrite'> <Ports = 0> <Width = 32> <Depth = 2> <FIFO>
ST_1 : Operation 18 [1/1] (0.00ns)   --->   "%y_2_c = alloca i64 1"   --->   Operation 18 'alloca' 'y_2_c' <Predicate = true> <Delay = 0.00> <CoreInst = "FIFO_SRL">   --->   Core 81 'FIFO_SRL' <Latency = 0> <II = 1> <Delay = 3.63> <Storage> <Opcode : 'read' 'write' 'nbread' 'nbwrite'> <Ports = 0> <Width = 32> <Depth = 2> <FIFO>
ST_1 : Operation 19 [1/1] (0.00ns)   --->   "%width_c = alloca i64 1"   --->   Operation 19 'alloca' 'width_c' <Predicate = true> <Delay = 0.00> <CoreInst = "FIFO_SRL">   --->   Core 81 'FIFO_SRL' <Latency = 0> <II = 1> <Delay = 3.63> <Storage> <Opcode : 'read' 'write' 'nbread' 'nbwrite'> <Ports = 0> <Width = 32> <Depth = 2> <FIFO>
ST_1 : Operation 20 [1/1] (0.00ns)   --->   "%copy_V = alloca i64 1" [display_shift.cpp:33]   --->   Operation 20 'alloca' 'copy_V' <Predicate = true> <Delay = 0.00>
ST_1 : Operation 21 [2/2] (6.98ns)   --->   "%call_ln0 = call void @display_shift_label1_proc5, i32 %width_read, i32 %xstart_read, i32 %y_2_read, i32 %ystart_read, i32 %frame_size_read, i64 %ddr_copy_read, i32 %copy, i32 %copy_V, i32 %xend_read, i32 %yend_read, i64 %ddr_update_read, i32 %width_c, i32 %y_2_c, i32 %frame_size_c, i32 %xend_c, i32 %yend_c, i64 %ddr_update_c"   --->   Operation 21 'call' 'call_ln0' <Predicate = true> <Delay = 6.98> <CoreType = "Generic">   --->   Core 0 '' <Latency = 0> <II = 1> <Delay = 1.00> <Generic> <Opcode : >

State 2 <SV = 1> <Delay = 0.00>
ST_2 : Operation 22 [1/2] (0.00ns)   --->   "%call_ln0 = call void @display_shift_label1_proc5, i32 %width_read, i32 %xstart_read, i32 %y_2_read, i32 %ystart_read, i32 %frame_size_read, i64 %ddr_copy_read, i32 %copy, i32 %copy_V, i32 %xend_read, i32 %yend_read, i64 %ddr_update_read, i32 %width_c, i32 %y_2_c, i32 %frame_size_c, i32 %xend_c, i32 %yend_c, i64 %ddr_update_c"   --->   Operation 22 'call' 'call_ln0' <Predicate = true> <Delay = 0.00> <CoreType = "Generic">   --->   Core 0 '' <Latency = 0> <II = 1> <Delay = 1.00> <Generic> <Opcode : >

State 3 <SV = 2> <Delay = 0.00>
ST_3 : Operation 23 [2/2] (0.00ns)   --->   "%call_ln0 = call void @display_shift_label2_proc, i32 %width_c, i32 %xend_c, i32 %y_2_c, i32 %yend_c, i32 %frame_size_c, i32 %copy_V, i64 %ddr_update_c, i32 %update"   --->   Operation 23 'call' 'call_ln0' <Predicate = true> <Delay = 0.00> <CoreType = "Generic">   --->   Core 0 '' <Latency = 0> <II = 1> <Delay = 1.00> <Generic> <Opcode : >

State 4 <SV = 3> <Delay = 0.00>
ST_4 : Operation 24 [1/1] (0.00ns)   --->   "%specinterface_ln0 = specinterface void @_ssdm_op_SpecInterface, i32 %update, void @empty_19, i32 0, i32 0, void @empty_15, i32 0, i32 307200, void @empty_7, void @empty_14, void @empty_15, i32 16, i32 16, i32 16, i32 32, void @empty_15, void @empty_15"   --->   Operation 24 'specinterface' 'specinterface_ln0' <Predicate = true> <Delay = 0.00>
ST_4 : Operation 25 [1/1] (0.00ns)   --->   "%specinterface_ln0 = specinterface void @_ssdm_op_SpecInterface, i32 %copy, void @empty_19, i32 0, i32 0, void @empty_15, i32 0, i32 307200, void @empty_6, void @empty_14, void @empty_15, i32 16, i32 16, i32 32, i32 16, void @empty_15, void @empty_15"   --->   Operation 25 'specinterface' 'specinterface_ln0' <Predicate = true> <Delay = 0.00>
ST_4 : Operation 26 [1/1] (0.00ns)   --->   "%specdataflowpipeline_ln37 = specdataflowpipeline void @_ssdm_op_SpecDataflowPipeline, i32 4294967295, i32 0, void @empty_15" [display_shift.cpp:37]   --->   Operation 26 'specdataflowpipeline' 'specdataflowpipeline_ln37' <Predicate = true> <Delay = 0.00>
ST_4 : Operation 27 [1/1] (0.00ns)   --->   "%empty = specchannel i32 @_ssdm_op_SpecChannel, void @width_c_str, i32 1, void @p_str, void @p_str, i32 2, i32 0, i32 %width_c, i32 %width_c"   --->   Operation 27 'specchannel' 'empty' <Predicate = true> <Delay = 0.00>
ST_4 : Operation 28 [1/1] (0.00ns)   --->   "%specinterface_ln0 = specinterface void @_ssdm_op_SpecInterface, i32 %width_c, void @ap_fifo_str, i32 0, i32 0, void @p_str, i32 0, i32 0, void @p_str, void @p_str, void @p_str, i32 2, i32 2, i32 16, i32 16, void @p_str, void @p_str"   --->   Operation 28 'specinterface' 'specinterface_ln0' <Predicate = true> <Delay = 0.00>
ST_4 : Operation 29 [1/1] (0.00ns)   --->   "%empty_28 = specchannel i32 @_ssdm_op_SpecChannel, void @y_OC_2_c_str, i32 1, void @p_str, void @p_str, i32 2, i32 0, i32 %y_2_c, i32 %y_2_c"   --->   Operation 29 'specchannel' 'empty_28' <Predicate = true> <Delay = 0.00>
ST_4 : Operation 30 [1/1] (0.00ns)   --->   "%specinterface_ln0 = specinterface void @_ssdm_op_SpecInterface, i32 %y_2_c, void @ap_fifo_str, i32 0, i32 0, void @p_str, i32 0, i32 0, void @p_str, void @p_str, void @p_str, i32 2, i32 2, i32 16, i32 16, void @p_str, void @p_str"   --->   Operation 30 'specinterface' 'specinterface_ln0' <Predicate = true> <Delay = 0.00>
ST_4 : Operation 31 [1/1] (0.00ns)   --->   "%empty_29 = specchannel i32 @_ssdm_op_SpecChannel, void @frame_size_c_str, i32 1, void @p_str, void @p_str, i32 2, i32 0, i32 %frame_size_c, i32 %frame_size_c"   --->   Operation 31 'specchannel' 'empty_29' <Predicate = true> <Delay = 0.00>
ST_4 : Operation 32 [1/1] (0.00ns)   --->   "%specinterface_ln0 = specinterface void @_ssdm_op_SpecInterface, i32 %frame_size_c, void @ap_fifo_str, i32 0, i32 0, void @p_str, i32 0, i32 0, void @p_str, void @p_str, void @p_str, i32 2, i32 2, i32 16, i32 16, void @p_str, void @p_str"   --->   Operation 32 'specinterface' 'specinterface_ln0' <Predicate = true> <Delay = 0.00>
ST_4 : Operation 33 [1/1] (0.00ns)   --->   "%empty_30 = specchannel i32 @_ssdm_op_SpecChannel, void @xend_c_str, i32 1, void @p_str, void @p_str, i32 2, i32 0, i32 %xend_c, i32 %xend_c"   --->   Operation 33 'specchannel' 'empty_30' <Predicate = true> <Delay = 0.00>
ST_4 : Operation 34 [1/1] (0.00ns)   --->   "%specinterface_ln0 = specinterface void @_ssdm_op_SpecInterface, i32 %xend_c, void @ap_fifo_str, i32 0, i32 0, void @p_str, i32 0, i32 0, void @p_str, void @p_str, void @p_str, i32 2, i32 2, i32 16, i32 16, void @p_str, void @p_str"   --->   Operation 34 'specinterface' 'specinterface_ln0' <Predicate = true> <Delay = 0.00>
ST_4 : Operation 35 [1/1] (0.00ns)   --->   "%empty_31 = specchannel i32 @_ssdm_op_SpecChannel, void @yend_c_str, i32 1, void @p_str, void @p_str, i32 2, i32 0, i32 %yend_c, i32 %yend_c"   --->   Operation 35 'specchannel' 'empty_31' <Predicate = true> <Delay = 0.00>
ST_4 : Operation 36 [1/1] (0.00ns)   --->   "%specinterface_ln0 = specinterface void @_ssdm_op_SpecInterface, i32 %yend_c, void @ap_fifo_str, i32 0, i32 0, void @p_str, i32 0, i32 0, void @p_str, void @p_str, void @p_str, i32 2, i32 2, i32 16, i32 16, void @p_str, void @p_str"   --->   Operation 36 'specinterface' 'specinterface_ln0' <Predicate = true> <Delay = 0.00>
ST_4 : Operation 37 [1/1] (0.00ns)   --->   "%empty_32 = specchannel i32 @_ssdm_op_SpecChannel, void @ddr_update_c_str, i32 1, void @p_str, void @p_str, i32 2, i32 0, i64 %ddr_update_c, i64 %ddr_update_c"   --->   Operation 37 'specchannel' 'empty_32' <Predicate = true> <Delay = 0.00>
ST_4 : Operation 38 [1/1] (0.00ns)   --->   "%specinterface_ln0 = specinterface void @_ssdm_op_SpecInterface, i64 %ddr_update_c, void @ap_fifo_str, i32 0, i32 0, void @p_str, i32 0, i32 0, void @p_str, void @p_str, void @p_str, i32 2, i32 2, i32 16, i32 16, void @p_str, void @p_str"   --->   Operation 38 'specinterface' 'specinterface_ln0' <Predicate = true> <Delay = 0.00>
ST_4 : Operation 39 [1/2] (0.00ns)   --->   "%call_ln0 = call void @display_shift_label2_proc, i32 %width_c, i32 %xend_c, i32 %y_2_c, i32 %yend_c, i32 %frame_size_c, i32 %copy_V, i64 %ddr_update_c, i32 %update"   --->   Operation 39 'call' 'call_ln0' <Predicate = true> <Delay = 0.00> <CoreType = "Generic">   --->   Core 0 '' <Latency = 0> <II = 1> <Delay = 1.00> <Generic> <Opcode : >
ST_4 : Operation 40 [1/1] (0.00ns)   --->   "%ret_ln0 = ret"   --->   Operation 40 'ret' 'ret_ln0' <Predicate = true> <Delay = 0.00>


============================================================
+ Verbose Summary: Timing violations
============================================================
Target clock period: 10ns, clock uncertainty: 2.7ns.

 <State 1>: 6.99ns
The critical path consists of the following:
	wire read on port 'ddr_update' [12]  (0 ns)
	'call' operation ('call_ln0') to 'display_shift_label1_proc5' [43]  (6.99 ns)

 <State 2>: 0ns
The critical path consists of the following:

 <State 3>: 0ns
The critical path consists of the following:

 <State 4>: 0ns
The critical path consists of the following:


============================================================
+ Verbose Summary: Binding
============================================================
N/A
* FSMD analyzer results:
  - Output states:
 - Input state : 
  - Chain level:
	State 1
	State 2
	State 3
	State 4


============================================================
+ Verbose Summary: Datapath Resource usage 
============================================================
N/A
