

================================================================
== Vitis HLS Report for 'display_shift_label1_proc5'
================================================================
* Date:           Thu Jun  3 14:10:48 2021

* Version:        2020.2 (Build 3064766 on Wed Nov 18 09:12:47 MST 2020)
* Project:        display_shift
* Solution:       solution1 (Vivado IP Flow Target)
* Product family: zynq
* Target device:  xc7z020-clg484-1


================================================================
== Performance Estimates
================================================================
+ Timing: 
    * Summary: 
    +--------+----------+----------+------------+
    |  Clock |  Target  | Estimated| Uncertainty|
    +--------+----------+----------+------------+
    |ap_clk  |  10.00 ns|  7.300 ns|     2.70 ns|
    +--------+----------+----------+------------+

+ Latency: 
    * Summary: 
    +---------+---------+----------+----------+-----+-----+---------+
    |  Latency (cycles) |  Latency (absolute) |  Interval | Pipeline|
    |   min   |   max   |    min   |    max   | min | max |   Type  |
    +---------+---------+----------+----------+-----+-----+---------+
    |       14|      653|  0.140 us|  6.530 us|   14|  653|     none|
    +---------+---------+----------+----------+-----+-----+---------+

    + Detail: 
        * Instance: 
        N/A

        * Loop: 
        +------------------------+---------+---------+----------+-----------+-----------+---------+----------+
        |                        |  Latency (cycles) | Iteration|  Initiation Interval  |   Trip  |          |
        |        Loop Name       |   min   |   max   |  Latency |  achieved |   target  |  Count  | Pipelined|
        +------------------------+---------+---------+----------+-----------+-----------+---------+----------+
        |- display_shift_label1  |        2|      641|         3|          1|          1|  1 ~ 640|       yes|
        +------------------------+---------+---------+----------+-----------+-----------+---------+----------+

============================================================
+ Verbose Summary: Synthesis Manager
============================================================
InlineROM: 1
ExposeGlobal: 0
============================================================
+ Verbose Summary: CDFG Model
============================================================
IsTopModel: 0
ResetActiveHigh: 1
IsCombinational: 2
IsDatapathOnly: 0
HasWiredReturn: 1
HasMFsm: 0
HasVarLatency: 1
IsPipeline: 0
IsRtlPipelined: 0
IsInstanceOverlapped: 0
IsDontTouch: 0
HasImplIP: 0
IsGatedGlobalClock: 0

+ Individual pipeline summary: 
  * Pipeline-0: initiation interval (II) = 1, depth = 3


============================================================
+ Verbose Summary: Schedule
============================================================
* Number of FSM states : 15
* Pipeline : 1
  Pipeline-0 : II = 1, D = 3, States = { 12 13 14 }
* Dataflow Pipeline: 0

* FSM state transitions: 
1 --> 2 
2 --> 3 
3 --> 4 
4 --> 5 
5 --> 6 
6 --> 7 
7 --> 8 
8 --> 9 
9 --> 10 
10 --> 11 
11 --> 12 
12 --> 15 13 
13 --> 14 
14 --> 12 
15 --> 

* FSM state operations: 

State 1 <SV = 0> <Delay = 3.63>
ST_1 : Operation 16 [1/1] (0.00ns)   --->   "%ddr_update_read = read i64 @_ssdm_op_Read.ap_auto.i64, i64 %ddr_update"   --->   Operation 16 'read' 'ddr_update_read' <Predicate = true> <Delay = 0.00>
ST_1 : Operation 17 [1/1] (0.00ns)   --->   "%yend_read = read i32 @_ssdm_op_Read.ap_auto.i32, i32 %yend"   --->   Operation 17 'read' 'yend_read' <Predicate = true> <Delay = 0.00>
ST_1 : Operation 18 [1/1] (0.00ns)   --->   "%xend_read = read i32 @_ssdm_op_Read.ap_auto.i32, i32 %xend"   --->   Operation 18 'read' 'xend_read' <Predicate = true> <Delay = 0.00>
ST_1 : Operation 19 [1/1] (0.00ns)   --->   "%frame_size_read = read i32 @_ssdm_op_Read.ap_auto.i32, i32 %frame_size"   --->   Operation 19 'read' 'frame_size_read' <Predicate = true> <Delay = 0.00>
ST_1 : Operation 20 [1/1] (0.00ns)   --->   "%ystart_read = read i32 @_ssdm_op_Read.ap_auto.i32, i32 %ystart"   --->   Operation 20 'read' 'ystart_read' <Predicate = true> <Delay = 0.00>
ST_1 : Operation 21 [1/1] (0.00ns)   --->   "%y_2_read = read i32 @_ssdm_op_Read.ap_auto.i32, i32 %y_2"   --->   Operation 21 'read' 'y_2_read' <Predicate = true> <Delay = 0.00>
ST_1 : Operation 22 [1/1] (0.00ns)   --->   "%width_read = read i32 @_ssdm_op_Read.ap_auto.i32, i32 %width"   --->   Operation 22 'read' 'width_read' <Predicate = true> <Delay = 0.00>
ST_1 : Operation 23 [1/1] (3.63ns)   --->   "%write_ln0 = write void @_ssdm_op_Write.ap_fifo.i32P0A, i32 %width_out, i32 %width_read"   --->   Operation 23 'write' 'write_ln0' <Predicate = true> <Delay = 3.63> <CoreInst = "FIFO_SRL">   --->   Core 81 'FIFO_SRL' <Latency = 0> <II = 1> <Delay = 3.63> <Storage> <Opcode : 'read' 'write' 'nbread' 'nbwrite'> <Ports = 0> <Width = 32> <Depth = 2> <FIFO>
ST_1 : Operation 24 [1/1] (3.63ns)   --->   "%write_ln0 = write void @_ssdm_op_Write.ap_fifo.i32P0A, i32 %y_2_out, i32 %y_2_read"   --->   Operation 24 'write' 'write_ln0' <Predicate = true> <Delay = 3.63> <CoreInst = "FIFO_SRL">   --->   Core 81 'FIFO_SRL' <Latency = 0> <II = 1> <Delay = 3.63> <Storage> <Opcode : 'read' 'write' 'nbread' 'nbwrite'> <Ports = 0> <Width = 32> <Depth = 2> <FIFO>
ST_1 : Operation 25 [1/1] (3.63ns)   --->   "%write_ln0 = write void @_ssdm_op_Write.ap_fifo.i32P0A, i32 %frame_size_out, i32 %frame_size_read"   --->   Operation 25 'write' 'write_ln0' <Predicate = true> <Delay = 3.63> <CoreInst = "FIFO_SRL">   --->   Core 81 'FIFO_SRL' <Latency = 0> <II = 1> <Delay = 3.63> <Storage> <Opcode : 'read' 'write' 'nbread' 'nbwrite'> <Ports = 0> <Width = 32> <Depth = 2> <FIFO>
ST_1 : Operation 26 [1/1] (3.63ns)   --->   "%write_ln0 = write void @_ssdm_op_Write.ap_fifo.i32P0A, i32 %xend_out, i32 %xend_read"   --->   Operation 26 'write' 'write_ln0' <Predicate = true> <Delay = 3.63> <CoreInst = "FIFO_SRL">   --->   Core 81 'FIFO_SRL' <Latency = 0> <II = 1> <Delay = 3.63> <Storage> <Opcode : 'read' 'write' 'nbread' 'nbwrite'> <Ports = 0> <Width = 32> <Depth = 2> <FIFO>
ST_1 : Operation 27 [1/1] (3.63ns)   --->   "%write_ln0 = write void @_ssdm_op_Write.ap_fifo.i32P0A, i32 %yend_out, i32 %yend_read"   --->   Operation 27 'write' 'write_ln0' <Predicate = true> <Delay = 3.63> <CoreInst = "FIFO_SRL">   --->   Core 81 'FIFO_SRL' <Latency = 0> <II = 1> <Delay = 3.63> <Storage> <Opcode : 'read' 'write' 'nbread' 'nbwrite'> <Ports = 0> <Width = 32> <Depth = 2> <FIFO>
ST_1 : Operation 28 [1/1] (3.63ns)   --->   "%write_ln0 = write void @_ssdm_op_Write.ap_fifo.i64P0A, i64 %ddr_update_out, i64 %ddr_update_read"   --->   Operation 28 'write' 'write_ln0' <Predicate = true> <Delay = 3.63> <CoreInst = "FIFO_SRL">   --->   Core 81 'FIFO_SRL' <Latency = 0> <II = 1> <Delay = 3.63> <Storage> <Opcode : 'read' 'write' 'nbread' 'nbwrite'> <Ports = 0> <Width = 64> <Depth = 2> <FIFO>
ST_1 : Operation 29 [1/1] (0.00ns)   --->   "%lhs_1_i_i = sext i32 %y_2_read"   --->   Operation 29 'sext' 'lhs_1_i_i' <Predicate = true> <Delay = 0.00>
ST_1 : Operation 30 [1/1] (0.00ns)   --->   "%rhs_1_i_i = zext i32 %ystart_read"   --->   Operation 30 'zext' 'rhs_1_i_i' <Predicate = true> <Delay = 0.00>
ST_1 : Operation 31 [1/1] (2.55ns)   --->   "%ret_1_i_i = add i34 %lhs_1_i_i, i34 %rhs_1_i_i"   --->   Operation 31 'add' 'ret_1_i_i' <Predicate = true> <Delay = 2.55> <CoreInst = "Adder">   --->   Core 1 'Adder' <Latency = 0> <II = 1> <Delay = 3.52> <FuncUnit> <Opcode : 'add' 'sub'> <InPorts = 2> <OutPorts = 1>

State 2 <SV = 1> <Delay = 6.91>
ST_2 : Operation 32 [1/1] (0.00ns)   --->   "%sext_ln534 = sext i34 %ret_1_i_i"   --->   Operation 32 'sext' 'sext_ln534' <Predicate = true> <Delay = 0.00>
ST_2 : Operation 33 [1/1] (0.00ns)   --->   "%zext_ln534 = zext i32 %frame_size_read"   --->   Operation 33 'zext' 'zext_ln534' <Predicate = true> <Delay = 0.00>
ST_2 : Operation 34 [2/2] (6.91ns)   --->   "%mul_ln534 = mul i62 %sext_ln534, i62 %zext_ln534"   --->   Operation 34 'mul' 'mul_ln534' <Predicate = true> <Delay = 6.91> <CoreInst = "Multiplier">   --->   Core 3 'Multiplier' <Latency = 1> <II = 1> <Delay = 6.91> <FuncUnit> <Opcode : 'mul'> <InPorts = 2> <OutPorts = 1>

State 3 <SV = 2> <Delay = 6.91>
ST_3 : Operation 35 [1/2] (6.91ns)   --->   "%mul_ln534 = mul i62 %sext_ln534, i62 %zext_ln534"   --->   Operation 35 'mul' 'mul_ln534' <Predicate = true> <Delay = 6.91> <CoreInst = "Multiplier">   --->   Core 3 'Multiplier' <Latency = 1> <II = 1> <Delay = 6.91> <FuncUnit> <Opcode : 'mul'> <InPorts = 2> <OutPorts = 1>

State 4 <SV = 3> <Delay = 6.98>
ST_4 : Operation 36 [1/1] (0.00ns)   --->   "%ddr_copy_read = read i64 @_ssdm_op_Read.ap_auto.i64, i64 %ddr_copy"   --->   Operation 36 'read' 'ddr_copy_read' <Predicate = true> <Delay = 0.00>
ST_4 : Operation 37 [1/1] (0.00ns)   --->   "%xstart_read = read i32 @_ssdm_op_Read.ap_auto.i32, i32 %xstart"   --->   Operation 37 'read' 'xstart_read' <Predicate = true> <Delay = 0.00>
ST_4 : Operation 38 [1/1] (0.00ns)   --->   "%zext_ln534_2 = zext i32 %xstart_read"   --->   Operation 38 'zext' 'zext_ln534_2' <Predicate = true> <Delay = 0.00>
ST_4 : Operation 39 [1/1] (3.46ns)   --->   "%add_ln324 = add i62 %mul_ln534, i62 %zext_ln534_2"   --->   Operation 39 'add' 'add_ln324' <Predicate = true> <Delay = 3.46> <CoreInst = "Adder">   --->   Core 1 'Adder' <Latency = 0> <II = 1> <Delay = 3.52> <FuncUnit> <Opcode : 'add' 'sub'> <InPorts = 2> <OutPorts = 1>
ST_4 : Operation 40 [1/1] (0.00ns)   --->   "%shl_ln324_1 = bitconcatenate i64 @_ssdm_op_BitConcatenate.i64.i62.i2, i62 %add_ln324, i2 0"   --->   Operation 40 'bitconcatenate' 'shl_ln324_1' <Predicate = true> <Delay = 0.00>
ST_4 : Operation 41 [1/1] (3.52ns)   --->   "%add_ln324_1 = add i64 %shl_ln324_1, i64 %ddr_copy_read"   --->   Operation 41 'add' 'add_ln324_1' <Predicate = true> <Delay = 3.52> <CoreInst = "Adder">   --->   Core 1 'Adder' <Latency = 0> <II = 1> <Delay = 3.52> <FuncUnit> <Opcode : 'add' 'sub'> <InPorts = 2> <OutPorts = 1>
ST_4 : Operation 42 [1/1] (0.00ns)   --->   "%trunc_ln324_1 = partselect i62 @_ssdm_op_PartSelect.i62.i64.i32.i32, i64 %add_ln324_1, i32 2, i32 63"   --->   Operation 42 'partselect' 'trunc_ln324_1' <Predicate = true> <Delay = 0.00>
ST_4 : Operation 43 [1/1] (0.00ns)   --->   "%sext_ln324 = sext i62 %trunc_ln324_1"   --->   Operation 43 'sext' 'sext_ln324' <Predicate = true> <Delay = 0.00>
ST_4 : Operation 44 [1/1] (0.00ns)   --->   "%copy_addr = getelementptr i32 %copy, i64 %sext_ln324"   --->   Operation 44 'getelementptr' 'copy_addr' <Predicate = true> <Delay = 0.00>

State 5 <SV = 4> <Delay = 7.30>
ST_5 : Operation 45 [7/7] (7.30ns)   --->   "%copy_addr_1_rd_req = readreq i1 @_ssdm_op_ReadReq.m_axi.i32P1A, i32 %copy_addr, i32 %width_read"   --->   Operation 45 'readreq' 'copy_addr_1_rd_req' <Predicate = true> <Delay = 7.30> <CoreInst = "m_axi">   --->   Core 113 'm_axi' <Latency = 6> <II = 1> <Delay = 1.00> <Adapter> <Opcode : 'read' 'write' 'readreq' 'writereq' 'writeresp'>

State 6 <SV = 5> <Delay = 7.30>
ST_6 : Operation 46 [6/7] (7.30ns)   --->   "%copy_addr_1_rd_req = readreq i1 @_ssdm_op_ReadReq.m_axi.i32P1A, i32 %copy_addr, i32 %width_read"   --->   Operation 46 'readreq' 'copy_addr_1_rd_req' <Predicate = true> <Delay = 7.30> <CoreInst = "m_axi">   --->   Core 113 'm_axi' <Latency = 6> <II = 1> <Delay = 1.00> <Adapter> <Opcode : 'read' 'write' 'readreq' 'writereq' 'writeresp'>

State 7 <SV = 6> <Delay = 7.30>
ST_7 : Operation 47 [5/7] (7.30ns)   --->   "%copy_addr_1_rd_req = readreq i1 @_ssdm_op_ReadReq.m_axi.i32P1A, i32 %copy_addr, i32 %width_read"   --->   Operation 47 'readreq' 'copy_addr_1_rd_req' <Predicate = true> <Delay = 7.30> <CoreInst = "m_axi">   --->   Core 113 'm_axi' <Latency = 6> <II = 1> <Delay = 1.00> <Adapter> <Opcode : 'read' 'write' 'readreq' 'writereq' 'writeresp'>

State 8 <SV = 7> <Delay = 7.30>
ST_8 : Operation 48 [4/7] (7.30ns)   --->   "%copy_addr_1_rd_req = readreq i1 @_ssdm_op_ReadReq.m_axi.i32P1A, i32 %copy_addr, i32 %width_read"   --->   Operation 48 'readreq' 'copy_addr_1_rd_req' <Predicate = true> <Delay = 7.30> <CoreInst = "m_axi">   --->   Core 113 'm_axi' <Latency = 6> <II = 1> <Delay = 1.00> <Adapter> <Opcode : 'read' 'write' 'readreq' 'writereq' 'writeresp'>

State 9 <SV = 8> <Delay = 7.30>
ST_9 : Operation 49 [3/7] (7.30ns)   --->   "%copy_addr_1_rd_req = readreq i1 @_ssdm_op_ReadReq.m_axi.i32P1A, i32 %copy_addr, i32 %width_read"   --->   Operation 49 'readreq' 'copy_addr_1_rd_req' <Predicate = true> <Delay = 7.30> <CoreInst = "m_axi">   --->   Core 113 'm_axi' <Latency = 6> <II = 1> <Delay = 1.00> <Adapter> <Opcode : 'read' 'write' 'readreq' 'writereq' 'writeresp'>

State 10 <SV = 9> <Delay = 7.30>
ST_10 : Operation 50 [2/7] (7.30ns)   --->   "%copy_addr_1_rd_req = readreq i1 @_ssdm_op_ReadReq.m_axi.i32P1A, i32 %copy_addr, i32 %width_read"   --->   Operation 50 'readreq' 'copy_addr_1_rd_req' <Predicate = true> <Delay = 7.30> <CoreInst = "m_axi">   --->   Core 113 'm_axi' <Latency = 6> <II = 1> <Delay = 1.00> <Adapter> <Opcode : 'read' 'write' 'readreq' 'writereq' 'writeresp'>

State 11 <SV = 10> <Delay = 7.30>
ST_11 : Operation 51 [1/1] (0.00ns)   --->   "%specinterface_ln0 = specinterface void @_ssdm_op_SpecInterface, i32 %copy, void @empty_19, i32 0, i32 0, void @empty_15, i32 0, i32 307200, void @empty_6, void @empty_14, void @empty_15, i32 16, i32 16, i32 32, i32 16, void @empty_15, void @empty_15"   --->   Operation 51 'specinterface' 'specinterface_ln0' <Predicate = true> <Delay = 0.00>
ST_11 : Operation 52 [1/1] (0.00ns)   --->   "%specinterface_ln0 = specinterface void @_ssdm_op_SpecInterface, i32 %copy, void @empty_19, i32 0, i32 0, void @empty_15, i32 0, i32 307200, void @empty_6, void @empty_14, void @empty_15, i32 16, i32 16, i32 32, i32 16, void @empty_15, void @empty_15"   --->   Operation 52 'specinterface' 'specinterface_ln0' <Predicate = true> <Delay = 0.00>
ST_11 : Operation 53 [1/1] (0.00ns)   --->   "%specinterface_ln0 = specinterface void @_ssdm_op_SpecInterface, i32 %width_out, void @ap_fifo_str, i32 0, i32 0, void @p_str, i32 0, i32 0, void @p_str, void @p_str, void @p_str, i32 2, i32 2, i32 16, i32 16, void @p_str, void @ScalarProp_str"   --->   Operation 53 'specinterface' 'specinterface_ln0' <Predicate = true> <Delay = 0.00>
ST_11 : Operation 54 [1/1] (0.00ns)   --->   "%specinterface_ln0 = specinterface void @_ssdm_op_SpecInterface, i32 %y_2_out, void @ap_fifo_str, i32 0, i32 0, void @p_str, i32 0, i32 0, void @p_str, void @p_str, void @p_str, i32 2, i32 2, i32 16, i32 16, void @p_str, void @ScalarProp_str"   --->   Operation 54 'specinterface' 'specinterface_ln0' <Predicate = true> <Delay = 0.00>
ST_11 : Operation 55 [1/1] (0.00ns)   --->   "%specinterface_ln0 = specinterface void @_ssdm_op_SpecInterface, i32 %frame_size_out, void @ap_fifo_str, i32 0, i32 0, void @p_str, i32 0, i32 0, void @p_str, void @p_str, void @p_str, i32 2, i32 2, i32 16, i32 16, void @p_str, void @ScalarProp_str"   --->   Operation 55 'specinterface' 'specinterface_ln0' <Predicate = true> <Delay = 0.00>
ST_11 : Operation 56 [1/1] (0.00ns)   --->   "%specinterface_ln0 = specinterface void @_ssdm_op_SpecInterface, i32 %xend_out, void @ap_fifo_str, i32 0, i32 0, void @p_str, i32 0, i32 0, void @p_str, void @p_str, void @p_str, i32 2, i32 2, i32 16, i32 16, void @p_str, void @ScalarProp_str"   --->   Operation 56 'specinterface' 'specinterface_ln0' <Predicate = true> <Delay = 0.00>
ST_11 : Operation 57 [1/1] (0.00ns)   --->   "%specinterface_ln0 = specinterface void @_ssdm_op_SpecInterface, i32 %yend_out, void @ap_fifo_str, i32 0, i32 0, void @p_str, i32 0, i32 0, void @p_str, void @p_str, void @p_str, i32 2, i32 2, i32 16, i32 16, void @p_str, void @ScalarProp_str"   --->   Operation 57 'specinterface' 'specinterface_ln0' <Predicate = true> <Delay = 0.00>
ST_11 : Operation 58 [1/1] (0.00ns)   --->   "%specinterface_ln0 = specinterface void @_ssdm_op_SpecInterface, i64 %ddr_update_out, void @ap_fifo_str, i32 0, i32 0, void @p_str, i32 0, i32 0, void @p_str, void @p_str, void @p_str, i32 2, i32 2, i32 16, i32 16, void @p_str, void @ScalarProp_str"   --->   Operation 58 'specinterface' 'specinterface_ln0' <Predicate = true> <Delay = 0.00>
ST_11 : Operation 59 [1/1] (0.00ns)   --->   "%specinterface_ln0 = specinterface void @_ssdm_op_SpecInterface, i32 %copy, void @empty_19, i32 0, i32 0, void @empty_15, i32 0, i32 307200, void @empty_6, void @empty_14, void @empty_15, i32 16, i32 16, i32 32, i32 16, void @empty_15, void @empty_15"   --->   Operation 59 'specinterface' 'specinterface_ln0' <Predicate = true> <Delay = 0.00>
ST_11 : Operation 60 [1/1] (0.00ns)   --->   "%specinterface_ln0 = specinterface void @_ssdm_op_SpecInterface, i32 %copy, void @empty_19, i32 0, i32 0, void @empty_15, i32 0, i32 307200, void @empty_6, void @empty_14, void @empty_15, i32 16, i32 16, i32 32, i32 16, void @empty_15, void @empty_15"   --->   Operation 60 'specinterface' 'specinterface_ln0' <Predicate = true> <Delay = 0.00>
ST_11 : Operation 61 [1/7] (7.30ns)   --->   "%copy_addr_1_rd_req = readreq i1 @_ssdm_op_ReadReq.m_axi.i32P1A, i32 %copy_addr, i32 %width_read"   --->   Operation 61 'readreq' 'copy_addr_1_rd_req' <Predicate = true> <Delay = 7.30> <CoreInst = "m_axi">   --->   Core 113 'm_axi' <Latency = 6> <II = 1> <Delay = 1.00> <Adapter> <Opcode : 'read' 'write' 'readreq' 'writereq' 'writeresp'>
ST_11 : Operation 62 [1/1] (1.58ns)   --->   "%br_ln0 = br void"   --->   Operation 62 'br' 'br_ln0' <Predicate = true> <Delay = 1.58>

State 12 <SV = 11> <Delay = 2.55>
ST_12 : Operation 63 [1/1] (0.00ns)   --->   "%x = phi i32 %add_ln37, void, i32 0, void %entry"   --->   Operation 63 'phi' 'x' <Predicate = true> <Delay = 0.00>
ST_12 : Operation 64 [1/1] (2.55ns)   --->   "%add_ln37 = add i32 %x, i32 1" [display_shift.cpp:37]   --->   Operation 64 'add' 'add_ln37' <Predicate = true> <Delay = 2.55> <CoreInst = "Adder">   --->   Core 1 'Adder' <Latency = 0> <II = 1> <Delay = 3.52> <FuncUnit> <Opcode : 'add' 'sub'> <InPorts = 2> <OutPorts = 1>
ST_12 : Operation 65 [1/1] (2.47ns)   --->   "%icmp_ln878 = icmp_eq  i32 %x, i32 %width_read"   --->   Operation 65 'icmp' 'icmp_ln878' <Predicate = true> <Delay = 2.47> <CoreInst = "Cmp">   --->   Core 9 'Cmp' <Latency = 0> <II = 1> <Delay = 2.47> <FuncUnit> <Opcode : 'icmp'> <InPorts = 2> <OutPorts = 1>
ST_12 : Operation 66 [1/1] (0.00ns)   --->   "%br_ln37 = br i1 %icmp_ln878, void, void %.exit" [display_shift.cpp:37]   --->   Operation 66 'br' 'br_ln37' <Predicate = true> <Delay = 0.00>

State 13 <SV = 12> <Delay = 7.30>
ST_13 : Operation 67 [1/1] (7.30ns)   --->   "%copy_addr_read = read i32 @_ssdm_op_Read.m_axi.i32P1A, i32 %copy_addr"   --->   Operation 67 'read' 'copy_addr_read' <Predicate = (!icmp_ln878)> <Delay = 7.30> <CoreInst = "m_axi">   --->   Core 113 'm_axi' <Latency = 6> <II = 1> <Delay = 1.00> <Adapter> <Opcode : 'read' 'write' 'readreq' 'writereq' 'writeresp'>

State 14 <SV = 13> <Delay = 3.25>
ST_14 : Operation 68 [1/1] (0.00ns)   --->   "%zext_ln37 = zext i32 %x" [display_shift.cpp:37]   --->   Operation 68 'zext' 'zext_ln37' <Predicate = (!icmp_ln878)> <Delay = 0.00>
ST_14 : Operation 69 [1/1] (0.00ns)   --->   "%specpipeline_ln1461 = specpipeline void @_ssdm_op_SpecPipeline, i32 4294967295, i32 0, i32 0, i32 0, void @empty_15"   --->   Operation 69 'specpipeline' 'specpipeline_ln1461' <Predicate = (!icmp_ln878)> <Delay = 0.00>
ST_14 : Operation 70 [1/1] (0.00ns)   --->   "%speclooptripcount_ln1461 = speclooptripcount void @_ssdm_op_SpecLoopTripCount, i64 1, i64 640, i64 640"   --->   Operation 70 'speclooptripcount' 'speclooptripcount_ln1461' <Predicate = (!icmp_ln878)> <Delay = 0.00>
ST_14 : Operation 71 [1/1] (0.00ns)   --->   "%specloopname_ln1461 = specloopname void @_ssdm_op_SpecLoopName, void @empty_18"   --->   Operation 71 'specloopname' 'specloopname_ln1461' <Predicate = (!icmp_ln878)> <Delay = 0.00>
ST_14 : Operation 72 [1/1] (0.00ns)   --->   "%copy_V1_addr = getelementptr i32 %copy_V1, i64 0, i64 %zext_ln37"   --->   Operation 72 'getelementptr' 'copy_V1_addr' <Predicate = (!icmp_ln878)> <Delay = 0.00>
ST_14 : Operation 73 [1/1] (3.25ns)   --->   "%store_ln324 = store i32 %copy_addr_read, i10 %copy_V1_addr"   --->   Operation 73 'store' 'store_ln324' <Predicate = (!icmp_ln878)> <Delay = 3.25> <CoreInst = "RAM">   --->   Core 82 'RAM' <Latency = 1> <II = 1> <Delay = 3.25> <Storage> <Opcode : 'load' 'store'> <Ports = 2> <Width = 32> <Depth = 640> <RAM>
ST_14 : Operation 74 [1/1] (0.00ns)   --->   "%br_ln37 = br void" [display_shift.cpp:37]   --->   Operation 74 'br' 'br_ln37' <Predicate = (!icmp_ln878)> <Delay = 0.00>

State 15 <SV = 12> <Delay = 0.00>
ST_15 : Operation 75 [1/1] (0.00ns)   --->   "%ret_ln0 = ret"   --->   Operation 75 'ret' 'ret_ln0' <Predicate = true> <Delay = 0.00>


============================================================
+ Verbose Summary: Timing violations
============================================================
Target clock period: 10ns, clock uncertainty: 2.7ns.

 <State 1>: 3.63ns
The critical path consists of the following:
	wire read on port 'width' [29]  (0 ns)
	fifo write on port 'width_out' [30]  (3.63 ns)

 <State 2>: 6.91ns
The critical path consists of the following:
	'mul' operation ('mul_ln534') [48]  (6.91 ns)

 <State 3>: 6.91ns
The critical path consists of the following:
	'mul' operation ('mul_ln534') [48]  (6.91 ns)

 <State 4>: 6.99ns
The critical path consists of the following:
	wire read on port 'xstart' [28]  (0 ns)
	'add' operation ('add_ln324') [50]  (3.47 ns)
	'add' operation ('add_ln324_1') [52]  (3.52 ns)

 <State 5>: 7.3ns
The critical path consists of the following:
	bus request on port 'copy' [56]  (7.3 ns)

 <State 6>: 7.3ns
The critical path consists of the following:
	bus request on port 'copy' [56]  (7.3 ns)

 <State 7>: 7.3ns
The critical path consists of the following:
	bus request on port 'copy' [56]  (7.3 ns)

 <State 8>: 7.3ns
The critical path consists of the following:
	bus request on port 'copy' [56]  (7.3 ns)

 <State 9>: 7.3ns
The critical path consists of the following:
	bus request on port 'copy' [56]  (7.3 ns)

 <State 10>: 7.3ns
The critical path consists of the following:
	bus request on port 'copy' [56]  (7.3 ns)

 <State 11>: 7.3ns
The critical path consists of the following:
	bus request on port 'copy' [56]  (7.3 ns)

 <State 12>: 2.55ns
The critical path consists of the following:
	'phi' operation ('x') with incoming values : ('add_ln37', display_shift.cpp:37) [59]  (0 ns)
	'add' operation ('add_ln37', display_shift.cpp:37) [60]  (2.55 ns)

 <State 13>: 7.3ns
The critical path consists of the following:
	bus read on port 'copy' [68]  (7.3 ns)

 <State 14>: 3.25ns
The critical path consists of the following:
	'getelementptr' operation ('copy_V1_addr') [69]  (0 ns)
	'store' operation ('store_ln324') of variable 'copy_addr_read' on array 'copy_V1' [70]  (3.25 ns)

 <State 15>: 0ns
The critical path consists of the following:


============================================================
+ Verbose Summary: Binding
============================================================
N/A
* FSMD analyzer results:
  - Output states:
 - Input state : 
  - Chain level:
	State 1
	State 2
	State 3
	State 4
	State 5
	State 6
	State 7
	State 8
	State 9
	State 10
	State 11
	State 12
	State 13
	State 14
	State 15


============================================================
+ Verbose Summary: Datapath Resource usage 
============================================================
N/A
