#! /usr/bin/vvp
:ivl_version "10.3 (stable)";
:ivl_delay_selection "TYPICAL";
:vpi_time_precision - 12;
:vpi_module "system";
:vpi_module "vhdl_sys";
:vpi_module "v2005_math";
:vpi_module "va_math";
S_0x5556870474c0 .scope module, "nv_tb" "nv_tb" 2 21;
 .timescale -9 -12;
P_0x555687047640 .param/l "CYCLE" 0 2 27, +C4<00000000000000000000000000010100>;
P_0x555687047680 .param/l "LOOP" 0 2 29, +C4<00000000000000000000000000000001>;
P_0x5556870476c0 .param/l "SIM_MAX" 0 2 28, +C4<00000000000000000000000000000100>;
v0x55568707cab0_0 .net "CarBlue", 0 0, L_0x55568707d290;  1 drivers
v0x55568707cb70_0 .net "CarRed", 0 0, L_0x55568707d470;  1 drivers
v0x55568707cc40_0 .net "CarYellow", 0 0, L_0x55568707d330;  1 drivers
v0x55568707cd40_0 .net "WarkBlue", 0 0, L_0x55568707d660;  1 drivers
v0x55568707ce10_0 .net "WarkDled", 0 0, L_0x55568707d880;  1 drivers
v0x55568707ceb0_0 .net "WarkRed", 0 0, L_0x55568707d700;  1 drivers
v0x55568707cf80_0 .var "clk", 0 0;
v0x55568707d050_0 .var/i "i", 31 0;
v0x55568707d0f0_0 .var "reset", 0 0;
v0x55568707d1c0_0 .var "sw", 0 0;
S_0x555687043000 .scope module, "i0" "nv_top" 2 34, 3 12 0, S_0x5556870474c0;
 .timescale -9 -12;
    .port_info 0 /OUTPUT 1 "oCB"
    .port_info 1 /OUTPUT 1 "oCY"
    .port_info 2 /OUTPUT 1 "oCR"
    .port_info 3 /OUTPUT 1 "oWB"
    .port_info 4 /OUTPUT 1 "oWR"
    .port_info 5 /OUTPUT 1 "oWD"
    .port_info 6 /INPUT 1 "iWPBS"
    .port_info 7 /INPUT 1 "iRST"
    .port_info 8 /INPUT 1 "iCLK"
P_0x55568701e080 .param/l "lpctCbWrKeep" 1 3 48, C4<1010>;
P_0x55568701e0c0 .param/l "lpctCbWrPass" 1 3 49, C4<0001>;
P_0x55568701e100 .param/l "lpctCrWb" 1 3 52, C4<0111>;
P_0x55568701e140 .param/l "lpctCrWbBlink" 1 3 53, C4<0100>;
P_0x55568701e180 .param/l "lpctCrWr" 1 3 51, C4<0001>;
P_0x55568701e1c0 .param/l "lpctCyWr" 1 3 50, C4<0010>;
P_0x55568701e200 .param/l "lpsCbWrKeep" 1 3 37, C4<000>;
P_0x55568701e240 .param/l "lpsCbWrPass" 1 3 38, C4<001>;
P_0x55568701e280 .param/l "lpsCrWb" 1 3 41, C4<100>;
P_0x55568701e2c0 .param/l "lpsCrWbBlink" 1 3 42, C4<101>;
P_0x55568701e300 .param/l "lpsCrWrInter" 1 3 40, C4<011>;
P_0x55568701e340 .param/l "lpsCrWrTurn" 1 3 43, C4<110>;
P_0x55568701e380 .param/l "lpsCyWr" 1 3 39, C4<010>;
P_0x55568701e3c0 .param/l "pCLKFreqDiv10" 0 3 14, +C4<00000000000000000000000000000100>;
L_0x7f622629b0a8 .functor BUFT 1, C4<1>, C4<0>, C4<0>, C4<0>;
L_0x55568704a440 .functor XNOR 1, v0x55568707c500_0, L_0x7f622629b0a8, C4<0>, C4<0>;
L_0x55568704a710 .functor AND 1, L_0x55568708dcd0, L_0x55568704a440, C4<1>, C4<1>;
v0x555687039b80_0 .net "ENABLE", 0 0, L_0x55568708dfe0;  1 drivers
v0x55568703a830_0 .net "STATE_START", 0 0, v0x55568707c500_0;  1 drivers
v0x55568703b4e0_0 .net *"_s10", 2 0, L_0x55568707d970;  1 drivers
v0x55568707ae70_0 .net *"_s13", 21 0, L_0x55568707da60;  1 drivers
v0x55568707af50_0 .net *"_s14", 31 0, L_0x55568707db60;  1 drivers
L_0x7f622629b018 .functor BUFT 1, C4<0000000000>, C4<0>, C4<0>, C4<0>;
v0x55568707b080_0 .net *"_s17", 9 0, L_0x7f622629b018;  1 drivers
L_0x7f622629b060 .functor BUFT 1, C4<00000000000000000000000000000011>, C4<0>, C4<0>, C4<0>;
v0x55568707b160_0 .net/2u *"_s18", 31 0, L_0x7f622629b060;  1 drivers
v0x55568707b240_0 .net *"_s20", 0 0, L_0x55568708dcd0;  1 drivers
v0x55568707b300_0 .net/2u *"_s22", 0 0, L_0x7f622629b0a8;  1 drivers
v0x55568707b3e0_0 .net *"_s24", 0 0, L_0x55568704a440;  1 drivers
v0x55568707b4a0_0 .net *"_s26", 0 0, L_0x55568704a710;  1 drivers
L_0x7f622629b0f0 .functor BUFT 1, C4<1>, C4<0>, C4<0>, C4<0>;
v0x55568707b560_0 .net/2u *"_s28", 0 0, L_0x7f622629b0f0;  1 drivers
L_0x7f622629b138 .functor BUFT 1, C4<0>, C4<0>, C4<0>, C4<0>;
v0x55568707b640_0 .net/2u *"_s30", 0 0, L_0x7f622629b138;  1 drivers
v0x55568707b720_0 .net *"_s4", 2 0, L_0x55568707d560;  1 drivers
v0x55568707b800_0 .net "iCLK", 0 0, v0x55568707cf80_0;  1 drivers
v0x55568707b8c0_0 .net "iRST", 0 0, v0x55568707d0f0_0;  1 drivers
v0x55568707b980_0 .net "iWPBS", 0 0, v0x55568707d1c0_0;  1 drivers
v0x55568707ba40_0 .var "lamp_state", 2 0;
v0x55568707bb20_0 .net "oCB", 0 0, L_0x55568707d290;  alias, 1 drivers
v0x55568707bbe0_0 .net "oCR", 0 0, L_0x55568707d470;  alias, 1 drivers
v0x55568707bca0_0 .net "oCY", 0 0, L_0x55568707d330;  alias, 1 drivers
v0x55568707bd60_0 .net "oWB", 0 0, L_0x55568707d660;  alias, 1 drivers
v0x55568707be20_0 .net "oWD", 0 0, L_0x55568707d880;  alias, 1 drivers
v0x55568707bee0_0 .net "oWR", 0 0, L_0x55568707d700;  alias, 1 drivers
v0x55568707bfa0_0 .var "rCb", 0 0;
v0x55568707c060_0 .var "rCr", 0 0;
v0x55568707c120_0 .var "rCy", 0 0;
v0x55568707c1e0_0 .var "rWb", 0 0;
v0x55568707c2a0_0 .var "rWd", 0 0;
v0x55568707c360_0 .var "rWr", 0 0;
v0x55568707c420_0 .var "sec_count", 6 0;
v0x55568707c500_0 .var "state_start", 0 0;
v0x55568707c5c0_0 .var "state_time", 6 0;
v0x55568707c8b0_0 .var "tmp_count", 24 0;
E_0x55568701ead0 .event edge, v0x555687039b80_0, v0x55568707ba40_0;
E_0x555687043830 .event posedge, v0x55568707b800_0;
L_0x55568707d290 .part L_0x55568707d560, 2, 1;
L_0x55568707d330 .part L_0x55568707d560, 1, 1;
L_0x55568707d470 .part L_0x55568707d560, 0, 1;
L_0x55568707d560 .concat [ 1 1 1 0], v0x55568707c060_0, v0x55568707c120_0, v0x55568707bfa0_0;
L_0x55568707d660 .part L_0x55568707d970, 2, 1;
L_0x55568707d700 .part L_0x55568707d970, 1, 1;
L_0x55568707d880 .part L_0x55568707d970, 0, 1;
L_0x55568707d970 .concat [ 1 1 1 0], v0x55568707c2a0_0, v0x55568707c360_0, v0x55568707c1e0_0;
L_0x55568707da60 .part v0x55568707c8b0_0, 0, 22;
L_0x55568707db60 .concat [ 22 10 0 0], L_0x55568707da60, L_0x7f622629b018;
L_0x55568708dcd0 .cmp/eq 32, L_0x55568707db60, L_0x7f622629b060;
L_0x55568708dfe0 .functor MUXZ 1, L_0x7f622629b138, L_0x7f622629b0f0, L_0x55568704a710, C4<>;
    .scope S_0x555687043000;
T_0 ;
    %wait E_0x555687043830;
    %load/vec4 v0x55568707b8c0_0;
    %cmpi/e 1, 0, 1;
    %jmp/0xz  T_0.0, 4;
    %pushi/vec4 0, 0, 25;
    %assign/vec4 v0x55568707c8b0_0, 0;
    %jmp T_0.1;
T_0.0 ;
    %load/vec4 v0x555687039b80_0;
    %cmpi/e 1, 0, 1;
    %flag_mov 8, 4;
    %load/vec4 v0x55568703a830_0;
    %cmpi/e 0, 0, 1;
    %flag_or 4, 8;
    %jmp/0xz  T_0.2, 4;
    %pushi/vec4 0, 0, 25;
    %assign/vec4 v0x55568707c8b0_0, 0;
    %jmp T_0.3;
T_0.2 ;
    %load/vec4 v0x55568707c8b0_0;
    %addi 1, 0, 25;
    %assign/vec4 v0x55568707c8b0_0, 0;
T_0.3 ;
T_0.1 ;
    %jmp T_0;
    .thread T_0;
    .scope S_0x555687043000;
T_1 ;
    %wait E_0x555687043830;
    %load/vec4 v0x55568707b8c0_0;
    %cmpi/e 1, 0, 1;
    %jmp/0xz  T_1.0, 4;
    %pushi/vec4 0, 0, 1;
    %assign/vec4 v0x55568707c500_0, 0;
    %jmp T_1.1;
T_1.0 ;
    %load/vec4 v0x55568707b980_0;
    %cmpi/e 1, 0, 1;
    %jmp/0xz  T_1.2, 4;
    %pushi/vec4 1, 0, 1;
    %assign/vec4 v0x55568707c500_0, 0;
    %jmp T_1.3;
T_1.2 ;
    %load/vec4 v0x555687039b80_0;
    %pushi/vec4 1, 0, 1;
    %cmp/e;
    %flag_get/vec4 4;
    %load/vec4 v0x55568707ba40_0;
    %pushi/vec4 6, 0, 3;
    %cmp/e;
    %flag_get/vec4 4;
    %and;
    %load/vec4 v0x55568707c420_0;
    %load/vec4 v0x55568707c5c0_0;
    %cmp/e;
    %flag_get/vec4 4;
    %and;
    %flag_set/vec4 8;
    %jmp/0xz  T_1.4, 8;
    %pushi/vec4 0, 0, 1;
    %assign/vec4 v0x55568707c500_0, 0;
T_1.4 ;
T_1.3 ;
T_1.1 ;
    %jmp T_1;
    .thread T_1;
    .scope S_0x555687043000;
T_2 ;
    %wait E_0x555687043830;
    %load/vec4 v0x55568707b8c0_0;
    %cmpi/e 1, 0, 1;
    %jmp/0xz  T_2.0, 4;
    %pushi/vec4 0, 0, 7;
    %assign/vec4 v0x55568707c420_0, 0;
    %jmp T_2.1;
T_2.0 ;
    %load/vec4 v0x555687039b80_0;
    %pushi/vec4 1, 0, 1;
    %cmp/e;
    %flag_get/vec4 4;
    %load/vec4 v0x55568703a830_0;
    %pushi/vec4 1, 0, 1;
    %cmp/e;
    %flag_get/vec4 4;
    %and;
    %flag_set/vec4 8;
    %jmp/0xz  T_2.2, 8;
    %load/vec4 v0x55568707c420_0;
    %load/vec4 v0x55568707c5c0_0;
    %cmp/e;
    %jmp/0xz  T_2.4, 4;
    %pushi/vec4 0, 0, 7;
    %assign/vec4 v0x55568707c420_0, 0;
    %jmp T_2.5;
T_2.4 ;
    %load/vec4 v0x55568707c420_0;
    %addi 1, 0, 7;
    %assign/vec4 v0x55568707c420_0, 0;
T_2.5 ;
T_2.2 ;
T_2.1 ;
    %jmp T_2;
    .thread T_2;
    .scope S_0x555687043000;
T_3 ;
    %wait E_0x555687043830;
    %load/vec4 v0x55568707b8c0_0;
    %cmpi/e 1, 0, 1;
    %jmp/0xz  T_3.0, 4;
    %pushi/vec4 0, 0, 3;
    %assign/vec4 v0x55568707ba40_0, 0;
    %jmp T_3.1;
T_3.0 ;
    %load/vec4 v0x555687039b80_0;
    %pushi/vec4 1, 0, 1;
    %cmp/e;
    %flag_get/vec4 4;
    %load/vec4 v0x55568703a830_0;
    %pushi/vec4 1, 0, 1;
    %cmp/e;
    %flag_get/vec4 4;
    %and;
    %load/vec4 v0x55568707c420_0;
    %load/vec4 v0x55568707c5c0_0;
    %cmp/e;
    %flag_get/vec4 4;
    %and;
    %flag_set/vec4 8;
    %jmp/0xz  T_3.2, 8;
    %load/vec4 v0x55568707ba40_0;
    %cmpi/e 6, 0, 3;
    %jmp/0xz  T_3.4, 4;
    %pushi/vec4 0, 0, 3;
    %assign/vec4 v0x55568707ba40_0, 0;
    %jmp T_3.5;
T_3.4 ;
    %load/vec4 v0x55568707ba40_0;
    %addi 1, 0, 3;
    %assign/vec4 v0x55568707ba40_0, 0;
T_3.5 ;
T_3.2 ;
T_3.1 ;
    %jmp T_3;
    .thread T_3;
    .scope S_0x555687043000;
T_4 ;
    %wait E_0x55568701ead0;
    %load/vec4 v0x55568707ba40_0;
    %dup/vec4;
    %pushi/vec4 0, 0, 3;
    %cmp/u;
    %jmp/1 T_4.0, 6;
    %dup/vec4;
    %pushi/vec4 1, 0, 3;
    %cmp/u;
    %jmp/1 T_4.1, 6;
    %dup/vec4;
    %pushi/vec4 2, 0, 3;
    %cmp/u;
    %jmp/1 T_4.2, 6;
    %dup/vec4;
    %pushi/vec4 3, 0, 3;
    %cmp/u;
    %jmp/1 T_4.3, 6;
    %dup/vec4;
    %pushi/vec4 4, 0, 3;
    %cmp/u;
    %jmp/1 T_4.4, 6;
    %dup/vec4;
    %pushi/vec4 5, 0, 3;
    %cmp/u;
    %jmp/1 T_4.5, 6;
    %dup/vec4;
    %pushi/vec4 6, 0, 3;
    %cmp/u;
    %jmp/1 T_4.6, 6;
    %pushi/vec4 1, 0, 1;
    %assign/vec4 v0x55568707bfa0_0, 0;
    %pushi/vec4 0, 0, 1;
    %assign/vec4 v0x55568707c120_0, 0;
    %pushi/vec4 0, 0, 1;
    %assign/vec4 v0x55568707c060_0, 0;
    %pushi/vec4 0, 0, 1;
    %assign/vec4 v0x55568707c1e0_0, 0;
    %pushi/vec4 1, 0, 1;
    %assign/vec4 v0x55568707c360_0, 0;
    %pushi/vec4 1, 0, 1;
    %assign/vec4 v0x55568707c2a0_0, 0;
    %pushi/vec4 0, 0, 7;
    %assign/vec4 v0x55568707c5c0_0, 0;
    %jmp T_4.8;
T_4.0 ;
    %pushi/vec4 1, 0, 1;
    %assign/vec4 v0x55568707bfa0_0, 0;
    %pushi/vec4 0, 0, 1;
    %assign/vec4 v0x55568707c120_0, 0;
    %pushi/vec4 0, 0, 1;
    %assign/vec4 v0x55568707c060_0, 0;
    %pushi/vec4 0, 0, 1;
    %assign/vec4 v0x55568707c1e0_0, 0;
    %pushi/vec4 1, 0, 1;
    %assign/vec4 v0x55568707c360_0, 0;
    %pushi/vec4 0, 0, 1;
    %assign/vec4 v0x55568707c2a0_0, 0;
    %pushi/vec4 10, 0, 7;
    %assign/vec4 v0x55568707c5c0_0, 0;
    %jmp T_4.8;
T_4.1 ;
    %pushi/vec4 1, 0, 1;
    %assign/vec4 v0x55568707bfa0_0, 0;
    %pushi/vec4 0, 0, 1;
    %assign/vec4 v0x55568707c120_0, 0;
    %pushi/vec4 0, 0, 1;
    %assign/vec4 v0x55568707c060_0, 0;
    %pushi/vec4 0, 0, 1;
    %assign/vec4 v0x55568707c1e0_0, 0;
    %pushi/vec4 1, 0, 1;
    %assign/vec4 v0x55568707c360_0, 0;
    %pushi/vec4 0, 0, 1;
    %assign/vec4 v0x55568707c2a0_0, 0;
    %pushi/vec4 1, 0, 7;
    %assign/vec4 v0x55568707c5c0_0, 0;
    %jmp T_4.8;
T_4.2 ;
    %pushi/vec4 0, 0, 1;
    %assign/vec4 v0x55568707bfa0_0, 0;
    %pushi/vec4 1, 0, 1;
    %assign/vec4 v0x55568707c120_0, 0;
    %pushi/vec4 0, 0, 1;
    %assign/vec4 v0x55568707c060_0, 0;
    %pushi/vec4 0, 0, 1;
    %assign/vec4 v0x55568707c1e0_0, 0;
    %pushi/vec4 1, 0, 1;
    %assign/vec4 v0x55568707c360_0, 0;
    %pushi/vec4 0, 0, 1;
    %assign/vec4 v0x55568707c2a0_0, 0;
    %pushi/vec4 2, 0, 7;
    %assign/vec4 v0x55568707c5c0_0, 0;
    %jmp T_4.8;
T_4.3 ;
    %pushi/vec4 0, 0, 1;
    %assign/vec4 v0x55568707bfa0_0, 0;
    %pushi/vec4 0, 0, 1;
    %assign/vec4 v0x55568707c120_0, 0;
    %pushi/vec4 1, 0, 1;
    %assign/vec4 v0x55568707c060_0, 0;
    %pushi/vec4 0, 0, 1;
    %assign/vec4 v0x55568707c1e0_0, 0;
    %pushi/vec4 1, 0, 1;
    %assign/vec4 v0x55568707c360_0, 0;
    %pushi/vec4 0, 0, 1;
    %assign/vec4 v0x55568707c2a0_0, 0;
    %pushi/vec4 1, 0, 7;
    %assign/vec4 v0x55568707c5c0_0, 0;
    %jmp T_4.8;
T_4.4 ;
    %pushi/vec4 0, 0, 1;
    %assign/vec4 v0x55568707bfa0_0, 0;
    %pushi/vec4 0, 0, 1;
    %assign/vec4 v0x55568707c120_0, 0;
    %pushi/vec4 1, 0, 1;
    %assign/vec4 v0x55568707c060_0, 0;
    %pushi/vec4 1, 0, 1;
    %assign/vec4 v0x55568707c1e0_0, 0;
    %pushi/vec4 0, 0, 1;
    %assign/vec4 v0x55568707c360_0, 0;
    %pushi/vec4 0, 0, 1;
    %assign/vec4 v0x55568707c2a0_0, 0;
    %pushi/vec4 7, 0, 7;
    %assign/vec4 v0x55568707c5c0_0, 0;
    %jmp T_4.8;
T_4.5 ;
    %pushi/vec4 0, 0, 1;
    %assign/vec4 v0x55568707bfa0_0, 0;
    %pushi/vec4 0, 0, 1;
    %assign/vec4 v0x55568707c120_0, 0;
    %pushi/vec4 1, 0, 1;
    %assign/vec4 v0x55568707c060_0, 0;
    %load/vec4 v0x555687039b80_0;
    %cmpi/e 1, 0, 1;
    %flag_mov 8, 4;
    %jmp/0 T_4.9, 8;
    %load/vec4 v0x55568707c1e0_0;
    %pushi/vec4 1, 0, 1;
    %xor;
    %jmp/1 T_4.10, 8;
T_4.9 ; End of true expr.
    %load/vec4 v0x55568707c1e0_0;
    %jmp/0 T_4.10, 8;
 ; End of false expr.
    %blend;
T_4.10;
    %assign/vec4 v0x55568707c1e0_0, 0;
    %pushi/vec4 0, 0, 1;
    %assign/vec4 v0x55568707c360_0, 0;
    %pushi/vec4 0, 0, 1;
    %assign/vec4 v0x55568707c2a0_0, 0;
    %pushi/vec4 4, 0, 7;
    %assign/vec4 v0x55568707c5c0_0, 0;
    %jmp T_4.8;
T_4.6 ;
    %pushi/vec4 0, 0, 1;
    %assign/vec4 v0x55568707bfa0_0, 0;
    %pushi/vec4 0, 0, 1;
    %assign/vec4 v0x55568707c120_0, 0;
    %pushi/vec4 1, 0, 1;
    %assign/vec4 v0x55568707c060_0, 0;
    %pushi/vec4 0, 0, 1;
    %assign/vec4 v0x55568707c1e0_0, 0;
    %pushi/vec4 1, 0, 1;
    %assign/vec4 v0x55568707c360_0, 0;
    %pushi/vec4 0, 0, 1;
    %assign/vec4 v0x55568707c2a0_0, 0;
    %pushi/vec4 1, 0, 7;
    %assign/vec4 v0x55568707c5c0_0, 0;
    %jmp T_4.8;
T_4.8 ;
    %pop/vec4 1;
    %jmp T_4;
    .thread T_4, $push;
    .scope S_0x5556870474c0;
T_5 ;
    %delay 10000, 0;
    %load/vec4 v0x55568707cf80_0;
    %inv;
    %store/vec4 v0x55568707cf80_0, 0, 1;
    %jmp T_5;
    .thread T_5;
    .scope S_0x5556870474c0;
T_6 ;
    %pushi/vec4 0, 0, 1;
    %store/vec4 v0x55568707cf80_0, 0, 1;
    %pushi/vec4 1, 0, 1;
    %store/vec4 v0x55568707d0f0_0, 0, 1;
    %delay 20000, 0;
    %pushi/vec4 0, 0, 1;
    %store/vec4 v0x55568707d0f0_0, 0, 1;
    %pushi/vec4 0, 0, 32;
    %store/vec4 v0x55568707d050_0, 0, 32;
T_6.0 ;
    %load/vec4 v0x55568707d050_0;
    %cmpi/s 1, 0, 32;
    %jmp/0xz T_6.1, 5;
    %delay 20000, 0;
    %pushi/vec4 1, 0, 1;
    %store/vec4 v0x55568707d1c0_0, 0, 1;
    %delay 20000, 0;
    %pushi/vec4 0, 0, 1;
    %store/vec4 v0x55568707d1c0_0, 0, 1;
    %delay 1600000, 0;
    %load/vec4 v0x55568707d050_0;
    %addi 1, 0, 32;
    %store/vec4 v0x55568707d050_0, 0, 32;
    %jmp T_6.0;
T_6.1 ;
    %delay 1600000, 0;
    %vpi_call 2 54 "$finish" {0 0 0};
    %end;
    .thread T_6;
    .scope S_0x5556870474c0;
T_7 ;
    %vpi_call 2 59 "$dumpfile", "led.vcd" {0 0 0};
    %vpi_call 2 60 "$dumpvars", 32'sb00000000000000000000000000000000, S_0x5556870474c0 {0 0 0};
    %end;
    .thread T_7;
# The file index is used to find the file name in the following table.
:file_names 4;
    "N/A";
    "<interactive>";
    "nv_tb.v";
    "nv_top.v";
