#! /usr/bin/vvp
:ivl_version "11.0 (stable)";
:ivl_delay_selection "TYPICAL";
:vpi_time_precision + 0;
:vpi_module "/usr/lib/x86_64-linux-gnu/ivl/system.vpi";
:vpi_module "/usr/lib/x86_64-linux-gnu/ivl/vhdl_sys.vpi";
:vpi_module "/usr/lib/x86_64-linux-gnu/ivl/vhdl_textio.vpi";
:vpi_module "/usr/lib/x86_64-linux-gnu/ivl/v2005_math.vpi";
:vpi_module "/usr/lib/x86_64-linux-gnu/ivl/va_math.vpi";
S_0x55e8b28ee480 .scope module, "UartRX_tb" "UartRX_tb" 2 8;
 .timescale 0 0;
P_0x55e8b28d6fa0 .param/l "lpCLKCycle" 1 2 13, +C4<00000000000000000000000000000010>;
P_0x55e8b28d6fe0 .param/l "lpUartSendData" 1 2 14, C4<00000000000000000000001001110101>;
v0x55e8b2911510_0 .var "rCLK", 0 0;
v0x55e8b29115b0_0 .var "rCnt", 7 0;
v0x55e8b2911670_0 .var "rRST", 0 0;
v0x55e8b2911770_0 .var "rUartRX", 9 0;
v0x55e8b2911810_0 .net "wRd", 7 0, L_0x55e8b29121b0;  1 drivers
v0x55e8b2911920_0 .net "wVd", 0 0, L_0x55e8b28d6ac0;  1 drivers
E_0x55e8b28ec970 .event negedge, v0x55e8b2910460_0;
L_0x55e8b2912570 .part v0x55e8b2911770_0, 9, 1;
S_0x55e8b28ee6b0 .scope module, "UartRX" "UartRX" 2 43, 3 8 0, S_0x55e8b28ee480;
 .timescale 0 0;
    .port_info 0 /INPUT 1 "iUartRX";
    .port_info 1 /OUTPUT 1 "oUartRxThru";
    .port_info 2 /OUTPUT 8 "oRd";
    .port_info 3 /OUTPUT 1 "oVd";
    .port_info 4 /INPUT 1 "iRST";
    .port_info 5 /INPUT 1 "iCLK";
P_0x55e8b28a7cf0 .param/l "lpBaudRateGenDiv" 1 3 38, C4<1000>;
P_0x55e8b28a7d30 .param/l "lpBaudRateWidth" 1 3 37, C4<00000100>;
P_0x55e8b28a7d70 .param/l "lpCenterCntMax" 1 3 39, C4<0100>;
P_0x55e8b28a7db0 .param/l "lpCenterWait" 1 3 42, C4<01>;
P_0x55e8b28a7df0 .param/l "lpSampling" 1 3 43, C4<10>;
P_0x55e8b28a7e30 .param/l "lpStartBit" 1 3 41, C4<00>;
P_0x55e8b28a7e70 .param/l "lpStopBit" 1 3 44, C4<11>;
P_0x55e8b28a7eb0 .param/l "pBaudRateGenDiv" 0 3 9, +C4<00000000000000000000000000001000>;
L_0x55e8b28ce670 .functor BUFZ 1, v0x55e8b2911120_0, C4<0>, C4<0>, C4<0>;
L_0x55e8b28d6ac0 .functor BUFZ 1, v0x55e8b29111e0_0, C4<0>, C4<0>, C4<0>;
v0x55e8b290fd10_0 .net *"_ivl_11", 0 0, L_0x55e8b2911e10;  1 drivers
v0x55e8b290fe10_0 .net *"_ivl_13", 0 0, L_0x55e8b2911ee0;  1 drivers
v0x55e8b290fef0_0 .net *"_ivl_15", 0 0, L_0x55e8b2911ff0;  1 drivers
v0x55e8b290ffb0_0 .net *"_ivl_17", 0 0, L_0x55e8b2912090;  1 drivers
v0x55e8b2910090_0 .net *"_ivl_3", 0 0, L_0x55e8b2911a50;  1 drivers
v0x55e8b29101c0_0 .net *"_ivl_5", 0 0, L_0x55e8b2911b50;  1 drivers
v0x55e8b29102a0_0 .net *"_ivl_7", 0 0, L_0x55e8b2911c70;  1 drivers
v0x55e8b2910380_0 .net *"_ivl_9", 0 0, L_0x55e8b2911d10;  1 drivers
v0x55e8b2910460_0 .net "iCLK", 0 0, v0x55e8b2911510_0;  1 drivers
v0x55e8b2910520_0 .net "iRST", 0 0, v0x55e8b2911670_0;  1 drivers
v0x55e8b29105e0_0 .net "iUartRX", 0 0, L_0x55e8b2912570;  1 drivers
v0x55e8b29106a0_0 .net "oRd", 7 0, L_0x55e8b29121b0;  alias, 1 drivers
v0x55e8b2910780_0 .net "oUartRxThru", 0 0, L_0x55e8b28ce670;  1 drivers
v0x55e8b2910840_0 .net "oVd", 0 0, L_0x55e8b28d6ac0;  alias, 1 drivers
v0x55e8b2910900_0 .var "qBaudRateCntMaxCke", 0 0;
v0x55e8b29109c0_0 .var "qCenterCke", 0 0;
v0x55e8b2910a80_0 .var "qRdCke", 0 0;
v0x55e8b2910b40_0 .var "qSampCke", 0 0;
v0x55e8b2910c00_0 .var "qVdCke", 0 0;
v0x55e8b2910cc0_0 .var "rBaudRateCnt", 3 0;
v0x55e8b2910da0_0 .var "rCenterCnt", 3 0;
v0x55e8b2910e80_0 .var "rRd", 7 0;
v0x55e8b2910f60_0 .var "rSampCnt", 3 0;
v0x55e8b2911040_0 .var "rState", 1 0;
v0x55e8b2911120_0 .var "rUartRxThru", 0 0;
v0x55e8b29111e0_0 .var "rVd", 0 0;
E_0x55e8b28cbb10/0 .event edge, v0x55e8b2910cc0_0, v0x55e8b2910da0_0, v0x55e8b2910f60_0, v0x55e8b2910900_0;
E_0x55e8b28cbb10/1 .event edge, v0x55e8b2911040_0, v0x55e8b2910b40_0;
E_0x55e8b28cbb10 .event/or E_0x55e8b28cbb10/0, E_0x55e8b28cbb10/1;
E_0x55e8b28d53a0 .event posedge, v0x55e8b2910460_0;
L_0x55e8b2911a50 .part v0x55e8b2910e80_0, 0, 1;
L_0x55e8b2911b50 .part v0x55e8b2910e80_0, 1, 1;
L_0x55e8b2911c70 .part v0x55e8b2910e80_0, 2, 1;
L_0x55e8b2911d10 .part v0x55e8b2910e80_0, 3, 1;
L_0x55e8b2911e10 .part v0x55e8b2910e80_0, 4, 1;
L_0x55e8b2911ee0 .part v0x55e8b2910e80_0, 5, 1;
L_0x55e8b2911ff0 .part v0x55e8b2910e80_0, 6, 1;
L_0x55e8b2912090 .part v0x55e8b2910e80_0, 7, 1;
LS_0x55e8b29121b0_0_0 .concat [ 1 1 1 1], L_0x55e8b2912090, L_0x55e8b2911ff0, L_0x55e8b2911ee0, L_0x55e8b2911e10;
LS_0x55e8b29121b0_0_4 .concat [ 1 1 1 1], L_0x55e8b2911d10, L_0x55e8b2911c70, L_0x55e8b2911b50, L_0x55e8b2911a50;
L_0x55e8b29121b0 .concat [ 4 4 0 0], LS_0x55e8b29121b0_0_0, LS_0x55e8b29121b0_0_4;
S_0x55e8b28dc7b0 .scope function.vec4.s8, "func_getwidth" "func_getwidth" 3 109, 3 109 0, S_0x55e8b28ee6b0;
 .timescale 0 0;
; Variable func_getwidth is vec4 return value of scope S_0x55e8b28dc7b0
v0x55e8b290fb70_0 .var/i "i", 31 0;
v0x55e8b290fc50_0 .var "iVAL", 31 0;
TD_UartRX_tb.UartRX.func_getwidth ;
    %pushi/vec4 1, 0, 8;
    %ret/vec4 0, 0, 8;  Assign to func_getwidth (store_vec4_to_lval)
    %pushi/vec4 0, 0, 32;
    %store/vec4 v0x55e8b290fb70_0, 0, 32;
T_0.0 ;
    %load/vec4 v0x55e8b290fb70_0;
    %cmpi/s 32, 0, 32;
    %jmp/0xz T_0.1, 5;
    %load/vec4 v0x55e8b290fc50_0;
    %load/vec4 v0x55e8b290fb70_0;
    %part/s 1;
    %flag_set/vec4 8;
    %jmp/0xz  T_0.2, 8;
    %load/vec4 v0x55e8b290fb70_0;
    %addi 1, 0, 32;
    %pad/s 8;
    %ret/vec4 0, 0, 8;  Assign to func_getwidth (store_vec4_to_lval)
T_0.2 ;
    %load/vec4 v0x55e8b290fb70_0;
    %addi 1, 0, 32;
    %store/vec4 v0x55e8b290fb70_0, 0, 32;
    %jmp T_0.0;
T_0.1 ;
    %end;
S_0x55e8b2911360 .scope task, "reset_init" "reset_init" 2 24, 2 24 0, S_0x55e8b28ee480;
 .timescale 0 0;
TD_UartRX_tb.reset_init ;
    %delay 10, 0;
    %pushi/vec4 0, 0, 1;
    %store/vec4 v0x55e8b2911670_0, 0, 1;
    %delay 10, 0;
    %end;
    .scope S_0x55e8b28ee6b0;
T_2 ;
    %wait E_0x55e8b28d53a0;
    %load/vec4 v0x55e8b29105e0_0;
    %assign/vec4 v0x55e8b2911120_0, 0;
    %jmp T_2;
    .thread T_2;
    .scope S_0x55e8b28ee6b0;
T_3 ;
    %wait E_0x55e8b28d53a0;
    %load/vec4 v0x55e8b2910520_0;
    %flag_set/vec4 8;
    %jmp/0xz  T_3.0, 8;
    %pushi/vec4 0, 0, 2;
    %assign/vec4 v0x55e8b2911040_0, 0;
    %jmp T_3.1;
T_3.0 ;
    %load/vec4 v0x55e8b2911040_0;
    %dup/vec4;
    %pushi/vec4 0, 0, 2;
    %cmp/u;
    %jmp/1 T_3.2, 6;
    %dup/vec4;
    %pushi/vec4 1, 0, 2;
    %cmp/u;
    %jmp/1 T_3.3, 6;
    %dup/vec4;
    %pushi/vec4 2, 0, 2;
    %cmp/u;
    %jmp/1 T_3.4, 6;
    %dup/vec4;
    %pushi/vec4 3, 0, 2;
    %cmp/u;
    %jmp/1 T_3.5, 6;
    %pushi/vec4 0, 0, 2;
    %assign/vec4 v0x55e8b2911040_0, 0;
    %jmp T_3.7;
T_3.2 ;
    %load/vec4 v0x55e8b29105e0_0;
    %flag_set/vec4 8;
    %jmp/0 T_3.8, 8;
    %pushi/vec4 0, 0, 2;
    %jmp/1 T_3.9, 8;
T_3.8 ; End of true expr.
    %pushi/vec4 1, 0, 2;
    %jmp/0 T_3.9, 8;
 ; End of false expr.
    %blend;
T_3.9;
    %assign/vec4 v0x55e8b2911040_0, 0;
    %jmp T_3.7;
T_3.3 ;
    %load/vec4 v0x55e8b29109c0_0;
    %flag_set/vec4 8;
    %jmp/0 T_3.10, 8;
    %pushi/vec4 2, 0, 2;
    %jmp/1 T_3.11, 8;
T_3.10 ; End of true expr.
    %pushi/vec4 1, 0, 2;
    %jmp/0 T_3.11, 8;
 ; End of false expr.
    %blend;
T_3.11;
    %assign/vec4 v0x55e8b2911040_0, 0;
    %jmp T_3.7;
T_3.4 ;
    %load/vec4 v0x55e8b2910b40_0;
    %flag_set/vec4 8;
    %jmp/0 T_3.12, 8;
    %pushi/vec4 3, 0, 2;
    %jmp/1 T_3.13, 8;
T_3.12 ; End of true expr.
    %pushi/vec4 2, 0, 2;
    %jmp/0 T_3.13, 8;
 ; End of false expr.
    %blend;
T_3.13;
    %assign/vec4 v0x55e8b2911040_0, 0;
    %jmp T_3.7;
T_3.5 ;
    %load/vec4 v0x55e8b2910900_0;
    %flag_set/vec4 8;
    %jmp/0 T_3.14, 8;
    %pushi/vec4 0, 0, 2;
    %jmp/1 T_3.15, 8;
T_3.14 ; End of true expr.
    %pushi/vec4 3, 0, 2;
    %jmp/0 T_3.15, 8;
 ; End of false expr.
    %blend;
T_3.15;
    %assign/vec4 v0x55e8b2911040_0, 0;
    %jmp T_3.7;
T_3.7 ;
    %pop/vec4 1;
T_3.1 ;
    %jmp T_3;
    .thread T_3;
    .scope S_0x55e8b28ee6b0;
T_4 ;
    %wait E_0x55e8b28d53a0;
    %load/vec4 v0x55e8b2910a80_0;
    %flag_set/vec4 8;
    %jmp/0xz  T_4.0, 8;
    %load/vec4 v0x55e8b2910e80_0;
    %parti/s 7, 0, 2;
    %load/vec4 v0x55e8b29105e0_0;
    %concat/vec4; draw_concat_vec4
    %assign/vec4 v0x55e8b2910e80_0, 0;
    %jmp T_4.1;
T_4.0 ;
    %load/vec4 v0x55e8b2910e80_0;
    %assign/vec4 v0x55e8b2910e80_0, 0;
T_4.1 ;
    %load/vec4 v0x55e8b2910520_0;
    %flag_set/vec4 8;
    %jmp/0xz  T_4.2, 8;
    %pushi/vec4 0, 0, 1;
    %assign/vec4 v0x55e8b29111e0_0, 0;
    %jmp T_4.3;
T_4.2 ;
    %load/vec4 v0x55e8b2910c00_0;
    %flag_set/vec4 8;
    %jmp/0xz  T_4.4, 8;
    %pushi/vec4 1, 0, 1;
    %assign/vec4 v0x55e8b29111e0_0, 0;
    %jmp T_4.5;
T_4.4 ;
    %pushi/vec4 0, 0, 1;
    %assign/vec4 v0x55e8b29111e0_0, 0;
T_4.5 ;
T_4.3 ;
    %load/vec4 v0x55e8b2911040_0;
    %cmpi/e 1, 0, 2;
    %jmp/0xz  T_4.6, 4;
    %load/vec4 v0x55e8b2910da0_0;
    %addi 1, 0, 4;
    %assign/vec4 v0x55e8b2910da0_0, 0;
    %jmp T_4.7;
T_4.6 ;
    %pushi/vec4 0, 0, 4;
    %assign/vec4 v0x55e8b2910da0_0, 0;
T_4.7 ;
    %load/vec4 v0x55e8b2911040_0;
    %cmpi/e 0, 0, 2;
    %jmp/0xz  T_4.8, 4;
    %pushi/vec4 0, 0, 4;
    %assign/vec4 v0x55e8b2910f60_0, 0;
    %jmp T_4.9;
T_4.8 ;
    %load/vec4 v0x55e8b2910900_0;
    %flag_set/vec4 8;
    %jmp/0xz  T_4.10, 8;
    %load/vec4 v0x55e8b2910f60_0;
    %addi 1, 0, 4;
    %assign/vec4 v0x55e8b2910f60_0, 0;
    %jmp T_4.11;
T_4.10 ;
    %load/vec4 v0x55e8b2910f60_0;
    %assign/vec4 v0x55e8b2910f60_0, 0;
T_4.11 ;
T_4.9 ;
    %load/vec4 v0x55e8b2911040_0;
    %cmpi/e 0, 0, 2;
    %jmp/0xz  T_4.12, 4;
    %pushi/vec4 0, 0, 4;
    %assign/vec4 v0x55e8b2910cc0_0, 0;
    %jmp T_4.13;
T_4.12 ;
    %load/vec4 v0x55e8b2911040_0;
    %cmpi/e 1, 0, 2;
    %jmp/0xz  T_4.14, 4;
    %pushi/vec4 0, 0, 4;
    %assign/vec4 v0x55e8b2910cc0_0, 0;
    %jmp T_4.15;
T_4.14 ;
    %load/vec4 v0x55e8b2910900_0;
    %flag_set/vec4 8;
    %jmp/0xz  T_4.16, 8;
    %pushi/vec4 0, 0, 4;
    %assign/vec4 v0x55e8b2910cc0_0, 0;
    %jmp T_4.17;
T_4.16 ;
    %load/vec4 v0x55e8b2910cc0_0;
    %addi 1, 0, 4;
    %assign/vec4 v0x55e8b2910cc0_0, 0;
T_4.17 ;
T_4.15 ;
T_4.13 ;
    %jmp T_4;
    .thread T_4;
    .scope S_0x55e8b28ee6b0;
T_5 ;
    %wait E_0x55e8b28cbb10;
    %load/vec4 v0x55e8b2910cc0_0;
    %pushi/vec4 8, 0, 4;
    %cmp/e;
    %flag_get/vec4 4;
    %assign/vec4 v0x55e8b2910900_0, 0;
    %load/vec4 v0x55e8b2910da0_0;
    %pushi/vec4 4, 0, 4;
    %cmp/e;
    %flag_get/vec4 4;
    %assign/vec4 v0x55e8b29109c0_0, 0;
    %load/vec4 v0x55e8b2910f60_0;
    %pushi/vec4 8, 0, 4;
    %cmp/e;
    %flag_get/vec4 4;
    %assign/vec4 v0x55e8b2910b40_0, 0;
    %load/vec4 v0x55e8b2910900_0;
    %load/vec4 v0x55e8b2911040_0;
    %pushi/vec4 2, 0, 2;
    %cmp/e;
    %flag_get/vec4 4;
    %concat/vec4; draw_concat_vec4
    %and/r;
    %assign/vec4 v0x55e8b2910a80_0, 0;
    %load/vec4 v0x55e8b2910900_0;
    %load/vec4 v0x55e8b2910b40_0;
    %concat/vec4; draw_concat_vec4
    %and/r;
    %assign/vec4 v0x55e8b2910c00_0, 0;
    %jmp T_5;
    .thread T_5, $push;
    .scope S_0x55e8b28ee480;
T_6 ;
    %pushi/vec4 0, 0, 1;
    %store/vec4 v0x55e8b2911510_0, 0, 1;
    %pushi/vec4 1, 0, 1;
    %store/vec4 v0x55e8b2911670_0, 0, 1;
    %end;
    .thread T_6;
    .scope S_0x55e8b28ee480;
T_7 ;
    %delay 1, 0;
    %load/vec4 v0x55e8b2911510_0;
    %inv;
    %store/vec4 v0x55e8b2911510_0, 0, 1;
    %jmp T_7;
    .thread T_7;
    .scope S_0x55e8b28ee480;
T_8 ;
    %wait E_0x55e8b28ec970;
    %load/vec4 v0x55e8b2911670_0;
    %flag_set/vec4 8;
    %jmp/0xz  T_8.0, 8;
    %pushi/vec4 0, 0, 8;
    %assign/vec4 v0x55e8b29115b0_0, 0;
    %jmp T_8.1;
T_8.0 ;
    %load/vec4 v0x55e8b29115b0_0;
    %pad/u 32;
    %cmpi/e 8, 0, 32;
    %jmp/0xz  T_8.2, 4;
    %pushi/vec4 0, 0, 8;
    %assign/vec4 v0x55e8b29115b0_0, 0;
    %jmp T_8.3;
T_8.2 ;
    %load/vec4 v0x55e8b29115b0_0;
    %addi 1, 0, 8;
    %assign/vec4 v0x55e8b29115b0_0, 0;
T_8.3 ;
T_8.1 ;
    %load/vec4 v0x55e8b2911670_0;
    %flag_set/vec4 8;
    %jmp/0xz  T_8.4, 8;
    %pushi/vec4 629, 0, 10;
    %assign/vec4 v0x55e8b2911770_0, 0;
    %jmp T_8.5;
T_8.4 ;
    %load/vec4 v0x55e8b29115b0_0;
    %pad/u 32;
    %cmpi/e 8, 0, 32;
    %jmp/0xz  T_8.6, 4;
    %load/vec4 v0x55e8b2911770_0;
    %parti/s 9, 0, 2;
    %concati/vec4 1, 0, 1;
    %assign/vec4 v0x55e8b2911770_0, 0;
    %jmp T_8.7;
T_8.6 ;
    %load/vec4 v0x55e8b2911770_0;
    %assign/vec4 v0x55e8b2911770_0, 0;
T_8.7 ;
T_8.5 ;
    %jmp T_8;
    .thread T_8;
    .scope S_0x55e8b28ee480;
T_9 ;
    %vpi_call 2 70 "$dumpfile", "UartRX_tb.vcd" {0 0 0};
    %vpi_call 2 71 "$dumpvars", 32'sb00000000000000000000000000000000, S_0x55e8b28ee480 {0 0 0};
    %fork TD_UartRX_tb.reset_init, S_0x55e8b2911360;
    %join;
    %delay 9600, 0;
    %vpi_call 2 74 "$finish" {0 0 0};
    %end;
    .thread T_9;
# The file index is used to find the file name in the following table.
:file_names 4;
    "N/A";
    "<interactive>";
    "UartRX_tb.v";
    "../UartRX.v";
