

================================================================
== Vitis HLS Report for 'background_loop'
================================================================
* Date:           Tue Jun  1 15:08:05 2021

* Version:        2020.2 (Build 3064766 on Wed Nov 18 09:12:47 MST 2020)
* Project:        background_loop
* Solution:       solution1 (Vivado IP Flow Target)
* Product family: zynq
* Target device:  xc7z020-clg400-1


================================================================
== Performance Estimates
================================================================
+ Timing: 
    * Summary: 
    +--------+----------+-----------+------------+
    |  Clock |  Target  | Estimated | Uncertainty|
    +--------+----------+-----------+------------+
    |ap_clk  |  10.00 ns|  10.166 ns|     2.70 ns|
    +--------+----------+-----------+------------+

+ Latency: 
    * Summary: 
    +---------+---------+----------+----------+-----+--------+---------+
    |  Latency (cycles) |  Latency (absolute) |   Interval   | Pipeline|
    |   min   |   max   |    min   |    max   | min |   max  |   Type  |
    +---------+---------+----------+----------+-----+--------+---------+
    |       60|   324663|  0.610 us|  3.301 ms|   61|  324664|     none|
    +---------+---------+----------+----------+-----+--------+---------+

    + Detail: 
        * Instance: 
        +---------------------------------------+----------------------------+---------+---------+----------+-----------+-----+--------+---------+
        |                                       |                            |  Latency (cycles) |  Latency (absolute)  |   Interval   | Pipeline|
        |                Instance               |           Module           |   min   |   max   |    min   |    max    | min |   max  |   Type  |
        +---------------------------------------+----------------------------+---------+---------+----------+-----------+-----+--------+---------+
        |grp_dataflow_parent_loop_proc3_fu_108  |dataflow_parent_loop_proc3  |       29|   314094|  0.295 us|   3.193 ms|   29|  314094|     none|
        |grp_dataflow_parent_loop_proc_fu_121   |dataflow_parent_loop_proc   |       14|     5762|  0.142 us|  58.576 us|   14|    5762|     none|
        |grp_dataflow_parent_loop_proc4_fu_137  |dataflow_parent_loop_proc4  |       12|     4802|  0.122 us|  48.817 us|   12|    4802|     none|
        +---------------------------------------+----------------------------+---------+---------+----------+-----------+-----+--------+---------+

        * Loop: 
        N/A



================================================================
== Utilization Estimates
================================================================
* Summary: 
+-----------------+---------+-----+--------+-------+-----+
|       Name      | BRAM_18K| DSP |   FF   |  LUT  | URAM|
+-----------------+---------+-----+--------+-------+-----+
|DSP              |        -|    -|       -|      -|    -|
|Expression       |        -|    -|       0|     12|    -|
|FIFO             |        -|    -|       -|      -|    -|
|Instance         |        8|    0|    5007|   3744|    -|
|Memory           |        2|    -|       0|      0|    -|
|Multiplexer      |        -|    -|       -|    522|    -|
|Register         |        -|    -|     239|      -|    -|
+-----------------+---------+-----+--------+-------+-----+
|Total            |       10|    0|    5246|   4278|    0|
+-----------------+---------+-----+--------+-------+-----+
|Available        |      280|  220|  106400|  53200|    0|
+-----------------+---------+-----+--------+-------+-----+
|Utilization (%)  |        3|    0|       4|      8|    0|
+-----------------+---------+-----+--------+-------+-----+

+ Detail: 
    * Instance: 
    +---------------------------------------+----------------------------+---------+----+------+------+-----+
    |                Instance               |           Module           | BRAM_18K| DSP|  FF  |  LUT | URAM|
    +---------------------------------------+----------------------------+---------+----+------+------+-----+
    |control_s_axi_U                        |control_s_axi               |        0|   0|   328|   552|    0|
    |copy_m_axi_U                           |copy_m_axi                  |        2|   0|   512|   580|    0|
    |grp_dataflow_parent_loop_proc_fu_121   |dataflow_parent_loop_proc   |        0|   0|   876|   449|    0|
    |grp_dataflow_parent_loop_proc3_fu_108  |dataflow_parent_loop_proc3  |        4|   0|  1937|  1239|    0|
    |grp_dataflow_parent_loop_proc4_fu_137  |dataflow_parent_loop_proc4  |        0|   0|   842|   344|    0|
    |update_m_axi_U                         |update_m_axi                |        2|   0|   512|   580|    0|
    +---------------------------------------+----------------------------+---------+----+------+------+-----+
    |Total                                  |                            |        8|   0|  5007|  3744|    0|
    +---------------------------------------+----------------------------+---------+----+------+------+-----+

    * DSP: 
    N/A

    * Memory: 
    +-----------+---------+---------+---+----+-----+------+-----+------+-------------+
    |   Memory  |  Module | BRAM_18K| FF| LUT| URAM| Words| Bits| Banks| W*Bits*Banks|
    +-----------+---------+---------+---+----+-----+------+-----+------+-------------+
    |ycopy_V_U  |ycopy_V  |        2|  0|   0|    0|   640|   32|     1|        20480|
    +-----------+---------+---------+---+----+-----+------+-----+------+-------------+
    |Total      |         |        2|  0|   0|    0|   640|   32|     1|        20480|
    +-----------+---------+---------+---+----+-----+------+-----+------+-------------+

    * FIFO: 
    N/A

    * Expression: 
    +--------------------------------------------------------+----------+----+---+----+------------+------------+
    |                      Variable Name                     | Operation| DSP| FF| LUT| Bitwidth P0| Bitwidth P1|
    +--------------------------------------------------------+----------+----+---+----+------------+------------+
    |ap_sync_grp_dataflow_parent_loop_proc3_fu_108_ap_done   |        or|   0|  0|   2|           1|           1|
    |ap_sync_grp_dataflow_parent_loop_proc3_fu_108_ap_ready  |        or|   0|  0|   2|           1|           1|
    |ap_sync_grp_dataflow_parent_loop_proc4_fu_137_ap_done   |        or|   0|  0|   2|           1|           1|
    |ap_sync_grp_dataflow_parent_loop_proc4_fu_137_ap_ready  |        or|   0|  0|   2|           1|           1|
    |ap_sync_grp_dataflow_parent_loop_proc_fu_121_ap_done    |        or|   0|  0|   2|           1|           1|
    |ap_sync_grp_dataflow_parent_loop_proc_fu_121_ap_ready   |        or|   0|  0|   2|           1|           1|
    +--------------------------------------------------------+----------+----+---+----+------------+------------+
    |Total                                                   |          |   0|  0|  12|           6|           6|
    +--------------------------------------------------------+----------+----+---+----+------------+------------+

    * Multiplexer: 
    +------------------+----+-----------+-----+-----------+
    |       Name       | LUT| Input Size| Bits| Total Bits|
    +------------------+----+-----------+-----+-----------+
    |ap_NS_fsm         |  37|          7|    1|          7|
    |copy_ARADDR       |  14|          3|   64|        192|
    |copy_ARBURST      |  14|          3|    2|          6|
    |copy_ARCACHE      |  14|          3|    4|         12|
    |copy_ARID         |  14|          3|    1|          3|
    |copy_ARLEN        |  14|          3|   32|         96|
    |copy_ARLOCK       |  14|          3|    2|          6|
    |copy_ARPROT       |  14|          3|    3|          9|
    |copy_ARQOS        |  14|          3|    4|         12|
    |copy_ARREGION     |  14|          3|    4|         12|
    |copy_ARSIZE       |  14|          3|    3|          9|
    |copy_ARUSER       |  14|          3|    1|          3|
    |copy_ARVALID      |  14|          3|    1|          3|
    |copy_RREADY       |  14|          3|    1|          3|
    |update_AWADDR     |  14|          3|   64|        192|
    |update_AWBURST    |  14|          3|    2|          6|
    |update_AWCACHE    |  14|          3|    4|         12|
    |update_AWID       |  14|          3|    1|          3|
    |update_AWLEN      |  14|          3|   32|         96|
    |update_AWLOCK     |  14|          3|    2|          6|
    |update_AWPROT     |  14|          3|    3|          9|
    |update_AWQOS      |  14|          3|    4|         12|
    |update_AWREGION   |  14|          3|    4|         12|
    |update_AWSIZE     |  14|          3|    3|          9|
    |update_AWUSER     |  14|          3|    1|          3|
    |update_AWVALID    |  14|          3|    1|          3|
    |update_BREADY     |  14|          3|    1|          3|
    |update_WDATA      |  14|          3|   32|         96|
    |update_WID        |  14|          3|    1|          3|
    |update_WLAST      |  14|          3|    1|          3|
    |update_WSTRB      |  14|          3|    4|         12|
    |update_WUSER      |  14|          3|    1|          3|
    |update_WVALID     |  14|          3|    1|          3|
    |ycopy_V_address0  |  14|          3|   10|         30|
    |ycopy_V_ce0       |  14|          3|    1|          3|
    |ycopy_V_we0       |   9|          2|    1|          2|
    +------------------+----+-----------+-----+-----------+
    |Total             | 522|        111|  297|        894|
    +------------------+----+-----------+-----+-----------+

    * Register: 
    +------------------------------------------------------------+----+----+-----+-----------+
    |                            Name                            | FF | LUT| Bits| Const Bits|
    +------------------------------------------------------------+----+----+-----+-----------+
    |ap_CS_fsm                                                   |   6|   0|    6|          0|
    |ap_sync_reg_grp_dataflow_parent_loop_proc3_fu_108_ap_done   |   1|   0|    1|          0|
    |ap_sync_reg_grp_dataflow_parent_loop_proc3_fu_108_ap_ready  |   1|   0|    1|          0|
    |ap_sync_reg_grp_dataflow_parent_loop_proc4_fu_137_ap_done   |   1|   0|    1|          0|
    |ap_sync_reg_grp_dataflow_parent_loop_proc4_fu_137_ap_ready  |   1|   0|    1|          0|
    |ap_sync_reg_grp_dataflow_parent_loop_proc_fu_121_ap_done    |   1|   0|    1|          0|
    |ap_sync_reg_grp_dataflow_parent_loop_proc_fu_121_ap_ready   |   1|   0|    1|          0|
    |ddr_copy_read_reg_173                                       |  64|   0|   64|          0|
    |ddr_update_read_reg_167                                     |  64|   0|   64|          0|
    |frame_size_read_reg_147                                     |  32|   0|   32|          0|
    |grp_dataflow_parent_loop_proc3_fu_108_ap_start_reg          |   1|   0|    1|          0|
    |grp_dataflow_parent_loop_proc4_fu_137_ap_start_reg          |   1|   0|    1|          0|
    |grp_dataflow_parent_loop_proc_fu_121_ap_start_reg           |   1|   0|    1|          0|
    |height_read_reg_154                                         |  32|   0|   32|          0|
    |width_read_reg_161                                          |  32|   0|   32|          0|
    +------------------------------------------------------------+----+----+-----+-----------+
    |Total                                                       | 239|   0|  239|          0|
    +------------------------------------------------------------+----+----+-----+-----------+



================================================================
== Interface
================================================================
* Summary: 
+-----------------------+-----+-----+------------+-----------------+--------------+
|       RTL Ports       | Dir | Bits|  Protocol  |  Source Object  |    C Type    |
+-----------------------+-----+-----+------------+-----------------+--------------+
|s_axi_control_AWVALID  |   in|    1|       s_axi|          control|        scalar|
|s_axi_control_AWREADY  |  out|    1|       s_axi|          control|        scalar|
|s_axi_control_AWADDR   |   in|    7|       s_axi|          control|        scalar|
|s_axi_control_WVALID   |   in|    1|       s_axi|          control|        scalar|
|s_axi_control_WREADY   |  out|    1|       s_axi|          control|        scalar|
|s_axi_control_WDATA    |   in|   32|       s_axi|          control|        scalar|
|s_axi_control_WSTRB    |   in|    4|       s_axi|          control|        scalar|
|s_axi_control_ARVALID  |   in|    1|       s_axi|          control|        scalar|
|s_axi_control_ARREADY  |  out|    1|       s_axi|          control|        scalar|
|s_axi_control_ARADDR   |   in|    7|       s_axi|          control|        scalar|
|s_axi_control_RVALID   |  out|    1|       s_axi|          control|        scalar|
|s_axi_control_RREADY   |   in|    1|       s_axi|          control|        scalar|
|s_axi_control_RDATA    |  out|   32|       s_axi|          control|        scalar|
|s_axi_control_RRESP    |  out|    2|       s_axi|          control|        scalar|
|s_axi_control_BVALID   |  out|    1|       s_axi|          control|        scalar|
|s_axi_control_BREADY   |   in|    1|       s_axi|          control|        scalar|
|s_axi_control_BRESP    |  out|    2|       s_axi|          control|        scalar|
|ap_clk                 |   in|    1|  ap_ctrl_hs|  background_loop|  return value|
|ap_rst_n               |   in|    1|  ap_ctrl_hs|  background_loop|  return value|
|interrupt              |  out|    1|  ap_ctrl_hs|  background_loop|  return value|
|m_axi_copy_AWVALID     |  out|    1|       m_axi|             copy|       pointer|
|m_axi_copy_AWREADY     |   in|    1|       m_axi|             copy|       pointer|
|m_axi_copy_AWADDR      |  out|   64|       m_axi|             copy|       pointer|
|m_axi_copy_AWID        |  out|    1|       m_axi|             copy|       pointer|
|m_axi_copy_AWLEN       |  out|    8|       m_axi|             copy|       pointer|
|m_axi_copy_AWSIZE      |  out|    3|       m_axi|             copy|       pointer|
|m_axi_copy_AWBURST     |  out|    2|       m_axi|             copy|       pointer|
|m_axi_copy_AWLOCK      |  out|    2|       m_axi|             copy|       pointer|
|m_axi_copy_AWCACHE     |  out|    4|       m_axi|             copy|       pointer|
|m_axi_copy_AWPROT      |  out|    3|       m_axi|             copy|       pointer|
|m_axi_copy_AWQOS       |  out|    4|       m_axi|             copy|       pointer|
|m_axi_copy_AWREGION    |  out|    4|       m_axi|             copy|       pointer|
|m_axi_copy_AWUSER      |  out|    1|       m_axi|             copy|       pointer|
|m_axi_copy_WVALID      |  out|    1|       m_axi|             copy|       pointer|
|m_axi_copy_WREADY      |   in|    1|       m_axi|             copy|       pointer|
|m_axi_copy_WDATA       |  out|   32|       m_axi|             copy|       pointer|
|m_axi_copy_WSTRB       |  out|    4|       m_axi|             copy|       pointer|
|m_axi_copy_WLAST       |  out|    1|       m_axi|             copy|       pointer|
|m_axi_copy_WID         |  out|    1|       m_axi|             copy|       pointer|
|m_axi_copy_WUSER       |  out|    1|       m_axi|             copy|       pointer|
|m_axi_copy_ARVALID     |  out|    1|       m_axi|             copy|       pointer|
|m_axi_copy_ARREADY     |   in|    1|       m_axi|             copy|       pointer|
|m_axi_copy_ARADDR      |  out|   64|       m_axi|             copy|       pointer|
|m_axi_copy_ARID        |  out|    1|       m_axi|             copy|       pointer|
|m_axi_copy_ARLEN       |  out|    8|       m_axi|             copy|       pointer|
|m_axi_copy_ARSIZE      |  out|    3|       m_axi|             copy|       pointer|
|m_axi_copy_ARBURST     |  out|    2|       m_axi|             copy|       pointer|
|m_axi_copy_ARLOCK      |  out|    2|       m_axi|             copy|       pointer|
|m_axi_copy_ARCACHE     |  out|    4|       m_axi|             copy|       pointer|
|m_axi_copy_ARPROT      |  out|    3|       m_axi|             copy|       pointer|
|m_axi_copy_ARQOS       |  out|    4|       m_axi|             copy|       pointer|
|m_axi_copy_ARREGION    |  out|    4|       m_axi|             copy|       pointer|
|m_axi_copy_ARUSER      |  out|    1|       m_axi|             copy|       pointer|
|m_axi_copy_RVALID      |   in|    1|       m_axi|             copy|       pointer|
|m_axi_copy_RREADY      |  out|    1|       m_axi|             copy|       pointer|
|m_axi_copy_RDATA       |   in|   32|       m_axi|             copy|       pointer|
|m_axi_copy_RLAST       |   in|    1|       m_axi|             copy|       pointer|
|m_axi_copy_RID         |   in|    1|       m_axi|             copy|       pointer|
|m_axi_copy_RUSER       |   in|    1|       m_axi|             copy|       pointer|
|m_axi_copy_RRESP       |   in|    2|       m_axi|             copy|       pointer|
|m_axi_copy_BVALID      |   in|    1|       m_axi|             copy|       pointer|
|m_axi_copy_BREADY      |  out|    1|       m_axi|             copy|       pointer|
|m_axi_copy_BRESP       |   in|    2|       m_axi|             copy|       pointer|
|m_axi_copy_BID         |   in|    1|       m_axi|             copy|       pointer|
|m_axi_copy_BUSER       |   in|    1|       m_axi|             copy|       pointer|
|m_axi_update_AWVALID   |  out|    1|       m_axi|           update|       pointer|
|m_axi_update_AWREADY   |   in|    1|       m_axi|           update|       pointer|
|m_axi_update_AWADDR    |  out|   64|       m_axi|           update|       pointer|
|m_axi_update_AWID      |  out|    1|       m_axi|           update|       pointer|
|m_axi_update_AWLEN     |  out|    8|       m_axi|           update|       pointer|
|m_axi_update_AWSIZE    |  out|    3|       m_axi|           update|       pointer|
|m_axi_update_AWBURST   |  out|    2|       m_axi|           update|       pointer|
|m_axi_update_AWLOCK    |  out|    2|       m_axi|           update|       pointer|
|m_axi_update_AWCACHE   |  out|    4|       m_axi|           update|       pointer|
|m_axi_update_AWPROT    |  out|    3|       m_axi|           update|       pointer|
|m_axi_update_AWQOS     |  out|    4|       m_axi|           update|       pointer|
|m_axi_update_AWREGION  |  out|    4|       m_axi|           update|       pointer|
|m_axi_update_AWUSER    |  out|    1|       m_axi|           update|       pointer|
|m_axi_update_WVALID    |  out|    1|       m_axi|           update|       pointer|
|m_axi_update_WREADY    |   in|    1|       m_axi|           update|       pointer|
|m_axi_update_WDATA     |  out|   32|       m_axi|           update|       pointer|
|m_axi_update_WSTRB     |  out|    4|       m_axi|           update|       pointer|
|m_axi_update_WLAST     |  out|    1|       m_axi|           update|       pointer|
|m_axi_update_WID       |  out|    1|       m_axi|           update|       pointer|
|m_axi_update_WUSER     |  out|    1|       m_axi|           update|       pointer|
|m_axi_update_ARVALID   |  out|    1|       m_axi|           update|       pointer|
|m_axi_update_ARREADY   |   in|    1|       m_axi|           update|       pointer|
|m_axi_update_ARADDR    |  out|   64|       m_axi|           update|       pointer|
|m_axi_update_ARID      |  out|    1|       m_axi|           update|       pointer|
|m_axi_update_ARLEN     |  out|    8|       m_axi|           update|       pointer|
|m_axi_update_ARSIZE    |  out|    3|       m_axi|           update|       pointer|
|m_axi_update_ARBURST   |  out|    2|       m_axi|           update|       pointer|
|m_axi_update_ARLOCK    |  out|    2|       m_axi|           update|       pointer|
|m_axi_update_ARCACHE   |  out|    4|       m_axi|           update|       pointer|
|m_axi_update_ARPROT    |  out|    3|       m_axi|           update|       pointer|
|m_axi_update_ARQOS     |  out|    4|       m_axi|           update|       pointer|
|m_axi_update_ARREGION  |  out|    4|       m_axi|           update|       pointer|
|m_axi_update_ARUSER    |  out|    1|       m_axi|           update|       pointer|
|m_axi_update_RVALID    |   in|    1|       m_axi|           update|       pointer|
|m_axi_update_RREADY    |  out|    1|       m_axi|           update|       pointer|
|m_axi_update_RDATA     |   in|   32|       m_axi|           update|       pointer|
|m_axi_update_RLAST     |   in|    1|       m_axi|           update|       pointer|
|m_axi_update_RID       |   in|    1|       m_axi|           update|       pointer|
|m_axi_update_RUSER     |   in|    1|       m_axi|           update|       pointer|
|m_axi_update_RRESP     |   in|    2|       m_axi|           update|       pointer|
|m_axi_update_BVALID    |   in|    1|       m_axi|           update|       pointer|
|m_axi_update_BREADY    |  out|    1|       m_axi|           update|       pointer|
|m_axi_update_BRESP     |   in|    2|       m_axi|           update|       pointer|
|m_axi_update_BID       |   in|    1|       m_axi|           update|       pointer|
|m_axi_update_BUSER     |   in|    1|       m_axi|           update|       pointer|
+-----------------------+-----+-----+------------+-----------------+--------------+

