

================================================================
== Synthesis Summary Report of 'background_loop'
================================================================
+ General Information: 
    * Date:           Tue Jun  1 15:08:05 2021
    * Version:        2020.2 (Build 3064766 on Wed Nov 18 09:12:47 MST 2020)
    * Project:        background_loop
    * Solution:       solution1 (Vivado IP Flow Target)
    * Product family: zynq
    * Target device:  xc7z020-clg400-1
    

+ Performance & Resource Estimates: 
    
    PS: '+' for module; 'o' for loop; '*' for dataflow
    +----------------------------------------------------+--------+-------+---------+-----------+----------+---------+------+----------+---------+----+-----------+-----------+-----+
    |                       Modules                      |  Issue |       | Latency |  Latency  | Iteration|         | Trip |          |         |    |           |           |     |
    |                       & Loops                      |  Type  | Slack | (cycles)|    (ns)   |  Latency | Interval| Count| Pipelined|  BRAM   | DSP|     FF    |    LUT    | URAM|
    +----------------------------------------------------+--------+-------+---------+-----------+----------+---------+------+----------+---------+----+-----------+-----------+-----+
    |+ background_loop                                   |  Timing|   2.87|   324663|  3.301e+06|         -|   324664|     -|        no|  10 (3%)|   -|  5246 (4%)|  4278 (8%)|    -|
    | + grp_dataflow_parent_loop_proc3_fu_108            |  Timing|   2.87|   314094|  3.193e+06|         -|   314094|     -|        no|   4 (1%)|   -|  1937 (1%)|  1239 (2%)|    -|
    |  + grp_dataflow_in_loop_right_height_loop_fu_100*  |  Timing|   2.87|     1304|  1.326e+04|         -|      653|     -|  dataflow|   4 (1%)|   -|  1429 (1%)|  1113 (2%)|    -|
    |   + grp_right_copy_loop_proc_fu_116                |  Timing|   0.00|      651|  6.618e+03|         -|      651|     -|        no|        -|   -|  564 (~0%)|  448 (~0%)|    -|
    |    o right_copy_loop                               |       -|  -7.30|      641|  6.516e+03|         3|        1|   640|       yes|        -|   -|          -|          -|    -|
    |   + grp_right_width_loop_proc8_fu_127              |  Timing|   0.00|      652|  6.628e+03|         -|      652|     -|        no|        -|   -|  469 (~0%)|  391 (~0%)|    -|
    |    o right_width_loop                              |       -|  -7.30|      641|  6.516e+03|         3|        1|   640|       yes|        -|   -|          -|          -|    -|
    |  o right_height_loop                               |       -|  -7.30|   314093|  3.193e+06|      1307|        -|   480|        no|        -|   -|          -|          -|    -|
    | + grp_dataflow_parent_loop_proc_fu_121             |  Timing|   0.00|     5762|  5.858e+04|         -|     5762|     -|        no|        -|   -|  876 (~0%)|  449 (~0%)|    -|
    |  + grp_dataflow_in_loop_copy_fu_88*                |  Timing|   0.00|       11|    111.826|         -|       12|     -|  dataflow|        -|   -|  368 (~0%)|  323 (~0%)|    -|
    |   + grp_Block_entry_proc_proc_fu_64                |  Timing|   0.00|       11|    111.826|         -|       11|     -|        no|        -|   -|  368 (~0%)|  323 (~0%)|    -|
    |  o copy                                            |       -|  -7.30|     5761|  5.857e+04|        14|        -|   480|        no|        -|   -|          -|          -|    -|
    | + grp_dataflow_parent_loop_proc4_fu_137            |  Timing|   0.00|     4802|  4.882e+04|         -|     4802|     -|        no|        -|   -|  842 (~0%)|  344 (~0%)|    -|
    |  + grp_dataflow_in_loop_copy2_fu_82*               |  Timing|   0.00|        9|     91.494|         -|       10|     -|  dataflow|        -|   -|  334 (~0%)|  218 (~0%)|    -|
    |   + grp_Block_entry_proc_proc7_fu_56               |  Timing|   0.00|        9|     91.494|         -|        9|     -|        no|        -|   -|  334 (~0%)|  218 (~0%)|    -|
    |  o copy2                                           |       -|  -7.30|     4801|  4.881e+04|        12|        -|   480|        no|        -|   -|          -|          -|    -|
    +----------------------------------------------------+--------+-------+---------+-----------+----------+---------+------+----------+---------+----+-----------+-----------+-----+

