

================================================================
== Vitis HLS Report for 'dataflow_in_loop_right_height_loop'
================================================================
* Date:           Tue Jun  1 15:08:04 2021

* Version:        2020.2 (Build 3064766 on Wed Nov 18 09:12:47 MST 2020)
* Project:        background_loop
* Solution:       solution1 (Vivado IP Flow Target)
* Product family: zynq
* Target device:  xc7z020-clg400-1


================================================================
== Performance Estimates
================================================================
+ Timing: 
    * Summary: 
    +--------+----------+-----------+------------+
    |  Clock |  Target  | Estimated | Uncertainty|
    +--------+----------+-----------+------------+
    |ap_clk  |  10.00 ns|  10.166 ns|     2.70 ns|
    +--------+----------+-----------+------------+

+ Latency: 
    * Summary: 
    +---------+---------+----------+-----------+-----+-----+----------+
    |  Latency (cycles) |  Latency (absolute)  |  Interval | Pipeline |
    |   min   |   max   |    min   |    max    | min | max |   Type   |
    +---------+---------+----------+-----------+-----+-----+----------+
    |       26|     1304|  0.264 us|  13.256 us|   14|  653|  dataflow|
    +---------+---------+----------+-----------+-----+-----+----------+

    + Detail: 
        * Instance: 
        +---------------------------+------------------------+---------+---------+----------+----------+-----+-----+---------+
        |                           |                        |  Latency (cycles) |  Latency (absolute) |  Interval | Pipeline|
        |          Instance         |         Module         |   min   |   max   |    min   |    max   | min | max |   Type  |
        +---------------------------+------------------------+---------+---------+----------+----------+-----+-----+---------+
        |right_copy_loop_proc_U0    |right_copy_loop_proc    |       12|      651|  0.122 us|  6.618 us|   12|  651|     none|
        |right_width_loop_proc8_U0  |right_width_loop_proc8  |       13|      652|  0.132 us|  6.628 us|   13|  652|     none|
        +---------------------------+------------------------+---------+---------+----------+----------+-----+-----+---------+

        * Loop: 
        N/A



================================================================
== Utilization Estimates
================================================================
* Summary: 
+-----------------+---------+-----+--------+-------+-----+
|       Name      | BRAM_18K| DSP |   FF   |  LUT  | URAM|
+-----------------+---------+-----+--------+-------+-----+
|DSP              |        -|    -|       -|      -|    -|
|Expression       |        -|    -|       0|      2|    -|
|FIFO             |        -|    -|     396|    272|    -|
|Instance         |        -|    0|    1033|    839|    -|
|Memory           |        4|    -|       0|      0|    -|
|Multiplexer      |        -|    -|       -|      -|    -|
|Register         |        -|    -|       -|      -|    -|
+-----------------+---------+-----+--------+-------+-----+
|Total            |        4|    0|    1429|   1113|    0|
+-----------------+---------+-----+--------+-------+-----+
|Available        |      280|  220|  106400|  53200|    0|
+-----------------+---------+-----+--------+-------+-----+
|Utilization (%)  |        1|    0|       1|      2|    0|
+-----------------+---------+-----+--------+-------+-----+

+ Detail: 
    * Instance: 
    +---------------------------+------------------------+---------+----+-----+-----+-----+
    |          Instance         |         Module         | BRAM_18K| DSP|  FF | LUT | URAM|
    +---------------------------+------------------------+---------+----+-----+-----+-----+
    |right_copy_loop_proc_U0    |right_copy_loop_proc    |        0|   0|  564|  448|    0|
    |right_width_loop_proc8_U0  |right_width_loop_proc8  |        0|   0|  469|  391|    0|
    +---------------------------+------------------------+---------+----+-----+-----+-----+
    |Total                      |                        |        0|   0| 1033|  839|    0|
    +---------------------------+------------------------+---------+----+-----+-----+-----+

    * DSP: 
    N/A

    * Memory: 
    +-----------+--------------------------------------------+---------+---+----+-----+------+-----+------+-------------+
    |   Memory  |                   Module                   | BRAM_18K| FF| LUT| URAM| Words| Bits| Banks| W*Bits*Banks|
    +-----------+--------------------------------------------+---------+---+----+-----+------+-----+------+-------------+
    |xcopy_V_U  |dataflow_in_loop_right_height_loop_xcopy_V  |        4|  0|   0|    0|   640|   32|     1|        20480|
    +-----------+--------------------------------------------+---------+---+----+-----+------+-----+------+-------------+
    |Total      |                                            |        4|  0|   0|    0|   640|   32|     1|        20480|
    +-----------+--------------------------------------------+---------+---+----+-----+------+-----+------+-------------+

    * FIFO: 
    +----------------+---------+----+----+-----+------+-----+---------+
    |      Name      | BRAM_18K| FF | LUT| URAM| Depth| Bits| Size:D*B|
    +----------------+---------+----+----+-----+------+-----+---------+
    |ddr_update_c_U  |        0|  99|   0|    -|     2|   64|      128|
    |frame_size_c_U  |        0|  99|   0|    -|     2|   32|       64|
    |width_c_U       |        0|  99|   0|    -|     2|   32|       64|
    |y_1_c_U         |        0|  99|   0|    -|     2|   32|       64|
    +----------------+---------+----+----+-----+------+-----+---------+
    |Total           |        0| 396|   0|    0|     8|  160|      320|
    +----------------+---------+----+----+-----+------+-----+---------+

    * Expression: 
    +--------------+----------+----+---+----+------------+------------+
    | Variable Name| Operation| DSP| FF| LUT| Bitwidth P0| Bitwidth P1|
    +--------------+----------+----+---+----+------------+------------+
    |ap_idle       |       and|   0|  0|   2|           1|           1|
    +--------------+----------+----+---+----+------------+------------+
    |Total         |          |   0|  0|   2|           1|           1|
    +--------------+----------+----+---+----+------------+------------+

    * Multiplexer: 
    N/A

    * Register: 
    N/A



================================================================
== Interface
================================================================
* Summary: 
+-----------------------+-----+-----+------------+------------------------------------+--------------+
|       RTL Ports       | Dir | Bits|  Protocol  |            Source Object           |    C Type    |
+-----------------------+-----+-----+------------+------------------------------------+--------------+
|ap_clk                 |   in|    1|  ap_ctrl_hs|  dataflow_in_loop_right_height_loop|  return value|
|ap_rst                 |   in|    1|  ap_ctrl_hs|  dataflow_in_loop_right_height_loop|  return value|
|ap_start               |   in|    1|  ap_ctrl_hs|  dataflow_in_loop_right_height_loop|  return value|
|ap_done                |  out|    1|  ap_ctrl_hs|  dataflow_in_loop_right_height_loop|  return value|
|ap_ready               |  out|    1|  ap_ctrl_hs|  dataflow_in_loop_right_height_loop|  return value|
|ap_idle                |  out|    1|  ap_ctrl_hs|  dataflow_in_loop_right_height_loop|  return value|
|ap_continue            |   in|    1|  ap_ctrl_hs|  dataflow_in_loop_right_height_loop|  return value|
|width                  |   in|   32|     ap_none|                               width|        scalar|
|width_ap_vld           |   in|    1|     ap_none|                               width|        scalar|
|y_1                    |   in|   32|     ap_none|                                 y_1|        scalar|
|y_1_ap_vld             |   in|    1|     ap_none|                                 y_1|        scalar|
|frame_size             |   in|   32|     ap_none|                          frame_size|        scalar|
|frame_size_ap_vld      |   in|    1|     ap_none|                          frame_size|        scalar|
|ddr_copy               |   in|   64|     ap_none|                            ddr_copy|        scalar|
|ddr_copy_ap_vld        |   in|    1|     ap_none|                            ddr_copy|        scalar|
|m_axi_copy_AWVALID     |  out|    1|       m_axi|                                copy|       pointer|
|m_axi_copy_AWREADY     |   in|    1|       m_axi|                                copy|       pointer|
|m_axi_copy_AWADDR      |  out|   64|       m_axi|                                copy|       pointer|
|m_axi_copy_AWID        |  out|    1|       m_axi|                                copy|       pointer|
|m_axi_copy_AWLEN       |  out|   32|       m_axi|                                copy|       pointer|
|m_axi_copy_AWSIZE      |  out|    3|       m_axi|                                copy|       pointer|
|m_axi_copy_AWBURST     |  out|    2|       m_axi|                                copy|       pointer|
|m_axi_copy_AWLOCK      |  out|    2|       m_axi|                                copy|       pointer|
|m_axi_copy_AWCACHE     |  out|    4|       m_axi|                                copy|       pointer|
|m_axi_copy_AWPROT      |  out|    3|       m_axi|                                copy|       pointer|
|m_axi_copy_AWQOS       |  out|    4|       m_axi|                                copy|       pointer|
|m_axi_copy_AWREGION    |  out|    4|       m_axi|                                copy|       pointer|
|m_axi_copy_AWUSER      |  out|    1|       m_axi|                                copy|       pointer|
|m_axi_copy_WVALID      |  out|    1|       m_axi|                                copy|       pointer|
|m_axi_copy_WREADY      |   in|    1|       m_axi|                                copy|       pointer|
|m_axi_copy_WDATA       |  out|   32|       m_axi|                                copy|       pointer|
|m_axi_copy_WSTRB       |  out|    4|       m_axi|                                copy|       pointer|
|m_axi_copy_WLAST       |  out|    1|       m_axi|                                copy|       pointer|
|m_axi_copy_WID         |  out|    1|       m_axi|                                copy|       pointer|
|m_axi_copy_WUSER       |  out|    1|       m_axi|                                copy|       pointer|
|m_axi_copy_ARVALID     |  out|    1|       m_axi|                                copy|       pointer|
|m_axi_copy_ARREADY     |   in|    1|       m_axi|                                copy|       pointer|
|m_axi_copy_ARADDR      |  out|   64|       m_axi|                                copy|       pointer|
|m_axi_copy_ARID        |  out|    1|       m_axi|                                copy|       pointer|
|m_axi_copy_ARLEN       |  out|   32|       m_axi|                                copy|       pointer|
|m_axi_copy_ARSIZE      |  out|    3|       m_axi|                                copy|       pointer|
|m_axi_copy_ARBURST     |  out|    2|       m_axi|                                copy|       pointer|
|m_axi_copy_ARLOCK      |  out|    2|       m_axi|                                copy|       pointer|
|m_axi_copy_ARCACHE     |  out|    4|       m_axi|                                copy|       pointer|
|m_axi_copy_ARPROT      |  out|    3|       m_axi|                                copy|       pointer|
|m_axi_copy_ARQOS       |  out|    4|       m_axi|                                copy|       pointer|
|m_axi_copy_ARREGION    |  out|    4|       m_axi|                                copy|       pointer|
|m_axi_copy_ARUSER      |  out|    1|       m_axi|                                copy|       pointer|
|m_axi_copy_RVALID      |   in|    1|       m_axi|                                copy|       pointer|
|m_axi_copy_RREADY      |  out|    1|       m_axi|                                copy|       pointer|
|m_axi_copy_RDATA       |   in|   32|       m_axi|                                copy|       pointer|
|m_axi_copy_RLAST       |   in|    1|       m_axi|                                copy|       pointer|
|m_axi_copy_RID         |   in|    1|       m_axi|                                copy|       pointer|
|m_axi_copy_RUSER       |   in|    1|       m_axi|                                copy|       pointer|
|m_axi_copy_RRESP       |   in|    2|       m_axi|                                copy|       pointer|
|m_axi_copy_BVALID      |   in|    1|       m_axi|                                copy|       pointer|
|m_axi_copy_BREADY      |  out|    1|       m_axi|                                copy|       pointer|
|m_axi_copy_BRESP       |   in|    2|       m_axi|                                copy|       pointer|
|m_axi_copy_BID         |   in|    1|       m_axi|                                copy|       pointer|
|m_axi_copy_BUSER       |   in|    1|       m_axi|                                copy|       pointer|
|ddr_update             |   in|   64|     ap_none|                          ddr_update|        scalar|
|ddr_update_ap_vld      |   in|    1|     ap_none|                          ddr_update|        scalar|
|m_axi_update_AWVALID   |  out|    1|       m_axi|                              update|       pointer|
|m_axi_update_AWREADY   |   in|    1|       m_axi|                              update|       pointer|
|m_axi_update_AWADDR    |  out|   64|       m_axi|                              update|       pointer|
|m_axi_update_AWID      |  out|    1|       m_axi|                              update|       pointer|
|m_axi_update_AWLEN     |  out|   32|       m_axi|                              update|       pointer|
|m_axi_update_AWSIZE    |  out|    3|       m_axi|                              update|       pointer|
|m_axi_update_AWBURST   |  out|    2|       m_axi|                              update|       pointer|
|m_axi_update_AWLOCK    |  out|    2|       m_axi|                              update|       pointer|
|m_axi_update_AWCACHE   |  out|    4|       m_axi|                              update|       pointer|
|m_axi_update_AWPROT    |  out|    3|       m_axi|                              update|       pointer|
|m_axi_update_AWQOS     |  out|    4|       m_axi|                              update|       pointer|
|m_axi_update_AWREGION  |  out|    4|       m_axi|                              update|       pointer|
|m_axi_update_AWUSER    |  out|    1|       m_axi|                              update|       pointer|
|m_axi_update_WVALID    |  out|    1|       m_axi|                              update|       pointer|
|m_axi_update_WREADY    |   in|    1|       m_axi|                              update|       pointer|
|m_axi_update_WDATA     |  out|   32|       m_axi|                              update|       pointer|
|m_axi_update_WSTRB     |  out|    4|       m_axi|                              update|       pointer|
|m_axi_update_WLAST     |  out|    1|       m_axi|                              update|       pointer|
|m_axi_update_WID       |  out|    1|       m_axi|                              update|       pointer|
|m_axi_update_WUSER     |  out|    1|       m_axi|                              update|       pointer|
|m_axi_update_ARVALID   |  out|    1|       m_axi|                              update|       pointer|
|m_axi_update_ARREADY   |   in|    1|       m_axi|                              update|       pointer|
|m_axi_update_ARADDR    |  out|   64|       m_axi|                              update|       pointer|
|m_axi_update_ARID      |  out|    1|       m_axi|                              update|       pointer|
|m_axi_update_ARLEN     |  out|   32|       m_axi|                              update|       pointer|
|m_axi_update_ARSIZE    |  out|    3|       m_axi|                              update|       pointer|
|m_axi_update_ARBURST   |  out|    2|       m_axi|                              update|       pointer|
|m_axi_update_ARLOCK    |  out|    2|       m_axi|                              update|       pointer|
|m_axi_update_ARCACHE   |  out|    4|       m_axi|                              update|       pointer|
|m_axi_update_ARPROT    |  out|    3|       m_axi|                              update|       pointer|
|m_axi_update_ARQOS     |  out|    4|       m_axi|                              update|       pointer|
|m_axi_update_ARREGION  |  out|    4|       m_axi|                              update|       pointer|
|m_axi_update_ARUSER    |  out|    1|       m_axi|                              update|       pointer|
|m_axi_update_RVALID    |   in|    1|       m_axi|                              update|       pointer|
|m_axi_update_RREADY    |  out|    1|       m_axi|                              update|       pointer|
|m_axi_update_RDATA     |   in|   32|       m_axi|                              update|       pointer|
|m_axi_update_RLAST     |   in|    1|       m_axi|                              update|       pointer|
|m_axi_update_RID       |   in|    1|       m_axi|                              update|       pointer|
|m_axi_update_RUSER     |   in|    1|       m_axi|                              update|       pointer|
|m_axi_update_RRESP     |   in|    2|       m_axi|                              update|       pointer|
|m_axi_update_BVALID    |   in|    1|       m_axi|                              update|       pointer|
|m_axi_update_BREADY    |  out|    1|       m_axi|                              update|       pointer|
|m_axi_update_BRESP     |   in|    2|       m_axi|                              update|       pointer|
|m_axi_update_BID       |   in|    1|       m_axi|                              update|       pointer|
|m_axi_update_BUSER     |   in|    1|       m_axi|                              update|       pointer|
+-----------------------+-----+-----+------------+------------------------------------+--------------+

