

================================================================
== Vitis HLS Report for 'dataflow_parent_loop_proc3'
================================================================
* Date:           Tue Jun  1 15:08:04 2021

* Version:        2020.2 (Build 3064766 on Wed Nov 18 09:12:47 MST 2020)
* Project:        background_loop
* Solution:       solution1 (Vivado IP Flow Target)
* Product family: zynq
* Target device:  xc7z020-clg400-1


================================================================
== Performance Estimates
================================================================
+ Timing: 
    * Summary: 
    +--------+----------+-----------+------------+
    |  Clock |  Target  | Estimated | Uncertainty|
    +--------+----------+-----------+------------+
    |ap_clk  |  10.00 ns|  10.166 ns|     2.70 ns|
    +--------+----------+-----------+------------+

+ Latency: 
    * Summary: 
    +---------+---------+----------+----------+-----+--------+---------+
    |  Latency (cycles) |  Latency (absolute) |   Interval   | Pipeline|
    |   min   |   max   |    min   |    max   | min |   max  |   Type  |
    +---------+---------+----------+----------+-----+--------+---------+
    |       29|   314094|  0.295 us|  3.193 ms|   29|  314094|     none|
    +---------+---------+----------+----------+-----+--------+---------+

    + Detail: 
        * Instance: 
        +---------------------------------------+------------------------------------+---------+---------+----------+-----------+-----+-----+----------+
        |                                       |                                    |  Latency (cycles) |  Latency (absolute)  |  Interval | Pipeline |
        |                Instance               |               Module               |   min   |   max   |    min   |    max    | min | max |   Type   |
        +---------------------------------------+------------------------------------+---------+---------+----------+-----------+-----+-----+----------+
        |dataflow_in_loop_right_height_loop_U0  |dataflow_in_loop_right_height_loop  |       26|     1304|  0.264 us|  13.256 us|   14|  653|  dataflow|
        +---------------------------------------+------------------------------------+---------+---------+----------+-----------+-----+-----+----------+

        * Loop: 
        +---------------------+---------+---------+-----------+-----------+-----------+---------+----------+
        |                     |  Latency (cycles) | Iteration |  Initiation Interval  |   Trip  |          |
        |      Loop Name      |   min   |   max   |  Latency  |  achieved |   target  |  Count  | Pipelined|
        +---------------------+---------+---------+-----------+-----------+-----------+---------+----------+
        |- right_height_loop  |       28|   314093|  29 ~ 1307|          -|          -|  1 ~ 480|        no|
        +---------------------+---------+---------+-----------+-----------+-----------+---------+----------+



================================================================
== Utilization Estimates
================================================================
* Summary: 
+-----------------+---------+-----+--------+-------+-----+
|       Name      | BRAM_18K| DSP |   FF   |  LUT  | URAM|
+-----------------+---------+-----+--------+-------+-----+
|DSP              |        -|    -|       -|      -|    -|
|Expression       |        -|    -|     444|    108|    -|
|FIFO             |        -|    -|       -|      -|    -|
|Instance         |        4|    0|    1429|   1113|    -|
|Memory           |        -|    -|       -|      -|    -|
|Multiplexer      |        -|    -|       -|     18|    -|
|Register         |        -|    -|      64|      -|    -|
+-----------------+---------+-----+--------+-------+-----+
|Total            |        4|    0|    1937|   1239|    0|
+-----------------+---------+-----+--------+-------+-----+
|Available        |      280|  220|  106400|  53200|    0|
+-----------------+---------+-----+--------+-------+-----+
|Utilization (%)  |        1|    0|       1|      2|    0|
+-----------------+---------+-----+--------+-------+-----+

+ Detail: 
    * Instance: 
    +---------------------------------------+------------------------------------+---------+----+------+------+-----+
    |                Instance               |               Module               | BRAM_18K| DSP|  FF  |  LUT | URAM|
    +---------------------------------------+------------------------------------+---------+----+------+------+-----+
    |dataflow_in_loop_right_height_loop_U0  |dataflow_in_loop_right_height_loop  |        4|   0|  1429|  1113|    0|
    +---------------------------------------+------------------------------------+---------+----+------+------+-----+
    |Total                                  |                                    |        4|   0|  1429|  1113|    0|
    +---------------------------------------+------------------------------------+---------+----+------+------+-----+

    * DSP: 
    N/A

    * Memory: 
    N/A

    * FIFO: 
    N/A

    * Expression: 
    +----------------------------+----------+----+-----+----+------------+------------+
    |        Variable Name       | Operation| DSP|  FF | LUT| Bitwidth P0| Bitwidth P1|
    +----------------------------+----------+----+-----+----+------------+------------+
    |loop_dataflow_input_count   |         +|   0|  148|  36|          32|           1|
    |loop_dataflow_output_count  |         +|   0|  148|  36|          32|           1|
    |bound_minus_1               |         -|   0|  148|  36|          32|           1|
    +----------------------------+----------+----+-----+----+------------+------------+
    |Total                       |          |   0|  444| 108|          96|           3|
    +----------------------------+----------+----+-----+----+------------+------------+

    * Multiplexer: 
    +----------------------------+----+-----------+-----+-----------+
    |            Name            | LUT| Input Size| Bits| Total Bits|
    +----------------------------+----+-----------+-----+-----------+
    |loop_dataflow_input_count   |   9|          2|   32|         64|
    |loop_dataflow_output_count  |   9|          2|   32|         64|
    +----------------------------+----+-----------+-----+-----------+
    |Total                       |  18|          4|   64|        128|
    +----------------------------+----+-----------+-----+-----------+

    * Register: 
    +----------------------------+----+----+-----+-----------+
    |            Name            | FF | LUT| Bits| Const Bits|
    +----------------------------+----+----+-----+-----------+
    |loop_dataflow_input_count   |  32|   0|   32|          0|
    |loop_dataflow_output_count  |  32|   0|   32|          0|
    +----------------------------+----+----+-----+-----------+
    |Total                       |  64|   0|   64|          0|
    +----------------------------+----+----+-----+-----------+



================================================================
== Interface
================================================================
* Summary: 
+-----------------------+-----+-----+------------+----------------------------+--------------+
|       RTL Ports       | Dir | Bits|  Protocol  |        Source Object       |    C Type    |
+-----------------------+-----+-----+------------+----------------------------+--------------+
|height                 |   in|   32|     ap_none|                      height|        scalar|
|width                  |   in|   32|     ap_none|                       width|        scalar|
|width_ap_vld           |   in|    1|     ap_none|                       width|        scalar|
|frame_size             |   in|   32|     ap_none|                  frame_size|        scalar|
|frame_size_ap_vld      |   in|    1|     ap_none|                  frame_size|        scalar|
|ddr_copy               |   in|   64|     ap_none|                    ddr_copy|        scalar|
|ddr_copy_ap_vld        |   in|    1|     ap_none|                    ddr_copy|        scalar|
|m_axi_copy_AWVALID     |  out|    1|       m_axi|                        copy|       pointer|
|m_axi_copy_AWREADY     |   in|    1|       m_axi|                        copy|       pointer|
|m_axi_copy_AWADDR      |  out|   64|       m_axi|                        copy|       pointer|
|m_axi_copy_AWID        |  out|    1|       m_axi|                        copy|       pointer|
|m_axi_copy_AWLEN       |  out|   32|       m_axi|                        copy|       pointer|
|m_axi_copy_AWSIZE      |  out|    3|       m_axi|                        copy|       pointer|
|m_axi_copy_AWBURST     |  out|    2|       m_axi|                        copy|       pointer|
|m_axi_copy_AWLOCK      |  out|    2|       m_axi|                        copy|       pointer|
|m_axi_copy_AWCACHE     |  out|    4|       m_axi|                        copy|       pointer|
|m_axi_copy_AWPROT      |  out|    3|       m_axi|                        copy|       pointer|
|m_axi_copy_AWQOS       |  out|    4|       m_axi|                        copy|       pointer|
|m_axi_copy_AWREGION    |  out|    4|       m_axi|                        copy|       pointer|
|m_axi_copy_AWUSER      |  out|    1|       m_axi|                        copy|       pointer|
|m_axi_copy_WVALID      |  out|    1|       m_axi|                        copy|       pointer|
|m_axi_copy_WREADY      |   in|    1|       m_axi|                        copy|       pointer|
|m_axi_copy_WDATA       |  out|   32|       m_axi|                        copy|       pointer|
|m_axi_copy_WSTRB       |  out|    4|       m_axi|                        copy|       pointer|
|m_axi_copy_WLAST       |  out|    1|       m_axi|                        copy|       pointer|
|m_axi_copy_WID         |  out|    1|       m_axi|                        copy|       pointer|
|m_axi_copy_WUSER       |  out|    1|       m_axi|                        copy|       pointer|
|m_axi_copy_ARVALID     |  out|    1|       m_axi|                        copy|       pointer|
|m_axi_copy_ARREADY     |   in|    1|       m_axi|                        copy|       pointer|
|m_axi_copy_ARADDR      |  out|   64|       m_axi|                        copy|       pointer|
|m_axi_copy_ARID        |  out|    1|       m_axi|                        copy|       pointer|
|m_axi_copy_ARLEN       |  out|   32|       m_axi|                        copy|       pointer|
|m_axi_copy_ARSIZE      |  out|    3|       m_axi|                        copy|       pointer|
|m_axi_copy_ARBURST     |  out|    2|       m_axi|                        copy|       pointer|
|m_axi_copy_ARLOCK      |  out|    2|       m_axi|                        copy|       pointer|
|m_axi_copy_ARCACHE     |  out|    4|       m_axi|                        copy|       pointer|
|m_axi_copy_ARPROT      |  out|    3|       m_axi|                        copy|       pointer|
|m_axi_copy_ARQOS       |  out|    4|       m_axi|                        copy|       pointer|
|m_axi_copy_ARREGION    |  out|    4|       m_axi|                        copy|       pointer|
|m_axi_copy_ARUSER      |  out|    1|       m_axi|                        copy|       pointer|
|m_axi_copy_RVALID      |   in|    1|       m_axi|                        copy|       pointer|
|m_axi_copy_RREADY      |  out|    1|       m_axi|                        copy|       pointer|
|m_axi_copy_RDATA       |   in|   32|       m_axi|                        copy|       pointer|
|m_axi_copy_RLAST       |   in|    1|       m_axi|                        copy|       pointer|
|m_axi_copy_RID         |   in|    1|       m_axi|                        copy|       pointer|
|m_axi_copy_RUSER       |   in|    1|       m_axi|                        copy|       pointer|
|m_axi_copy_RRESP       |   in|    2|       m_axi|                        copy|       pointer|
|m_axi_copy_BVALID      |   in|    1|       m_axi|                        copy|       pointer|
|m_axi_copy_BREADY      |  out|    1|       m_axi|                        copy|       pointer|
|m_axi_copy_BRESP       |   in|    2|       m_axi|                        copy|       pointer|
|m_axi_copy_BID         |   in|    1|       m_axi|                        copy|       pointer|
|m_axi_copy_BUSER       |   in|    1|       m_axi|                        copy|       pointer|
|ddr_update             |   in|   64|     ap_none|                  ddr_update|        scalar|
|ddr_update_ap_vld      |   in|    1|     ap_none|                  ddr_update|        scalar|
|m_axi_update_AWVALID   |  out|    1|       m_axi|                      update|       pointer|
|m_axi_update_AWREADY   |   in|    1|       m_axi|                      update|       pointer|
|m_axi_update_AWADDR    |  out|   64|       m_axi|                      update|       pointer|
|m_axi_update_AWID      |  out|    1|       m_axi|                      update|       pointer|
|m_axi_update_AWLEN     |  out|   32|       m_axi|                      update|       pointer|
|m_axi_update_AWSIZE    |  out|    3|       m_axi|                      update|       pointer|
|m_axi_update_AWBURST   |  out|    2|       m_axi|                      update|       pointer|
|m_axi_update_AWLOCK    |  out|    2|       m_axi|                      update|       pointer|
|m_axi_update_AWCACHE   |  out|    4|       m_axi|                      update|       pointer|
|m_axi_update_AWPROT    |  out|    3|       m_axi|                      update|       pointer|
|m_axi_update_AWQOS     |  out|    4|       m_axi|                      update|       pointer|
|m_axi_update_AWREGION  |  out|    4|       m_axi|                      update|       pointer|
|m_axi_update_AWUSER    |  out|    1|       m_axi|                      update|       pointer|
|m_axi_update_WVALID    |  out|    1|       m_axi|                      update|       pointer|
|m_axi_update_WREADY    |   in|    1|       m_axi|                      update|       pointer|
|m_axi_update_WDATA     |  out|   32|       m_axi|                      update|       pointer|
|m_axi_update_WSTRB     |  out|    4|       m_axi|                      update|       pointer|
|m_axi_update_WLAST     |  out|    1|       m_axi|                      update|       pointer|
|m_axi_update_WID       |  out|    1|       m_axi|                      update|       pointer|
|m_axi_update_WUSER     |  out|    1|       m_axi|                      update|       pointer|
|m_axi_update_ARVALID   |  out|    1|       m_axi|                      update|       pointer|
|m_axi_update_ARREADY   |   in|    1|       m_axi|                      update|       pointer|
|m_axi_update_ARADDR    |  out|   64|       m_axi|                      update|       pointer|
|m_axi_update_ARID      |  out|    1|       m_axi|                      update|       pointer|
|m_axi_update_ARLEN     |  out|   32|       m_axi|                      update|       pointer|
|m_axi_update_ARSIZE    |  out|    3|       m_axi|                      update|       pointer|
|m_axi_update_ARBURST   |  out|    2|       m_axi|                      update|       pointer|
|m_axi_update_ARLOCK    |  out|    2|       m_axi|                      update|       pointer|
|m_axi_update_ARCACHE   |  out|    4|       m_axi|                      update|       pointer|
|m_axi_update_ARPROT    |  out|    3|       m_axi|                      update|       pointer|
|m_axi_update_ARQOS     |  out|    4|       m_axi|                      update|       pointer|
|m_axi_update_ARREGION  |  out|    4|       m_axi|                      update|       pointer|
|m_axi_update_ARUSER    |  out|    1|       m_axi|                      update|       pointer|
|m_axi_update_RVALID    |   in|    1|       m_axi|                      update|       pointer|
|m_axi_update_RREADY    |  out|    1|       m_axi|                      update|       pointer|
|m_axi_update_RDATA     |   in|   32|       m_axi|                      update|       pointer|
|m_axi_update_RLAST     |   in|    1|       m_axi|                      update|       pointer|
|m_axi_update_RID       |   in|    1|       m_axi|                      update|       pointer|
|m_axi_update_RUSER     |   in|    1|       m_axi|                      update|       pointer|
|m_axi_update_RRESP     |   in|    2|       m_axi|                      update|       pointer|
|m_axi_update_BVALID    |   in|    1|       m_axi|                      update|       pointer|
|m_axi_update_BREADY    |  out|    1|       m_axi|                      update|       pointer|
|m_axi_update_BRESP     |   in|    2|       m_axi|                      update|       pointer|
|m_axi_update_BID       |   in|    1|       m_axi|                      update|       pointer|
|m_axi_update_BUSER     |   in|    1|       m_axi|                      update|       pointer|
|ap_clk                 |   in|    1|  ap_ctrl_hs|  dataflow_parent_loop_proc3|  return value|
|ap_rst                 |   in|    1|  ap_ctrl_hs|  dataflow_parent_loop_proc3|  return value|
|ap_start               |   in|    1|  ap_ctrl_hs|  dataflow_parent_loop_proc3|  return value|
|ap_done                |  out|    1|  ap_ctrl_hs|  dataflow_parent_loop_proc3|  return value|
|ap_ready               |  out|    1|  ap_ctrl_hs|  dataflow_parent_loop_proc3|  return value|
|ap_idle                |  out|    1|  ap_ctrl_hs|  dataflow_parent_loop_proc3|  return value|
|ap_continue            |   in|    1|  ap_ctrl_hs|  dataflow_parent_loop_proc3|  return value|
+-----------------------+-----+-----+------------+----------------------------+--------------+

