

================================================================
== Synthesis Summary Report of 'affine_scale'
================================================================
+ General Information: 
    * Date:           Wed Sep 15 21:04:43 2021
    * Version:        2020.2 (Build 3064766 on Wed Nov 18 09:12:47 MST 2020)
    * Project:        affine_scale
    * Solution:       solution1 (Vivado IP Flow Target)
    * Product family: zynq
    * Target device:  xc7z020-clg400-1
    

+ Performance & Resource Estimates: 
    
    PS: '+' for module; 'o' for loop; '*' for dataflow
    +---------------------------------------------------------+--------+-------+---------+-----------+----------+---------+------+----------+---------+---------+-------------+------------+-----+
    |                         Modules                         |  Issue |       | Latency |  Latency  | Iteration|         | Trip |          |         |         |             |            |     |
    |                         & Loops                         |  Type  | Slack | (cycles)|    (ns)   |  Latency | Interval| Count| Pipelined|  BRAM   |   DSP   |      FF     |     LUT    | URAM|
    +---------------------------------------------------------+--------+-------+---------+-----------+----------+---------+------+----------+---------+---------+-------------+------------+-----+
    |+ affine_scale                                           |  Timing|   0.00|   338106|  3.381e+06|         -|   338107|     -|        no|  11 (3%)|  12 (5%)|  13012 (12%)|  9487 (17%)|    -|
    | + grp_dataflow_in_loop_height_loop_fu_258*              |  Timing|   0.00|     1367|  1.367e+04|         -|      703|     -|  dataflow|   7 (2%)|  12 (5%)|  10688 (10%)|  6865 (12%)|    -|
    |  + grp_src_loop_proc_fu_348                             |  Timing|   0.00|      702|  7.020e+03|         -|      702|     -|        no|        -|        -|    7129 (6%)|   4180 (7%)|    -|
    |   o src_loop                                            |       -|  -7.30|      654|  6.540e+03|        16|        1|   640|       yes|        -|        -|            -|           -|    -|
    |  + grp_dstout_loop_proc_fu_371                          |  Timing|   0.00|      663|  6.630e+03|         -|      663|     -|        no|        -|  12 (5%)|    687 (~0%)|   524 (~0%)|    -|
    |   o dstout_loop                                         |       -|  -7.30|      653|  6.530e+03|        15|        1|   640|       yes|        -|        -|            -|           -|    -|
    |  + grp_dstin_loop_proc_fu_384                           |  Timing|   0.00|      653|  6.530e+03|         -|      653|     -|        no|        -|        -|    590 (~0%)|   352 (~0%)|    -|
    |   o dstin_loop                                          |       -|  -7.30|      641|  6.410e+03|         3|        1|   640|       yes|        -|        -|            -|           -|    -|
    |  + call_ln0_dataflow_in_loop_height_loop_entry6_fu_395  |       -|  -3.67|        0|      0.000|         -|        0|     -|        no|        -|        -|      2 (~0%)|   200 (~0%)|    -|
    | o height_loop                                           |       -|  -7.30|   338105|  3.381e+06|      1369|        -|   480|        no|        -|        -|            -|           -|    -|
    +---------------------------------------------------------+--------+-------+---------+-----------+----------+---------+------+----------+---------+---------+-------------+------------+-----+

