

================================================================
== Vitis HLS Report for 'dataflow_in_loop_height_loop'
================================================================
* Date:           Wed Sep 15 21:04:42 2021

* Version:        2020.2 (Build 3064766 on Wed Nov 18 09:12:47 MST 2020)
* Project:        affine_scale
* Solution:       solution1 (Vivado IP Flow Target)
* Product family: zynq
* Target device:  xc7z020-clg400-1


================================================================
== Performance Estimates
================================================================
+ Timing: 
    * Summary: 
    +--------+----------+----------+------------+
    |  Clock |  Target  | Estimated| Uncertainty|
    +--------+----------+----------+------------+
    |ap_clk  |  10.00 ns|  7.300 ns|     2.70 ns|
    +--------+----------+----------+------------+

+ Latency: 
    * Summary: 
    +---------+---------+----------+-----------+-----+-----+----------+
    |  Latency (cycles) |  Latency (absolute)  |  Interval | Pipeline |
    |   min   |   max   |    min   |    max    | min | max |   Type   |
    +---------+---------+----------+-----------+-----+-----+----------+
    |       89|     1367|  0.890 us|  13.670 us|   64|  703|  dataflow|
    +---------+---------+----------+-----------+-----+-----+----------+

    + Detail: 
        * Instance: 
        +----------------------------------------+-------------------------------------+---------+---------+----------+----------+-----+-----+---------+
        |                                        |                                     |  Latency (cycles) |  Latency (absolute) |  Interval | Pipeline|
        |                Instance                |                Module               |   min   |   max   |    min   |    max   | min | max |   Type  |
        +----------------------------------------+-------------------------------------+---------+---------+----------+----------+-----+-----+---------+
        |src_loop_proc_U0                        |src_loop_proc                        |       63|      702|  0.630 us|  7.020 us|   63|  702|     none|
        |dstout_loop_proc_U0                     |dstout_loop_proc                     |       24|      663|  0.240 us|  6.630 us|   24|  663|     none|
        |dstin_loop_proc_U0                      |dstin_loop_proc                      |       14|      653|  0.140 us|  6.530 us|   14|  653|     none|
        |dataflow_in_loop_height_loop_entry6_U0  |dataflow_in_loop_height_loop_entry6  |        0|        0|      0 ns|      0 ns|    0|    0|     none|
        +----------------------------------------+-------------------------------------+---------+---------+----------+----------+-----+-----+---------+

        * Loop: 
        N/A



================================================================
== Utilization Estimates
================================================================
* Summary: 
+-----------------+---------+-----+--------+-------+-----+
|       Name      | BRAM_18K| DSP |   FF   |  LUT  | URAM|
+-----------------+---------+-----+--------+-------+-----+
|DSP              |        -|    -|       -|      -|    -|
|Expression       |        -|    -|       0|     18|    -|
|FIFO             |        -|    -|    2277|   1564|    -|
|Instance         |        -|   12|    8408|   5256|    -|
|Memory           |        7|    -|       0|      0|    -|
|Multiplexer      |        -|    -|       -|     27|    -|
|Register         |        -|    -|       3|      -|    -|
+-----------------+---------+-----+--------+-------+-----+
|Total            |        7|   12|   10688|   6865|    0|
+-----------------+---------+-----+--------+-------+-----+
|Available        |      280|  220|  106400|  53200|    0|
+-----------------+---------+-----+--------+-------+-----+
|Utilization (%)  |        2|    5|      10|     12|    0|
+-----------------+---------+-----+--------+-------+-----+

+ Detail: 
    * Instance: 
    +----------------------------------------+-------------------------------------+---------+----+------+------+-----+
    |                Instance                |                Module               | BRAM_18K| DSP|  FF  |  LUT | URAM|
    +----------------------------------------+-------------------------------------+---------+----+------+------+-----+
    |dataflow_in_loop_height_loop_entry6_U0  |dataflow_in_loop_height_loop_entry6  |        0|   0|     2|   200|    0|
    |dstin_loop_proc_U0                      |dstin_loop_proc                      |        0|   0|   590|   352|    0|
    |dstout_loop_proc_U0                     |dstout_loop_proc                     |        0|  12|   687|   524|    0|
    |src_loop_proc_U0                        |src_loop_proc                        |        0|   0|  7129|  4180|    0|
    +----------------------------------------+-------------------------------------+---------+----+------+------+-----+
    |Total                                   |                                     |        0|  12|  8408|  5256|    0|
    +----------------------------------------+-------------------------------------+---------+----+------+------+-----+

    * DSP: 
    N/A

    * Memory: 
    +---------+------------------------------------+---------+---+----+-----+------+-----+------+-------------+
    |  Memory |               Module               | BRAM_18K| FF| LUT| URAM| Words| Bits| Banks| W*Bits*Banks|
    +---------+------------------------------------+---------+---+----+-----+------+-----+------+-------------+
    |dst_V_U  |dataflow_in_loop_height_loop_dst_V  |        3|  0|   0|    0|   640|   24|     1|        15360|
    |src_V_U  |dataflow_in_loop_height_loop_src_V  |        4|  0|   0|    0|   640|   32|     1|        20480|
    +---------+------------------------------------+---------+---+----+-----+------+-----+------+-------------+
    |Total    |                                    |        7|  0|   0|    0|  1280|   56|     2|        35840|
    +---------+------------------------------------+---------+---+----+-----+------+-----+------+-------------+

    * FIFO: 
    +-------------------------+---------+----+----+-----+------+-----+---------+
    |           Name          | BRAM_18K| FF | LUT| URAM| Depth| Bits| Size:D*B|
    +-------------------------+---------+----+----+-----+------+-----+---------+
    |a_c_U                    |        0|  99|   0|    -|     2|   20|       40|
    |alpha_c_U                |        0|  99|   0|    -|     3|    8|       24|
    |b_c_U                    |        0|  99|   0|    -|     2|   20|       40|
    |c_c_U                    |        0|  99|   0|    -|     2|   20|       40|
    |d_c_U                    |        0|  99|   0|    -|     2|   20|       40|
    |dstin_c_U                |        0|  99|   0|    -|     2|   64|      128|
    |dstout_c_U               |        0|  99|   0|    -|     3|   64|      192|
    |frame_size_c3_U          |        0|  99|   0|    -|     3|   32|       96|
    |frame_size_c_U           |        0|  99|   0|    -|     2|   32|       64|
    |id_c_U                   |        0|  99|   0|    -|     2|   32|       64|
    |m_c_U                    |        0|  99|   0|    -|     2|   32|       64|
    |mapchip_draw_xsize_c1_U  |        0|  99|   0|    -|     2|   32|       64|
    |mapchip_draw_xsize_c4_U  |        0|  99|   0|    -|     2|   32|       64|
    |mapchip_draw_xsize_c_U   |        0|  99|   0|    -|     2|   32|       64|
    |mapchip_maxheight_c_U    |        0|  99|   0|    -|     2|   32|       64|
    |mapchip_maxwidth_c_U     |        0|  99|   0|    -|     2|   32|       64|
    |n_c_U                    |        0|  99|   0|    -|     2|   32|       64|
    |srcin_c_U                |        0|  99|   0|    -|     2|   64|      128|
    |trunc_ln1345_c2_U        |        0|  99|   0|    -|     2|   32|       64|
    |trunc_ln1345_c5_U        |        0|  99|   0|    -|     2|   32|       64|
    |trunc_ln1345_c_U         |        0|  99|   0|    -|     2|   32|       64|
    |xstart_pos_c_U           |        0|  99|   0|    -|     2|   32|       64|
    |ystart_pos_c_U           |        0|  99|   0|    -|     2|   32|       64|
    +-------------------------+---------+----+----+-----+------+-----+---------+
    |Total                    |        0|2277|   0|    0|    49|  760|     1624|
    +-------------------------+---------+----+----+-----+------+-----+---------+

    * Expression: 
    +---------------------------------------------------------+----------+----+---+----+------------+------------+
    |                      Variable Name                      | Operation| DSP| FF| LUT| Bitwidth P0| Bitwidth P1|
    +---------------------------------------------------------+----------+----+---+----+------------+------------+
    |ap_idle                                                  |       and|   0|  0|   2|           1|           1|
    |ap_sync_ready                                            |       and|   0|  0|   2|           1|           1|
    |dataflow_in_loop_height_loop_entry6_U0_ap_start          |       and|   0|  0|   2|           1|           1|
    |dstin_loop_proc_U0_ap_start                              |       and|   0|  0|   2|           1|           1|
    |dstout_loop_proc_U0_ap_start                             |       and|   0|  0|   2|           1|           1|
    |src_loop_proc_U0_ap_start                                |       and|   0|  0|   2|           1|           1|
    |ap_sync_dataflow_in_loop_height_loop_entry6_U0_ap_ready  |        or|   0|  0|   2|           1|           1|
    |ap_sync_dstin_loop_proc_U0_ap_ready                      |        or|   0|  0|   2|           1|           1|
    |ap_sync_src_loop_proc_U0_ap_ready                        |        or|   0|  0|   2|           1|           1|
    +---------------------------------------------------------+----------+----+---+----+------------+------------+
    |Total                                                    |          |   0|  0|  18|           9|           9|
    +---------------------------------------------------------+----------+----+---+----+------------+------------+

    * Multiplexer: 
    +-------------------------------------------------------------+----+-----------+-----+-----------+
    |                             Name                            | LUT| Input Size| Bits| Total Bits|
    +-------------------------------------------------------------+----+-----------+-----+-----------+
    |ap_sync_reg_dataflow_in_loop_height_loop_entry6_U0_ap_ready  |   9|          2|    1|          2|
    |ap_sync_reg_dstin_loop_proc_U0_ap_ready                      |   9|          2|    1|          2|
    |ap_sync_reg_src_loop_proc_U0_ap_ready                        |   9|          2|    1|          2|
    +-------------------------------------------------------------+----+-----------+-----+-----------+
    |Total                                                        |  27|          6|    3|          6|
    +-------------------------------------------------------------+----+-----------+-----+-----------+

    * Register: 
    +-------------------------------------------------------------+---+----+-----+-----------+
    |                             Name                            | FF| LUT| Bits| Const Bits|
    +-------------------------------------------------------------+---+----+-----+-----------+
    |ap_sync_reg_dataflow_in_loop_height_loop_entry6_U0_ap_ready  |  1|   0|    1|          0|
    |ap_sync_reg_dstin_loop_proc_U0_ap_ready                      |  1|   0|    1|          0|
    |ap_sync_reg_src_loop_proc_U0_ap_ready                        |  1|   0|    1|          0|
    +-------------------------------------------------------------+---+----+-----+-----------+
    |Total                                                        |  3|   0|    3|          0|
    +-------------------------------------------------------------+---+----+-----+-----------+



================================================================
== Interface
================================================================
* Summary: 
+---------------------------+-----+-----+------------+------------------------------+--------------+
|         RTL Ports         | Dir | Bits|  Protocol  |         Source Object        |    C Type    |
+---------------------------+-----+-----+------------+------------------------------+--------------+
|ap_clk                     |   in|    1|  ap_ctrl_hs|  dataflow_in_loop_height_loop|  return value|
|ap_rst                     |   in|    1|  ap_ctrl_hs|  dataflow_in_loop_height_loop|  return value|
|ap_start                   |   in|    1|  ap_ctrl_hs|  dataflow_in_loop_height_loop|  return value|
|ap_done                    |  out|    1|  ap_ctrl_hs|  dataflow_in_loop_height_loop|  return value|
|ap_ready                   |  out|    1|  ap_ctrl_hs|  dataflow_in_loop_height_loop|  return value|
|ap_idle                    |  out|    1|  ap_ctrl_hs|  dataflow_in_loop_height_loop|  return value|
|ap_continue                |   in|    1|  ap_ctrl_hs|  dataflow_in_loop_height_loop|  return value|
|mapchip_draw_xsize         |   in|   32|     ap_none|            mapchip_draw_xsize|        scalar|
|mapchip_draw_xsize_ap_vld  |   in|    1|     ap_none|            mapchip_draw_xsize|        scalar|
|mapchip_maxwidth           |   in|   32|     ap_none|              mapchip_maxwidth|        scalar|
|mapchip_maxwidth_ap_vld    |   in|    1|     ap_none|              mapchip_maxwidth|        scalar|
|d                          |   in|   20|     ap_none|                             d|        scalar|
|d_ap_vld                   |   in|    1|     ap_none|                             d|        scalar|
|a                          |   in|   20|     ap_none|                             a|        scalar|
|a_ap_vld                   |   in|    1|     ap_none|                             a|        scalar|
|c                          |   in|   20|     ap_none|                             c|        scalar|
|c_ap_vld                   |   in|    1|     ap_none|                             c|        scalar|
|b                          |   in|   20|     ap_none|                             b|        scalar|
|b_ap_vld                   |   in|    1|     ap_none|                             b|        scalar|
|m                          |   in|   32|     ap_none|                             m|        scalar|
|m_ap_vld                   |   in|    1|     ap_none|                             m|        scalar|
|trunc_ln1345               |   in|   32|     ap_none|                  trunc_ln1345|        scalar|
|trunc_ln1345_ap_vld        |   in|    1|     ap_none|                  trunc_ln1345|        scalar|
|mapchip_maxheight          |   in|   32|     ap_none|             mapchip_maxheight|        scalar|
|mapchip_maxheight_ap_vld   |   in|    1|     ap_none|             mapchip_maxheight|        scalar|
|n                          |   in|   32|     ap_none|                             n|        scalar|
|n_ap_vld                   |   in|    1|     ap_none|                             n|        scalar|
|id                         |   in|   32|     ap_none|                            id|        scalar|
|id_ap_vld                  |   in|    1|     ap_none|                            id|        scalar|
|ystart_pos                 |   in|   32|     ap_none|                    ystart_pos|        scalar|
|ystart_pos_ap_vld          |   in|    1|     ap_none|                    ystart_pos|        scalar|
|xstart_pos                 |   in|   32|     ap_none|                    xstart_pos|        scalar|
|xstart_pos_ap_vld          |   in|    1|     ap_none|                    xstart_pos|        scalar|
|srcin                      |   in|   64|     ap_none|                         srcin|        scalar|
|srcin_ap_vld               |   in|    1|     ap_none|                         srcin|        scalar|
|m_axi_src_AWVALID          |  out|    1|       m_axi|                           src|       pointer|
|m_axi_src_AWREADY          |   in|    1|       m_axi|                           src|       pointer|
|m_axi_src_AWADDR           |  out|   64|       m_axi|                           src|       pointer|
|m_axi_src_AWID             |  out|    1|       m_axi|                           src|       pointer|
|m_axi_src_AWLEN            |  out|   32|       m_axi|                           src|       pointer|
|m_axi_src_AWSIZE           |  out|    3|       m_axi|                           src|       pointer|
|m_axi_src_AWBURST          |  out|    2|       m_axi|                           src|       pointer|
|m_axi_src_AWLOCK           |  out|    2|       m_axi|                           src|       pointer|
|m_axi_src_AWCACHE          |  out|    4|       m_axi|                           src|       pointer|
|m_axi_src_AWPROT           |  out|    3|       m_axi|                           src|       pointer|
|m_axi_src_AWQOS            |  out|    4|       m_axi|                           src|       pointer|
|m_axi_src_AWREGION         |  out|    4|       m_axi|                           src|       pointer|
|m_axi_src_AWUSER           |  out|    1|       m_axi|                           src|       pointer|
|m_axi_src_WVALID           |  out|    1|       m_axi|                           src|       pointer|
|m_axi_src_WREADY           |   in|    1|       m_axi|                           src|       pointer|
|m_axi_src_WDATA            |  out|   32|       m_axi|                           src|       pointer|
|m_axi_src_WSTRB            |  out|    4|       m_axi|                           src|       pointer|
|m_axi_src_WLAST            |  out|    1|       m_axi|                           src|       pointer|
|m_axi_src_WID              |  out|    1|       m_axi|                           src|       pointer|
|m_axi_src_WUSER            |  out|    1|       m_axi|                           src|       pointer|
|m_axi_src_ARVALID          |  out|    1|       m_axi|                           src|       pointer|
|m_axi_src_ARREADY          |   in|    1|       m_axi|                           src|       pointer|
|m_axi_src_ARADDR           |  out|   64|       m_axi|                           src|       pointer|
|m_axi_src_ARID             |  out|    1|       m_axi|                           src|       pointer|
|m_axi_src_ARLEN            |  out|   32|       m_axi|                           src|       pointer|
|m_axi_src_ARSIZE           |  out|    3|       m_axi|                           src|       pointer|
|m_axi_src_ARBURST          |  out|    2|       m_axi|                           src|       pointer|
|m_axi_src_ARLOCK           |  out|    2|       m_axi|                           src|       pointer|
|m_axi_src_ARCACHE          |  out|    4|       m_axi|                           src|       pointer|
|m_axi_src_ARPROT           |  out|    3|       m_axi|                           src|       pointer|
|m_axi_src_ARQOS            |  out|    4|       m_axi|                           src|       pointer|
|m_axi_src_ARREGION         |  out|    4|       m_axi|                           src|       pointer|
|m_axi_src_ARUSER           |  out|    1|       m_axi|                           src|       pointer|
|m_axi_src_RVALID           |   in|    1|       m_axi|                           src|       pointer|
|m_axi_src_RREADY           |  out|    1|       m_axi|                           src|       pointer|
|m_axi_src_RDATA            |   in|   32|       m_axi|                           src|       pointer|
|m_axi_src_RLAST            |   in|    1|       m_axi|                           src|       pointer|
|m_axi_src_RID              |   in|    1|       m_axi|                           src|       pointer|
|m_axi_src_RUSER            |   in|    1|       m_axi|                           src|       pointer|
|m_axi_src_RRESP            |   in|    2|       m_axi|                           src|       pointer|
|m_axi_src_BVALID           |   in|    1|       m_axi|                           src|       pointer|
|m_axi_src_BREADY           |  out|    1|       m_axi|                           src|       pointer|
|m_axi_src_BRESP            |   in|    2|       m_axi|                           src|       pointer|
|m_axi_src_BID              |   in|    1|       m_axi|                           src|       pointer|
|m_axi_src_BUSER            |   in|    1|       m_axi|                           src|       pointer|
|frame_size                 |   in|   32|     ap_none|                    frame_size|        scalar|
|frame_size_ap_vld          |   in|    1|     ap_none|                    frame_size|        scalar|
|dstin                      |   in|   64|     ap_none|                         dstin|        scalar|
|dstin_ap_vld               |   in|    1|     ap_none|                         dstin|        scalar|
|m_axi_dst_AWVALID          |  out|    1|       m_axi|                           dst|       pointer|
|m_axi_dst_AWREADY          |   in|    1|       m_axi|                           dst|       pointer|
|m_axi_dst_AWADDR           |  out|   64|       m_axi|                           dst|       pointer|
|m_axi_dst_AWID             |  out|    1|       m_axi|                           dst|       pointer|
|m_axi_dst_AWLEN            |  out|   32|       m_axi|                           dst|       pointer|
|m_axi_dst_AWSIZE           |  out|    3|       m_axi|                           dst|       pointer|
|m_axi_dst_AWBURST          |  out|    2|       m_axi|                           dst|       pointer|
|m_axi_dst_AWLOCK           |  out|    2|       m_axi|                           dst|       pointer|
|m_axi_dst_AWCACHE          |  out|    4|       m_axi|                           dst|       pointer|
|m_axi_dst_AWPROT           |  out|    3|       m_axi|                           dst|       pointer|
|m_axi_dst_AWQOS            |  out|    4|       m_axi|                           dst|       pointer|
|m_axi_dst_AWREGION         |  out|    4|       m_axi|                           dst|       pointer|
|m_axi_dst_AWUSER           |  out|    1|       m_axi|                           dst|       pointer|
|m_axi_dst_WVALID           |  out|    1|       m_axi|                           dst|       pointer|
|m_axi_dst_WREADY           |   in|    1|       m_axi|                           dst|       pointer|
|m_axi_dst_WDATA            |  out|   32|       m_axi|                           dst|       pointer|
|m_axi_dst_WSTRB            |  out|    4|       m_axi|                           dst|       pointer|
|m_axi_dst_WLAST            |  out|    1|       m_axi|                           dst|       pointer|
|m_axi_dst_WID              |  out|    1|       m_axi|                           dst|       pointer|
|m_axi_dst_WUSER            |  out|    1|       m_axi|                           dst|       pointer|
|m_axi_dst_ARVALID          |  out|    1|       m_axi|                           dst|       pointer|
|m_axi_dst_ARREADY          |   in|    1|       m_axi|                           dst|       pointer|
|m_axi_dst_ARADDR           |  out|   64|       m_axi|                           dst|       pointer|
|m_axi_dst_ARID             |  out|    1|       m_axi|                           dst|       pointer|
|m_axi_dst_ARLEN            |  out|   32|       m_axi|                           dst|       pointer|
|m_axi_dst_ARSIZE           |  out|    3|       m_axi|                           dst|       pointer|
|m_axi_dst_ARBURST          |  out|    2|       m_axi|                           dst|       pointer|
|m_axi_dst_ARLOCK           |  out|    2|       m_axi|                           dst|       pointer|
|m_axi_dst_ARCACHE          |  out|    4|       m_axi|                           dst|       pointer|
|m_axi_dst_ARPROT           |  out|    3|       m_axi|                           dst|       pointer|
|m_axi_dst_ARQOS            |  out|    4|       m_axi|                           dst|       pointer|
|m_axi_dst_ARREGION         |  out|    4|       m_axi|                           dst|       pointer|
|m_axi_dst_ARUSER           |  out|    1|       m_axi|                           dst|       pointer|
|m_axi_dst_RVALID           |   in|    1|       m_axi|                           dst|       pointer|
|m_axi_dst_RREADY           |  out|    1|       m_axi|                           dst|       pointer|
|m_axi_dst_RDATA            |   in|   32|       m_axi|                           dst|       pointer|
|m_axi_dst_RLAST            |   in|    1|       m_axi|                           dst|       pointer|
|m_axi_dst_RID              |   in|    1|       m_axi|                           dst|       pointer|
|m_axi_dst_RUSER            |   in|    1|       m_axi|                           dst|       pointer|
|m_axi_dst_RRESP            |   in|    2|       m_axi|                           dst|       pointer|
|m_axi_dst_BVALID           |   in|    1|       m_axi|                           dst|       pointer|
|m_axi_dst_BREADY           |  out|    1|       m_axi|                           dst|       pointer|
|m_axi_dst_BRESP            |   in|    2|       m_axi|                           dst|       pointer|
|m_axi_dst_BID              |   in|    1|       m_axi|                           dst|       pointer|
|m_axi_dst_BUSER            |   in|    1|       m_axi|                           dst|       pointer|
|alpha                      |   in|    8|     ap_none|                         alpha|        scalar|
|alpha_ap_vld               |   in|    1|     ap_none|                         alpha|        scalar|
|dstout                     |   in|   64|     ap_none|                        dstout|        scalar|
|dstout_ap_vld              |   in|    1|     ap_none|                        dstout|        scalar|
+---------------------------+-----+-----+------------+------------------------------+--------------+

