

================================================================
== Vitis HLS Report for 'dataflow_in_loop_height_loop_entry6'
================================================================
* Date:           Sat Jul 10 10:01:56 2021

* Version:        2020.2 (Build 3064766 on Wed Nov 18 09:12:47 MST 2020)
* Project:        mapchip
* Solution:       solution1 (Vivado IP Flow Target)
* Product family: zynq
* Target device:  xc7z020-clg400-1


================================================================
== Performance Estimates
================================================================
+ Timing: 
    * Summary: 
    +--------+----------+----------+------------+
    |  Clock |  Target  | Estimated| Uncertainty|
    +--------+----------+----------+------------+
    |ap_clk  |  10.00 ns|  3.634 ns|     2.70 ns|
    +--------+----------+----------+------------+

+ Latency: 
    * Summary: 
    +---------+---------+----------+----------+-----+-----+---------+
    |  Latency (cycles) |  Latency (absolute) |  Interval | Pipeline|
    |   min   |   max   |    min   |    max   | min | max |   Type  |
    +---------+---------+----------+----------+-----+-----+---------+
    |        0|        0|      0 ns|      0 ns|    0|    0|     none|
    +---------+---------+----------+----------+-----+-----+---------+

    + Detail: 
        * Instance: 
        N/A

        * Loop: 
        N/A



================================================================
== Utilization Estimates
================================================================
* Summary: 
+-----------------+---------+-----+--------+-------+-----+
|       Name      | BRAM_18K| DSP |   FF   |  LUT  | URAM|
+-----------------+---------+-----+--------+-------+-----+
|DSP              |        -|    -|       -|      -|    -|
|Expression       |        -|    -|       0|      2|    -|
|FIFO             |        -|    -|       -|      -|    -|
|Instance         |        -|    -|       -|      -|    -|
|Memory           |        -|    -|       -|      -|    -|
|Multiplexer      |        -|    -|       -|    153|    -|
|Register         |        -|    -|       2|      -|    -|
+-----------------+---------+-----+--------+-------+-----+
|Total            |        0|    0|       2|    155|    0|
+-----------------+---------+-----+--------+-------+-----+
|Available        |      280|  220|  106400|  53200|    0|
+-----------------+---------+-----+--------+-------+-----+
|Utilization (%)  |        0|    0|      ~0|     ~0|    0|
+-----------------+---------+-----+--------+-------+-----+

+ Detail: 
    * Instance: 
    N/A

    * DSP: 
    N/A

    * Memory: 
    N/A

    * FIFO: 
    N/A

    * Expression: 
    +-----------------+----------+----+---+----+------------+------------+
    |  Variable Name  | Operation| DSP| FF| LUT| Bitwidth P0| Bitwidth P1|
    +-----------------+----------+----+---+----+------------+------------+
    |ap_block_state1  |        or|   0|  0|   2|           1|           1|
    +-----------------+----------+----+---+----+------------+------------+
    |Total            |          |   0|  0|   2|           1|           1|
    +-----------------+----------+----+---+----+------------+------------+

    * Multiplexer: 
    +-------------------------------+----+-----------+-----+-----------+
    |              Name             | LUT| Input Size| Bits| Total Bits|
    +-------------------------------+----+-----------+-----+-----------+
    |alpha_out_blk_n                |   9|          2|    1|          2|
    |ap_done                        |   9|          2|    1|          2|
    |crip_out_blk_n                 |   9|          2|    1|          2|
    |dstin_out_blk_n                |   9|          2|    1|          2|
    |dstout_out_blk_n               |   9|          2|    1|          2|
    |frame_size_out3_blk_n          |   9|          2|    1|          2|
    |frame_size_out_blk_n           |   9|          2|    1|          2|
    |id_out_blk_n                   |   9|          2|    1|          2|
    |mapchip_draw_xsize_out1_blk_n  |   9|          2|    1|          2|
    |mapchip_draw_xsize_out_blk_n   |   9|          2|    1|          2|
    |mapchip_maxheight_out_blk_n    |   9|          2|    1|          2|
    |mapchip_maxwidth_out_blk_n     |   9|          2|    1|          2|
    |srcin_out_blk_n                |   9|          2|    1|          2|
    |xstart_pos_out_blk_n           |   9|          2|    1|          2|
    |y_out2_blk_n                   |   9|          2|    1|          2|
    |y_out_blk_n                    |   9|          2|    1|          2|
    |ystart_pos_out_blk_n           |   9|          2|    1|          2|
    +-------------------------------+----+-----------+-----+-----------+
    |Total                          | 153|         34|   17|         34|
    +-------------------------------+----+-----------+-----+-----------+

    * Register: 
    +-------------+---+----+-----+-----------+
    |     Name    | FF| LUT| Bits| Const Bits|
    +-------------+---+----+-----+-----------+
    |ap_CS_fsm    |  1|   0|    1|          0|
    |ap_done_reg  |  1|   0|    1|          0|
    +-------------+---+----+-----+-----------+
    |Total        |  2|   0|    2|          0|
    +-------------+---+----+-----+-----------+



================================================================
== Interface
================================================================
* Summary: 
+--------------------------------+-----+-----+------------+-------------------------------------+--------------+
|            RTL Ports           | Dir | Bits|  Protocol  |            Source Object            |    C Type    |
+--------------------------------+-----+-----+------------+-------------------------------------+--------------+
|ap_clk                          |   in|    1|  ap_ctrl_hs|  dataflow_in_loop_height_loop.entry6|  return value|
|ap_rst                          |   in|    1|  ap_ctrl_hs|  dataflow_in_loop_height_loop.entry6|  return value|
|ap_start                        |   in|    1|  ap_ctrl_hs|  dataflow_in_loop_height_loop.entry6|  return value|
|ap_done                         |  out|    1|  ap_ctrl_hs|  dataflow_in_loop_height_loop.entry6|  return value|
|ap_continue                     |   in|    1|  ap_ctrl_hs|  dataflow_in_loop_height_loop.entry6|  return value|
|ap_idle                         |  out|    1|  ap_ctrl_hs|  dataflow_in_loop_height_loop.entry6|  return value|
|ap_ready                        |  out|    1|  ap_ctrl_hs|  dataflow_in_loop_height_loop.entry6|  return value|
|mapchip_draw_xsize              |   in|   32|     ap_none|                   mapchip_draw_xsize|        scalar|
|id                              |   in|   32|     ap_none|                                   id|        scalar|
|mapchip_maxheight               |   in|   32|     ap_none|                    mapchip_maxheight|        scalar|
|ystart_pos                      |   in|   32|     ap_none|                           ystart_pos|        scalar|
|mapchip_maxwidth                |   in|   32|     ap_none|                     mapchip_maxwidth|        scalar|
|xstart_pos                      |   in|   32|     ap_none|                           xstart_pos|        scalar|
|y                               |   in|   32|     ap_none|                                    y|        scalar|
|srcin                           |   in|   64|     ap_none|                                srcin|        scalar|
|frame_size                      |   in|   32|     ap_none|                           frame_size|        scalar|
|dstin                           |   in|   64|     ap_none|                                dstin|        scalar|
|dstout                          |   in|   64|     ap_none|                               dstout|        scalar|
|crip                            |   in|   24|     ap_none|                                 crip|        scalar|
|alpha                           |   in|    8|     ap_none|                                alpha|        scalar|
|mapchip_draw_xsize_out_din      |  out|   32|     ap_fifo|               mapchip_draw_xsize_out|       pointer|
|mapchip_draw_xsize_out_full_n   |   in|    1|     ap_fifo|               mapchip_draw_xsize_out|       pointer|
|mapchip_draw_xsize_out_write    |  out|    1|     ap_fifo|               mapchip_draw_xsize_out|       pointer|
|mapchip_draw_xsize_out1_din     |  out|   32|     ap_fifo|              mapchip_draw_xsize_out1|       pointer|
|mapchip_draw_xsize_out1_full_n  |   in|    1|     ap_fifo|              mapchip_draw_xsize_out1|       pointer|
|mapchip_draw_xsize_out1_write   |  out|    1|     ap_fifo|              mapchip_draw_xsize_out1|       pointer|
|id_out_din                      |  out|   32|     ap_fifo|                               id_out|       pointer|
|id_out_full_n                   |   in|    1|     ap_fifo|                               id_out|       pointer|
|id_out_write                    |  out|    1|     ap_fifo|                               id_out|       pointer|
|mapchip_maxheight_out_din       |  out|   32|     ap_fifo|                mapchip_maxheight_out|       pointer|
|mapchip_maxheight_out_full_n    |   in|    1|     ap_fifo|                mapchip_maxheight_out|       pointer|
|mapchip_maxheight_out_write     |  out|    1|     ap_fifo|                mapchip_maxheight_out|       pointer|
|ystart_pos_out_din              |  out|   32|     ap_fifo|                       ystart_pos_out|       pointer|
|ystart_pos_out_full_n           |   in|    1|     ap_fifo|                       ystart_pos_out|       pointer|
|ystart_pos_out_write            |  out|    1|     ap_fifo|                       ystart_pos_out|       pointer|
|mapchip_maxwidth_out_din        |  out|   32|     ap_fifo|                 mapchip_maxwidth_out|       pointer|
|mapchip_maxwidth_out_full_n     |   in|    1|     ap_fifo|                 mapchip_maxwidth_out|       pointer|
|mapchip_maxwidth_out_write      |  out|    1|     ap_fifo|                 mapchip_maxwidth_out|       pointer|
|xstart_pos_out_din              |  out|   32|     ap_fifo|                       xstart_pos_out|       pointer|
|xstart_pos_out_full_n           |   in|    1|     ap_fifo|                       xstart_pos_out|       pointer|
|xstart_pos_out_write            |  out|    1|     ap_fifo|                       xstart_pos_out|       pointer|
|y_out_din                       |  out|   32|     ap_fifo|                                y_out|       pointer|
|y_out_full_n                    |   in|    1|     ap_fifo|                                y_out|       pointer|
|y_out_write                     |  out|    1|     ap_fifo|                                y_out|       pointer|
|y_out2_din                      |  out|   32|     ap_fifo|                               y_out2|       pointer|
|y_out2_full_n                   |   in|    1|     ap_fifo|                               y_out2|       pointer|
|y_out2_write                    |  out|    1|     ap_fifo|                               y_out2|       pointer|
|srcin_out_din                   |  out|   64|     ap_fifo|                            srcin_out|       pointer|
|srcin_out_full_n                |   in|    1|     ap_fifo|                            srcin_out|       pointer|
|srcin_out_write                 |  out|    1|     ap_fifo|                            srcin_out|       pointer|
|frame_size_out_din              |  out|   32|     ap_fifo|                       frame_size_out|       pointer|
|frame_size_out_full_n           |   in|    1|     ap_fifo|                       frame_size_out|       pointer|
|frame_size_out_write            |  out|    1|     ap_fifo|                       frame_size_out|       pointer|
|frame_size_out3_din             |  out|   32|     ap_fifo|                      frame_size_out3|       pointer|
|frame_size_out3_full_n          |   in|    1|     ap_fifo|                      frame_size_out3|       pointer|
|frame_size_out3_write           |  out|    1|     ap_fifo|                      frame_size_out3|       pointer|
|dstin_out_din                   |  out|   64|     ap_fifo|                            dstin_out|       pointer|
|dstin_out_full_n                |   in|    1|     ap_fifo|                            dstin_out|       pointer|
|dstin_out_write                 |  out|    1|     ap_fifo|                            dstin_out|       pointer|
|dstout_out_din                  |  out|   64|     ap_fifo|                           dstout_out|       pointer|
|dstout_out_full_n               |   in|    1|     ap_fifo|                           dstout_out|       pointer|
|dstout_out_write                |  out|    1|     ap_fifo|                           dstout_out|       pointer|
|crip_out_din                    |  out|   24|     ap_fifo|                             crip_out|       pointer|
|crip_out_full_n                 |   in|    1|     ap_fifo|                             crip_out|       pointer|
|crip_out_write                  |  out|    1|     ap_fifo|                             crip_out|       pointer|
|alpha_out_din                   |  out|    8|     ap_fifo|                            alpha_out|       pointer|
|alpha_out_full_n                |   in|    1|     ap_fifo|                            alpha_out|       pointer|
|alpha_out_write                 |  out|    1|     ap_fifo|                            alpha_out|       pointer|
+--------------------------------+-----+-----+------------+-------------------------------------+--------------+

============================================================
+ Verbose Summary: Synthesis Manager
============================================================
InlineROM: 1
ExposeGlobal: 0
============================================================
+ Verbose Summary: CDFG Model
============================================================
IsTopModel: 0
ResetActiveHigh: 1
IsCombinational: 2
IsDatapathOnly: 0
HasWiredReturn: 1
HasMFsm: 0
HasVarLatency: 0
IsPipeline: 0
IsRtlPipelined: 0
IsInstanceOverlapped: 0
IsDontTouch: 0
HasImplIP: 0
IsGatedGlobalClock: 0


============================================================
+ Verbose Summary: Schedule
============================================================
* Number of FSM states : 1
* Pipeline : 0
* Dataflow Pipeline: 0

* FSM state transitions: 
1 --> 

* FSM state operations: 

State 1 <SV = 0> <Delay = 3.63>
ST_1 : Operation 2 [1/1] (0.00ns)   --->   "%specinterface_ln0 = specinterface void @_ssdm_op_SpecInterface, i32 %mapchip_draw_xsize_out, void @ap_fifo_str, i32 0, i32 0, void @p_str, i32 0, i32 0, void @p_str, void @p_str, void @p_str, i32 2, i32 2, i32 16, i32 16, void @p_str, void @ScalarProp_str"   --->   Operation 2 'specinterface' 'specinterface_ln0' <Predicate = true> <Delay = 0.00>
ST_1 : Operation 3 [1/1] (0.00ns)   --->   "%alpha_read = read i8 @_ssdm_op_Read.ap_auto.i8, i8 %alpha"   --->   Operation 3 'read' 'alpha_read' <Predicate = true> <Delay = 0.00>
ST_1 : Operation 4 [1/1] (0.00ns)   --->   "%crip_read = read i24 @_ssdm_op_Read.ap_auto.i24, i24 %crip"   --->   Operation 4 'read' 'crip_read' <Predicate = true> <Delay = 0.00>
ST_1 : Operation 5 [1/1] (0.00ns)   --->   "%dstout_read = read i64 @_ssdm_op_Read.ap_auto.i64, i64 %dstout"   --->   Operation 5 'read' 'dstout_read' <Predicate = true> <Delay = 0.00>
ST_1 : Operation 6 [1/1] (0.00ns)   --->   "%dstin_read = read i64 @_ssdm_op_Read.ap_auto.i64, i64 %dstin"   --->   Operation 6 'read' 'dstin_read' <Predicate = true> <Delay = 0.00>
ST_1 : Operation 7 [1/1] (0.00ns)   --->   "%frame_size_read = read i32 @_ssdm_op_Read.ap_auto.i32, i32 %frame_size"   --->   Operation 7 'read' 'frame_size_read' <Predicate = true> <Delay = 0.00>
ST_1 : Operation 8 [1/1] (0.00ns)   --->   "%srcin_read = read i64 @_ssdm_op_Read.ap_auto.i64, i64 %srcin"   --->   Operation 8 'read' 'srcin_read' <Predicate = true> <Delay = 0.00>
ST_1 : Operation 9 [1/1] (0.00ns)   --->   "%y_read = read i32 @_ssdm_op_Read.ap_auto.i32, i32 %y"   --->   Operation 9 'read' 'y_read' <Predicate = true> <Delay = 0.00>
ST_1 : Operation 10 [1/1] (0.00ns)   --->   "%xstart_pos_read = read i32 @_ssdm_op_Read.ap_auto.i32, i32 %xstart_pos"   --->   Operation 10 'read' 'xstart_pos_read' <Predicate = true> <Delay = 0.00>
ST_1 : Operation 11 [1/1] (0.00ns)   --->   "%mapchip_maxwidth_read = read i32 @_ssdm_op_Read.ap_auto.i32, i32 %mapchip_maxwidth"   --->   Operation 11 'read' 'mapchip_maxwidth_read' <Predicate = true> <Delay = 0.00>
ST_1 : Operation 12 [1/1] (0.00ns)   --->   "%ystart_pos_read = read i32 @_ssdm_op_Read.ap_auto.i32, i32 %ystart_pos"   --->   Operation 12 'read' 'ystart_pos_read' <Predicate = true> <Delay = 0.00>
ST_1 : Operation 13 [1/1] (0.00ns)   --->   "%mapchip_maxheight_read = read i32 @_ssdm_op_Read.ap_auto.i32, i32 %mapchip_maxheight"   --->   Operation 13 'read' 'mapchip_maxheight_read' <Predicate = true> <Delay = 0.00>
ST_1 : Operation 14 [1/1] (0.00ns)   --->   "%id_read = read i32 @_ssdm_op_Read.ap_auto.i32, i32 %id"   --->   Operation 14 'read' 'id_read' <Predicate = true> <Delay = 0.00>
ST_1 : Operation 15 [1/1] (0.00ns)   --->   "%mapchip_draw_xsize_read = read i32 @_ssdm_op_Read.ap_auto.i32, i32 %mapchip_draw_xsize"   --->   Operation 15 'read' 'mapchip_draw_xsize_read' <Predicate = true> <Delay = 0.00>
ST_1 : Operation 16 [1/1] (3.63ns)   --->   "%write_ln0 = write void @_ssdm_op_Write.ap_fifo.i32P0A, i32 %mapchip_draw_xsize_out, i32 %mapchip_draw_xsize_read"   --->   Operation 16 'write' 'write_ln0' <Predicate = true> <Delay = 3.63> <CoreInst = "FIFO_SRL">   --->   Core 81 'FIFO_SRL' <Latency = 0> <II = 1> <Delay = 3.63> <Storage> <Opcode : 'read' 'write' 'nbread' 'nbwrite'> <Ports = 0> <Width = 32> <Depth = 2> <FIFO>
ST_1 : Operation 17 [1/1] (0.00ns)   --->   "%specinterface_ln0 = specinterface void @_ssdm_op_SpecInterface, i32 %mapchip_draw_xsize_out1, void @ap_fifo_str, i32 0, i32 0, void @p_str, i32 0, i32 0, void @p_str, void @p_str, void @p_str, i32 2, i32 2, i32 16, i32 16, void @p_str, void @ScalarProp_str"   --->   Operation 17 'specinterface' 'specinterface_ln0' <Predicate = true> <Delay = 0.00>
ST_1 : Operation 18 [1/1] (3.63ns)   --->   "%write_ln0 = write void @_ssdm_op_Write.ap_fifo.i32P0A, i32 %mapchip_draw_xsize_out1, i32 %mapchip_draw_xsize_read"   --->   Operation 18 'write' 'write_ln0' <Predicate = true> <Delay = 3.63> <CoreInst = "FIFO_SRL">   --->   Core 81 'FIFO_SRL' <Latency = 0> <II = 1> <Delay = 3.63> <Storage> <Opcode : 'read' 'write' 'nbread' 'nbwrite'> <Ports = 0> <Width = 32> <Depth = 2> <FIFO>
ST_1 : Operation 19 [1/1] (0.00ns)   --->   "%specinterface_ln0 = specinterface void @_ssdm_op_SpecInterface, i32 %id_out, void @ap_fifo_str, i32 0, i32 0, void @p_str, i32 0, i32 0, void @p_str, void @p_str, void @p_str, i32 2, i32 2, i32 16, i32 16, void @p_str, void @ScalarProp_str"   --->   Operation 19 'specinterface' 'specinterface_ln0' <Predicate = true> <Delay = 0.00>
ST_1 : Operation 20 [1/1] (3.63ns)   --->   "%write_ln0 = write void @_ssdm_op_Write.ap_fifo.i32P0A, i32 %id_out, i32 %id_read"   --->   Operation 20 'write' 'write_ln0' <Predicate = true> <Delay = 3.63> <CoreInst = "FIFO_SRL">   --->   Core 81 'FIFO_SRL' <Latency = 0> <II = 1> <Delay = 3.63> <Storage> <Opcode : 'read' 'write' 'nbread' 'nbwrite'> <Ports = 0> <Width = 32> <Depth = 2> <FIFO>
ST_1 : Operation 21 [1/1] (0.00ns)   --->   "%specinterface_ln0 = specinterface void @_ssdm_op_SpecInterface, i32 %mapchip_maxheight_out, void @ap_fifo_str, i32 0, i32 0, void @p_str, i32 0, i32 0, void @p_str, void @p_str, void @p_str, i32 2, i32 2, i32 16, i32 16, void @p_str, void @ScalarProp_str"   --->   Operation 21 'specinterface' 'specinterface_ln0' <Predicate = true> <Delay = 0.00>
ST_1 : Operation 22 [1/1] (3.63ns)   --->   "%write_ln0 = write void @_ssdm_op_Write.ap_fifo.i32P0A, i32 %mapchip_maxheight_out, i32 %mapchip_maxheight_read"   --->   Operation 22 'write' 'write_ln0' <Predicate = true> <Delay = 3.63> <CoreInst = "FIFO_SRL">   --->   Core 81 'FIFO_SRL' <Latency = 0> <II = 1> <Delay = 3.63> <Storage> <Opcode : 'read' 'write' 'nbread' 'nbwrite'> <Ports = 0> <Width = 32> <Depth = 2> <FIFO>
ST_1 : Operation 23 [1/1] (0.00ns)   --->   "%specinterface_ln0 = specinterface void @_ssdm_op_SpecInterface, i32 %ystart_pos_out, void @ap_fifo_str, i32 0, i32 0, void @p_str, i32 0, i32 0, void @p_str, void @p_str, void @p_str, i32 2, i32 2, i32 16, i32 16, void @p_str, void @ScalarProp_str"   --->   Operation 23 'specinterface' 'specinterface_ln0' <Predicate = true> <Delay = 0.00>
ST_1 : Operation 24 [1/1] (3.63ns)   --->   "%write_ln0 = write void @_ssdm_op_Write.ap_fifo.i32P0A, i32 %ystart_pos_out, i32 %ystart_pos_read"   --->   Operation 24 'write' 'write_ln0' <Predicate = true> <Delay = 3.63> <CoreInst = "FIFO_SRL">   --->   Core 81 'FIFO_SRL' <Latency = 0> <II = 1> <Delay = 3.63> <Storage> <Opcode : 'read' 'write' 'nbread' 'nbwrite'> <Ports = 0> <Width = 32> <Depth = 2> <FIFO>
ST_1 : Operation 25 [1/1] (0.00ns)   --->   "%specinterface_ln0 = specinterface void @_ssdm_op_SpecInterface, i32 %mapchip_maxwidth_out, void @ap_fifo_str, i32 0, i32 0, void @p_str, i32 0, i32 0, void @p_str, void @p_str, void @p_str, i32 2, i32 2, i32 16, i32 16, void @p_str, void @ScalarProp_str"   --->   Operation 25 'specinterface' 'specinterface_ln0' <Predicate = true> <Delay = 0.00>
ST_1 : Operation 26 [1/1] (3.63ns)   --->   "%write_ln0 = write void @_ssdm_op_Write.ap_fifo.i32P0A, i32 %mapchip_maxwidth_out, i32 %mapchip_maxwidth_read"   --->   Operation 26 'write' 'write_ln0' <Predicate = true> <Delay = 3.63> <CoreInst = "FIFO_SRL">   --->   Core 81 'FIFO_SRL' <Latency = 0> <II = 1> <Delay = 3.63> <Storage> <Opcode : 'read' 'write' 'nbread' 'nbwrite'> <Ports = 0> <Width = 32> <Depth = 2> <FIFO>
ST_1 : Operation 27 [1/1] (0.00ns)   --->   "%specinterface_ln0 = specinterface void @_ssdm_op_SpecInterface, i32 %xstart_pos_out, void @ap_fifo_str, i32 0, i32 0, void @p_str, i32 0, i32 0, void @p_str, void @p_str, void @p_str, i32 2, i32 2, i32 16, i32 16, void @p_str, void @ScalarProp_str"   --->   Operation 27 'specinterface' 'specinterface_ln0' <Predicate = true> <Delay = 0.00>
ST_1 : Operation 28 [1/1] (3.63ns)   --->   "%write_ln0 = write void @_ssdm_op_Write.ap_fifo.i32P0A, i32 %xstart_pos_out, i32 %xstart_pos_read"   --->   Operation 28 'write' 'write_ln0' <Predicate = true> <Delay = 3.63> <CoreInst = "FIFO_SRL">   --->   Core 81 'FIFO_SRL' <Latency = 0> <II = 1> <Delay = 3.63> <Storage> <Opcode : 'read' 'write' 'nbread' 'nbwrite'> <Ports = 0> <Width = 32> <Depth = 2> <FIFO>
ST_1 : Operation 29 [1/1] (0.00ns)   --->   "%specinterface_ln0 = specinterface void @_ssdm_op_SpecInterface, i32 %y_out, void @ap_fifo_str, i32 0, i32 0, void @p_str, i32 0, i32 0, void @p_str, void @p_str, void @p_str, i32 2, i32 2, i32 16, i32 16, void @p_str, void @ScalarProp_str"   --->   Operation 29 'specinterface' 'specinterface_ln0' <Predicate = true> <Delay = 0.00>
ST_1 : Operation 30 [1/1] (3.63ns)   --->   "%write_ln0 = write void @_ssdm_op_Write.ap_fifo.i32P0A, i32 %y_out, i32 %y_read"   --->   Operation 30 'write' 'write_ln0' <Predicate = true> <Delay = 3.63> <CoreInst = "FIFO_SRL">   --->   Core 81 'FIFO_SRL' <Latency = 0> <II = 1> <Delay = 3.63> <Storage> <Opcode : 'read' 'write' 'nbread' 'nbwrite'> <Ports = 0> <Width = 32> <Depth = 2> <FIFO>
ST_1 : Operation 31 [1/1] (0.00ns)   --->   "%specinterface_ln0 = specinterface void @_ssdm_op_SpecInterface, i32 %y_out2, void @ap_fifo_str, i32 0, i32 0, void @p_str, i32 0, i32 0, void @p_str, void @p_str, void @p_str, i32 2, i32 2, i32 16, i32 16, void @p_str, void @ScalarProp_str"   --->   Operation 31 'specinterface' 'specinterface_ln0' <Predicate = true> <Delay = 0.00>
ST_1 : Operation 32 [1/1] (3.63ns)   --->   "%write_ln0 = write void @_ssdm_op_Write.ap_fifo.i32P0A, i32 %y_out2, i32 %y_read"   --->   Operation 32 'write' 'write_ln0' <Predicate = true> <Delay = 3.63> <CoreInst = "FIFO_SRL">   --->   Core 81 'FIFO_SRL' <Latency = 0> <II = 1> <Delay = 3.63> <Storage> <Opcode : 'read' 'write' 'nbread' 'nbwrite'> <Ports = 0> <Width = 32> <Depth = 2> <FIFO>
ST_1 : Operation 33 [1/1] (0.00ns)   --->   "%specinterface_ln0 = specinterface void @_ssdm_op_SpecInterface, i64 %srcin_out, void @ap_fifo_str, i32 0, i32 0, void @p_str, i32 0, i32 0, void @p_str, void @p_str, void @p_str, i32 2, i32 2, i32 16, i32 16, void @p_str, void @ScalarProp_str"   --->   Operation 33 'specinterface' 'specinterface_ln0' <Predicate = true> <Delay = 0.00>
ST_1 : Operation 34 [1/1] (3.63ns)   --->   "%write_ln0 = write void @_ssdm_op_Write.ap_fifo.i64P0A, i64 %srcin_out, i64 %srcin_read"   --->   Operation 34 'write' 'write_ln0' <Predicate = true> <Delay = 3.63> <CoreInst = "FIFO_SRL">   --->   Core 81 'FIFO_SRL' <Latency = 0> <II = 1> <Delay = 3.63> <Storage> <Opcode : 'read' 'write' 'nbread' 'nbwrite'> <Ports = 0> <Width = 64> <Depth = 2> <FIFO>
ST_1 : Operation 35 [1/1] (0.00ns)   --->   "%specinterface_ln0 = specinterface void @_ssdm_op_SpecInterface, i32 %frame_size_out, void @ap_fifo_str, i32 0, i32 0, void @p_str, i32 0, i32 0, void @p_str, void @p_str, void @p_str, i32 2, i32 2, i32 16, i32 16, void @p_str, void @ScalarProp_str"   --->   Operation 35 'specinterface' 'specinterface_ln0' <Predicate = true> <Delay = 0.00>
ST_1 : Operation 36 [1/1] (3.63ns)   --->   "%write_ln0 = write void @_ssdm_op_Write.ap_fifo.i32P0A, i32 %frame_size_out, i32 %frame_size_read"   --->   Operation 36 'write' 'write_ln0' <Predicate = true> <Delay = 3.63> <CoreInst = "FIFO_SRL">   --->   Core 81 'FIFO_SRL' <Latency = 0> <II = 1> <Delay = 3.63> <Storage> <Opcode : 'read' 'write' 'nbread' 'nbwrite'> <Ports = 0> <Width = 32> <Depth = 2> <FIFO>
ST_1 : Operation 37 [1/1] (0.00ns)   --->   "%specinterface_ln0 = specinterface void @_ssdm_op_SpecInterface, i32 %frame_size_out3, void @ap_fifo_str, i32 0, i32 0, void @p_str, i32 0, i32 0, void @p_str, void @p_str, void @p_str, i32 2, i32 2, i32 16, i32 16, void @p_str, void @ScalarProp_str"   --->   Operation 37 'specinterface' 'specinterface_ln0' <Predicate = true> <Delay = 0.00>
ST_1 : Operation 38 [1/1] (3.63ns)   --->   "%write_ln0 = write void @_ssdm_op_Write.ap_fifo.i32P0A, i32 %frame_size_out3, i32 %frame_size_read"   --->   Operation 38 'write' 'write_ln0' <Predicate = true> <Delay = 3.63> <CoreInst = "FIFO_SRL">   --->   Core 81 'FIFO_SRL' <Latency = 0> <II = 1> <Delay = 3.63> <Storage> <Opcode : 'read' 'write' 'nbread' 'nbwrite'> <Ports = 0> <Width = 32> <Depth = 3> <FIFO>
ST_1 : Operation 39 [1/1] (0.00ns)   --->   "%specinterface_ln0 = specinterface void @_ssdm_op_SpecInterface, i64 %dstin_out, void @ap_fifo_str, i32 0, i32 0, void @p_str, i32 0, i32 0, void @p_str, void @p_str, void @p_str, i32 2, i32 2, i32 16, i32 16, void @p_str, void @ScalarProp_str"   --->   Operation 39 'specinterface' 'specinterface_ln0' <Predicate = true> <Delay = 0.00>
ST_1 : Operation 40 [1/1] (3.63ns)   --->   "%write_ln0 = write void @_ssdm_op_Write.ap_fifo.i64P0A, i64 %dstin_out, i64 %dstin_read"   --->   Operation 40 'write' 'write_ln0' <Predicate = true> <Delay = 3.63> <CoreInst = "FIFO_SRL">   --->   Core 81 'FIFO_SRL' <Latency = 0> <II = 1> <Delay = 3.63> <Storage> <Opcode : 'read' 'write' 'nbread' 'nbwrite'> <Ports = 0> <Width = 64> <Depth = 2> <FIFO>
ST_1 : Operation 41 [1/1] (0.00ns)   --->   "%specinterface_ln0 = specinterface void @_ssdm_op_SpecInterface, i64 %dstout_out, void @ap_fifo_str, i32 0, i32 0, void @p_str, i32 0, i32 0, void @p_str, void @p_str, void @p_str, i32 2, i32 2, i32 16, i32 16, void @p_str, void @ScalarProp_str"   --->   Operation 41 'specinterface' 'specinterface_ln0' <Predicate = true> <Delay = 0.00>
ST_1 : Operation 42 [1/1] (3.63ns)   --->   "%write_ln0 = write void @_ssdm_op_Write.ap_fifo.i64P0A, i64 %dstout_out, i64 %dstout_read"   --->   Operation 42 'write' 'write_ln0' <Predicate = true> <Delay = 3.63> <CoreInst = "FIFO_SRL">   --->   Core 81 'FIFO_SRL' <Latency = 0> <II = 1> <Delay = 3.63> <Storage> <Opcode : 'read' 'write' 'nbread' 'nbwrite'> <Ports = 0> <Width = 64> <Depth = 3> <FIFO>
ST_1 : Operation 43 [1/1] (0.00ns)   --->   "%specinterface_ln0 = specinterface void @_ssdm_op_SpecInterface, i24 %crip_out, void @ap_fifo_str, i32 0, i32 0, void @p_str, i32 0, i32 0, void @p_str, void @p_str, void @p_str, i32 2, i32 2, i32 16, i32 16, void @p_str, void @ScalarProp_str"   --->   Operation 43 'specinterface' 'specinterface_ln0' <Predicate = true> <Delay = 0.00>
ST_1 : Operation 44 [1/1] (3.63ns)   --->   "%write_ln0 = write void @_ssdm_op_Write.ap_fifo.i24P0A, i24 %crip_out, i24 %crip_read"   --->   Operation 44 'write' 'write_ln0' <Predicate = true> <Delay = 3.63> <CoreInst = "FIFO_SRL">   --->   Core 81 'FIFO_SRL' <Latency = 0> <II = 1> <Delay = 3.63> <Storage> <Opcode : 'read' 'write' 'nbread' 'nbwrite'> <Ports = 0> <Width = 24> <Depth = 3> <FIFO>
ST_1 : Operation 45 [1/1] (0.00ns)   --->   "%specinterface_ln0 = specinterface void @_ssdm_op_SpecInterface, i8 %alpha_out, void @ap_fifo_str, i32 0, i32 0, void @p_str, i32 0, i32 0, void @p_str, void @p_str, void @p_str, i32 2, i32 2, i32 16, i32 16, void @p_str, void @ScalarProp_str"   --->   Operation 45 'specinterface' 'specinterface_ln0' <Predicate = true> <Delay = 0.00>
ST_1 : Operation 46 [1/1] (3.63ns)   --->   "%write_ln0 = write void @_ssdm_op_Write.ap_fifo.i8P0A, i8 %alpha_out, i8 %alpha_read"   --->   Operation 46 'write' 'write_ln0' <Predicate = true> <Delay = 3.63> <CoreInst = "FIFO_SRL">   --->   Core 81 'FIFO_SRL' <Latency = 0> <II = 1> <Delay = 3.63> <Storage> <Opcode : 'read' 'write' 'nbread' 'nbwrite'> <Ports = 0> <Width = 8> <Depth = 3> <FIFO>
ST_1 : Operation 47 [1/1] (0.00ns)   --->   "%ret_ln0 = ret"   --->   Operation 47 'ret' 'ret_ln0' <Predicate = true> <Delay = 0.00>


============================================================
+ Verbose Summary: Binding
============================================================
STG Binding: 
---------------- STG Properties BEGIN ----------------
- Is combinational: 0
- Is one-state seq: 1
- Is datapath-only: 0
- Is pipelined: 0
- Is top level: 0
Port [ Return ] is wired: 1; IO mode=ap_ctrl_hs:ce=0
Port [ mapchip_draw_xsize]:  wired=1; compound=0; hidden=0; nouse=0; global=0; static=0; extern=0; dir=0; type=0; pingpong=0; private_global=0; IO mode=ap_none:ce=0
Port [ id]:  wired=1; compound=0; hidden=0; nouse=0; global=0; static=0; extern=0; dir=0; type=0; pingpong=0; private_global=0; IO mode=ap_none:ce=0
Port [ mapchip_maxheight]:  wired=1; compound=0; hidden=0; nouse=0; global=0; static=0; extern=0; dir=0; type=0; pingpong=0; private_global=0; IO mode=ap_none:ce=0
Port [ ystart_pos]:  wired=1; compound=0; hidden=0; nouse=0; global=0; static=0; extern=0; dir=0; type=0; pingpong=0; private_global=0; IO mode=ap_none:ce=0
Port [ mapchip_maxwidth]:  wired=1; compound=0; hidden=0; nouse=0; global=0; static=0; extern=0; dir=0; type=0; pingpong=0; private_global=0; IO mode=ap_none:ce=0
Port [ xstart_pos]:  wired=1; compound=0; hidden=0; nouse=0; global=0; static=0; extern=0; dir=0; type=0; pingpong=0; private_global=0; IO mode=ap_none:ce=0
Port [ y]:  wired=1; compound=0; hidden=0; nouse=0; global=0; static=0; extern=0; dir=0; type=0; pingpong=0; private_global=0; IO mode=ap_none:ce=0
Port [ srcin]:  wired=1; compound=0; hidden=0; nouse=0; global=0; static=0; extern=0; dir=0; type=0; pingpong=0; private_global=0; IO mode=ap_none:ce=0
Port [ frame_size]:  wired=1; compound=0; hidden=0; nouse=0; global=0; static=0; extern=0; dir=0; type=0; pingpong=0; private_global=0; IO mode=ap_none:ce=0
Port [ dstin]:  wired=1; compound=0; hidden=0; nouse=0; global=0; static=0; extern=0; dir=0; type=0; pingpong=0; private_global=0; IO mode=ap_none:ce=0
Port [ dstout]:  wired=1; compound=0; hidden=0; nouse=0; global=0; static=0; extern=0; dir=0; type=0; pingpong=0; private_global=0; IO mode=ap_none:ce=0
Port [ crip]:  wired=1; compound=0; hidden=0; nouse=0; global=0; static=0; extern=0; dir=0; type=0; pingpong=0; private_global=0; IO mode=ap_none:ce=0
Port [ alpha]:  wired=1; compound=0; hidden=0; nouse=0; global=0; static=0; extern=0; dir=0; type=0; pingpong=0; private_global=0; IO mode=ap_none:ce=0
Port [ mapchip_draw_xsize_out]:  wired=1; compound=1; hidden=0; nouse=0; global=0; static=0; extern=0; dir=1; type=3; pingpong=0; private_global=0; IO mode=ap_fifo:ce=0
Port [ mapchip_draw_xsize_out1]:  wired=1; compound=1; hidden=0; nouse=0; global=0; static=0; extern=0; dir=1; type=3; pingpong=0; private_global=0; IO mode=ap_fifo:ce=0
Port [ id_out]:  wired=1; compound=1; hidden=0; nouse=0; global=0; static=0; extern=0; dir=1; type=3; pingpong=0; private_global=0; IO mode=ap_fifo:ce=0
Port [ mapchip_maxheight_out]:  wired=1; compound=1; hidden=0; nouse=0; global=0; static=0; extern=0; dir=1; type=3; pingpong=0; private_global=0; IO mode=ap_fifo:ce=0
Port [ ystart_pos_out]:  wired=1; compound=1; hidden=0; nouse=0; global=0; static=0; extern=0; dir=1; type=3; pingpong=0; private_global=0; IO mode=ap_fifo:ce=0
Port [ mapchip_maxwidth_out]:  wired=1; compound=1; hidden=0; nouse=0; global=0; static=0; extern=0; dir=1; type=3; pingpong=0; private_global=0; IO mode=ap_fifo:ce=0
Port [ xstart_pos_out]:  wired=1; compound=1; hidden=0; nouse=0; global=0; static=0; extern=0; dir=1; type=3; pingpong=0; private_global=0; IO mode=ap_fifo:ce=0
Port [ y_out]:  wired=1; compound=1; hidden=0; nouse=0; global=0; static=0; extern=0; dir=1; type=3; pingpong=0; private_global=0; IO mode=ap_fifo:ce=0
Port [ y_out2]:  wired=1; compound=1; hidden=0; nouse=0; global=0; static=0; extern=0; dir=1; type=3; pingpong=0; private_global=0; IO mode=ap_fifo:ce=0
Port [ srcin_out]:  wired=1; compound=1; hidden=0; nouse=0; global=0; static=0; extern=0; dir=1; type=3; pingpong=0; private_global=0; IO mode=ap_fifo:ce=0
Port [ frame_size_out]:  wired=1; compound=1; hidden=0; nouse=0; global=0; static=0; extern=0; dir=1; type=3; pingpong=0; private_global=0; IO mode=ap_fifo:ce=0
Port [ frame_size_out3]:  wired=1; compound=1; hidden=0; nouse=0; global=0; static=0; extern=0; dir=1; type=3; pingpong=0; private_global=0; IO mode=ap_fifo:ce=0
Port [ dstin_out]:  wired=1; compound=1; hidden=0; nouse=0; global=0; static=0; extern=0; dir=1; type=3; pingpong=0; private_global=0; IO mode=ap_fifo:ce=0
Port [ dstout_out]:  wired=1; compound=1; hidden=0; nouse=0; global=0; static=0; extern=0; dir=1; type=3; pingpong=0; private_global=0; IO mode=ap_fifo:ce=0
Port [ crip_out]:  wired=1; compound=1; hidden=0; nouse=0; global=0; static=0; extern=0; dir=1; type=3; pingpong=0; private_global=0; IO mode=ap_fifo:ce=0
Port [ alpha_out]:  wired=1; compound=1; hidden=0; nouse=0; global=0; static=0; extern=0; dir=1; type=3; pingpong=0; private_global=0; IO mode=ap_fifo:ce=0
---------------- STG Properties END ------------------

---------------- Datapath Model BEGIN ----------------

<LifeTime>
<method=bitvector/>
specinterface_ln0       (specinterface) [ 00]
alpha_read              (read         ) [ 00]
crip_read               (read         ) [ 00]
dstout_read             (read         ) [ 00]
dstin_read              (read         ) [ 00]
frame_size_read         (read         ) [ 00]
srcin_read              (read         ) [ 00]
y_read                  (read         ) [ 00]
xstart_pos_read         (read         ) [ 00]
mapchip_maxwidth_read   (read         ) [ 00]
ystart_pos_read         (read         ) [ 00]
mapchip_maxheight_read  (read         ) [ 00]
id_read                 (read         ) [ 00]
mapchip_draw_xsize_read (read         ) [ 00]
write_ln0               (write        ) [ 00]
specinterface_ln0       (specinterface) [ 00]
write_ln0               (write        ) [ 00]
specinterface_ln0       (specinterface) [ 00]
write_ln0               (write        ) [ 00]
specinterface_ln0       (specinterface) [ 00]
write_ln0               (write        ) [ 00]
specinterface_ln0       (specinterface) [ 00]
write_ln0               (write        ) [ 00]
specinterface_ln0       (specinterface) [ 00]
write_ln0               (write        ) [ 00]
specinterface_ln0       (specinterface) [ 00]
write_ln0               (write        ) [ 00]
specinterface_ln0       (specinterface) [ 00]
write_ln0               (write        ) [ 00]
specinterface_ln0       (specinterface) [ 00]
write_ln0               (write        ) [ 00]
specinterface_ln0       (specinterface) [ 00]
write_ln0               (write        ) [ 00]
specinterface_ln0       (specinterface) [ 00]
write_ln0               (write        ) [ 00]
specinterface_ln0       (specinterface) [ 00]
write_ln0               (write        ) [ 00]
specinterface_ln0       (specinterface) [ 00]
write_ln0               (write        ) [ 00]
specinterface_ln0       (specinterface) [ 00]
write_ln0               (write        ) [ 00]
specinterface_ln0       (specinterface) [ 00]
write_ln0               (write        ) [ 00]
specinterface_ln0       (specinterface) [ 00]
write_ln0               (write        ) [ 00]
ret_ln0                 (ret          ) [ 00]
</LifeTime>

<model>

<comp_list>
<comp id="0" class="1000" name="mapchip_draw_xsize">
<pin_list>
<pin id="1" dir="1" index="0" bw="1" slack="0"/>
</pin_list>
<bind>
<StgValue><ssdm name="mapchip_draw_xsize"/></StgValue>
</bind>
</comp>

<comp id="2" class="1000" name="id">
<pin_list>
<pin id="3" dir="1" index="0" bw="1" slack="0"/>
</pin_list>
<bind>
<StgValue><ssdm name="id"/></StgValue>
</bind>
</comp>

<comp id="4" class="1000" name="mapchip_maxheight">
<pin_list>
<pin id="5" dir="1" index="0" bw="1" slack="0"/>
</pin_list>
<bind>
<StgValue><ssdm name="mapchip_maxheight"/></StgValue>
</bind>
</comp>

<comp id="6" class="1000" name="ystart_pos">
<pin_list>
<pin id="7" dir="1" index="0" bw="1" slack="0"/>
</pin_list>
<bind>
<StgValue><ssdm name="ystart_pos"/></StgValue>
</bind>
</comp>

<comp id="8" class="1000" name="mapchip_maxwidth">
<pin_list>
<pin id="9" dir="1" index="0" bw="1" slack="0"/>
</pin_list>
<bind>
<StgValue><ssdm name="mapchip_maxwidth"/></StgValue>
</bind>
</comp>

<comp id="10" class="1000" name="xstart_pos">
<pin_list>
<pin id="11" dir="1" index="0" bw="1" slack="0"/>
</pin_list>
<bind>
<StgValue><ssdm name="xstart_pos"/></StgValue>
</bind>
</comp>

<comp id="12" class="1000" name="y">
<pin_list>
<pin id="13" dir="1" index="0" bw="1" slack="0"/>
</pin_list>
<bind>
<StgValue><ssdm name="y"/></StgValue>
</bind>
</comp>

<comp id="14" class="1000" name="srcin">
<pin_list>
<pin id="15" dir="1" index="0" bw="1" slack="0"/>
</pin_list>
<bind>
<StgValue><ssdm name="srcin"/></StgValue>
</bind>
</comp>

<comp id="16" class="1000" name="frame_size">
<pin_list>
<pin id="17" dir="1" index="0" bw="1" slack="0"/>
</pin_list>
<bind>
<StgValue><ssdm name="frame_size"/></StgValue>
</bind>
</comp>

<comp id="18" class="1000" name="dstin">
<pin_list>
<pin id="19" dir="1" index="0" bw="1" slack="0"/>
</pin_list>
<bind>
<StgValue><ssdm name="dstin"/></StgValue>
</bind>
</comp>

<comp id="20" class="1000" name="dstout">
<pin_list>
<pin id="21" dir="1" index="0" bw="1" slack="0"/>
</pin_list>
<bind>
<StgValue><ssdm name="dstout"/></StgValue>
</bind>
</comp>

<comp id="22" class="1000" name="crip">
<pin_list>
<pin id="23" dir="1" index="0" bw="1" slack="0"/>
</pin_list>
<bind>
<StgValue><ssdm name="crip"/></StgValue>
</bind>
</comp>

<comp id="24" class="1000" name="alpha">
<pin_list>
<pin id="25" dir="1" index="0" bw="1" slack="0"/>
</pin_list>
<bind>
<StgValue><ssdm name="alpha"/></StgValue>
</bind>
</comp>

<comp id="26" class="1000" name="mapchip_draw_xsize_out">
<pin_list>
<pin id="27" dir="1" index="0" bw="1" slack="0"/>
</pin_list>
<bind>
<StgValue><ssdm name="mapchip_draw_xsize_out"/></StgValue>
</bind>
</comp>

<comp id="28" class="1000" name="mapchip_draw_xsize_out1">
<pin_list>
<pin id="29" dir="1" index="0" bw="1" slack="0"/>
</pin_list>
<bind>
<StgValue><ssdm name="mapchip_draw_xsize_out1"/></StgValue>
</bind>
</comp>

<comp id="30" class="1000" name="id_out">
<pin_list>
<pin id="31" dir="1" index="0" bw="1" slack="0"/>
</pin_list>
<bind>
<StgValue><ssdm name="id_out"/></StgValue>
</bind>
</comp>

<comp id="32" class="1000" name="mapchip_maxheight_out">
<pin_list>
<pin id="33" dir="1" index="0" bw="1" slack="0"/>
</pin_list>
<bind>
<StgValue><ssdm name="mapchip_maxheight_out"/></StgValue>
</bind>
</comp>

<comp id="34" class="1000" name="ystart_pos_out">
<pin_list>
<pin id="35" dir="1" index="0" bw="1" slack="0"/>
</pin_list>
<bind>
<StgValue><ssdm name="ystart_pos_out"/></StgValue>
</bind>
</comp>

<comp id="36" class="1000" name="mapchip_maxwidth_out">
<pin_list>
<pin id="37" dir="1" index="0" bw="1" slack="0"/>
</pin_list>
<bind>
<StgValue><ssdm name="mapchip_maxwidth_out"/></StgValue>
</bind>
</comp>

<comp id="38" class="1000" name="xstart_pos_out">
<pin_list>
<pin id="39" dir="1" index="0" bw="1" slack="0"/>
</pin_list>
<bind>
<StgValue><ssdm name="xstart_pos_out"/></StgValue>
</bind>
</comp>

<comp id="40" class="1000" name="y_out">
<pin_list>
<pin id="41" dir="1" index="0" bw="1" slack="0"/>
</pin_list>
<bind>
<StgValue><ssdm name="y_out"/></StgValue>
</bind>
</comp>

<comp id="42" class="1000" name="y_out2">
<pin_list>
<pin id="43" dir="1" index="0" bw="1" slack="0"/>
</pin_list>
<bind>
<StgValue><ssdm name="y_out2"/></StgValue>
</bind>
</comp>

<comp id="44" class="1000" name="srcin_out">
<pin_list>
<pin id="45" dir="1" index="0" bw="1" slack="0"/>
</pin_list>
<bind>
<StgValue><ssdm name="srcin_out"/></StgValue>
</bind>
</comp>

<comp id="46" class="1000" name="frame_size_out">
<pin_list>
<pin id="47" dir="1" index="0" bw="1" slack="0"/>
</pin_list>
<bind>
<StgValue><ssdm name="frame_size_out"/></StgValue>
</bind>
</comp>

<comp id="48" class="1000" name="frame_size_out3">
<pin_list>
<pin id="49" dir="1" index="0" bw="1" slack="0"/>
</pin_list>
<bind>
<StgValue><ssdm name="frame_size_out3"/></StgValue>
</bind>
</comp>

<comp id="50" class="1000" name="dstin_out">
<pin_list>
<pin id="51" dir="1" index="0" bw="1" slack="0"/>
</pin_list>
<bind>
<StgValue><ssdm name="dstin_out"/></StgValue>
</bind>
</comp>

<comp id="52" class="1000" name="dstout_out">
<pin_list>
<pin id="53" dir="1" index="0" bw="1" slack="0"/>
</pin_list>
<bind>
<StgValue><ssdm name="dstout_out"/></StgValue>
</bind>
</comp>

<comp id="54" class="1000" name="crip_out">
<pin_list>
<pin id="55" dir="1" index="0" bw="1" slack="0"/>
</pin_list>
<bind>
<StgValue><ssdm name="crip_out"/></StgValue>
</bind>
</comp>

<comp id="56" class="1000" name="alpha_out">
<pin_list>
<pin id="57" dir="1" index="0" bw="1" slack="0"/>
</pin_list>
<bind>
<StgValue><ssdm name="alpha_out"/></StgValue>
</bind>
</comp>

<comp id="58" class="1001" name="const_58">
<pin_list>
<pin id="59" dir="1" index="0" bw="1" slack="2147483647"/>
</pin_list>
<bind>
<StgValue><ssdm name="_ssdm_op_SpecInterface"/></StgValue>
</bind>
</comp>

<comp id="60" class="1001" name="const_60">
<pin_list>
<pin id="61" dir="1" index="0" bw="1" slack="2147483647"/>
</pin_list>
<bind>
<StgValue><ssdm name="ap_fifo_str"/></StgValue>
</bind>
</comp>

<comp id="62" class="1001" name="const_62">
<pin_list>
<pin id="63" dir="1" index="0" bw="1" slack="2147483647"/>
</pin_list>
<bind>
<StgValue><ssdm name=""/></StgValue>
</bind>
</comp>

<comp id="64" class="1001" name="const_64">
<pin_list>
<pin id="65" dir="1" index="0" bw="1" slack="2147483647"/>
</pin_list>
<bind>
<StgValue><ssdm name="p_str"/></StgValue>
</bind>
</comp>

<comp id="66" class="1001" name="const_66">
<pin_list>
<pin id="67" dir="1" index="0" bw="1" slack="2147483647"/>
</pin_list>
<bind>
<StgValue><ssdm name=""/></StgValue>
</bind>
</comp>

<comp id="68" class="1001" name="const_68">
<pin_list>
<pin id="69" dir="1" index="0" bw="1" slack="2147483647"/>
</pin_list>
<bind>
<StgValue><ssdm name=""/></StgValue>
</bind>
</comp>

<comp id="70" class="1001" name="const_70">
<pin_list>
<pin id="71" dir="1" index="0" bw="1" slack="2147483647"/>
</pin_list>
<bind>
<StgValue><ssdm name="ScalarProp_str"/></StgValue>
</bind>
</comp>

<comp id="72" class="1001" name="const_72">
<pin_list>
<pin id="73" dir="1" index="0" bw="1" slack="0"/>
</pin_list>
<bind>
<StgValue><ssdm name="_ssdm_op_Read.ap_auto.i8"/></StgValue>
</bind>
</comp>

<comp id="74" class="1001" name="const_74">
<pin_list>
<pin id="75" dir="1" index="0" bw="1" slack="0"/>
</pin_list>
<bind>
<StgValue><ssdm name="_ssdm_op_Read.ap_auto.i24"/></StgValue>
</bind>
</comp>

<comp id="76" class="1001" name="const_76">
<pin_list>
<pin id="77" dir="1" index="0" bw="1" slack="0"/>
</pin_list>
<bind>
<StgValue><ssdm name="_ssdm_op_Read.ap_auto.i64"/></StgValue>
</bind>
</comp>

<comp id="78" class="1001" name="const_78">
<pin_list>
<pin id="79" dir="1" index="0" bw="1" slack="0"/>
</pin_list>
<bind>
<StgValue><ssdm name="_ssdm_op_Read.ap_auto.i32"/></StgValue>
</bind>
</comp>

<comp id="80" class="1001" name="const_80">
<pin_list>
<pin id="81" dir="1" index="0" bw="1" slack="0"/>
</pin_list>
<bind>
<StgValue><ssdm name="_ssdm_op_Write.ap_fifo.i32P0A"/></StgValue>
</bind>
</comp>

<comp id="82" class="1001" name="const_82">
<pin_list>
<pin id="83" dir="1" index="0" bw="1" slack="0"/>
</pin_list>
<bind>
<StgValue><ssdm name="_ssdm_op_Write.ap_fifo.i64P0A"/></StgValue>
</bind>
</comp>

<comp id="84" class="1001" name="const_84">
<pin_list>
<pin id="85" dir="1" index="0" bw="1" slack="0"/>
</pin_list>
<bind>
<StgValue><ssdm name="_ssdm_op_Write.ap_fifo.i24P0A"/></StgValue>
</bind>
</comp>

<comp id="86" class="1001" name="const_86">
<pin_list>
<pin id="87" dir="1" index="0" bw="1" slack="0"/>
</pin_list>
<bind>
<StgValue><ssdm name="_ssdm_op_Write.ap_fifo.i8P0A"/></StgValue>
</bind>
</comp>

<comp id="88" class="1004" name="alpha_read_read_fu_88">
<pin_list>
<pin id="89" dir="0" index="0" bw="8" slack="0"/>
<pin id="90" dir="0" index="1" bw="8" slack="0"/>
<pin id="91" dir="1" index="2" bw="8" slack="0"/>
</pin_list>
<bind>
<opcode="read(1150) " fcode="read"/>
<opset="alpha_read/1 "/>
</bind>
</comp>

<comp id="94" class="1004" name="crip_read_read_fu_94">
<pin_list>
<pin id="95" dir="0" index="0" bw="24" slack="0"/>
<pin id="96" dir="0" index="1" bw="24" slack="0"/>
<pin id="97" dir="1" index="2" bw="24" slack="0"/>
</pin_list>
<bind>
<opcode="read(1150) " fcode="read"/>
<opset="crip_read/1 "/>
</bind>
</comp>

<comp id="100" class="1004" name="dstout_read_read_fu_100">
<pin_list>
<pin id="101" dir="0" index="0" bw="64" slack="0"/>
<pin id="102" dir="0" index="1" bw="64" slack="0"/>
<pin id="103" dir="1" index="2" bw="64" slack="0"/>
</pin_list>
<bind>
<opcode="read(1150) " fcode="read"/>
<opset="dstout_read/1 "/>
</bind>
</comp>

<comp id="106" class="1004" name="dstin_read_read_fu_106">
<pin_list>
<pin id="107" dir="0" index="0" bw="64" slack="0"/>
<pin id="108" dir="0" index="1" bw="64" slack="0"/>
<pin id="109" dir="1" index="2" bw="64" slack="0"/>
</pin_list>
<bind>
<opcode="read(1150) " fcode="read"/>
<opset="dstin_read/1 "/>
</bind>
</comp>

<comp id="112" class="1004" name="frame_size_read_read_fu_112">
<pin_list>
<pin id="113" dir="0" index="0" bw="32" slack="0"/>
<pin id="114" dir="0" index="1" bw="32" slack="0"/>
<pin id="115" dir="1" index="2" bw="32" slack="0"/>
</pin_list>
<bind>
<opcode="read(1150) " fcode="read"/>
<opset="frame_size_read/1 "/>
</bind>
</comp>

<comp id="118" class="1004" name="srcin_read_read_fu_118">
<pin_list>
<pin id="119" dir="0" index="0" bw="64" slack="0"/>
<pin id="120" dir="0" index="1" bw="64" slack="0"/>
<pin id="121" dir="1" index="2" bw="64" slack="0"/>
</pin_list>
<bind>
<opcode="read(1150) " fcode="read"/>
<opset="srcin_read/1 "/>
</bind>
</comp>

<comp id="124" class="1004" name="y_read_read_fu_124">
<pin_list>
<pin id="125" dir="0" index="0" bw="32" slack="0"/>
<pin id="126" dir="0" index="1" bw="32" slack="0"/>
<pin id="127" dir="1" index="2" bw="32" slack="0"/>
</pin_list>
<bind>
<opcode="read(1150) " fcode="read"/>
<opset="y_read/1 "/>
</bind>
</comp>

<comp id="130" class="1004" name="xstart_pos_read_read_fu_130">
<pin_list>
<pin id="131" dir="0" index="0" bw="32" slack="0"/>
<pin id="132" dir="0" index="1" bw="32" slack="0"/>
<pin id="133" dir="1" index="2" bw="32" slack="0"/>
</pin_list>
<bind>
<opcode="read(1150) " fcode="read"/>
<opset="xstart_pos_read/1 "/>
</bind>
</comp>

<comp id="136" class="1004" name="mapchip_maxwidth_read_read_fu_136">
<pin_list>
<pin id="137" dir="0" index="0" bw="32" slack="0"/>
<pin id="138" dir="0" index="1" bw="32" slack="0"/>
<pin id="139" dir="1" index="2" bw="32" slack="0"/>
</pin_list>
<bind>
<opcode="read(1150) " fcode="read"/>
<opset="mapchip_maxwidth_read/1 "/>
</bind>
</comp>

<comp id="142" class="1004" name="ystart_pos_read_read_fu_142">
<pin_list>
<pin id="143" dir="0" index="0" bw="32" slack="0"/>
<pin id="144" dir="0" index="1" bw="32" slack="0"/>
<pin id="145" dir="1" index="2" bw="32" slack="0"/>
</pin_list>
<bind>
<opcode="read(1150) " fcode="read"/>
<opset="ystart_pos_read/1 "/>
</bind>
</comp>

<comp id="148" class="1004" name="mapchip_maxheight_read_read_fu_148">
<pin_list>
<pin id="149" dir="0" index="0" bw="32" slack="0"/>
<pin id="150" dir="0" index="1" bw="32" slack="0"/>
<pin id="151" dir="1" index="2" bw="32" slack="0"/>
</pin_list>
<bind>
<opcode="read(1150) " fcode="read"/>
<opset="mapchip_maxheight_read/1 "/>
</bind>
</comp>

<comp id="154" class="1004" name="id_read_read_fu_154">
<pin_list>
<pin id="155" dir="0" index="0" bw="32" slack="0"/>
<pin id="156" dir="0" index="1" bw="32" slack="0"/>
<pin id="157" dir="1" index="2" bw="32" slack="0"/>
</pin_list>
<bind>
<opcode="read(1150) " fcode="read"/>
<opset="id_read/1 "/>
</bind>
</comp>

<comp id="160" class="1004" name="mapchip_draw_xsize_read_read_fu_160">
<pin_list>
<pin id="161" dir="0" index="0" bw="32" slack="0"/>
<pin id="162" dir="0" index="1" bw="32" slack="0"/>
<pin id="163" dir="1" index="2" bw="32" slack="0"/>
</pin_list>
<bind>
<opcode="read(1150) " fcode="read"/>
<opset="mapchip_draw_xsize_read/1 "/>
</bind>
</comp>

<comp id="166" class="1004" name="write_ln0_write_fu_166">
<pin_list>
<pin id="167" dir="0" index="0" bw="0" slack="0"/>
<pin id="168" dir="0" index="1" bw="32" slack="0"/>
<pin id="169" dir="0" index="2" bw="32" slack="0"/>
<pin id="170" dir="1" index="3" bw="0" slack="2147483647"/>
</pin_list>
<bind>
<opcode="write(1151) " fcode="write"/>
<opset="write_ln0/1 "/>
</bind>
</comp>

<comp id="174" class="1004" name="write_ln0_write_fu_174">
<pin_list>
<pin id="175" dir="0" index="0" bw="0" slack="0"/>
<pin id="176" dir="0" index="1" bw="32" slack="0"/>
<pin id="177" dir="0" index="2" bw="32" slack="0"/>
<pin id="178" dir="1" index="3" bw="0" slack="2147483647"/>
</pin_list>
<bind>
<opcode="write(1151) " fcode="write"/>
<opset="write_ln0/1 "/>
</bind>
</comp>

<comp id="182" class="1004" name="write_ln0_write_fu_182">
<pin_list>
<pin id="183" dir="0" index="0" bw="0" slack="0"/>
<pin id="184" dir="0" index="1" bw="32" slack="0"/>
<pin id="185" dir="0" index="2" bw="32" slack="0"/>
<pin id="186" dir="1" index="3" bw="0" slack="2147483647"/>
</pin_list>
<bind>
<opcode="write(1151) " fcode="write"/>
<opset="write_ln0/1 "/>
</bind>
</comp>

<comp id="190" class="1004" name="write_ln0_write_fu_190">
<pin_list>
<pin id="191" dir="0" index="0" bw="0" slack="0"/>
<pin id="192" dir="0" index="1" bw="32" slack="0"/>
<pin id="193" dir="0" index="2" bw="32" slack="0"/>
<pin id="194" dir="1" index="3" bw="0" slack="2147483647"/>
</pin_list>
<bind>
<opcode="write(1151) " fcode="write"/>
<opset="write_ln0/1 "/>
</bind>
</comp>

<comp id="198" class="1004" name="write_ln0_write_fu_198">
<pin_list>
<pin id="199" dir="0" index="0" bw="0" slack="0"/>
<pin id="200" dir="0" index="1" bw="32" slack="0"/>
<pin id="201" dir="0" index="2" bw="32" slack="0"/>
<pin id="202" dir="1" index="3" bw="0" slack="2147483647"/>
</pin_list>
<bind>
<opcode="write(1151) " fcode="write"/>
<opset="write_ln0/1 "/>
</bind>
</comp>

<comp id="206" class="1004" name="write_ln0_write_fu_206">
<pin_list>
<pin id="207" dir="0" index="0" bw="0" slack="0"/>
<pin id="208" dir="0" index="1" bw="32" slack="0"/>
<pin id="209" dir="0" index="2" bw="32" slack="0"/>
<pin id="210" dir="1" index="3" bw="0" slack="2147483647"/>
</pin_list>
<bind>
<opcode="write(1151) " fcode="write"/>
<opset="write_ln0/1 "/>
</bind>
</comp>

<comp id="214" class="1004" name="write_ln0_write_fu_214">
<pin_list>
<pin id="215" dir="0" index="0" bw="0" slack="0"/>
<pin id="216" dir="0" index="1" bw="32" slack="0"/>
<pin id="217" dir="0" index="2" bw="32" slack="0"/>
<pin id="218" dir="1" index="3" bw="0" slack="2147483647"/>
</pin_list>
<bind>
<opcode="write(1151) " fcode="write"/>
<opset="write_ln0/1 "/>
</bind>
</comp>

<comp id="222" class="1004" name="write_ln0_write_fu_222">
<pin_list>
<pin id="223" dir="0" index="0" bw="0" slack="0"/>
<pin id="224" dir="0" index="1" bw="32" slack="0"/>
<pin id="225" dir="0" index="2" bw="32" slack="0"/>
<pin id="226" dir="1" index="3" bw="0" slack="2147483647"/>
</pin_list>
<bind>
<opcode="write(1151) " fcode="write"/>
<opset="write_ln0/1 "/>
</bind>
</comp>

<comp id="230" class="1004" name="write_ln0_write_fu_230">
<pin_list>
<pin id="231" dir="0" index="0" bw="0" slack="0"/>
<pin id="232" dir="0" index="1" bw="32" slack="0"/>
<pin id="233" dir="0" index="2" bw="32" slack="0"/>
<pin id="234" dir="1" index="3" bw="0" slack="2147483647"/>
</pin_list>
<bind>
<opcode="write(1151) " fcode="write"/>
<opset="write_ln0/1 "/>
</bind>
</comp>

<comp id="238" class="1004" name="write_ln0_write_fu_238">
<pin_list>
<pin id="239" dir="0" index="0" bw="0" slack="0"/>
<pin id="240" dir="0" index="1" bw="64" slack="0"/>
<pin id="241" dir="0" index="2" bw="64" slack="0"/>
<pin id="242" dir="1" index="3" bw="0" slack="2147483647"/>
</pin_list>
<bind>
<opcode="write(1151) " fcode="write"/>
<opset="write_ln0/1 "/>
</bind>
</comp>

<comp id="246" class="1004" name="write_ln0_write_fu_246">
<pin_list>
<pin id="247" dir="0" index="0" bw="0" slack="0"/>
<pin id="248" dir="0" index="1" bw="32" slack="0"/>
<pin id="249" dir="0" index="2" bw="32" slack="0"/>
<pin id="250" dir="1" index="3" bw="0" slack="2147483647"/>
</pin_list>
<bind>
<opcode="write(1151) " fcode="write"/>
<opset="write_ln0/1 "/>
</bind>
</comp>

<comp id="254" class="1004" name="write_ln0_write_fu_254">
<pin_list>
<pin id="255" dir="0" index="0" bw="0" slack="0"/>
<pin id="256" dir="0" index="1" bw="32" slack="0"/>
<pin id="257" dir="0" index="2" bw="32" slack="0"/>
<pin id="258" dir="1" index="3" bw="0" slack="2147483647"/>
</pin_list>
<bind>
<opcode="write(1151) " fcode="write"/>
<opset="write_ln0/1 "/>
</bind>
</comp>

<comp id="262" class="1004" name="write_ln0_write_fu_262">
<pin_list>
<pin id="263" dir="0" index="0" bw="0" slack="0"/>
<pin id="264" dir="0" index="1" bw="64" slack="0"/>
<pin id="265" dir="0" index="2" bw="64" slack="0"/>
<pin id="266" dir="1" index="3" bw="0" slack="2147483647"/>
</pin_list>
<bind>
<opcode="write(1151) " fcode="write"/>
<opset="write_ln0/1 "/>
</bind>
</comp>

<comp id="270" class="1004" name="write_ln0_write_fu_270">
<pin_list>
<pin id="271" dir="0" index="0" bw="0" slack="0"/>
<pin id="272" dir="0" index="1" bw="64" slack="0"/>
<pin id="273" dir="0" index="2" bw="64" slack="0"/>
<pin id="274" dir="1" index="3" bw="0" slack="2147483647"/>
</pin_list>
<bind>
<opcode="write(1151) " fcode="write"/>
<opset="write_ln0/1 "/>
</bind>
</comp>

<comp id="278" class="1004" name="write_ln0_write_fu_278">
<pin_list>
<pin id="279" dir="0" index="0" bw="0" slack="0"/>
<pin id="280" dir="0" index="1" bw="24" slack="0"/>
<pin id="281" dir="0" index="2" bw="24" slack="0"/>
<pin id="282" dir="1" index="3" bw="0" slack="2147483647"/>
</pin_list>
<bind>
<opcode="write(1151) " fcode="write"/>
<opset="write_ln0/1 "/>
</bind>
</comp>

<comp id="286" class="1004" name="write_ln0_write_fu_286">
<pin_list>
<pin id="287" dir="0" index="0" bw="0" slack="0"/>
<pin id="288" dir="0" index="1" bw="8" slack="0"/>
<pin id="289" dir="0" index="2" bw="8" slack="0"/>
<pin id="290" dir="1" index="3" bw="0" slack="2147483647"/>
</pin_list>
<bind>
<opcode="write(1151) " fcode="write"/>
<opset="write_ln0/1 "/>
</bind>
</comp>

</comp_list>

<net_list>
<net id="92"><net_src comp="72" pin="0"/><net_sink comp="88" pin=0"/></net>

<net id="93"><net_src comp="24" pin="0"/><net_sink comp="88" pin=1"/></net>

<net id="98"><net_src comp="74" pin="0"/><net_sink comp="94" pin=0"/></net>

<net id="99"><net_src comp="22" pin="0"/><net_sink comp="94" pin=1"/></net>

<net id="104"><net_src comp="76" pin="0"/><net_sink comp="100" pin=0"/></net>

<net id="105"><net_src comp="20" pin="0"/><net_sink comp="100" pin=1"/></net>

<net id="110"><net_src comp="76" pin="0"/><net_sink comp="106" pin=0"/></net>

<net id="111"><net_src comp="18" pin="0"/><net_sink comp="106" pin=1"/></net>

<net id="116"><net_src comp="78" pin="0"/><net_sink comp="112" pin=0"/></net>

<net id="117"><net_src comp="16" pin="0"/><net_sink comp="112" pin=1"/></net>

<net id="122"><net_src comp="76" pin="0"/><net_sink comp="118" pin=0"/></net>

<net id="123"><net_src comp="14" pin="0"/><net_sink comp="118" pin=1"/></net>

<net id="128"><net_src comp="78" pin="0"/><net_sink comp="124" pin=0"/></net>

<net id="129"><net_src comp="12" pin="0"/><net_sink comp="124" pin=1"/></net>

<net id="134"><net_src comp="78" pin="0"/><net_sink comp="130" pin=0"/></net>

<net id="135"><net_src comp="10" pin="0"/><net_sink comp="130" pin=1"/></net>

<net id="140"><net_src comp="78" pin="0"/><net_sink comp="136" pin=0"/></net>

<net id="141"><net_src comp="8" pin="0"/><net_sink comp="136" pin=1"/></net>

<net id="146"><net_src comp="78" pin="0"/><net_sink comp="142" pin=0"/></net>

<net id="147"><net_src comp="6" pin="0"/><net_sink comp="142" pin=1"/></net>

<net id="152"><net_src comp="78" pin="0"/><net_sink comp="148" pin=0"/></net>

<net id="153"><net_src comp="4" pin="0"/><net_sink comp="148" pin=1"/></net>

<net id="158"><net_src comp="78" pin="0"/><net_sink comp="154" pin=0"/></net>

<net id="159"><net_src comp="2" pin="0"/><net_sink comp="154" pin=1"/></net>

<net id="164"><net_src comp="78" pin="0"/><net_sink comp="160" pin=0"/></net>

<net id="165"><net_src comp="0" pin="0"/><net_sink comp="160" pin=1"/></net>

<net id="171"><net_src comp="80" pin="0"/><net_sink comp="166" pin=0"/></net>

<net id="172"><net_src comp="26" pin="0"/><net_sink comp="166" pin=1"/></net>

<net id="173"><net_src comp="160" pin="2"/><net_sink comp="166" pin=2"/></net>

<net id="179"><net_src comp="80" pin="0"/><net_sink comp="174" pin=0"/></net>

<net id="180"><net_src comp="28" pin="0"/><net_sink comp="174" pin=1"/></net>

<net id="181"><net_src comp="160" pin="2"/><net_sink comp="174" pin=2"/></net>

<net id="187"><net_src comp="80" pin="0"/><net_sink comp="182" pin=0"/></net>

<net id="188"><net_src comp="30" pin="0"/><net_sink comp="182" pin=1"/></net>

<net id="189"><net_src comp="154" pin="2"/><net_sink comp="182" pin=2"/></net>

<net id="195"><net_src comp="80" pin="0"/><net_sink comp="190" pin=0"/></net>

<net id="196"><net_src comp="32" pin="0"/><net_sink comp="190" pin=1"/></net>

<net id="197"><net_src comp="148" pin="2"/><net_sink comp="190" pin=2"/></net>

<net id="203"><net_src comp="80" pin="0"/><net_sink comp="198" pin=0"/></net>

<net id="204"><net_src comp="34" pin="0"/><net_sink comp="198" pin=1"/></net>

<net id="205"><net_src comp="142" pin="2"/><net_sink comp="198" pin=2"/></net>

<net id="211"><net_src comp="80" pin="0"/><net_sink comp="206" pin=0"/></net>

<net id="212"><net_src comp="36" pin="0"/><net_sink comp="206" pin=1"/></net>

<net id="213"><net_src comp="136" pin="2"/><net_sink comp="206" pin=2"/></net>

<net id="219"><net_src comp="80" pin="0"/><net_sink comp="214" pin=0"/></net>

<net id="220"><net_src comp="38" pin="0"/><net_sink comp="214" pin=1"/></net>

<net id="221"><net_src comp="130" pin="2"/><net_sink comp="214" pin=2"/></net>

<net id="227"><net_src comp="80" pin="0"/><net_sink comp="222" pin=0"/></net>

<net id="228"><net_src comp="40" pin="0"/><net_sink comp="222" pin=1"/></net>

<net id="229"><net_src comp="124" pin="2"/><net_sink comp="222" pin=2"/></net>

<net id="235"><net_src comp="80" pin="0"/><net_sink comp="230" pin=0"/></net>

<net id="236"><net_src comp="42" pin="0"/><net_sink comp="230" pin=1"/></net>

<net id="237"><net_src comp="124" pin="2"/><net_sink comp="230" pin=2"/></net>

<net id="243"><net_src comp="82" pin="0"/><net_sink comp="238" pin=0"/></net>

<net id="244"><net_src comp="44" pin="0"/><net_sink comp="238" pin=1"/></net>

<net id="245"><net_src comp="118" pin="2"/><net_sink comp="238" pin=2"/></net>

<net id="251"><net_src comp="80" pin="0"/><net_sink comp="246" pin=0"/></net>

<net id="252"><net_src comp="46" pin="0"/><net_sink comp="246" pin=1"/></net>

<net id="253"><net_src comp="112" pin="2"/><net_sink comp="246" pin=2"/></net>

<net id="259"><net_src comp="80" pin="0"/><net_sink comp="254" pin=0"/></net>

<net id="260"><net_src comp="48" pin="0"/><net_sink comp="254" pin=1"/></net>

<net id="261"><net_src comp="112" pin="2"/><net_sink comp="254" pin=2"/></net>

<net id="267"><net_src comp="82" pin="0"/><net_sink comp="262" pin=0"/></net>

<net id="268"><net_src comp="50" pin="0"/><net_sink comp="262" pin=1"/></net>

<net id="269"><net_src comp="106" pin="2"/><net_sink comp="262" pin=2"/></net>

<net id="275"><net_src comp="82" pin="0"/><net_sink comp="270" pin=0"/></net>

<net id="276"><net_src comp="52" pin="0"/><net_sink comp="270" pin=1"/></net>

<net id="277"><net_src comp="100" pin="2"/><net_sink comp="270" pin=2"/></net>

<net id="283"><net_src comp="84" pin="0"/><net_sink comp="278" pin=0"/></net>

<net id="284"><net_src comp="54" pin="0"/><net_sink comp="278" pin=1"/></net>

<net id="285"><net_src comp="94" pin="2"/><net_sink comp="278" pin=2"/></net>

<net id="291"><net_src comp="86" pin="0"/><net_sink comp="286" pin=0"/></net>

<net id="292"><net_src comp="56" pin="0"/><net_sink comp="286" pin=1"/></net>

<net id="293"><net_src comp="88" pin="2"/><net_sink comp="286" pin=2"/></net>

</net_list>

</model> 
---------------- Datapath Model END ------------------

* FSMD analyzer results:
  - Output states:
	Port: mapchip_draw_xsize_out | {1 }
	Port: mapchip_draw_xsize_out1 | {1 }
	Port: id_out | {1 }
	Port: mapchip_maxheight_out | {1 }
	Port: ystart_pos_out | {1 }
	Port: mapchip_maxwidth_out | {1 }
	Port: xstart_pos_out | {1 }
	Port: y_out | {1 }
	Port: y_out2 | {1 }
	Port: srcin_out | {1 }
	Port: frame_size_out | {1 }
	Port: frame_size_out3 | {1 }
	Port: dstin_out | {1 }
	Port: dstout_out | {1 }
	Port: crip_out | {1 }
	Port: alpha_out | {1 }
 - Input state : 
	Port: dataflow_in_loop_height_loop.entry6 : mapchip_draw_xsize | {1 }
	Port: dataflow_in_loop_height_loop.entry6 : id | {1 }
	Port: dataflow_in_loop_height_loop.entry6 : mapchip_maxheight | {1 }
	Port: dataflow_in_loop_height_loop.entry6 : ystart_pos | {1 }
	Port: dataflow_in_loop_height_loop.entry6 : mapchip_maxwidth | {1 }
	Port: dataflow_in_loop_height_loop.entry6 : xstart_pos | {1 }
	Port: dataflow_in_loop_height_loop.entry6 : y | {1 }
	Port: dataflow_in_loop_height_loop.entry6 : srcin | {1 }
	Port: dataflow_in_loop_height_loop.entry6 : frame_size | {1 }
	Port: dataflow_in_loop_height_loop.entry6 : dstin | {1 }
	Port: dataflow_in_loop_height_loop.entry6 : dstout | {1 }
	Port: dataflow_in_loop_height_loop.entry6 : crip | {1 }
	Port: dataflow_in_loop_height_loop.entry6 : alpha | {1 }
	Port: dataflow_in_loop_height_loop.entry6 : mapchip_draw_xsize_out | {}
	Port: dataflow_in_loop_height_loop.entry6 : mapchip_draw_xsize_out1 | {}
	Port: dataflow_in_loop_height_loop.entry6 : id_out | {}
	Port: dataflow_in_loop_height_loop.entry6 : mapchip_maxheight_out | {}
	Port: dataflow_in_loop_height_loop.entry6 : ystart_pos_out | {}
	Port: dataflow_in_loop_height_loop.entry6 : mapchip_maxwidth_out | {}
	Port: dataflow_in_loop_height_loop.entry6 : xstart_pos_out | {}
	Port: dataflow_in_loop_height_loop.entry6 : y_out | {}
	Port: dataflow_in_loop_height_loop.entry6 : y_out2 | {}
	Port: dataflow_in_loop_height_loop.entry6 : srcin_out | {}
	Port: dataflow_in_loop_height_loop.entry6 : frame_size_out | {}
	Port: dataflow_in_loop_height_loop.entry6 : frame_size_out3 | {}
	Port: dataflow_in_loop_height_loop.entry6 : dstin_out | {}
	Port: dataflow_in_loop_height_loop.entry6 : dstout_out | {}
	Port: dataflow_in_loop_height_loop.entry6 : crip_out | {}
	Port: dataflow_in_loop_height_loop.entry6 : alpha_out | {}
  - Chain level:
	State 1


============================================================
+ Verbose Summary: Datapath Resource usage 
============================================================

* Functional unit list:
|----------|-------------------------------------|
| Operation|           Functional Unit           |
|----------|-------------------------------------|
|          |        alpha_read_read_fu_88        |
|          |         crip_read_read_fu_94        |
|          |       dstout_read_read_fu_100       |
|          |        dstin_read_read_fu_106       |
|          |     frame_size_read_read_fu_112     |
|          |        srcin_read_read_fu_118       |
|   read   |          y_read_read_fu_124         |
|          |     xstart_pos_read_read_fu_130     |
|          |  mapchip_maxwidth_read_read_fu_136  |
|          |     ystart_pos_read_read_fu_142     |
|          |  mapchip_maxheight_read_read_fu_148 |
|          |         id_read_read_fu_154         |
|          | mapchip_draw_xsize_read_read_fu_160 |
|----------|-------------------------------------|
|          |        write_ln0_write_fu_166       |
|          |        write_ln0_write_fu_174       |
|          |        write_ln0_write_fu_182       |
|          |        write_ln0_write_fu_190       |
|          |        write_ln0_write_fu_198       |
|          |        write_ln0_write_fu_206       |
|          |        write_ln0_write_fu_214       |
|   write  |        write_ln0_write_fu_222       |
|          |        write_ln0_write_fu_230       |
|          |        write_ln0_write_fu_238       |
|          |        write_ln0_write_fu_246       |
|          |        write_ln0_write_fu_254       |
|          |        write_ln0_write_fu_262       |
|          |        write_ln0_write_fu_270       |
|          |        write_ln0_write_fu_278       |
|          |        write_ln0_write_fu_286       |
|----------|-------------------------------------|
|   Total  |                                     |
|----------|-------------------------------------|

Memories:
N/A

* Register list:
N/A

* Multiplexer (MUX) list: 
|--------|------|------|------|--------|
|  Comp  |  Pin | Size |  BW  | S x BW |
|--------|------|------|------|--------|
|  Total |      |      |      |    0   |
|--------|------|------|------|--------|



* Summary:
+-----------+
|           |
+-----------+
|  Function |
|   Memory  |
|Multiplexer|
|  Register |
+-----------+
|   Total   |
+-----------+
