

================================================================
== Vitis HLS Report for 'dataflow_in_loop_height_loop'
================================================================
* Date:           Sat Jul 10 10:01:56 2021

* Version:        2020.2 (Build 3064766 on Wed Nov 18 09:12:47 MST 2020)
* Project:        mapchip
* Solution:       solution1 (Vivado IP Flow Target)
* Product family: zynq
* Target device:  xc7z020-clg400-1


================================================================
== Performance Estimates
================================================================
+ Timing: 
    * Summary: 
    +--------+----------+----------+------------+
    |  Clock |  Target  | Estimated| Uncertainty|
    +--------+----------+----------+------------+
    |ap_clk  |  10.00 ns|  7.300 ns|     2.70 ns|
    +--------+----------+----------+------------+

+ Latency: 
    * Summary: 
    +---------+---------+----------+-----------+-----+-----+----------+
    |  Latency (cycles) |  Latency (absolute)  |  Interval | Pipeline |
    |   min   |   max   |    min   |    max    | min | max |   Type   |
    +---------+---------+----------+-----------+-----+-----+----------+
    |       38|     1316|  0.380 us|  13.160 us|   19|  658|  dataflow|
    +---------+---------+----------+-----------+-----+-----+----------+

    + Detail: 
        * Instance: 
        N/A

        * Loop: 
        N/A

============================================================
+ Verbose Summary: Synthesis Manager
============================================================
InlineROM: 1
ExposeGlobal: 0
============================================================
+ Verbose Summary: CDFG Model
============================================================
IsTopModel: 0
ResetActiveHigh: 1
IsCombinational: 2
IsDatapathOnly: 0
HasWiredReturn: 1
HasMFsm: 0
HasVarLatency: 1
IsPipeline: 0
IsRtlPipelined: 0
IsInstanceOverlapped: 0
IsDontTouch: 0
HasImplIP: 0
IsGatedGlobalClock: 0


============================================================
+ Verbose Summary: Schedule
============================================================
* Number of FSM states : 5
* Pipeline : 0
* Dataflow Pipeline: 1
  DF-Pipeline-0: Size = 5, States = { 1 2 3 4 5 }

* FSM state transitions: 
1 --> 2 
2 --> 3 
3 --> 4 
4 --> 5 
5 --> 

* FSM state operations: 

State 1 <SV = 0> <Delay = 3.63>
ST_1 : Operation 6 [1/1] (0.00ns)   --->   "%alpha_read = read i8 @_ssdm_op_Read.ap_auto.i8, i8 %alpha"   --->   Operation 6 'read' 'alpha_read' <Predicate = true> <Delay = 0.00>
ST_1 : Operation 7 [1/1] (0.00ns)   --->   "%crip_read = read i24 @_ssdm_op_Read.ap_auto.i24, i24 %crip"   --->   Operation 7 'read' 'crip_read' <Predicate = true> <Delay = 0.00>
ST_1 : Operation 8 [1/1] (0.00ns)   --->   "%dstout_read = read i64 @_ssdm_op_Read.ap_auto.i64, i64 %dstout"   --->   Operation 8 'read' 'dstout_read' <Predicate = true> <Delay = 0.00>
ST_1 : Operation 9 [1/1] (0.00ns)   --->   "%dstin_read = read i64 @_ssdm_op_Read.ap_auto.i64, i64 %dstin"   --->   Operation 9 'read' 'dstin_read' <Predicate = true> <Delay = 0.00>
ST_1 : Operation 10 [1/1] (0.00ns)   --->   "%frame_size_read = read i32 @_ssdm_op_Read.ap_auto.i32, i32 %frame_size"   --->   Operation 10 'read' 'frame_size_read' <Predicate = true> <Delay = 0.00>
ST_1 : Operation 11 [1/1] (0.00ns)   --->   "%srcin_read = read i64 @_ssdm_op_Read.ap_auto.i64, i64 %srcin"   --->   Operation 11 'read' 'srcin_read' <Predicate = true> <Delay = 0.00>
ST_1 : Operation 12 [1/1] (0.00ns)   --->   "%y_read = read i32 @_ssdm_op_Read.ap_auto.i32, i32 %y"   --->   Operation 12 'read' 'y_read' <Predicate = true> <Delay = 0.00>
ST_1 : Operation 13 [1/1] (0.00ns)   --->   "%xstart_pos_read = read i32 @_ssdm_op_Read.ap_auto.i32, i32 %xstart_pos"   --->   Operation 13 'read' 'xstart_pos_read' <Predicate = true> <Delay = 0.00>
ST_1 : Operation 14 [1/1] (0.00ns)   --->   "%mapchip_maxwidth_read = read i32 @_ssdm_op_Read.ap_auto.i32, i32 %mapchip_maxwidth"   --->   Operation 14 'read' 'mapchip_maxwidth_read' <Predicate = true> <Delay = 0.00>
ST_1 : Operation 15 [1/1] (0.00ns)   --->   "%ystart_pos_read = read i32 @_ssdm_op_Read.ap_auto.i32, i32 %ystart_pos"   --->   Operation 15 'read' 'ystart_pos_read' <Predicate = true> <Delay = 0.00>
ST_1 : Operation 16 [1/1] (0.00ns)   --->   "%mapchip_maxheight_read = read i32 @_ssdm_op_Read.ap_auto.i32, i32 %mapchip_maxheight"   --->   Operation 16 'read' 'mapchip_maxheight_read' <Predicate = true> <Delay = 0.00>
ST_1 : Operation 17 [1/1] (0.00ns)   --->   "%id_read = read i32 @_ssdm_op_Read.ap_auto.i32, i32 %id"   --->   Operation 17 'read' 'id_read' <Predicate = true> <Delay = 0.00>
ST_1 : Operation 18 [1/1] (0.00ns)   --->   "%mapchip_draw_xsize_read = read i32 @_ssdm_op_Read.ap_auto.i32, i32 %mapchip_draw_xsize"   --->   Operation 18 'read' 'mapchip_draw_xsize_read' <Predicate = true> <Delay = 0.00>
ST_1 : Operation 19 [1/1] (0.00ns)   --->   "%y_c5 = alloca i64 1"   --->   Operation 19 'alloca' 'y_c5' <Predicate = true> <Delay = 0.00> <CoreInst = "FIFO_SRL">   --->   Core 81 'FIFO_SRL' <Latency = 0> <II = 1> <Delay = 3.63> <Storage> <Opcode : 'read' 'write' 'nbread' 'nbwrite'> <Ports = 0> <Width = 32> <Depth = 2> <FIFO>
ST_1 : Operation 20 [1/1] (0.00ns)   --->   "%mapchip_draw_xsize_c4 = alloca i64 1"   --->   Operation 20 'alloca' 'mapchip_draw_xsize_c4' <Predicate = true> <Delay = 0.00> <CoreInst = "FIFO_SRL">   --->   Core 81 'FIFO_SRL' <Latency = 0> <II = 1> <Delay = 3.63> <Storage> <Opcode : 'read' 'write' 'nbread' 'nbwrite'> <Ports = 0> <Width = 32> <Depth = 2> <FIFO>
ST_1 : Operation 21 [1/1] (0.00ns)   --->   "%alpha_c = alloca i64 1"   --->   Operation 21 'alloca' 'alpha_c' <Predicate = true> <Delay = 0.00> <CoreInst = "FIFO_SRL">   --->   Core 81 'FIFO_SRL' <Latency = 0> <II = 1> <Delay = 3.63> <Storage> <Opcode : 'read' 'write' 'nbread' 'nbwrite'> <Ports = 0> <Width = 8> <Depth = 3> <FIFO>
ST_1 : Operation 22 [1/1] (0.00ns)   --->   "%crip_c = alloca i64 1"   --->   Operation 22 'alloca' 'crip_c' <Predicate = true> <Delay = 0.00> <CoreInst = "FIFO_SRL">   --->   Core 81 'FIFO_SRL' <Latency = 0> <II = 1> <Delay = 3.63> <Storage> <Opcode : 'read' 'write' 'nbread' 'nbwrite'> <Ports = 0> <Width = 24> <Depth = 3> <FIFO>
ST_1 : Operation 23 [1/1] (0.00ns)   --->   "%dstout_c = alloca i64 1"   --->   Operation 23 'alloca' 'dstout_c' <Predicate = true> <Delay = 0.00> <CoreInst = "FIFO_SRL">   --->   Core 81 'FIFO_SRL' <Latency = 0> <II = 1> <Delay = 3.63> <Storage> <Opcode : 'read' 'write' 'nbread' 'nbwrite'> <Ports = 0> <Width = 64> <Depth = 3> <FIFO>
ST_1 : Operation 24 [1/1] (0.00ns)   --->   "%dstin_c = alloca i64 1"   --->   Operation 24 'alloca' 'dstin_c' <Predicate = true> <Delay = 0.00> <CoreInst = "FIFO_SRL">   --->   Core 81 'FIFO_SRL' <Latency = 0> <II = 1> <Delay = 3.63> <Storage> <Opcode : 'read' 'write' 'nbread' 'nbwrite'> <Ports = 0> <Width = 64> <Depth = 2> <FIFO>
ST_1 : Operation 25 [1/1] (0.00ns)   --->   "%frame_size_c3 = alloca i64 1"   --->   Operation 25 'alloca' 'frame_size_c3' <Predicate = true> <Delay = 0.00> <CoreInst = "FIFO_SRL">   --->   Core 81 'FIFO_SRL' <Latency = 0> <II = 1> <Delay = 3.63> <Storage> <Opcode : 'read' 'write' 'nbread' 'nbwrite'> <Ports = 0> <Width = 32> <Depth = 3> <FIFO>
ST_1 : Operation 26 [1/1] (0.00ns)   --->   "%frame_size_c = alloca i64 1"   --->   Operation 26 'alloca' 'frame_size_c' <Predicate = true> <Delay = 0.00> <CoreInst = "FIFO_SRL">   --->   Core 81 'FIFO_SRL' <Latency = 0> <II = 1> <Delay = 3.63> <Storage> <Opcode : 'read' 'write' 'nbread' 'nbwrite'> <Ports = 0> <Width = 32> <Depth = 2> <FIFO>
ST_1 : Operation 27 [1/1] (0.00ns)   --->   "%srcin_c = alloca i64 1"   --->   Operation 27 'alloca' 'srcin_c' <Predicate = true> <Delay = 0.00> <CoreInst = "FIFO_SRL">   --->   Core 81 'FIFO_SRL' <Latency = 0> <II = 1> <Delay = 3.63> <Storage> <Opcode : 'read' 'write' 'nbread' 'nbwrite'> <Ports = 0> <Width = 64> <Depth = 2> <FIFO>
ST_1 : Operation 28 [1/1] (0.00ns)   --->   "%y_c2 = alloca i64 1"   --->   Operation 28 'alloca' 'y_c2' <Predicate = true> <Delay = 0.00> <CoreInst = "FIFO_SRL">   --->   Core 81 'FIFO_SRL' <Latency = 0> <II = 1> <Delay = 3.63> <Storage> <Opcode : 'read' 'write' 'nbread' 'nbwrite'> <Ports = 0> <Width = 32> <Depth = 2> <FIFO>
ST_1 : Operation 29 [1/1] (0.00ns)   --->   "%y_c = alloca i64 1"   --->   Operation 29 'alloca' 'y_c' <Predicate = true> <Delay = 0.00> <CoreInst = "FIFO_SRL">   --->   Core 81 'FIFO_SRL' <Latency = 0> <II = 1> <Delay = 3.63> <Storage> <Opcode : 'read' 'write' 'nbread' 'nbwrite'> <Ports = 0> <Width = 32> <Depth = 2> <FIFO>
ST_1 : Operation 30 [1/1] (0.00ns)   --->   "%xstart_pos_c = alloca i64 1"   --->   Operation 30 'alloca' 'xstart_pos_c' <Predicate = true> <Delay = 0.00> <CoreInst = "FIFO_SRL">   --->   Core 81 'FIFO_SRL' <Latency = 0> <II = 1> <Delay = 3.63> <Storage> <Opcode : 'read' 'write' 'nbread' 'nbwrite'> <Ports = 0> <Width = 32> <Depth = 2> <FIFO>
ST_1 : Operation 31 [1/1] (0.00ns)   --->   "%mapchip_maxwidth_c = alloca i64 1"   --->   Operation 31 'alloca' 'mapchip_maxwidth_c' <Predicate = true> <Delay = 0.00> <CoreInst = "FIFO_SRL">   --->   Core 81 'FIFO_SRL' <Latency = 0> <II = 1> <Delay = 3.63> <Storage> <Opcode : 'read' 'write' 'nbread' 'nbwrite'> <Ports = 0> <Width = 32> <Depth = 2> <FIFO>
ST_1 : Operation 32 [1/1] (0.00ns)   --->   "%ystart_pos_c = alloca i64 1"   --->   Operation 32 'alloca' 'ystart_pos_c' <Predicate = true> <Delay = 0.00> <CoreInst = "FIFO_SRL">   --->   Core 81 'FIFO_SRL' <Latency = 0> <II = 1> <Delay = 3.63> <Storage> <Opcode : 'read' 'write' 'nbread' 'nbwrite'> <Ports = 0> <Width = 32> <Depth = 2> <FIFO>
ST_1 : Operation 33 [1/1] (0.00ns)   --->   "%mapchip_maxheight_c = alloca i64 1"   --->   Operation 33 'alloca' 'mapchip_maxheight_c' <Predicate = true> <Delay = 0.00> <CoreInst = "FIFO_SRL">   --->   Core 81 'FIFO_SRL' <Latency = 0> <II = 1> <Delay = 3.63> <Storage> <Opcode : 'read' 'write' 'nbread' 'nbwrite'> <Ports = 0> <Width = 32> <Depth = 2> <FIFO>
ST_1 : Operation 34 [1/1] (0.00ns)   --->   "%id_c = alloca i64 1"   --->   Operation 34 'alloca' 'id_c' <Predicate = true> <Delay = 0.00> <CoreInst = "FIFO_SRL">   --->   Core 81 'FIFO_SRL' <Latency = 0> <II = 1> <Delay = 3.63> <Storage> <Opcode : 'read' 'write' 'nbread' 'nbwrite'> <Ports = 0> <Width = 32> <Depth = 2> <FIFO>
ST_1 : Operation 35 [1/1] (0.00ns)   --->   "%mapchip_draw_xsize_c1 = alloca i64 1"   --->   Operation 35 'alloca' 'mapchip_draw_xsize_c1' <Predicate = true> <Delay = 0.00> <CoreInst = "FIFO_SRL">   --->   Core 81 'FIFO_SRL' <Latency = 0> <II = 1> <Delay = 3.63> <Storage> <Opcode : 'read' 'write' 'nbread' 'nbwrite'> <Ports = 0> <Width = 32> <Depth = 2> <FIFO>
ST_1 : Operation 36 [1/1] (0.00ns)   --->   "%mapchip_draw_xsize_c = alloca i64 1"   --->   Operation 36 'alloca' 'mapchip_draw_xsize_c' <Predicate = true> <Delay = 0.00> <CoreInst = "FIFO_SRL">   --->   Core 81 'FIFO_SRL' <Latency = 0> <II = 1> <Delay = 3.63> <Storage> <Opcode : 'read' 'write' 'nbread' 'nbwrite'> <Ports = 0> <Width = 32> <Depth = 2> <FIFO>
ST_1 : Operation 37 [1/1] (0.00ns)   --->   "%src_V = alloca i64 1" [mapchip.cpp:67]   --->   Operation 37 'alloca' 'src_V' <Predicate = true> <Delay = 0.00>
ST_1 : Operation 38 [1/1] (0.00ns)   --->   "%dst_V = alloca i64 1" [mapchip.cpp:68]   --->   Operation 38 'alloca' 'dst_V' <Predicate = true> <Delay = 0.00>
ST_1 : Operation 39 [1/1] (3.63ns)   --->   "%call_ln0 = call void @dataflow_in_loop_height_loop.entry6, i32 %mapchip_draw_xsize_read, i32 %id_read, i32 %mapchip_maxheight_read, i32 %ystart_pos_read, i32 %mapchip_maxwidth_read, i32 %xstart_pos_read, i32 %y_read, i64 %srcin_read, i32 %frame_size_read, i64 %dstin_read, i64 %dstout_read, i24 %crip_read, i8 %alpha_read, i32 %mapchip_draw_xsize_c, i32 %mapchip_draw_xsize_c1, i32 %id_c, i32 %mapchip_maxheight_c, i32 %ystart_pos_c, i32 %mapchip_maxwidth_c, i32 %xstart_pos_c, i32 %y_c, i32 %y_c2, i64 %srcin_c, i32 %frame_size_c, i32 %frame_size_c3, i64 %dstin_c, i64 %dstout_c, i24 %crip_c, i8 %alpha_c"   --->   Operation 39 'call' 'call_ln0' <Predicate = true> <Delay = 3.63> <CoreType = "Generic">   --->   Core 0 '' <Latency = 0> <II = 1> <Delay = 1.00> <Generic> <Opcode : >

State 2 <SV = 1> <Delay = 0.00>
ST_2 : Operation 40 [2/2] (0.00ns)   --->   "%call_ln0 = call void @src_loop_proc, i32 %mapchip_draw_xsize_c, i32 %id_c, i32 %mapchip_maxheight_c, i32 %ystart_pos_c, i32 %mapchip_maxwidth_c, i32 %xstart_pos_c, i32 %y_c, i64 %srcin_c, i32 %src, i24 %src_V, i32 %mapchip_draw_xsize_c4, i32 %y_c5"   --->   Operation 40 'call' 'call_ln0' <Predicate = true> <Delay = 0.00> <CoreType = "Generic">   --->   Core 0 '' <Latency = 0> <II = 1> <Delay = 1.00> <Generic> <Opcode : >
ST_2 : Operation 41 [2/2] (0.00ns)   --->   "%call_ln0 = call void @dstin_loop_proc, i32 %mapchip_draw_xsize_c1, i32 %y_c2, i32 %frame_size_c, i64 %dstin_c, i32 %dst, i32 %dst_V"   --->   Operation 41 'call' 'call_ln0' <Predicate = true> <Delay = 0.00> <CoreType = "Generic">   --->   Core 0 '' <Latency = 0> <II = 1> <Delay = 1.00> <Generic> <Opcode : >

State 3 <SV = 2> <Delay = 0.00>
ST_3 : Operation 42 [1/2] (0.00ns)   --->   "%call_ln0 = call void @src_loop_proc, i32 %mapchip_draw_xsize_c, i32 %id_c, i32 %mapchip_maxheight_c, i32 %ystart_pos_c, i32 %mapchip_maxwidth_c, i32 %xstart_pos_c, i32 %y_c, i64 %srcin_c, i32 %src, i24 %src_V, i32 %mapchip_draw_xsize_c4, i32 %y_c5"   --->   Operation 42 'call' 'call_ln0' <Predicate = true> <Delay = 0.00> <CoreType = "Generic">   --->   Core 0 '' <Latency = 0> <II = 1> <Delay = 1.00> <Generic> <Opcode : >
ST_3 : Operation 43 [1/2] (0.00ns)   --->   "%call_ln0 = call void @dstin_loop_proc, i32 %mapchip_draw_xsize_c1, i32 %y_c2, i32 %frame_size_c, i64 %dstin_c, i32 %dst, i32 %dst_V"   --->   Operation 43 'call' 'call_ln0' <Predicate = true> <Delay = 0.00> <CoreType = "Generic">   --->   Core 0 '' <Latency = 0> <II = 1> <Delay = 1.00> <Generic> <Opcode : >

State 4 <SV = 3> <Delay = 0.00>
ST_4 : Operation 44 [2/2] (0.00ns)   --->   "%call_ln0 = call void @dstout_loop_proc, i32 %mapchip_draw_xsize_c4, i32 %y_c5, i32 %frame_size_c3, i64 %dstout_c, i32 %dst, i24 %src_V, i32 %dst_V, i24 %crip_c, i8 %alpha_c"   --->   Operation 44 'call' 'call_ln0' <Predicate = true> <Delay = 0.00> <CoreType = "Generic">   --->   Core 0 '' <Latency = 0> <II = 1> <Delay = 1.00> <Generic> <Opcode : >

State 5 <SV = 4> <Delay = 0.00>
ST_5 : Operation 45 [1/1] (0.00ns)   --->   "%specinterface_ln0 = specinterface void @_ssdm_op_SpecInterface, i32 %dst, void @empty_4, i32 0, i32 0, void @empty_23, i32 0, i32 307200, void @empty_22, void @empty_14, void @empty_23, i32 16, i32 16, i32 16, i32 32, void @empty_23, void @empty_23"   --->   Operation 45 'specinterface' 'specinterface_ln0' <Predicate = true> <Delay = 0.00>
ST_5 : Operation 46 [1/1] (0.00ns)   --->   "%specinterface_ln0 = specinterface void @_ssdm_op_SpecInterface, i32 %src, void @empty_4, i32 0, i32 0, void @empty_23, i32 0, i32 307200, void @empty_2, void @empty_14, void @empty_23, i32 16, i32 16, i32 32, i32 16, void @empty_23, void @empty_23"   --->   Operation 46 'specinterface' 'specinterface_ln0' <Predicate = true> <Delay = 0.00>
ST_5 : Operation 47 [1/1] (0.00ns)   --->   "%specdataflowpipeline_ln73 = specdataflowpipeline void @_ssdm_op_SpecDataflowPipeline, i32 4294967295, i32 0, void @empty_23" [mapchip.cpp:73]   --->   Operation 47 'specdataflowpipeline' 'specdataflowpipeline_ln73' <Predicate = true> <Delay = 0.00>
ST_5 : Operation 48 [1/1] (0.00ns)   --->   "%empty = specchannel i32 @_ssdm_op_SpecChannel, void @mapchip_draw_xsize_c_str, i32 1, void @p_str, void @p_str, i32 2, i32 0, i32 %mapchip_draw_xsize_c, i32 %mapchip_draw_xsize_c"   --->   Operation 48 'specchannel' 'empty' <Predicate = true> <Delay = 0.00>
ST_5 : Operation 49 [1/1] (0.00ns)   --->   "%specinterface_ln0 = specinterface void @_ssdm_op_SpecInterface, i32 %mapchip_draw_xsize_c, void @ap_fifo_str, i32 0, i32 0, void @p_str, i32 0, i32 0, void @p_str, void @p_str, void @p_str, i32 2, i32 2, i32 16, i32 16, void @p_str, void @p_str"   --->   Operation 49 'specinterface' 'specinterface_ln0' <Predicate = true> <Delay = 0.00>
ST_5 : Operation 50 [1/1] (0.00ns)   --->   "%empty_41 = specchannel i32 @_ssdm_op_SpecChannel, void @mapchip_draw_xsize_c1_str, i32 1, void @p_str, void @p_str, i32 2, i32 0, i32 %mapchip_draw_xsize_c1, i32 %mapchip_draw_xsize_c1"   --->   Operation 50 'specchannel' 'empty_41' <Predicate = true> <Delay = 0.00>
ST_5 : Operation 51 [1/1] (0.00ns)   --->   "%specinterface_ln0 = specinterface void @_ssdm_op_SpecInterface, i32 %mapchip_draw_xsize_c1, void @ap_fifo_str, i32 0, i32 0, void @p_str, i32 0, i32 0, void @p_str, void @p_str, void @p_str, i32 2, i32 2, i32 16, i32 16, void @p_str, void @p_str"   --->   Operation 51 'specinterface' 'specinterface_ln0' <Predicate = true> <Delay = 0.00>
ST_5 : Operation 52 [1/1] (0.00ns)   --->   "%empty_42 = specchannel i32 @_ssdm_op_SpecChannel, void @id_c_str, i32 1, void @p_str, void @p_str, i32 2, i32 0, i32 %id_c, i32 %id_c"   --->   Operation 52 'specchannel' 'empty_42' <Predicate = true> <Delay = 0.00>
ST_5 : Operation 53 [1/1] (0.00ns)   --->   "%specinterface_ln0 = specinterface void @_ssdm_op_SpecInterface, i32 %id_c, void @ap_fifo_str, i32 0, i32 0, void @p_str, i32 0, i32 0, void @p_str, void @p_str, void @p_str, i32 2, i32 2, i32 16, i32 16, void @p_str, void @p_str"   --->   Operation 53 'specinterface' 'specinterface_ln0' <Predicate = true> <Delay = 0.00>
ST_5 : Operation 54 [1/1] (0.00ns)   --->   "%empty_43 = specchannel i32 @_ssdm_op_SpecChannel, void @mapchip_maxheight_c_str, i32 1, void @p_str, void @p_str, i32 2, i32 0, i32 %mapchip_maxheight_c, i32 %mapchip_maxheight_c"   --->   Operation 54 'specchannel' 'empty_43' <Predicate = true> <Delay = 0.00>
ST_5 : Operation 55 [1/1] (0.00ns)   --->   "%specinterface_ln0 = specinterface void @_ssdm_op_SpecInterface, i32 %mapchip_maxheight_c, void @ap_fifo_str, i32 0, i32 0, void @p_str, i32 0, i32 0, void @p_str, void @p_str, void @p_str, i32 2, i32 2, i32 16, i32 16, void @p_str, void @p_str"   --->   Operation 55 'specinterface' 'specinterface_ln0' <Predicate = true> <Delay = 0.00>
ST_5 : Operation 56 [1/1] (0.00ns)   --->   "%empty_44 = specchannel i32 @_ssdm_op_SpecChannel, void @ystart_pos_c_str, i32 1, void @p_str, void @p_str, i32 2, i32 0, i32 %ystart_pos_c, i32 %ystart_pos_c"   --->   Operation 56 'specchannel' 'empty_44' <Predicate = true> <Delay = 0.00>
ST_5 : Operation 57 [1/1] (0.00ns)   --->   "%specinterface_ln0 = specinterface void @_ssdm_op_SpecInterface, i32 %ystart_pos_c, void @ap_fifo_str, i32 0, i32 0, void @p_str, i32 0, i32 0, void @p_str, void @p_str, void @p_str, i32 2, i32 2, i32 16, i32 16, void @p_str, void @p_str"   --->   Operation 57 'specinterface' 'specinterface_ln0' <Predicate = true> <Delay = 0.00>
ST_5 : Operation 58 [1/1] (0.00ns)   --->   "%empty_45 = specchannel i32 @_ssdm_op_SpecChannel, void @mapchip_maxwidth_c_str, i32 1, void @p_str, void @p_str, i32 2, i32 0, i32 %mapchip_maxwidth_c, i32 %mapchip_maxwidth_c"   --->   Operation 58 'specchannel' 'empty_45' <Predicate = true> <Delay = 0.00>
ST_5 : Operation 59 [1/1] (0.00ns)   --->   "%specinterface_ln0 = specinterface void @_ssdm_op_SpecInterface, i32 %mapchip_maxwidth_c, void @ap_fifo_str, i32 0, i32 0, void @p_str, i32 0, i32 0, void @p_str, void @p_str, void @p_str, i32 2, i32 2, i32 16, i32 16, void @p_str, void @p_str"   --->   Operation 59 'specinterface' 'specinterface_ln0' <Predicate = true> <Delay = 0.00>
ST_5 : Operation 60 [1/1] (0.00ns)   --->   "%empty_46 = specchannel i32 @_ssdm_op_SpecChannel, void @xstart_pos_c_str, i32 1, void @p_str, void @p_str, i32 2, i32 0, i32 %xstart_pos_c, i32 %xstart_pos_c"   --->   Operation 60 'specchannel' 'empty_46' <Predicate = true> <Delay = 0.00>
ST_5 : Operation 61 [1/1] (0.00ns)   --->   "%specinterface_ln0 = specinterface void @_ssdm_op_SpecInterface, i32 %xstart_pos_c, void @ap_fifo_str, i32 0, i32 0, void @p_str, i32 0, i32 0, void @p_str, void @p_str, void @p_str, i32 2, i32 2, i32 16, i32 16, void @p_str, void @p_str"   --->   Operation 61 'specinterface' 'specinterface_ln0' <Predicate = true> <Delay = 0.00>
ST_5 : Operation 62 [1/1] (0.00ns)   --->   "%empty_47 = specchannel i32 @_ssdm_op_SpecChannel, void @y_c_str, i32 1, void @p_str, void @p_str, i32 2, i32 0, i32 %y_c, i32 %y_c"   --->   Operation 62 'specchannel' 'empty_47' <Predicate = true> <Delay = 0.00>
ST_5 : Operation 63 [1/1] (0.00ns)   --->   "%specinterface_ln0 = specinterface void @_ssdm_op_SpecInterface, i32 %y_c, void @ap_fifo_str, i32 0, i32 0, void @p_str, i32 0, i32 0, void @p_str, void @p_str, void @p_str, i32 2, i32 2, i32 16, i32 16, void @p_str, void @p_str"   --->   Operation 63 'specinterface' 'specinterface_ln0' <Predicate = true> <Delay = 0.00>
ST_5 : Operation 64 [1/1] (0.00ns)   --->   "%empty_48 = specchannel i32 @_ssdm_op_SpecChannel, void @y_c2_str, i32 1, void @p_str, void @p_str, i32 2, i32 0, i32 %y_c2, i32 %y_c2"   --->   Operation 64 'specchannel' 'empty_48' <Predicate = true> <Delay = 0.00>
ST_5 : Operation 65 [1/1] (0.00ns)   --->   "%specinterface_ln0 = specinterface void @_ssdm_op_SpecInterface, i32 %y_c2, void @ap_fifo_str, i32 0, i32 0, void @p_str, i32 0, i32 0, void @p_str, void @p_str, void @p_str, i32 2, i32 2, i32 16, i32 16, void @p_str, void @p_str"   --->   Operation 65 'specinterface' 'specinterface_ln0' <Predicate = true> <Delay = 0.00>
ST_5 : Operation 66 [1/1] (0.00ns)   --->   "%empty_49 = specchannel i32 @_ssdm_op_SpecChannel, void @srcin_c_str, i32 1, void @p_str, void @p_str, i32 2, i32 0, i64 %srcin_c, i64 %srcin_c"   --->   Operation 66 'specchannel' 'empty_49' <Predicate = true> <Delay = 0.00>
ST_5 : Operation 67 [1/1] (0.00ns)   --->   "%specinterface_ln0 = specinterface void @_ssdm_op_SpecInterface, i64 %srcin_c, void @ap_fifo_str, i32 0, i32 0, void @p_str, i32 0, i32 0, void @p_str, void @p_str, void @p_str, i32 2, i32 2, i32 16, i32 16, void @p_str, void @p_str"   --->   Operation 67 'specinterface' 'specinterface_ln0' <Predicate = true> <Delay = 0.00>
ST_5 : Operation 68 [1/1] (0.00ns)   --->   "%empty_50 = specchannel i32 @_ssdm_op_SpecChannel, void @frame_size_c_str, i32 1, void @p_str, void @p_str, i32 2, i32 0, i32 %frame_size_c, i32 %frame_size_c"   --->   Operation 68 'specchannel' 'empty_50' <Predicate = true> <Delay = 0.00>
ST_5 : Operation 69 [1/1] (0.00ns)   --->   "%specinterface_ln0 = specinterface void @_ssdm_op_SpecInterface, i32 %frame_size_c, void @ap_fifo_str, i32 0, i32 0, void @p_str, i32 0, i32 0, void @p_str, void @p_str, void @p_str, i32 2, i32 2, i32 16, i32 16, void @p_str, void @p_str"   --->   Operation 69 'specinterface' 'specinterface_ln0' <Predicate = true> <Delay = 0.00>
ST_5 : Operation 70 [1/1] (0.00ns)   --->   "%empty_51 = specchannel i32 @_ssdm_op_SpecChannel, void @frame_size_c3_str, i32 1, void @p_str, void @p_str, i32 3, i32 0, i32 %frame_size_c3, i32 %frame_size_c3"   --->   Operation 70 'specchannel' 'empty_51' <Predicate = true> <Delay = 0.00>
ST_5 : Operation 71 [1/1] (0.00ns)   --->   "%specinterface_ln0 = specinterface void @_ssdm_op_SpecInterface, i32 %frame_size_c3, void @ap_fifo_str, i32 0, i32 0, void @p_str, i32 0, i32 0, void @p_str, void @p_str, void @p_str, i32 2, i32 2, i32 16, i32 16, void @p_str, void @p_str"   --->   Operation 71 'specinterface' 'specinterface_ln0' <Predicate = true> <Delay = 0.00>
ST_5 : Operation 72 [1/1] (0.00ns)   --->   "%empty_52 = specchannel i32 @_ssdm_op_SpecChannel, void @dstin_c_str, i32 1, void @p_str, void @p_str, i32 2, i32 0, i64 %dstin_c, i64 %dstin_c"   --->   Operation 72 'specchannel' 'empty_52' <Predicate = true> <Delay = 0.00>
ST_5 : Operation 73 [1/1] (0.00ns)   --->   "%specinterface_ln0 = specinterface void @_ssdm_op_SpecInterface, i64 %dstin_c, void @ap_fifo_str, i32 0, i32 0, void @p_str, i32 0, i32 0, void @p_str, void @p_str, void @p_str, i32 2, i32 2, i32 16, i32 16, void @p_str, void @p_str"   --->   Operation 73 'specinterface' 'specinterface_ln0' <Predicate = true> <Delay = 0.00>
ST_5 : Operation 74 [1/1] (0.00ns)   --->   "%empty_53 = specchannel i32 @_ssdm_op_SpecChannel, void @dstout_c_str, i32 1, void @p_str, void @p_str, i32 3, i32 0, i64 %dstout_c, i64 %dstout_c"   --->   Operation 74 'specchannel' 'empty_53' <Predicate = true> <Delay = 0.00>
ST_5 : Operation 75 [1/1] (0.00ns)   --->   "%specinterface_ln0 = specinterface void @_ssdm_op_SpecInterface, i64 %dstout_c, void @ap_fifo_str, i32 0, i32 0, void @p_str, i32 0, i32 0, void @p_str, void @p_str, void @p_str, i32 2, i32 2, i32 16, i32 16, void @p_str, void @p_str"   --->   Operation 75 'specinterface' 'specinterface_ln0' <Predicate = true> <Delay = 0.00>
ST_5 : Operation 76 [1/1] (0.00ns)   --->   "%empty_54 = specchannel i32 @_ssdm_op_SpecChannel, void @crip_c_str, i32 1, void @p_str, void @p_str, i32 3, i32 0, i24 %crip_c, i24 %crip_c"   --->   Operation 76 'specchannel' 'empty_54' <Predicate = true> <Delay = 0.00>
ST_5 : Operation 77 [1/1] (0.00ns)   --->   "%specinterface_ln0 = specinterface void @_ssdm_op_SpecInterface, i24 %crip_c, void @ap_fifo_str, i32 0, i32 0, void @p_str, i32 0, i32 0, void @p_str, void @p_str, void @p_str, i32 2, i32 2, i32 16, i32 16, void @p_str, void @p_str"   --->   Operation 77 'specinterface' 'specinterface_ln0' <Predicate = true> <Delay = 0.00>
ST_5 : Operation 78 [1/1] (0.00ns)   --->   "%empty_55 = specchannel i32 @_ssdm_op_SpecChannel, void @alpha_c_str, i32 1, void @p_str, void @p_str, i32 3, i32 0, i8 %alpha_c, i8 %alpha_c"   --->   Operation 78 'specchannel' 'empty_55' <Predicate = true> <Delay = 0.00>
ST_5 : Operation 79 [1/1] (0.00ns)   --->   "%specinterface_ln0 = specinterface void @_ssdm_op_SpecInterface, i8 %alpha_c, void @ap_fifo_str, i32 0, i32 0, void @p_str, i32 0, i32 0, void @p_str, void @p_str, void @p_str, i32 2, i32 2, i32 16, i32 16, void @p_str, void @p_str"   --->   Operation 79 'specinterface' 'specinterface_ln0' <Predicate = true> <Delay = 0.00>
ST_5 : Operation 80 [1/1] (0.00ns)   --->   "%empty_56 = specchannel i32 @_ssdm_op_SpecChannel, void @mapchip_draw_xsize_c4_str, i32 1, void @p_str, void @p_str, i32 2, i32 0, i32 %mapchip_draw_xsize_c4, i32 %mapchip_draw_xsize_c4"   --->   Operation 80 'specchannel' 'empty_56' <Predicate = true> <Delay = 0.00>
ST_5 : Operation 81 [1/1] (0.00ns)   --->   "%specinterface_ln0 = specinterface void @_ssdm_op_SpecInterface, i32 %mapchip_draw_xsize_c4, void @ap_fifo_str, i32 0, i32 0, void @p_str, i32 0, i32 0, void @p_str, void @p_str, void @p_str, i32 2, i32 2, i32 16, i32 16, void @p_str, void @p_str"   --->   Operation 81 'specinterface' 'specinterface_ln0' <Predicate = true> <Delay = 0.00>
ST_5 : Operation 82 [1/1] (0.00ns)   --->   "%empty_57 = specchannel i32 @_ssdm_op_SpecChannel, void @y_c5_str, i32 1, void @p_str, void @p_str, i32 2, i32 0, i32 %y_c5, i32 %y_c5"   --->   Operation 82 'specchannel' 'empty_57' <Predicate = true> <Delay = 0.00>
ST_5 : Operation 83 [1/1] (0.00ns)   --->   "%specinterface_ln0 = specinterface void @_ssdm_op_SpecInterface, i32 %y_c5, void @ap_fifo_str, i32 0, i32 0, void @p_str, i32 0, i32 0, void @p_str, void @p_str, void @p_str, i32 2, i32 2, i32 16, i32 16, void @p_str, void @p_str"   --->   Operation 83 'specinterface' 'specinterface_ln0' <Predicate = true> <Delay = 0.00>
ST_5 : Operation 84 [1/2] (0.00ns)   --->   "%call_ln0 = call void @dstout_loop_proc, i32 %mapchip_draw_xsize_c4, i32 %y_c5, i32 %frame_size_c3, i64 %dstout_c, i32 %dst, i24 %src_V, i32 %dst_V, i24 %crip_c, i8 %alpha_c"   --->   Operation 84 'call' 'call_ln0' <Predicate = true> <Delay = 0.00> <CoreType = "Generic">   --->   Core 0 '' <Latency = 0> <II = 1> <Delay = 1.00> <Generic> <Opcode : >
ST_5 : Operation 85 [1/1] (0.00ns)   --->   "%ret_ln0 = ret"   --->   Operation 85 'ret' 'ret_ln0' <Predicate = true> <Delay = 0.00>


============================================================
+ Verbose Summary: Timing violations
============================================================
Target clock period: 10ns, clock uncertainty: 2.7ns.

 <State 1>: 3.63ns
The critical path consists of the following:
	wire read on port 'alpha' [16]  (0 ns)
	'call' operation ('call_ln0') to 'dataflow_in_loop_height_loop.entry6' [84]  (3.63 ns)

 <State 2>: 0ns
The critical path consists of the following:

 <State 3>: 0ns
The critical path consists of the following:

 <State 4>: 0ns
The critical path consists of the following:

 <State 5>: 0ns
The critical path consists of the following:


============================================================
+ Verbose Summary: Binding
============================================================
N/A
* FSMD analyzer results:
  - Output states:
 - Input state : 
  - Chain level:
	State 1
	State 2
	State 3
	State 4
	State 5


============================================================
+ Verbose Summary: Datapath Resource usage 
============================================================
N/A
