

================================================================
== Vitis HLS Report for 'src_loop_proc'
================================================================
* Date:           Sat Jul 10 10:01:56 2021

* Version:        2020.2 (Build 3064766 on Wed Nov 18 09:12:47 MST 2020)
* Project:        mapchip
* Solution:       solution1 (Vivado IP Flow Target)
* Product family: zynq
* Target device:  xc7z020-clg400-1


================================================================
== Performance Estimates
================================================================
+ Timing: 
    * Summary: 
    +--------+----------+----------+------------+
    |  Clock |  Target  | Estimated| Uncertainty|
    +--------+----------+----------+------------+
    |ap_clk  |  10.00 ns|  7.300 ns|     2.70 ns|
    +--------+----------+----------+------------+

+ Latency: 
    * Summary: 
    +---------+---------+----------+----------+-----+-----+---------+
    |  Latency (cycles) |  Latency (absolute) |  Interval | Pipeline|
    |   min   |   max   |    min   |    max   | min | max |   Type  |
    +---------+---------+----------+----------+-----+-----+---------+
    |       18|      657|  0.180 us|  6.570 us|   18|  657|     none|
    +---------+---------+----------+----------+-----+-----+---------+

    + Detail: 
        * Instance: 
        N/A

        * Loop: 
        +------------+---------+---------+----------+-----------+-----------+---------+----------+
        |            |  Latency (cycles) | Iteration|  Initiation Interval  |   Trip  |          |
        |  Loop Name |   min   |   max   |  Latency |  achieved |   target  |  Count  | Pipelined|
        +------------+---------+---------+----------+-----------+-----------+---------+----------+
        |- src_loop  |        2|      641|         3|          1|          1|  1 ~ 640|       yes|
        +------------+---------+---------+----------+-----------+-----------+---------+----------+

============================================================
+ Verbose Summary: Synthesis Manager
============================================================
InlineROM: 1
ExposeGlobal: 0
============================================================
+ Verbose Summary: CDFG Model
============================================================
IsTopModel: 0
ResetActiveHigh: 1
IsCombinational: 2
IsDatapathOnly: 0
HasWiredReturn: 1
HasMFsm: 0
HasVarLatency: 1
IsPipeline: 0
IsRtlPipelined: 0
IsInstanceOverlapped: 0
IsDontTouch: 0
HasImplIP: 0
IsGatedGlobalClock: 0

+ Individual pipeline summary: 
  * Pipeline-0: initiation interval (II) = 1, depth = 3


============================================================
+ Verbose Summary: Schedule
============================================================
* Number of FSM states : 19
* Pipeline : 1
  Pipeline-0 : II = 1, D = 3, States = { 16 17 18 }
* Dataflow Pipeline: 0

* FSM state transitions: 
1 --> 2 
2 --> 3 
3 --> 4 
4 --> 5 
5 --> 6 
6 --> 7 
7 --> 8 
8 --> 9 
9 --> 10 
10 --> 11 
11 --> 12 
12 --> 13 
13 --> 14 
14 --> 15 
15 --> 16 
16 --> 19 17 
17 --> 18 
18 --> 16 
19 --> 

* FSM state operations: 

State 1 <SV = 0> <Delay = 7.26>
ST_1 : Operation 20 [1/1] (3.63ns)   --->   "%mapchip_draw_xsize_read = read i32 @_ssdm_op_Read.ap_fifo.i32P0A, i32 %mapchip_draw_xsize"   --->   Operation 20 'read' 'mapchip_draw_xsize_read' <Predicate = true> <Delay = 3.63> <CoreInst = "FIFO_SRL">   --->   Core 81 'FIFO_SRL' <Latency = 0> <II = 1> <Delay = 3.63> <Storage> <Opcode : 'read' 'write' 'nbread' 'nbwrite'> <Ports = 0> <Width = 32> <Depth = 2> <FIFO>
ST_1 : Operation 21 [1/1] (3.63ns)   --->   "%id_read = read i32 @_ssdm_op_Read.ap_fifo.i32P0A, i32 %id"   --->   Operation 21 'read' 'id_read' <Predicate = true> <Delay = 3.63> <CoreInst = "FIFO_SRL">   --->   Core 81 'FIFO_SRL' <Latency = 0> <II = 1> <Delay = 3.63> <Storage> <Opcode : 'read' 'write' 'nbread' 'nbwrite'> <Ports = 0> <Width = 32> <Depth = 2> <FIFO>
ST_1 : Operation 22 [1/1] (3.63ns)   --->   "%mapchip_maxheight_read = read i32 @_ssdm_op_Read.ap_fifo.i32P0A, i32 %mapchip_maxheight"   --->   Operation 22 'read' 'mapchip_maxheight_read' <Predicate = true> <Delay = 3.63> <CoreInst = "FIFO_SRL">   --->   Core 81 'FIFO_SRL' <Latency = 0> <II = 1> <Delay = 3.63> <Storage> <Opcode : 'read' 'write' 'nbread' 'nbwrite'> <Ports = 0> <Width = 32> <Depth = 2> <FIFO>
ST_1 : Operation 23 [1/1] (3.63ns)   --->   "%ystart_pos_read = read i32 @_ssdm_op_Read.ap_fifo.i32P0A, i32 %ystart_pos"   --->   Operation 23 'read' 'ystart_pos_read' <Predicate = true> <Delay = 3.63> <CoreInst = "FIFO_SRL">   --->   Core 81 'FIFO_SRL' <Latency = 0> <II = 1> <Delay = 3.63> <Storage> <Opcode : 'read' 'write' 'nbread' 'nbwrite'> <Ports = 0> <Width = 32> <Depth = 2> <FIFO>
ST_1 : Operation 24 [1/1] (3.63ns)   --->   "%mapchip_maxwidth_read = read i32 @_ssdm_op_Read.ap_fifo.i32P0A, i32 %mapchip_maxwidth"   --->   Operation 24 'read' 'mapchip_maxwidth_read' <Predicate = true> <Delay = 3.63> <CoreInst = "FIFO_SRL">   --->   Core 81 'FIFO_SRL' <Latency = 0> <II = 1> <Delay = 3.63> <Storage> <Opcode : 'read' 'write' 'nbread' 'nbwrite'> <Ports = 0> <Width = 32> <Depth = 2> <FIFO>
ST_1 : Operation 25 [1/1] (3.63ns)   --->   "%xstart_pos_read = read i32 @_ssdm_op_Read.ap_fifo.i32P0A, i32 %xstart_pos"   --->   Operation 25 'read' 'xstart_pos_read' <Predicate = true> <Delay = 3.63> <CoreInst = "FIFO_SRL">   --->   Core 81 'FIFO_SRL' <Latency = 0> <II = 1> <Delay = 3.63> <Storage> <Opcode : 'read' 'write' 'nbread' 'nbwrite'> <Ports = 0> <Width = 32> <Depth = 2> <FIFO>
ST_1 : Operation 26 [1/1] (3.63ns)   --->   "%y_read = read i32 @_ssdm_op_Read.ap_fifo.i32P0A, i32 %y" [mapchip.cpp:71]   --->   Operation 26 'read' 'y_read' <Predicate = true> <Delay = 3.63> <CoreInst = "FIFO_SRL">   --->   Core 81 'FIFO_SRL' <Latency = 0> <II = 1> <Delay = 3.63> <Storage> <Opcode : 'read' 'write' 'nbread' 'nbwrite'> <Ports = 0> <Width = 32> <Depth = 2> <FIFO>
ST_1 : Operation 27 [1/1] (3.63ns)   --->   "%srcin_read = read i64 @_ssdm_op_Read.ap_fifo.i64P0A, i64 %srcin"   --->   Operation 27 'read' 'srcin_read' <Predicate = true> <Delay = 3.63> <CoreInst = "FIFO_SRL">   --->   Core 81 'FIFO_SRL' <Latency = 0> <II = 1> <Delay = 3.63> <Storage> <Opcode : 'read' 'write' 'nbread' 'nbwrite'> <Ports = 0> <Width = 64> <Depth = 2> <FIFO>
ST_1 : Operation 28 [1/1] (3.63ns)   --->   "%write_ln878 = write void @_ssdm_op_Write.ap_fifo.i32P0A, i32 %mapchip_draw_xsize_out, i32 %mapchip_draw_xsize_read"   --->   Operation 28 'write' 'write_ln878' <Predicate = true> <Delay = 3.63> <CoreInst = "FIFO_SRL">   --->   Core 81 'FIFO_SRL' <Latency = 0> <II = 1> <Delay = 3.63> <Storage> <Opcode : 'read' 'write' 'nbread' 'nbwrite'> <Ports = 0> <Width = 32> <Depth = 2> <FIFO>
ST_1 : Operation 29 [1/1] (3.63ns)   --->   "%write_ln71 = write void @_ssdm_op_Write.ap_fifo.i32P0A, i32 %y_out, i32 %y_read" [mapchip.cpp:71]   --->   Operation 29 'write' 'write_ln71' <Predicate = true> <Delay = 3.63> <CoreInst = "FIFO_SRL">   --->   Core 81 'FIFO_SRL' <Latency = 0> <II = 1> <Delay = 3.63> <Storage> <Opcode : 'read' 'write' 'nbread' 'nbwrite'> <Ports = 0> <Width = 32> <Depth = 2> <FIFO>

State 2 <SV = 1> <Delay = 6.91>
ST_2 : Operation 30 [2/2] (6.91ns)   --->   "%mul_ln208 = mul i32 %id_read, i32 %mapchip_maxheight_read"   --->   Operation 30 'mul' 'mul_ln208' <Predicate = true> <Delay = 6.91> <CoreInst = "Multiplier">   --->   Core 3 'Multiplier' <Latency = 1> <II = 1> <Delay = 6.91> <FuncUnit> <Opcode : 'mul'> <InPorts = 2> <OutPorts = 1>

State 3 <SV = 2> <Delay = 6.91>
ST_3 : Operation 31 [1/2] (6.91ns)   --->   "%mul_ln208 = mul i32 %id_read, i32 %mapchip_maxheight_read"   --->   Operation 31 'mul' 'mul_ln208' <Predicate = true> <Delay = 6.91> <CoreInst = "Multiplier">   --->   Core 3 'Multiplier' <Latency = 1> <II = 1> <Delay = 6.91> <FuncUnit> <Opcode : 'mul'> <InPorts = 2> <OutPorts = 1>

State 4 <SV = 3> <Delay = 2.55>
ST_4 : Operation 32 [1/1] (2.55ns)   --->   "%tmp_i = add i32 %ystart_pos_read, i32 %mul_ln208"   --->   Operation 32 'add' 'tmp_i' <Predicate = true> <Delay = 2.55> <CoreInst = "Adder">   --->   Core 1 'Adder' <Latency = 0> <II = 1> <Delay = 3.52> <FuncUnit> <Opcode : 'add' 'sub'> <InPorts = 2> <OutPorts = 1>

State 5 <SV = 4> <Delay = 6.91>
ST_5 : Operation 33 [2/2] (6.91ns)   --->   "%tmp6_i = mul i32 %mapchip_maxwidth_read, i32 %tmp_i"   --->   Operation 33 'mul' 'tmp6_i' <Predicate = true> <Delay = 6.91> <CoreInst = "Multiplier">   --->   Core 3 'Multiplier' <Latency = 1> <II = 1> <Delay = 6.91> <FuncUnit> <Opcode : 'mul'> <InPorts = 2> <OutPorts = 1>
ST_5 : Operation 34 [1/1] (0.00ns)   --->   "%zext_ln71 = zext i32 %y_read" [mapchip.cpp:71]   --->   Operation 34 'zext' 'zext_ln71' <Predicate = true> <Delay = 0.00>
ST_5 : Operation 35 [1/1] (0.00ns)   --->   "%mapchip_maxwidth_cast_i = zext i32 %mapchip_maxwidth_read"   --->   Operation 35 'zext' 'mapchip_maxwidth_cast_i' <Predicate = true> <Delay = 0.00>
ST_5 : Operation 36 [2/2] (6.91ns)   --->   "%mul_ln534 = mul i62 %zext_ln71, i62 %mapchip_maxwidth_cast_i"   --->   Operation 36 'mul' 'mul_ln534' <Predicate = true> <Delay = 6.91> <CoreInst = "Multiplier">   --->   Core 3 'Multiplier' <Latency = 1> <II = 1> <Delay = 6.91> <FuncUnit> <Opcode : 'mul'> <InPorts = 2> <OutPorts = 1>

State 6 <SV = 5> <Delay = 6.91>
ST_6 : Operation 37 [1/2] (6.91ns)   --->   "%tmp6_i = mul i32 %mapchip_maxwidth_read, i32 %tmp_i"   --->   Operation 37 'mul' 'tmp6_i' <Predicate = true> <Delay = 6.91> <CoreInst = "Multiplier">   --->   Core 3 'Multiplier' <Latency = 1> <II = 1> <Delay = 6.91> <FuncUnit> <Opcode : 'mul'> <InPorts = 2> <OutPorts = 1>
ST_6 : Operation 38 [1/2] (6.91ns)   --->   "%mul_ln534 = mul i62 %zext_ln71, i62 %mapchip_maxwidth_cast_i"   --->   Operation 38 'mul' 'mul_ln534' <Predicate = true> <Delay = 6.91> <CoreInst = "Multiplier">   --->   Core 3 'Multiplier' <Latency = 1> <II = 1> <Delay = 6.91> <FuncUnit> <Opcode : 'mul'> <InPorts = 2> <OutPorts = 1>

State 7 <SV = 6> <Delay = 6.02>
ST_7 : Operation 39 [1/1] (2.55ns)   --->   "%add_ln208 = add i32 %xstart_pos_read, i32 %tmp6_i"   --->   Operation 39 'add' 'add_ln208' <Predicate = true> <Delay = 2.55> <CoreInst = "Adder">   --->   Core 1 'Adder' <Latency = 0> <II = 1> <Delay = 3.52> <FuncUnit> <Opcode : 'add' 'sub'> <InPorts = 2> <OutPorts = 1>
ST_7 : Operation 40 [1/1] (0.00ns)   --->   "%zext_ln534 = zext i32 %add_ln208"   --->   Operation 40 'zext' 'zext_ln534' <Predicate = true> <Delay = 0.00>
ST_7 : Operation 41 [1/1] (3.46ns)   --->   "%add_ln324 = add i62 %mul_ln534, i62 %zext_ln534"   --->   Operation 41 'add' 'add_ln324' <Predicate = true> <Delay = 3.46> <CoreInst = "Adder">   --->   Core 1 'Adder' <Latency = 0> <II = 1> <Delay = 3.52> <FuncUnit> <Opcode : 'add' 'sub'> <InPorts = 2> <OutPorts = 1>

State 8 <SV = 7> <Delay = 3.52>
ST_8 : Operation 42 [1/1] (0.00ns)   --->   "%shl_ln324_1 = bitconcatenate i64 @_ssdm_op_BitConcatenate.i64.i62.i2, i62 %add_ln324, i2 0"   --->   Operation 42 'bitconcatenate' 'shl_ln324_1' <Predicate = true> <Delay = 0.00>
ST_8 : Operation 43 [1/1] (3.52ns)   --->   "%add_ln324_1 = add i64 %srcin_read, i64 %shl_ln324_1"   --->   Operation 43 'add' 'add_ln324_1' <Predicate = true> <Delay = 3.52> <CoreInst = "Adder">   --->   Core 1 'Adder' <Latency = 0> <II = 1> <Delay = 3.52> <FuncUnit> <Opcode : 'add' 'sub'> <InPorts = 2> <OutPorts = 1>
ST_8 : Operation 44 [1/1] (0.00ns)   --->   "%trunc_ln324_2 = partselect i62 @_ssdm_op_PartSelect.i62.i64.i32.i32, i64 %add_ln324_1, i32 2, i32 63"   --->   Operation 44 'partselect' 'trunc_ln324_2' <Predicate = true> <Delay = 0.00>
ST_8 : Operation 45 [1/1] (0.00ns)   --->   "%sext_ln324 = sext i62 %trunc_ln324_2"   --->   Operation 45 'sext' 'sext_ln324' <Predicate = true> <Delay = 0.00>
ST_8 : Operation 46 [1/1] (0.00ns)   --->   "%src_addr = getelementptr i32 %src, i64 %sext_ln324"   --->   Operation 46 'getelementptr' 'src_addr' <Predicate = true> <Delay = 0.00>

State 9 <SV = 8> <Delay = 7.30>
ST_9 : Operation 47 [7/7] (7.30ns)   --->   "%src_addr_1_rd_req = readreq i1 @_ssdm_op_ReadReq.m_axi.i32P1A, i32 %src_addr, i32 %mapchip_draw_xsize_read"   --->   Operation 47 'readreq' 'src_addr_1_rd_req' <Predicate = true> <Delay = 7.30> <CoreInst = "m_axi">   --->   Core 113 'm_axi' <Latency = 6> <II = 1> <Delay = 1.00> <Adapter> <Opcode : 'read' 'write' 'readreq' 'writereq' 'writeresp'>

State 10 <SV = 9> <Delay = 7.30>
ST_10 : Operation 48 [6/7] (7.30ns)   --->   "%src_addr_1_rd_req = readreq i1 @_ssdm_op_ReadReq.m_axi.i32P1A, i32 %src_addr, i32 %mapchip_draw_xsize_read"   --->   Operation 48 'readreq' 'src_addr_1_rd_req' <Predicate = true> <Delay = 7.30> <CoreInst = "m_axi">   --->   Core 113 'm_axi' <Latency = 6> <II = 1> <Delay = 1.00> <Adapter> <Opcode : 'read' 'write' 'readreq' 'writereq' 'writeresp'>

State 11 <SV = 10> <Delay = 7.30>
ST_11 : Operation 49 [5/7] (7.30ns)   --->   "%src_addr_1_rd_req = readreq i1 @_ssdm_op_ReadReq.m_axi.i32P1A, i32 %src_addr, i32 %mapchip_draw_xsize_read"   --->   Operation 49 'readreq' 'src_addr_1_rd_req' <Predicate = true> <Delay = 7.30> <CoreInst = "m_axi">   --->   Core 113 'm_axi' <Latency = 6> <II = 1> <Delay = 1.00> <Adapter> <Opcode : 'read' 'write' 'readreq' 'writereq' 'writeresp'>

State 12 <SV = 11> <Delay = 7.30>
ST_12 : Operation 50 [4/7] (7.30ns)   --->   "%src_addr_1_rd_req = readreq i1 @_ssdm_op_ReadReq.m_axi.i32P1A, i32 %src_addr, i32 %mapchip_draw_xsize_read"   --->   Operation 50 'readreq' 'src_addr_1_rd_req' <Predicate = true> <Delay = 7.30> <CoreInst = "m_axi">   --->   Core 113 'm_axi' <Latency = 6> <II = 1> <Delay = 1.00> <Adapter> <Opcode : 'read' 'write' 'readreq' 'writereq' 'writeresp'>

State 13 <SV = 12> <Delay = 7.30>
ST_13 : Operation 51 [3/7] (7.30ns)   --->   "%src_addr_1_rd_req = readreq i1 @_ssdm_op_ReadReq.m_axi.i32P1A, i32 %src_addr, i32 %mapchip_draw_xsize_read"   --->   Operation 51 'readreq' 'src_addr_1_rd_req' <Predicate = true> <Delay = 7.30> <CoreInst = "m_axi">   --->   Core 113 'm_axi' <Latency = 6> <II = 1> <Delay = 1.00> <Adapter> <Opcode : 'read' 'write' 'readreq' 'writereq' 'writeresp'>

State 14 <SV = 13> <Delay = 7.30>
ST_14 : Operation 52 [2/7] (7.30ns)   --->   "%src_addr_1_rd_req = readreq i1 @_ssdm_op_ReadReq.m_axi.i32P1A, i32 %src_addr, i32 %mapchip_draw_xsize_read"   --->   Operation 52 'readreq' 'src_addr_1_rd_req' <Predicate = true> <Delay = 7.30> <CoreInst = "m_axi">   --->   Core 113 'm_axi' <Latency = 6> <II = 1> <Delay = 1.00> <Adapter> <Opcode : 'read' 'write' 'readreq' 'writereq' 'writeresp'>

State 15 <SV = 14> <Delay = 7.30>
ST_15 : Operation 53 [1/1] (0.00ns)   --->   "%specinterface_ln0 = specinterface void @_ssdm_op_SpecInterface, i32 %src, void @empty_4, i32 0, i32 0, void @empty_23, i32 0, i32 307200, void @empty_2, void @empty_14, void @empty_23, i32 16, i32 16, i32 32, i32 16, void @empty_23, void @empty_23"   --->   Operation 53 'specinterface' 'specinterface_ln0' <Predicate = true> <Delay = 0.00>
ST_15 : Operation 54 [1/1] (0.00ns)   --->   "%specinterface_ln0 = specinterface void @_ssdm_op_SpecInterface, i64 %srcin, void @ap_fifo_str, i32 0, i32 0, void @p_str, i32 0, i32 0, void @p_str, void @p_str, void @p_str, i32 2, i32 2, i32 16, i32 16, void @p_str, void @ScalarProp_str"   --->   Operation 54 'specinterface' 'specinterface_ln0' <Predicate = true> <Delay = 0.00>
ST_15 : Operation 55 [1/1] (0.00ns)   --->   "%specinterface_ln0 = specinterface void @_ssdm_op_SpecInterface, i32 %y, void @ap_fifo_str, i32 0, i32 0, void @p_str, i32 0, i32 0, void @p_str, void @p_str, void @p_str, i32 2, i32 2, i32 16, i32 16, void @p_str, void @ScalarProp_str"   --->   Operation 55 'specinterface' 'specinterface_ln0' <Predicate = true> <Delay = 0.00>
ST_15 : Operation 56 [1/1] (0.00ns)   --->   "%specinterface_ln0 = specinterface void @_ssdm_op_SpecInterface, i32 %xstart_pos, void @ap_fifo_str, i32 0, i32 0, void @p_str, i32 0, i32 0, void @p_str, void @p_str, void @p_str, i32 2, i32 2, i32 16, i32 16, void @p_str, void @ScalarProp_str"   --->   Operation 56 'specinterface' 'specinterface_ln0' <Predicate = true> <Delay = 0.00>
ST_15 : Operation 57 [1/1] (0.00ns)   --->   "%specinterface_ln0 = specinterface void @_ssdm_op_SpecInterface, i32 %mapchip_maxwidth, void @ap_fifo_str, i32 0, i32 0, void @p_str, i32 0, i32 0, void @p_str, void @p_str, void @p_str, i32 2, i32 2, i32 16, i32 16, void @p_str, void @ScalarProp_str"   --->   Operation 57 'specinterface' 'specinterface_ln0' <Predicate = true> <Delay = 0.00>
ST_15 : Operation 58 [1/1] (0.00ns)   --->   "%specinterface_ln0 = specinterface void @_ssdm_op_SpecInterface, i32 %ystart_pos, void @ap_fifo_str, i32 0, i32 0, void @p_str, i32 0, i32 0, void @p_str, void @p_str, void @p_str, i32 2, i32 2, i32 16, i32 16, void @p_str, void @ScalarProp_str"   --->   Operation 58 'specinterface' 'specinterface_ln0' <Predicate = true> <Delay = 0.00>
ST_15 : Operation 59 [1/1] (0.00ns)   --->   "%specinterface_ln0 = specinterface void @_ssdm_op_SpecInterface, i32 %mapchip_maxheight, void @ap_fifo_str, i32 0, i32 0, void @p_str, i32 0, i32 0, void @p_str, void @p_str, void @p_str, i32 2, i32 2, i32 16, i32 16, void @p_str, void @ScalarProp_str"   --->   Operation 59 'specinterface' 'specinterface_ln0' <Predicate = true> <Delay = 0.00>
ST_15 : Operation 60 [1/1] (0.00ns)   --->   "%specinterface_ln0 = specinterface void @_ssdm_op_SpecInterface, i32 %id, void @ap_fifo_str, i32 0, i32 0, void @p_str, i32 0, i32 0, void @p_str, void @p_str, void @p_str, i32 2, i32 2, i32 16, i32 16, void @p_str, void @ScalarProp_str"   --->   Operation 60 'specinterface' 'specinterface_ln0' <Predicate = true> <Delay = 0.00>
ST_15 : Operation 61 [1/1] (0.00ns)   --->   "%specinterface_ln0 = specinterface void @_ssdm_op_SpecInterface, i32 %mapchip_draw_xsize, void @ap_fifo_str, i32 0, i32 0, void @p_str, i32 0, i32 0, void @p_str, void @p_str, void @p_str, i32 2, i32 2, i32 16, i32 16, void @p_str, void @ScalarProp_str"   --->   Operation 61 'specinterface' 'specinterface_ln0' <Predicate = true> <Delay = 0.00>
ST_15 : Operation 62 [1/1] (0.00ns)   --->   "%specinterface_ln0 = specinterface void @_ssdm_op_SpecInterface, i32 %mapchip_draw_xsize_out, void @ap_fifo_str, i32 0, i32 0, void @p_str, i32 0, i32 0, void @p_str, void @p_str, void @p_str, i32 2, i32 2, i32 16, i32 16, void @p_str, void @ScalarProp_str"   --->   Operation 62 'specinterface' 'specinterface_ln0' <Predicate = true> <Delay = 0.00>
ST_15 : Operation 63 [1/1] (0.00ns)   --->   "%specinterface_ln0 = specinterface void @_ssdm_op_SpecInterface, i32 %y_out, void @ap_fifo_str, i32 0, i32 0, void @p_str, i32 0, i32 0, void @p_str, void @p_str, void @p_str, i32 2, i32 2, i32 16, i32 16, void @p_str, void @ScalarProp_str"   --->   Operation 63 'specinterface' 'specinterface_ln0' <Predicate = true> <Delay = 0.00>
ST_15 : Operation 64 [1/1] (0.00ns)   --->   "%specinterface_ln0 = specinterface void @_ssdm_op_SpecInterface, i32 %src, void @empty_4, i32 0, i32 0, void @empty_23, i32 0, i32 307200, void @empty_2, void @empty_14, void @empty_23, i32 16, i32 16, i32 32, i32 16, void @empty_23, void @empty_23"   --->   Operation 64 'specinterface' 'specinterface_ln0' <Predicate = true> <Delay = 0.00>
ST_15 : Operation 65 [1/7] (7.30ns)   --->   "%src_addr_1_rd_req = readreq i1 @_ssdm_op_ReadReq.m_axi.i32P1A, i32 %src_addr, i32 %mapchip_draw_xsize_read"   --->   Operation 65 'readreq' 'src_addr_1_rd_req' <Predicate = true> <Delay = 7.30> <CoreInst = "m_axi">   --->   Core 113 'm_axi' <Latency = 6> <II = 1> <Delay = 1.00> <Adapter> <Opcode : 'read' 'write' 'readreq' 'writereq' 'writeresp'>
ST_15 : Operation 66 [1/1] (1.58ns)   --->   "%br_ln0 = br void"   --->   Operation 66 'br' 'br_ln0' <Predicate = true> <Delay = 1.58>

State 16 <SV = 15> <Delay = 2.55>
ST_16 : Operation 67 [1/1] (0.00ns)   --->   "%x = phi i32 %add_ln73, void, i32 0, void %entry"   --->   Operation 67 'phi' 'x' <Predicate = true> <Delay = 0.00>
ST_16 : Operation 68 [1/1] (2.55ns)   --->   "%add_ln73 = add i32 %x, i32 1" [mapchip.cpp:73]   --->   Operation 68 'add' 'add_ln73' <Predicate = true> <Delay = 2.55> <CoreInst = "Adder">   --->   Core 1 'Adder' <Latency = 0> <II = 1> <Delay = 3.52> <FuncUnit> <Opcode : 'add' 'sub'> <InPorts = 2> <OutPorts = 1>
ST_16 : Operation 69 [1/1] (2.47ns)   --->   "%icmp_ln878 = icmp_eq  i32 %x, i32 %mapchip_draw_xsize_read"   --->   Operation 69 'icmp' 'icmp_ln878' <Predicate = true> <Delay = 2.47> <CoreInst = "Cmp">   --->   Core 9 'Cmp' <Latency = 0> <II = 1> <Delay = 2.47> <FuncUnit> <Opcode : 'icmp'> <InPorts = 2> <OutPorts = 1>
ST_16 : Operation 70 [1/1] (0.00ns)   --->   "%br_ln73 = br i1 %icmp_ln878, void, void %.exit" [mapchip.cpp:73]   --->   Operation 70 'br' 'br_ln73' <Predicate = true> <Delay = 0.00>

State 17 <SV = 16> <Delay = 7.30>
ST_17 : Operation 71 [1/1] (7.30ns)   --->   "%src_addr_read = read i32 @_ssdm_op_Read.m_axi.i32P1A, i32 %src_addr"   --->   Operation 71 'read' 'src_addr_read' <Predicate = (!icmp_ln878)> <Delay = 7.30> <CoreInst = "m_axi">   --->   Core 113 'm_axi' <Latency = 6> <II = 1> <Delay = 1.00> <Adapter> <Opcode : 'read' 'write' 'readreq' 'writereq' 'writeresp'>
ST_17 : Operation 72 [1/1] (0.00ns)   --->   "%trunc_ln324 = trunc i32 %src_addr_read"   --->   Operation 72 'trunc' 'trunc_ln324' <Predicate = (!icmp_ln878)> <Delay = 0.00>

State 18 <SV = 17> <Delay = 3.25>
ST_18 : Operation 73 [1/1] (0.00ns)   --->   "%zext_ln73 = zext i32 %x" [mapchip.cpp:73]   --->   Operation 73 'zext' 'zext_ln73' <Predicate = (!icmp_ln878)> <Delay = 0.00>
ST_18 : Operation 74 [1/1] (0.00ns)   --->   "%specpipeline_ln1461 = specpipeline void @_ssdm_op_SpecPipeline, i32 4294967295, i32 0, i32 0, i32 0, void @empty_23"   --->   Operation 74 'specpipeline' 'specpipeline_ln1461' <Predicate = (!icmp_ln878)> <Delay = 0.00>
ST_18 : Operation 75 [1/1] (0.00ns)   --->   "%speclooptripcount_ln1461 = speclooptripcount void @_ssdm_op_SpecLoopTripCount, i64 1, i64 640, i64 240"   --->   Operation 75 'speclooptripcount' 'speclooptripcount_ln1461' <Predicate = (!icmp_ln878)> <Delay = 0.00>
ST_18 : Operation 76 [1/1] (0.00ns)   --->   "%specloopname_ln1461 = specloopname void @_ssdm_op_SpecLoopName, void @empty_12"   --->   Operation 76 'specloopname' 'specloopname_ln1461' <Predicate = (!icmp_ln878)> <Delay = 0.00>
ST_18 : Operation 77 [1/1] (0.00ns)   --->   "%src_V1_addr = getelementptr i24 %src_V1, i64 0, i64 %zext_ln73"   --->   Operation 77 'getelementptr' 'src_V1_addr' <Predicate = (!icmp_ln878)> <Delay = 0.00>
ST_18 : Operation 78 [1/1] (3.25ns)   --->   "%store_ln324 = store i24 %trunc_ln324, i10 %src_V1_addr"   --->   Operation 78 'store' 'store_ln324' <Predicate = (!icmp_ln878)> <Delay = 3.25> <CoreInst = "RAM">   --->   Core 82 'RAM' <Latency = 1> <II = 1> <Delay = 3.25> <Storage> <Opcode : 'load' 'store'> <Ports = 2> <Width = 24> <Depth = 640> <RAM>
ST_18 : Operation 79 [1/1] (0.00ns)   --->   "%br_ln73 = br void" [mapchip.cpp:73]   --->   Operation 79 'br' 'br_ln73' <Predicate = (!icmp_ln878)> <Delay = 0.00>

State 19 <SV = 16> <Delay = 0.00>
ST_19 : Operation 80 [1/1] (0.00ns)   --->   "%ret_ln0 = ret"   --->   Operation 80 'ret' 'ret_ln0' <Predicate = true> <Delay = 0.00>


============================================================
+ Verbose Summary: Timing violations
============================================================
Target clock period: 10ns, clock uncertainty: 2.7ns.

 <State 1>: 7.27ns
The critical path consists of the following:
	fifo read on port 'mapchip_draw_xsize' [22]  (3.63 ns)
	fifo write on port 'mapchip_draw_xsize_out' [31]  (3.63 ns)

 <State 2>: 6.91ns
The critical path consists of the following:
	'mul' operation ('mul_ln208') [35]  (6.91 ns)

 <State 3>: 6.91ns
The critical path consists of the following:
	'mul' operation ('mul_ln208') [35]  (6.91 ns)

 <State 4>: 2.55ns
The critical path consists of the following:
	'add' operation ('tmp_i') [36]  (2.55 ns)

 <State 5>: 6.91ns
The critical path consists of the following:
	'mul' operation ('tmp6_i') [37]  (6.91 ns)

 <State 6>: 6.91ns
The critical path consists of the following:
	'mul' operation ('tmp6_i') [37]  (6.91 ns)

 <State 7>: 6.02ns
The critical path consists of the following:
	'add' operation ('add_ln208') [38]  (2.55 ns)
	'add' operation ('add_ln324') [43]  (3.47 ns)

 <State 8>: 3.52ns
The critical path consists of the following:
	'add' operation ('add_ln324_1') [45]  (3.52 ns)

 <State 9>: 7.3ns
The critical path consists of the following:
	bus request on port 'src' [49]  (7.3 ns)

 <State 10>: 7.3ns
The critical path consists of the following:
	bus request on port 'src' [49]  (7.3 ns)

 <State 11>: 7.3ns
The critical path consists of the following:
	bus request on port 'src' [49]  (7.3 ns)

 <State 12>: 7.3ns
The critical path consists of the following:
	bus request on port 'src' [49]  (7.3 ns)

 <State 13>: 7.3ns
The critical path consists of the following:
	bus request on port 'src' [49]  (7.3 ns)

 <State 14>: 7.3ns
The critical path consists of the following:
	bus request on port 'src' [49]  (7.3 ns)

 <State 15>: 7.3ns
The critical path consists of the following:
	bus request on port 'src' [49]  (7.3 ns)

 <State 16>: 2.55ns
The critical path consists of the following:
	'phi' operation ('x') with incoming values : ('add_ln73', mapchip.cpp:73) [52]  (0 ns)
	'add' operation ('add_ln73', mapchip.cpp:73) [53]  (2.55 ns)

 <State 17>: 7.3ns
The critical path consists of the following:
	bus read on port 'src' [61]  (7.3 ns)

 <State 18>: 3.25ns
The critical path consists of the following:
	'getelementptr' operation ('src_V1_addr') [63]  (0 ns)
	'store' operation ('store_ln324') of variable 'trunc_ln324' on array 'src_V1' [64]  (3.25 ns)

 <State 19>: 0ns
The critical path consists of the following:


============================================================
+ Verbose Summary: Binding
============================================================
N/A
* FSMD analyzer results:
  - Output states:
 - Input state : 
  - Chain level:
	State 1
	State 2
	State 3
	State 4
	State 5
	State 6
	State 7
	State 8
	State 9
	State 10
	State 11
	State 12
	State 13
	State 14
	State 15
	State 16
	State 17
	State 18
	State 19


============================================================
+ Verbose Summary: Datapath Resource usage 
============================================================
N/A
