

================================================================
== Synthesis Summary Report of 'framebuffer_copy'
================================================================
+ General Information: 
    * Date:           Sun May 16 17:14:35 2021
    * Version:        2020.2 (Build 3064766 on Wed Nov 18 09:12:47 MST 2020)
    * Project:        framebuffer_copy
    * Solution:       solution1 (Vivado IP Flow Target)
    * Product family: zynq
    * Target device:  xc7z020-clg400-1
    

+ Performance & Resource Estimates: 
    
    PS: '+' for module; 'o' for loop; '*' for dataflow
    +---------------------------------------------+--------+-------+---------+-----------+----------+---------+------+----------+--------+----+-----------+-----------+-----+
    |                   Modules                   |  Issue |       | Latency |  Latency  | Iteration|         | Trip |          |        |    |           |           |     |
    |                   & Loops                   |  Type  | Slack | (cycles)|    (ns)   |  Latency | Interval| Count| Pipelined|  BRAM  | DSP|     FF    |    LUT    | URAM|
    +---------------------------------------------+--------+-------+---------+-----------+----------+---------+------+----------+--------+----+-----------+-----------+-----+
    |+ framebuffer_copy                           |  Timing|   2.87|   314094|  3.193e+06|         -|   314095|     -|        no|  8 (2%)|   -|  3187 (2%)|  2752 (5%)|    -|
    | + grp_dataflow_in_loop_height_loop_fu_124*  |  Timing|   2.87|     1304|  1.326e+04|         -|      653|     -|  dataflow|  4 (1%)|   -|  1365 (1%)|   978 (1%)|    -|
    |  + grp_copy_loop_proc_fu_116                |  Timing|   0.00|      651|  6.618e+03|         -|      651|     -|        no|       -|   -|  532 (~0%)|  352 (~0%)|    -|
    |   o copy_loop                               |       -|  -7.30|      641|  6.516e+03|         3|        1|   640|       yes|       -|   -|          -|          -|    -|
    |  + grp_width_loop_proc5_fu_127              |  Timing|   0.00|      652|  6.628e+03|         -|      652|     -|        no|       -|   -|  437 (~0%)|  352 (~0%)|    -|
    |   o width_loop                              |       -|  -7.30|      641|  6.516e+03|         3|        1|   640|       yes|       -|   -|          -|          -|    -|
    | o height_loop                               |       -|  -7.30|   314093|  3.193e+06|      1307|        -|   480|        no|       -|   -|          -|          -|    -|
    +---------------------------------------------+--------+-------+---------+-----------+----------+---------+------+----------+--------+----+-----------+-----------+-----+

