

================================================================
== Vitis HLS Report for 'dstout_loop_proc'
================================================================
* Date:           Tue Jul 27 21:17:52 2021

* Version:        2020.2 (Build 3064766 on Wed Nov 18 09:12:47 MST 2020)
* Project:        mapchip_png
* Solution:       solution1 (Vivado IP Flow Target)
* Product family: zynq
* Target device:  xc7z020-clg400-1


================================================================
== Performance Estimates
================================================================
+ Timing: 
    * Summary: 
    +--------+----------+----------+------------+
    |  Clock |  Target  | Estimated| Uncertainty|
    +--------+----------+----------+------------+
    |ap_clk  |  10.00 ns|  7.300 ns|     2.70 ns|
    +--------+----------+----------+------------+

+ Latency: 
    * Summary: 
    +---------+---------+----------+----------+-----+-----+---------+
    |  Latency (cycles) |  Latency (absolute) |  Interval | Pipeline|
    |   min   |   max   |    min   |    max   | min | max |   Type  |
    +---------+---------+----------+----------+-----+-----+---------+
    |       21|      660|  0.210 us|  6.600 us|   21|  660|     none|
    +---------+---------+----------+----------+-----+-----+---------+

    + Detail: 
        * Instance: 
        N/A

        * Loop: 
        +---------------+---------+---------+----------+-----------+-----------+---------+----------+
        |               |  Latency (cycles) | Iteration|  Initiation Interval  |   Trip  |          |
        |   Loop Name   |   min   |   max   |  Latency |  achieved |   target  |  Count  | Pipelined|
        +---------------+---------+---------+----------+-----------+-----------+---------+----------+
        |- dstout_loop  |       11|      650|        12|          1|          1|  1 ~ 640|       yes|
        +---------------+---------+---------+----------+-----------+-----------+---------+----------+

============================================================
+ Verbose Summary: Synthesis Manager
============================================================
InlineROM: 1
ExposeGlobal: 0
============================================================
+ Verbose Summary: CDFG Model
============================================================
IsTopModel: 0
ResetActiveHigh: 1
IsCombinational: 2
IsDatapathOnly: 0
HasWiredReturn: 1
HasMFsm: 0
HasVarLatency: 1
IsPipeline: 0
IsRtlPipelined: 0
IsInstanceOverlapped: 0
IsDontTouch: 0
HasImplIP: 0
IsGatedGlobalClock: 0

+ Individual pipeline summary: 
  * Pipeline-0: initiation interval (II) = 1, depth = 12


============================================================
+ Verbose Summary: Schedule
============================================================
* Number of FSM states : 22
* Pipeline : 1
  Pipeline-0 : II = 1, D = 12, States = { 6 7 8 9 10 11 12 13 14 15 16 17 }
* Dataflow Pipeline: 0

* FSM state transitions: 
1 --> 2 
2 --> 3 
3 --> 4 
4 --> 5 
5 --> 6 
6 --> 18 7 
7 --> 8 
8 --> 9 
9 --> 10 
10 --> 11 
11 --> 12 
12 --> 13 
13 --> 14 
14 --> 15 
15 --> 16 
16 --> 17 
17 --> 6 
18 --> 19 
19 --> 20 
20 --> 21 
21 --> 22 
22 --> 

* FSM state operations: 

State 1 <SV = 0> <Delay = 3.63>
ST_1 : Operation 23 [1/1] (3.63ns)   --->   "%mapchip_draw_xsize_read = read i32 @_ssdm_op_Read.ap_fifo.i32P0A, i32 %mapchip_draw_xsize"   --->   Operation 23 'read' 'mapchip_draw_xsize_read' <Predicate = true> <Delay = 3.63> <CoreInst = "FIFO_SRL">   --->   Core 81 'FIFO_SRL' <Latency = 0> <II = 1> <Delay = 3.63> <Storage> <Opcode : 'read' 'write' 'nbread' 'nbwrite'> <Ports = 0> <Width = 32> <Depth = 2> <FIFO>
ST_1 : Operation 24 [1/1] (3.63ns)   --->   "%alpha_read = read i8 @_ssdm_op_Read.ap_fifo.i8P0A, i8 %alpha" [mapchip_png.cpp:63]   --->   Operation 24 'read' 'alpha_read' <Predicate = true> <Delay = 3.63> <CoreInst = "FIFO_SRL">   --->   Core 81 'FIFO_SRL' <Latency = 0> <II = 1> <Delay = 3.63> <Storage> <Opcode : 'read' 'write' 'nbread' 'nbwrite'> <Ports = 0> <Width = 8> <Depth = 3> <FIFO>
ST_1 : Operation 25 [1/1] (3.63ns)   --->   "%y_read = read i32 @_ssdm_op_Read.ap_fifo.i32P0A, i32 %y" [mapchip_png.cpp:63]   --->   Operation 25 'read' 'y_read' <Predicate = true> <Delay = 3.63> <CoreInst = "FIFO_SRL">   --->   Core 81 'FIFO_SRL' <Latency = 0> <II = 1> <Delay = 3.63> <Storage> <Opcode : 'read' 'write' 'nbread' 'nbwrite'> <Ports = 0> <Width = 32> <Depth = 2> <FIFO>
ST_1 : Operation 26 [1/1] (3.63ns)   --->   "%frame_size_read = read i32 @_ssdm_op_Read.ap_fifo.i32P0A, i32 %frame_size" [mapchip_png.cpp:63]   --->   Operation 26 'read' 'frame_size_read' <Predicate = true> <Delay = 3.63> <CoreInst = "FIFO_SRL">   --->   Core 81 'FIFO_SRL' <Latency = 0> <II = 1> <Delay = 3.63> <Storage> <Opcode : 'read' 'write' 'nbread' 'nbwrite'> <Ports = 0> <Width = 32> <Depth = 3> <FIFO>
ST_1 : Operation 27 [1/1] (3.63ns)   --->   "%dstout_read = read i64 @_ssdm_op_Read.ap_fifo.i64P0A, i64 %dstout"   --->   Operation 27 'read' 'dstout_read' <Predicate = true> <Delay = 3.63> <CoreInst = "FIFO_SRL">   --->   Core 81 'FIFO_SRL' <Latency = 0> <II = 1> <Delay = 3.63> <Storage> <Opcode : 'read' 'write' 'nbread' 'nbwrite'> <Ports = 0> <Width = 64> <Depth = 3> <FIFO>

State 2 <SV = 1> <Delay = 6.91>
ST_2 : Operation 28 [1/1] (0.00ns)   --->   "%zext_ln63_1 = zext i32 %y_read" [mapchip_png.cpp:63]   --->   Operation 28 'zext' 'zext_ln63_1' <Predicate = true> <Delay = 0.00>
ST_2 : Operation 29 [1/1] (0.00ns)   --->   "%zext_ln63_2 = zext i32 %frame_size_read" [mapchip_png.cpp:63]   --->   Operation 29 'zext' 'zext_ln63_2' <Predicate = true> <Delay = 0.00>
ST_2 : Operation 30 [2/2] (6.91ns)   --->   "%mul_i_i70_i = mul i62 %zext_ln63_1, i62 %zext_ln63_2" [mapchip_png.cpp:63]   --->   Operation 30 'mul' 'mul_i_i70_i' <Predicate = true> <Delay = 6.91> <CoreInst = "Multiplier">   --->   Core 3 'Multiplier' <Latency = 1> <II = 1> <Delay = 6.91> <FuncUnit> <Opcode : 'mul'> <InPorts = 2> <OutPorts = 1>

State 3 <SV = 2> <Delay = 6.91>
ST_3 : Operation 31 [1/2] (6.91ns)   --->   "%mul_i_i70_i = mul i62 %zext_ln63_1, i62 %zext_ln63_2" [mapchip_png.cpp:63]   --->   Operation 31 'mul' 'mul_i_i70_i' <Predicate = true> <Delay = 6.91> <CoreInst = "Multiplier">   --->   Core 3 'Multiplier' <Latency = 1> <II = 1> <Delay = 6.91> <FuncUnit> <Opcode : 'mul'> <InPorts = 2> <OutPorts = 1>

State 4 <SV = 3> <Delay = 3.52>
ST_4 : Operation 32 [1/1] (0.00ns)   --->   "%shl_ln329_1 = bitconcatenate i64 @_ssdm_op_BitConcatenate.i64.i62.i2, i62 %mul_i_i70_i, i2 0"   --->   Operation 32 'bitconcatenate' 'shl_ln329_1' <Predicate = true> <Delay = 0.00>
ST_4 : Operation 33 [1/1] (3.52ns)   --->   "%add_ln329 = add i64 %dstout_read, i64 %shl_ln329_1"   --->   Operation 33 'add' 'add_ln329' <Predicate = true> <Delay = 3.52> <CoreInst = "Adder">   --->   Core 1 'Adder' <Latency = 0> <II = 1> <Delay = 3.52> <FuncUnit> <Opcode : 'add' 'sub'> <InPorts = 2> <OutPorts = 1>
ST_4 : Operation 34 [1/1] (0.00ns)   --->   "%trunc_ln329_1 = partselect i62 @_ssdm_op_PartSelect.i62.i64.i32.i32, i64 %add_ln329, i32 2, i32 63"   --->   Operation 34 'partselect' 'trunc_ln329_1' <Predicate = true> <Delay = 0.00>
ST_4 : Operation 35 [1/1] (0.00ns)   --->   "%sext_ln329 = sext i62 %trunc_ln329_1"   --->   Operation 35 'sext' 'sext_ln329' <Predicate = true> <Delay = 0.00>
ST_4 : Operation 36 [1/1] (0.00ns)   --->   "%dst_addr = getelementptr i32 %dst, i64 %sext_ln329"   --->   Operation 36 'getelementptr' 'dst_addr' <Predicate = true> <Delay = 0.00>

State 5 <SV = 4> <Delay = 7.30>
ST_5 : Operation 37 [1/1] (0.00ns)   --->   "%specinterface_ln0 = specinterface void @_ssdm_op_SpecInterface, i32 %dst, void @empty_4, i32 0, i32 0, void @empty_22, i32 0, i32 307200, void @empty_21, void @empty_13, void @empty_22, i32 16, i32 16, i32 32, i32 32, void @empty_22, void @empty_22"   --->   Operation 37 'specinterface' 'specinterface_ln0' <Predicate = true> <Delay = 0.00>
ST_5 : Operation 38 [1/1] (0.00ns)   --->   "%specinterface_ln0 = specinterface void @_ssdm_op_SpecInterface, i64 %dstout, void @ap_fifo_str, i32 0, i32 0, void @p_str, i32 0, i32 0, void @p_str, void @p_str, void @p_str, i32 2, i32 2, i32 16, i32 16, void @p_str, void @ScalarProp_str"   --->   Operation 38 'specinterface' 'specinterface_ln0' <Predicate = true> <Delay = 0.00>
ST_5 : Operation 39 [1/1] (0.00ns)   --->   "%specinterface_ln0 = specinterface void @_ssdm_op_SpecInterface, i32 %frame_size, void @ap_fifo_str, i32 0, i32 0, void @p_str, i32 0, i32 0, void @p_str, void @p_str, void @p_str, i32 2, i32 2, i32 16, i32 16, void @p_str, void @ScalarProp_str"   --->   Operation 39 'specinterface' 'specinterface_ln0' <Predicate = true> <Delay = 0.00>
ST_5 : Operation 40 [1/1] (0.00ns)   --->   "%specinterface_ln0 = specinterface void @_ssdm_op_SpecInterface, i32 %y, void @ap_fifo_str, i32 0, i32 0, void @p_str, i32 0, i32 0, void @p_str, void @p_str, void @p_str, i32 2, i32 2, i32 16, i32 16, void @p_str, void @ScalarProp_str"   --->   Operation 40 'specinterface' 'specinterface_ln0' <Predicate = true> <Delay = 0.00>
ST_5 : Operation 41 [1/1] (0.00ns)   --->   "%specinterface_ln0 = specinterface void @_ssdm_op_SpecInterface, i8 %alpha, void @ap_fifo_str, i32 0, i32 0, void @p_str, i32 0, i32 0, void @p_str, void @p_str, void @p_str, i32 2, i32 2, i32 16, i32 16, void @p_str, void @ScalarProp_str"   --->   Operation 41 'specinterface' 'specinterface_ln0' <Predicate = true> <Delay = 0.00>
ST_5 : Operation 42 [1/1] (0.00ns)   --->   "%specinterface_ln0 = specinterface void @_ssdm_op_SpecInterface, i32 %mapchip_draw_xsize, void @ap_fifo_str, i32 0, i32 0, void @p_str, i32 0, i32 0, void @p_str, void @p_str, void @p_str, i32 2, i32 2, i32 16, i32 16, void @p_str, void @ScalarProp_str"   --->   Operation 42 'specinterface' 'specinterface_ln0' <Predicate = true> <Delay = 0.00>
ST_5 : Operation 43 [1/1] (0.00ns)   --->   "%specinterface_ln0 = specinterface void @_ssdm_op_SpecInterface, i32 %dst, void @empty_4, i32 0, i32 0, void @empty_22, i32 0, i32 307200, void @empty_21, void @empty_13, void @empty_22, i32 16, i32 16, i32 32, i32 32, void @empty_22, void @empty_22"   --->   Operation 43 'specinterface' 'specinterface_ln0' <Predicate = true> <Delay = 0.00>
ST_5 : Operation 44 [1/1] (0.00ns)   --->   "%zext_ln63 = zext i8 %alpha_read" [mapchip_png.cpp:63]   --->   Operation 44 'zext' 'zext_ln63' <Predicate = true> <Delay = 0.00>
ST_5 : Operation 45 [1/1] (7.30ns)   --->   "%dst_addr_1_wr_req = writereq i1 @_ssdm_op_WriteReq.m_axi.i32P1A, i32 %dst_addr, i32 %mapchip_draw_xsize_read"   --->   Operation 45 'writereq' 'dst_addr_1_wr_req' <Predicate = true> <Delay = 7.30> <CoreInst = "m_axi">   --->   Core 113 'm_axi' <Latency = 6> <II = 1> <Delay = 1.00> <Adapter> <Opcode : 'read' 'write' 'readreq' 'writereq' 'writeresp'>
ST_5 : Operation 46 [1/1] (1.58ns)   --->   "%br_ln0 = br void %.split285.i.i"   --->   Operation 46 'br' 'br_ln0' <Predicate = true> <Delay = 1.58>

State 6 <SV = 5> <Delay = 3.25>
ST_6 : Operation 47 [1/1] (0.00ns)   --->   "%x = phi i32 %add_ln75, void, i32 0, void %entry" [mapchip_png.cpp:75]   --->   Operation 47 'phi' 'x' <Predicate = true> <Delay = 0.00>
ST_6 : Operation 48 [1/1] (2.55ns)   --->   "%add_ln75 = add i32 %x, i32 1" [mapchip_png.cpp:75]   --->   Operation 48 'add' 'add_ln75' <Predicate = true> <Delay = 2.55> <CoreInst = "Adder">   --->   Core 1 'Adder' <Latency = 0> <II = 1> <Delay = 3.52> <FuncUnit> <Opcode : 'add' 'sub'> <InPorts = 2> <OutPorts = 1>
ST_6 : Operation 49 [1/1] (2.47ns)   --->   "%icmp_ln878 = icmp_eq  i32 %x, i32 %mapchip_draw_xsize_read"   --->   Operation 49 'icmp' 'icmp_ln878' <Predicate = true> <Delay = 2.47> <CoreInst = "Cmp">   --->   Core 9 'Cmp' <Latency = 0> <II = 1> <Delay = 2.47> <FuncUnit> <Opcode : 'icmp'> <InPorts = 2> <OutPorts = 1>
ST_6 : Operation 50 [1/1] (0.00ns)   --->   "%br_ln75 = br i1 %icmp_ln878, void, void %.exit" [mapchip_png.cpp:75]   --->   Operation 50 'br' 'br_ln75' <Predicate = true> <Delay = 0.00>
ST_6 : Operation 51 [1/1] (0.00ns)   --->   "%zext_ln75 = zext i32 %x" [mapchip_png.cpp:75]   --->   Operation 51 'zext' 'zext_ln75' <Predicate = (!icmp_ln878)> <Delay = 0.00>
ST_6 : Operation 52 [1/1] (0.00ns)   --->   "%src_V1_addr = getelementptr i32 %src_V1, i64 0, i64 %zext_ln75" [mapchip_png.cpp:77]   --->   Operation 52 'getelementptr' 'src_V1_addr' <Predicate = (!icmp_ln878)> <Delay = 0.00>
ST_6 : Operation 53 [2/2] (3.25ns)   --->   "%src_V = load i10 %src_V1_addr" [mapchip_png.cpp:77]   --->   Operation 53 'load' 'src_V' <Predicate = (!icmp_ln878)> <Delay = 3.25> <CoreInst = "RAM">   --->   Core 82 'RAM' <Latency = 1> <II = 1> <Delay = 3.25> <Storage> <Opcode : 'load' 'store'> <Ports = 2> <Width = 32> <Depth = 640> <RAM>

State 7 <SV = 6> <Delay = 3.25>
ST_7 : Operation 54 [1/2] (3.25ns)   --->   "%src_V = load i10 %src_V1_addr" [mapchip_png.cpp:77]   --->   Operation 54 'load' 'src_V' <Predicate = (!icmp_ln878)> <Delay = 3.25> <CoreInst = "RAM">   --->   Core 82 'RAM' <Latency = 1> <II = 1> <Delay = 3.25> <Storage> <Opcode : 'load' 'store'> <Ports = 2> <Width = 32> <Depth = 640> <RAM>
ST_7 : Operation 55 [1/1] (0.00ns)   --->   "%src_g_V = trunc i32 %src_V" [mapchip_png.cpp:77]   --->   Operation 55 'trunc' 'src_g_V' <Predicate = (!icmp_ln878)> <Delay = 0.00>
ST_7 : Operation 56 [1/1] (0.00ns)   --->   "%trunc_ln = partselect i8 @_ssdm_op_PartSelect.i8.i32.i32.i32, i32 %src_V, i32 24, i32 31"   --->   Operation 56 'partselect' 'trunc_ln' <Predicate = (!icmp_ln878)> <Delay = 0.00>
ST_7 : Operation 57 [1/1] (0.00ns)   --->   "%trunc_ln1 = partselect i8 @_ssdm_op_PartSelect.i8.i32.i32.i32, i32 %src_V, i32 16, i32 23" [mapchip_png.cpp:22]   --->   Operation 57 'partselect' 'trunc_ln1' <Predicate = (!icmp_ln878)> <Delay = 0.00>
ST_7 : Operation 58 [1/1] (0.00ns)   --->   "%r = partselect i8 @_ssdm_op_PartSelect.i8.i32.i32.i32, i32 %src_V, i32 8, i32 15"   --->   Operation 58 'partselect' 'r' <Predicate = (!icmp_ln878)> <Delay = 0.00>

State 8 <SV = 7> <Delay = 6.32>
ST_8 : Operation 59 [1/1] (0.00ns)   --->   "%zext_ln24 = zext i8 %src_g_V" [mapchip_png.cpp:24]   --->   Operation 59 'zext' 'zext_ln24' <Predicate = (!icmp_ln878)> <Delay = 0.00>
ST_8 : Operation 60 [1/1] (0.00ns)   --->   "%zext_ln22 = zext i8 %trunc_ln1" [mapchip_png.cpp:22]   --->   Operation 60 'zext' 'zext_ln22' <Predicate = (!icmp_ln878)> <Delay = 0.00>
ST_8 : Operation 61 [1/1] (0.00ns)   --->   "%zext_ln1497 = zext i8 %r"   --->   Operation 61 'zext' 'zext_ln1497' <Predicate = (!icmp_ln878)> <Delay = 0.00>
ST_8 : Operation 62 [1/1] (4.17ns)   --->   "%mul_ln1364 = mul i16 %zext_ln22, i16 %zext_ln63"   --->   Operation 62 'mul' 'mul_ln1364' <Predicate = (!icmp_ln878)> <Delay = 4.17> <CoreInst = "Multiplier">   --->   Core 3 'Multiplier' <Latency = 1> <II = 1> <Delay = 6.91> <FuncUnit> <Opcode : 'mul'> <InPorts = 2> <OutPorts = 1>
ST_8 : Operation 63 [1/1] (0.00ns)   --->   "%zext_ln213 = zext i16 %mul_ln1364"   --->   Operation 63 'zext' 'zext_ln213' <Predicate = (!icmp_ln878)> <Delay = 0.00>
ST_8 : Operation 64 [4/4] (2.15ns) (root node of the DSP)   --->   "%mul_ln213 = mul i33 %zext_ln213, i33 65794"   --->   Operation 64 'mul' 'mul_ln213' <Predicate = (!icmp_ln878)> <Delay = 2.15> <CoreInst = "DSP48">   --->   Core 119 'DSP48' <Latency = 3> <II = 1> <Delay = 2.15> <IPBlock> <Opcode : 'mul' 'add' 'sub' 'select'> <InPorts = 0> <OutPorts = 1> <Sync> <CReg>
ST_8 : Operation 65 [1/1] (4.17ns)   --->   "%mul_ln1364_1 = mul i16 %zext_ln1497, i16 %zext_ln63"   --->   Operation 65 'mul' 'mul_ln1364_1' <Predicate = (!icmp_ln878)> <Delay = 4.17> <CoreInst = "Multiplier">   --->   Core 3 'Multiplier' <Latency = 1> <II = 1> <Delay = 6.91> <FuncUnit> <Opcode : 'mul'> <InPorts = 2> <OutPorts = 1>
ST_8 : Operation 66 [1/1] (0.00ns)   --->   "%zext_ln213_2 = zext i16 %mul_ln1364_1"   --->   Operation 66 'zext' 'zext_ln213_2' <Predicate = (!icmp_ln878)> <Delay = 0.00>
ST_8 : Operation 67 [4/4] (2.15ns) (root node of the DSP)   --->   "%mul_ln213_1 = mul i33 %zext_ln213_2, i33 65794"   --->   Operation 67 'mul' 'mul_ln213_1' <Predicate = (!icmp_ln878)> <Delay = 2.15> <CoreInst = "DSP48">   --->   Core 119 'DSP48' <Latency = 3> <II = 1> <Delay = 2.15> <IPBlock> <Opcode : 'mul' 'add' 'sub' 'select'> <InPorts = 0> <OutPorts = 1> <Sync> <CReg>
ST_8 : Operation 68 [1/1] (4.17ns)   --->   "%mul_ln1364_2 = mul i16 %zext_ln24, i16 %zext_ln63"   --->   Operation 68 'mul' 'mul_ln1364_2' <Predicate = (!icmp_ln878)> <Delay = 4.17> <CoreInst = "Multiplier">   --->   Core 3 'Multiplier' <Latency = 1> <II = 1> <Delay = 6.91> <FuncUnit> <Opcode : 'mul'> <InPorts = 2> <OutPorts = 1>
ST_8 : Operation 69 [1/1] (0.00ns)   --->   "%zext_ln213_4 = zext i16 %mul_ln1364_2"   --->   Operation 69 'zext' 'zext_ln213_4' <Predicate = (!icmp_ln878)> <Delay = 0.00>
ST_8 : Operation 70 [4/4] (2.15ns) (root node of the DSP)   --->   "%mul_ln213_2 = mul i33 %zext_ln213_4, i33 65794"   --->   Operation 70 'mul' 'mul_ln213_2' <Predicate = (!icmp_ln878)> <Delay = 2.15> <CoreInst = "DSP48">   --->   Core 119 'DSP48' <Latency = 3> <II = 1> <Delay = 2.15> <IPBlock> <Opcode : 'mul' 'add' 'sub' 'select'> <InPorts = 0> <OutPorts = 1> <Sync> <CReg>

State 9 <SV = 8> <Delay = 3.25>
ST_9 : Operation 71 [1/1] (0.00ns)   --->   "%dst_V2_addr = getelementptr i24 %dst_V2, i64 0, i64 %zext_ln75" [mapchip_png.cpp:77]   --->   Operation 71 'getelementptr' 'dst_V2_addr' <Predicate = (!icmp_ln878)> <Delay = 0.00>
ST_9 : Operation 72 [2/2] (3.25ns)   --->   "%dst_V = load i10 %dst_V2_addr" [mapchip_png.cpp:77]   --->   Operation 72 'load' 'dst_V' <Predicate = (!icmp_ln878)> <Delay = 3.25> <CoreInst = "RAM">   --->   Core 82 'RAM' <Latency = 1> <II = 1> <Delay = 3.25> <Storage> <Opcode : 'load' 'store'> <Ports = 2> <Width = 24> <Depth = 640> <RAM>
ST_9 : Operation 73 [3/4] (2.15ns) (root node of the DSP)   --->   "%mul_ln213 = mul i33 %zext_ln213, i33 65794"   --->   Operation 73 'mul' 'mul_ln213' <Predicate = (!icmp_ln878)> <Delay = 2.15> <CoreInst = "DSP48">   --->   Core 119 'DSP48' <Latency = 3> <II = 1> <Delay = 2.15> <IPBlock> <Opcode : 'mul' 'add' 'sub' 'select'> <InPorts = 0> <OutPorts = 1> <Sync> <CReg>
ST_9 : Operation 74 [3/4] (2.15ns) (root node of the DSP)   --->   "%mul_ln213_1 = mul i33 %zext_ln213_2, i33 65794"   --->   Operation 74 'mul' 'mul_ln213_1' <Predicate = (!icmp_ln878)> <Delay = 2.15> <CoreInst = "DSP48">   --->   Core 119 'DSP48' <Latency = 3> <II = 1> <Delay = 2.15> <IPBlock> <Opcode : 'mul' 'add' 'sub' 'select'> <InPorts = 0> <OutPorts = 1> <Sync> <CReg>
ST_9 : Operation 75 [3/4] (2.15ns) (root node of the DSP)   --->   "%mul_ln213_2 = mul i33 %zext_ln213_4, i33 65794"   --->   Operation 75 'mul' 'mul_ln213_2' <Predicate = (!icmp_ln878)> <Delay = 2.15> <CoreInst = "DSP48">   --->   Core 119 'DSP48' <Latency = 3> <II = 1> <Delay = 2.15> <IPBlock> <Opcode : 'mul' 'add' 'sub' 'select'> <InPorts = 0> <OutPorts = 1> <Sync> <CReg>

State 10 <SV = 9> <Delay = 4.30>
ST_10 : Operation 76 [1/2] (3.25ns)   --->   "%dst_V = load i10 %dst_V2_addr" [mapchip_png.cpp:77]   --->   Operation 76 'load' 'dst_V' <Predicate = (!icmp_ln878)> <Delay = 3.25> <CoreInst = "RAM">   --->   Core 82 'RAM' <Latency = 1> <II = 1> <Delay = 3.25> <Storage> <Opcode : 'load' 'store'> <Ports = 2> <Width = 24> <Depth = 640> <RAM>
ST_10 : Operation 77 [1/1] (0.00ns)   --->   "%dst_g_V_2 = trunc i24 %dst_V" [mapchip_png.cpp:77]   --->   Operation 77 'trunc' 'dst_g_V_2' <Predicate = (!icmp_ln878)> <Delay = 0.00>
ST_10 : Operation 78 [1/1] (0.00ns)   --->   "%zext_ln1345 = zext i8 %dst_g_V_2"   --->   Operation 78 'zext' 'zext_ln1345' <Predicate = (!icmp_ln878)> <Delay = 0.00>
ST_10 : Operation 79 [1/1] (0.00ns)   --->   "%trunc_ln1345_1 = partselect i8 @_ssdm_op_PartSelect.i8.i24.i32.i32, i24 %dst_V, i32 16, i32 23"   --->   Operation 79 'partselect' 'trunc_ln1345_1' <Predicate = (!icmp_ln878)> <Delay = 0.00>
ST_10 : Operation 80 [1/1] (0.00ns)   --->   "%zext_ln1345_2 = zext i8 %trunc_ln1345_1"   --->   Operation 80 'zext' 'zext_ln1345_2' <Predicate = (!icmp_ln878)> <Delay = 0.00>
ST_10 : Operation 81 [1/1] (0.00ns)   --->   "%r_1 = partselect i8 @_ssdm_op_PartSelect.i8.i24.i32.i32, i24 %dst_V, i32 8, i32 15"   --->   Operation 81 'partselect' 'r_1' <Predicate = (!icmp_ln878)> <Delay = 0.00>
ST_10 : Operation 82 [1/1] (0.00ns)   --->   "%zext_ln1497_1 = zext i8 %r_1"   --->   Operation 82 'zext' 'zext_ln1497_1' <Predicate = (!icmp_ln878)> <Delay = 0.00>
ST_10 : Operation 83 [2/4] (2.15ns) (root node of the DSP)   --->   "%mul_ln213 = mul i33 %zext_ln213, i33 65794"   --->   Operation 83 'mul' 'mul_ln213' <Predicate = (!icmp_ln878)> <Delay = 2.15> <CoreInst = "DSP48">   --->   Core 119 'DSP48' <Latency = 3> <II = 1> <Delay = 2.15> <IPBlock> <Opcode : 'mul' 'add' 'sub' 'select'> <InPorts = 0> <OutPorts = 1> <Sync> <CReg>
ST_10 : Operation 84 [2/4] (2.15ns) (root node of the DSP)   --->   "%mul_ln213_1 = mul i33 %zext_ln213_2, i33 65794"   --->   Operation 84 'mul' 'mul_ln213_1' <Predicate = (!icmp_ln878)> <Delay = 2.15> <CoreInst = "DSP48">   --->   Core 119 'DSP48' <Latency = 3> <II = 1> <Delay = 2.15> <IPBlock> <Opcode : 'mul' 'add' 'sub' 'select'> <InPorts = 0> <OutPorts = 1> <Sync> <CReg>
ST_10 : Operation 85 [2/4] (2.15ns) (root node of the DSP)   --->   "%mul_ln213_2 = mul i33 %zext_ln213_4, i33 65794"   --->   Operation 85 'mul' 'mul_ln213_2' <Predicate = (!icmp_ln878)> <Delay = 2.15> <CoreInst = "DSP48">   --->   Core 119 'DSP48' <Latency = 3> <II = 1> <Delay = 2.15> <IPBlock> <Opcode : 'mul' 'add' 'sub' 'select'> <InPorts = 0> <OutPorts = 1> <Sync> <CReg>
ST_10 : Operation 86 [1/1] (0.99ns)   --->   "%ret_9 = xor i8 %trunc_ln, i8 255"   --->   Operation 86 'xor' 'ret_9' <Predicate = (!icmp_ln878)> <Delay = 0.99> <CoreInst = "LogicGate">   --->   Core 74 'LogicGate' <Latency = 0> <II = 1> <Delay = 0.99> <FuncUnit> <Opcode : 'and' 'or' 'xor'> <InPorts = 2> <OutPorts = 1>
ST_10 : Operation 87 [1/1] (0.00ns)   --->   "%zext_ln1345_3 = zext i8 %ret_9"   --->   Operation 87 'zext' 'zext_ln1345_3' <Predicate = (!icmp_ln878)> <Delay = 0.00>
ST_10 : Operation 88 [3/3] (1.05ns) (grouped into DSP with root node ret_7)   --->   "%ret_14 = mul i16 %zext_ln1345_3, i16 %zext_ln1345"   --->   Operation 88 'mul' 'ret_14' <Predicate = (!icmp_ln878)> <Delay = 1.05> <CoreInst = "DSP48">   --->   Core 119 'DSP48' <Latency = 3> <II = 1> <Delay = 2.15> <IPBlock> <Opcode : 'mul' 'add' 'sub' 'select'> <InPorts = 0> <OutPorts = 1> <Sync> <CReg>
ST_10 : Operation 89 [3/3] (1.05ns) (grouped into DSP with root node ret_4)   --->   "%ret_12 = mul i16 %zext_ln1497_1, i16 %zext_ln1345_3"   --->   Operation 89 'mul' 'ret_12' <Predicate = (!icmp_ln878)> <Delay = 1.05> <CoreInst = "DSP48">   --->   Core 119 'DSP48' <Latency = 3> <II = 1> <Delay = 2.15> <IPBlock> <Opcode : 'mul' 'add' 'sub' 'select'> <InPorts = 0> <OutPorts = 1> <Sync> <CReg>
ST_10 : Operation 90 [3/3] (1.05ns) (grouped into DSP with root node ret)   --->   "%ret_10 = mul i16 %zext_ln1345_2, i16 %zext_ln1345_3"   --->   Operation 90 'mul' 'ret_10' <Predicate = (!icmp_ln878)> <Delay = 1.05> <CoreInst = "DSP48">   --->   Core 119 'DSP48' <Latency = 3> <II = 1> <Delay = 2.15> <IPBlock> <Opcode : 'mul' 'add' 'sub' 'select'> <InPorts = 0> <OutPorts = 1> <Sync> <CReg>

State 11 <SV = 10> <Delay = 1.05>
ST_11 : Operation 91 [1/4] (0.00ns) (root node of the DSP)   --->   "%mul_ln213 = mul i33 %zext_ln213, i33 65794"   --->   Operation 91 'mul' 'mul_ln213' <Predicate = (!icmp_ln878)> <Delay = 0.00> <CoreInst = "DSP48">   --->   Core 119 'DSP48' <Latency = 3> <II = 1> <Delay = 2.15> <IPBlock> <Opcode : 'mul' 'add' 'sub' 'select'> <InPorts = 0> <OutPorts = 1> <Sync> <CReg>
ST_11 : Operation 92 [1/1] (0.00ns)   --->   "%tmp = partselect i9 @_ssdm_op_PartSelect.i9.i33.i32.i32, i33 %mul_ln213, i32 24, i32 32"   --->   Operation 92 'partselect' 'tmp' <Predicate = (!icmp_ln878)> <Delay = 0.00>
ST_11 : Operation 93 [1/4] (0.00ns) (root node of the DSP)   --->   "%mul_ln213_1 = mul i33 %zext_ln213_2, i33 65794"   --->   Operation 93 'mul' 'mul_ln213_1' <Predicate = (!icmp_ln878)> <Delay = 0.00> <CoreInst = "DSP48">   --->   Core 119 'DSP48' <Latency = 3> <II = 1> <Delay = 2.15> <IPBlock> <Opcode : 'mul' 'add' 'sub' 'select'> <InPorts = 0> <OutPorts = 1> <Sync> <CReg>
ST_11 : Operation 94 [1/1] (0.00ns)   --->   "%tmp_1 = partselect i9 @_ssdm_op_PartSelect.i9.i33.i32.i32, i33 %mul_ln213_1, i32 24, i32 32"   --->   Operation 94 'partselect' 'tmp_1' <Predicate = (!icmp_ln878)> <Delay = 0.00>
ST_11 : Operation 95 [1/4] (0.00ns) (root node of the DSP)   --->   "%mul_ln213_2 = mul i33 %zext_ln213_4, i33 65794"   --->   Operation 95 'mul' 'mul_ln213_2' <Predicate = (!icmp_ln878)> <Delay = 0.00> <CoreInst = "DSP48">   --->   Core 119 'DSP48' <Latency = 3> <II = 1> <Delay = 2.15> <IPBlock> <Opcode : 'mul' 'add' 'sub' 'select'> <InPorts = 0> <OutPorts = 1> <Sync> <CReg>
ST_11 : Operation 96 [1/1] (0.00ns)   --->   "%tmp_2 = partselect i9 @_ssdm_op_PartSelect.i9.i33.i32.i32, i33 %mul_ln213_2, i32 24, i32 32"   --->   Operation 96 'partselect' 'tmp_2' <Predicate = (!icmp_ln878)> <Delay = 0.00>
ST_11 : Operation 97 [2/3] (1.05ns) (grouped into DSP with root node ret_7)   --->   "%ret_14 = mul i16 %zext_ln1345_3, i16 %zext_ln1345"   --->   Operation 97 'mul' 'ret_14' <Predicate = (!icmp_ln878)> <Delay = 1.05> <CoreInst = "DSP48">   --->   Core 119 'DSP48' <Latency = 3> <II = 1> <Delay = 2.15> <IPBlock> <Opcode : 'mul' 'add' 'sub' 'select'> <InPorts = 0> <OutPorts = 1> <Sync> <CReg>
ST_11 : Operation 98 [2/3] (1.05ns) (grouped into DSP with root node ret_4)   --->   "%ret_12 = mul i16 %zext_ln1497_1, i16 %zext_ln1345_3"   --->   Operation 98 'mul' 'ret_12' <Predicate = (!icmp_ln878)> <Delay = 1.05> <CoreInst = "DSP48">   --->   Core 119 'DSP48' <Latency = 3> <II = 1> <Delay = 2.15> <IPBlock> <Opcode : 'mul' 'add' 'sub' 'select'> <InPorts = 0> <OutPorts = 1> <Sync> <CReg>
ST_11 : Operation 99 [2/3] (1.05ns) (grouped into DSP with root node ret)   --->   "%ret_10 = mul i16 %zext_ln1345_2, i16 %zext_ln1345_3"   --->   Operation 99 'mul' 'ret_10' <Predicate = (!icmp_ln878)> <Delay = 1.05> <CoreInst = "DSP48">   --->   Core 119 'DSP48' <Latency = 3> <II = 1> <Delay = 2.15> <IPBlock> <Opcode : 'mul' 'add' 'sub' 'select'> <InPorts = 0> <OutPorts = 1> <Sync> <CReg>

State 12 <SV = 11> <Delay = 6.45>
ST_12 : Operation 100 [1/1] (0.00ns)   --->   "%zext_ln1345_1 = zext i8 %trunc_ln"   --->   Operation 100 'zext' 'zext_ln1345_1' <Predicate = (!icmp_ln878)> <Delay = 0.00>
ST_12 : Operation 101 [1/1] (0.00ns)   --->   "%src_r_V = zext i9 %tmp"   --->   Operation 101 'zext' 'src_r_V' <Predicate = (!icmp_ln878)> <Delay = 0.00>
ST_12 : Operation 102 [1/1] (4.35ns)   --->   "%ret_8 = mul i16 %src_r_V, i16 %zext_ln1345_1"   --->   Operation 102 'mul' 'ret_8' <Predicate = (!icmp_ln878)> <Delay = 4.35> <CoreInst = "Multiplier">   --->   Core 3 'Multiplier' <Latency = 1> <II = 1> <Delay = 6.91> <FuncUnit> <Opcode : 'mul'> <InPorts = 2> <OutPorts = 1>
ST_12 : Operation 103 [1/1] (0.00ns)   --->   "%zext_ln1346 = zext i16 %ret_8"   --->   Operation 103 'zext' 'zext_ln1346' <Predicate = (!icmp_ln878)> <Delay = 0.00>
ST_12 : Operation 104 [1/1] (0.00ns)   --->   "%src_b_V = zext i9 %tmp_1"   --->   Operation 104 'zext' 'src_b_V' <Predicate = (!icmp_ln878)> <Delay = 0.00>
ST_12 : Operation 105 [1/1] (4.35ns)   --->   "%ret_11 = mul i16 %src_b_V, i16 %zext_ln1345_1"   --->   Operation 105 'mul' 'ret_11' <Predicate = (!icmp_ln878)> <Delay = 4.35> <CoreInst = "Multiplier">   --->   Core 3 'Multiplier' <Latency = 1> <II = 1> <Delay = 6.91> <FuncUnit> <Opcode : 'mul'> <InPorts = 2> <OutPorts = 1>
ST_12 : Operation 106 [1/1] (0.00ns)   --->   "%zext_ln1346_1 = zext i16 %ret_11"   --->   Operation 106 'zext' 'zext_ln1346_1' <Predicate = (!icmp_ln878)> <Delay = 0.00>
ST_12 : Operation 107 [1/1] (0.00ns)   --->   "%src_g_V_2 = zext i9 %tmp_2"   --->   Operation 107 'zext' 'src_g_V_2' <Predicate = (!icmp_ln878)> <Delay = 0.00>
ST_12 : Operation 108 [1/1] (4.35ns)   --->   "%ret_13 = mul i16 %src_g_V_2, i16 %zext_ln1345_1"   --->   Operation 108 'mul' 'ret_13' <Predicate = (!icmp_ln878)> <Delay = 4.35> <CoreInst = "Multiplier">   --->   Core 3 'Multiplier' <Latency = 1> <II = 1> <Delay = 6.91> <FuncUnit> <Opcode : 'mul'> <InPorts = 2> <OutPorts = 1>
ST_12 : Operation 109 [1/1] (0.00ns)   --->   "%zext_ln1346_2 = zext i16 %ret_13"   --->   Operation 109 'zext' 'zext_ln1346_2' <Predicate = (!icmp_ln878)> <Delay = 0.00>
ST_12 : Operation 110 [1/3] (0.00ns) (grouped into DSP with root node ret_7)   --->   "%ret_14 = mul i16 %zext_ln1345_3, i16 %zext_ln1345"   --->   Operation 110 'mul' 'ret_14' <Predicate = (!icmp_ln878)> <Delay = 0.00> <CoreInst = "DSP48">   --->   Core 119 'DSP48' <Latency = 3> <II = 1> <Delay = 2.15> <IPBlock> <Opcode : 'mul' 'add' 'sub' 'select'> <InPorts = 0> <OutPorts = 1> <Sync> <CReg>
ST_12 : Operation 111 [1/1] (0.00ns) (grouped into DSP with root node ret_7)   --->   "%zext_ln1346_3 = zext i16 %ret_14"   --->   Operation 111 'zext' 'zext_ln1346_3' <Predicate = (!icmp_ln878)> <Delay = 0.00>
ST_12 : Operation 112 [2/2] (2.10ns) (root node of the DSP)   --->   "%ret_7 = add i17 %zext_ln1346_2, i17 %zext_ln1346_3"   --->   Operation 112 'add' 'ret_7' <Predicate = (!icmp_ln878)> <Delay = 2.10> <CoreInst = "DSP48">   --->   Core 119 'DSP48' <Latency = 3> <II = 1> <Delay = 2.15> <IPBlock> <Opcode : 'mul' 'add' 'sub' 'select'> <InPorts = 0> <OutPorts = 1> <Sync> <CReg>
ST_12 : Operation 113 [1/3] (0.00ns) (grouped into DSP with root node ret_4)   --->   "%ret_12 = mul i16 %zext_ln1497_1, i16 %zext_ln1345_3"   --->   Operation 113 'mul' 'ret_12' <Predicate = (!icmp_ln878)> <Delay = 0.00> <CoreInst = "DSP48">   --->   Core 119 'DSP48' <Latency = 3> <II = 1> <Delay = 2.15> <IPBlock> <Opcode : 'mul' 'add' 'sub' 'select'> <InPorts = 0> <OutPorts = 1> <Sync> <CReg>
ST_12 : Operation 114 [1/1] (0.00ns) (grouped into DSP with root node ret_4)   --->   "%zext_ln1346_4 = zext i16 %ret_12"   --->   Operation 114 'zext' 'zext_ln1346_4' <Predicate = (!icmp_ln878)> <Delay = 0.00>
ST_12 : Operation 115 [2/2] (2.10ns) (root node of the DSP)   --->   "%ret_4 = add i17 %zext_ln1346_1, i17 %zext_ln1346_4"   --->   Operation 115 'add' 'ret_4' <Predicate = (!icmp_ln878)> <Delay = 2.10> <CoreInst = "DSP48">   --->   Core 119 'DSP48' <Latency = 3> <II = 1> <Delay = 2.15> <IPBlock> <Opcode : 'mul' 'add' 'sub' 'select'> <InPorts = 0> <OutPorts = 1> <Sync> <CReg>
ST_12 : Operation 116 [1/3] (0.00ns) (grouped into DSP with root node ret)   --->   "%ret_10 = mul i16 %zext_ln1345_2, i16 %zext_ln1345_3"   --->   Operation 116 'mul' 'ret_10' <Predicate = (!icmp_ln878)> <Delay = 0.00> <CoreInst = "DSP48">   --->   Core 119 'DSP48' <Latency = 3> <II = 1> <Delay = 2.15> <IPBlock> <Opcode : 'mul' 'add' 'sub' 'select'> <InPorts = 0> <OutPorts = 1> <Sync> <CReg>
ST_12 : Operation 117 [1/1] (0.00ns) (grouped into DSP with root node ret)   --->   "%zext_ln1346_5 = zext i16 %ret_10"   --->   Operation 117 'zext' 'zext_ln1346_5' <Predicate = (!icmp_ln878)> <Delay = 0.00>
ST_12 : Operation 118 [2/2] (2.10ns) (root node of the DSP)   --->   "%ret = add i17 %zext_ln1346, i17 %zext_ln1346_5"   --->   Operation 118 'add' 'ret' <Predicate = (!icmp_ln878)> <Delay = 2.10> <CoreInst = "DSP48">   --->   Core 119 'DSP48' <Latency = 3> <II = 1> <Delay = 2.15> <IPBlock> <Opcode : 'mul' 'add' 'sub' 'select'> <InPorts = 0> <OutPorts = 1> <Sync> <CReg>

State 13 <SV = 12> <Delay = 4.25>
ST_13 : Operation 119 [1/2] (2.10ns) (root node of the DSP)   --->   "%ret_7 = add i17 %zext_ln1346_2, i17 %zext_ln1346_3"   --->   Operation 119 'add' 'ret_7' <Predicate = (!icmp_ln878)> <Delay = 2.10> <CoreInst = "DSP48">   --->   Core 119 'DSP48' <Latency = 3> <II = 1> <Delay = 2.15> <IPBlock> <Opcode : 'mul' 'add' 'sub' 'select'> <InPorts = 0> <OutPorts = 1> <Sync> <CReg>
ST_13 : Operation 120 [1/2] (2.10ns) (root node of the DSP)   --->   "%ret_4 = add i17 %zext_ln1346_1, i17 %zext_ln1346_4"   --->   Operation 120 'add' 'ret_4' <Predicate = (!icmp_ln878)> <Delay = 2.10> <CoreInst = "DSP48">   --->   Core 119 'DSP48' <Latency = 3> <II = 1> <Delay = 2.15> <IPBlock> <Opcode : 'mul' 'add' 'sub' 'select'> <InPorts = 0> <OutPorts = 1> <Sync> <CReg>
ST_13 : Operation 121 [1/2] (2.10ns) (root node of the DSP)   --->   "%ret = add i17 %zext_ln1346, i17 %zext_ln1346_5"   --->   Operation 121 'add' 'ret' <Predicate = (!icmp_ln878)> <Delay = 2.10> <CoreInst = "DSP48">   --->   Core 119 'DSP48' <Latency = 3> <II = 1> <Delay = 2.15> <IPBlock> <Opcode : 'mul' 'add' 'sub' 'select'> <InPorts = 0> <OutPorts = 1> <Sync> <CReg>
ST_13 : Operation 122 [1/1] (0.00ns)   --->   "%zext_ln1364 = zext i17 %ret"   --->   Operation 122 'zext' 'zext_ln1364' <Predicate = (!icmp_ln878)> <Delay = 0.00>
ST_13 : Operation 123 [4/4] (2.15ns) (root node of the DSP)   --->   "%mul_ln1364_3 = mul i35 %zext_ln1364, i35 131587"   --->   Operation 123 'mul' 'mul_ln1364_3' <Predicate = (!icmp_ln878)> <Delay = 2.15> <CoreInst = "DSP48">   --->   Core 119 'DSP48' <Latency = 3> <II = 1> <Delay = 2.15> <IPBlock> <Opcode : 'mul' 'add' 'sub' 'select'> <InPorts = 0> <OutPorts = 1> <Sync> <CReg>
ST_13 : Operation 124 [1/1] (0.00ns)   --->   "%zext_ln1364_1 = zext i17 %ret_4"   --->   Operation 124 'zext' 'zext_ln1364_1' <Predicate = (!icmp_ln878)> <Delay = 0.00>
ST_13 : Operation 125 [4/4] (2.15ns) (root node of the DSP)   --->   "%mul_ln1364_4 = mul i35 %zext_ln1364_1, i35 131587"   --->   Operation 125 'mul' 'mul_ln1364_4' <Predicate = (!icmp_ln878)> <Delay = 2.15> <CoreInst = "DSP48">   --->   Core 119 'DSP48' <Latency = 3> <II = 1> <Delay = 2.15> <IPBlock> <Opcode : 'mul' 'add' 'sub' 'select'> <InPorts = 0> <OutPorts = 1> <Sync> <CReg>
ST_13 : Operation 126 [1/1] (0.00ns)   --->   "%zext_ln1364_2 = zext i17 %ret_7"   --->   Operation 126 'zext' 'zext_ln1364_2' <Predicate = (!icmp_ln878)> <Delay = 0.00>
ST_13 : Operation 127 [4/4] (2.15ns) (root node of the DSP)   --->   "%mul_ln1364_5 = mul i35 %zext_ln1364_2, i35 131587"   --->   Operation 127 'mul' 'mul_ln1364_5' <Predicate = (!icmp_ln878)> <Delay = 2.15> <CoreInst = "DSP48">   --->   Core 119 'DSP48' <Latency = 3> <II = 1> <Delay = 2.15> <IPBlock> <Opcode : 'mul' 'add' 'sub' 'select'> <InPorts = 0> <OutPorts = 1> <Sync> <CReg>

State 14 <SV = 13> <Delay = 2.15>
ST_14 : Operation 128 [3/4] (2.15ns) (root node of the DSP)   --->   "%mul_ln1364_3 = mul i35 %zext_ln1364, i35 131587"   --->   Operation 128 'mul' 'mul_ln1364_3' <Predicate = (!icmp_ln878)> <Delay = 2.15> <CoreInst = "DSP48">   --->   Core 119 'DSP48' <Latency = 3> <II = 1> <Delay = 2.15> <IPBlock> <Opcode : 'mul' 'add' 'sub' 'select'> <InPorts = 0> <OutPorts = 1> <Sync> <CReg>
ST_14 : Operation 129 [3/4] (2.15ns) (root node of the DSP)   --->   "%mul_ln1364_4 = mul i35 %zext_ln1364_1, i35 131587"   --->   Operation 129 'mul' 'mul_ln1364_4' <Predicate = (!icmp_ln878)> <Delay = 2.15> <CoreInst = "DSP48">   --->   Core 119 'DSP48' <Latency = 3> <II = 1> <Delay = 2.15> <IPBlock> <Opcode : 'mul' 'add' 'sub' 'select'> <InPorts = 0> <OutPorts = 1> <Sync> <CReg>
ST_14 : Operation 130 [3/4] (2.15ns) (root node of the DSP)   --->   "%mul_ln1364_5 = mul i35 %zext_ln1364_2, i35 131587"   --->   Operation 130 'mul' 'mul_ln1364_5' <Predicate = (!icmp_ln878)> <Delay = 2.15> <CoreInst = "DSP48">   --->   Core 119 'DSP48' <Latency = 3> <II = 1> <Delay = 2.15> <IPBlock> <Opcode : 'mul' 'add' 'sub' 'select'> <InPorts = 0> <OutPorts = 1> <Sync> <CReg>

State 15 <SV = 14> <Delay = 2.15>
ST_15 : Operation 131 [2/4] (2.15ns) (root node of the DSP)   --->   "%mul_ln1364_3 = mul i35 %zext_ln1364, i35 131587"   --->   Operation 131 'mul' 'mul_ln1364_3' <Predicate = (!icmp_ln878)> <Delay = 2.15> <CoreInst = "DSP48">   --->   Core 119 'DSP48' <Latency = 3> <II = 1> <Delay = 2.15> <IPBlock> <Opcode : 'mul' 'add' 'sub' 'select'> <InPorts = 0> <OutPorts = 1> <Sync> <CReg>
ST_15 : Operation 132 [2/4] (2.15ns) (root node of the DSP)   --->   "%mul_ln1364_4 = mul i35 %zext_ln1364_1, i35 131587"   --->   Operation 132 'mul' 'mul_ln1364_4' <Predicate = (!icmp_ln878)> <Delay = 2.15> <CoreInst = "DSP48">   --->   Core 119 'DSP48' <Latency = 3> <II = 1> <Delay = 2.15> <IPBlock> <Opcode : 'mul' 'add' 'sub' 'select'> <InPorts = 0> <OutPorts = 1> <Sync> <CReg>
ST_15 : Operation 133 [2/4] (2.15ns) (root node of the DSP)   --->   "%mul_ln1364_5 = mul i35 %zext_ln1364_2, i35 131587"   --->   Operation 133 'mul' 'mul_ln1364_5' <Predicate = (!icmp_ln878)> <Delay = 2.15> <CoreInst = "DSP48">   --->   Core 119 'DSP48' <Latency = 3> <II = 1> <Delay = 2.15> <IPBlock> <Opcode : 'mul' 'add' 'sub' 'select'> <InPorts = 0> <OutPorts = 1> <Sync> <CReg>

State 16 <SV = 15> <Delay = 0.00>
ST_16 : Operation 134 [1/4] (0.00ns) (root node of the DSP)   --->   "%mul_ln1364_3 = mul i35 %zext_ln1364, i35 131587"   --->   Operation 134 'mul' 'mul_ln1364_3' <Predicate = (!icmp_ln878)> <Delay = 0.00> <CoreInst = "DSP48">   --->   Core 119 'DSP48' <Latency = 3> <II = 1> <Delay = 2.15> <IPBlock> <Opcode : 'mul' 'add' 'sub' 'select'> <InPorts = 0> <OutPorts = 1> <Sync> <CReg>
ST_16 : Operation 135 [1/1] (0.00ns)   --->   "%dst_r_V = partselect i8 @_ssdm_op_PartSelect.i8.i35.i32.i32, i35 %mul_ln1364_3, i32 25, i32 32"   --->   Operation 135 'partselect' 'dst_r_V' <Predicate = (!icmp_ln878)> <Delay = 0.00>
ST_16 : Operation 136 [1/4] (0.00ns) (root node of the DSP)   --->   "%mul_ln1364_4 = mul i35 %zext_ln1364_1, i35 131587"   --->   Operation 136 'mul' 'mul_ln1364_4' <Predicate = (!icmp_ln878)> <Delay = 0.00> <CoreInst = "DSP48">   --->   Core 119 'DSP48' <Latency = 3> <II = 1> <Delay = 2.15> <IPBlock> <Opcode : 'mul' 'add' 'sub' 'select'> <InPorts = 0> <OutPorts = 1> <Sync> <CReg>
ST_16 : Operation 137 [1/1] (0.00ns)   --->   "%dst_b_V = partselect i8 @_ssdm_op_PartSelect.i8.i35.i32.i32, i35 %mul_ln1364_4, i32 25, i32 32"   --->   Operation 137 'partselect' 'dst_b_V' <Predicate = (!icmp_ln878)> <Delay = 0.00>
ST_16 : Operation 138 [1/4] (0.00ns) (root node of the DSP)   --->   "%mul_ln1364_5 = mul i35 %zext_ln1364_2, i35 131587"   --->   Operation 138 'mul' 'mul_ln1364_5' <Predicate = (!icmp_ln878)> <Delay = 0.00> <CoreInst = "DSP48">   --->   Core 119 'DSP48' <Latency = 3> <II = 1> <Delay = 2.15> <IPBlock> <Opcode : 'mul' 'add' 'sub' 'select'> <InPorts = 0> <OutPorts = 1> <Sync> <CReg>
ST_16 : Operation 139 [1/1] (0.00ns)   --->   "%dst_g_V = partselect i8 @_ssdm_op_PartSelect.i8.i35.i32.i32, i35 %mul_ln1364_5, i32 25, i32 32"   --->   Operation 139 'partselect' 'dst_g_V' <Predicate = (!icmp_ln878)> <Delay = 0.00>

State 17 <SV = 16> <Delay = 7.30>
ST_17 : Operation 140 [1/1] (0.00ns)   --->   "%specpipeline_ln77 = specpipeline void @_ssdm_op_SpecPipeline, i32 4294967295, i32 0, i32 0, i32 0, void @empty_22" [mapchip_png.cpp:77]   --->   Operation 140 'specpipeline' 'specpipeline_ln77' <Predicate = (!icmp_ln878)> <Delay = 0.00>
ST_17 : Operation 141 [1/1] (0.00ns)   --->   "%speclooptripcount_ln77 = speclooptripcount void @_ssdm_op_SpecLoopTripCount, i64 1, i64 640, i64 240" [mapchip_png.cpp:77]   --->   Operation 141 'speclooptripcount' 'speclooptripcount_ln77' <Predicate = (!icmp_ln878)> <Delay = 0.00>
ST_17 : Operation 142 [1/1] (0.00ns)   --->   "%specloopname_ln77 = specloopname void @_ssdm_op_SpecLoopName, void @empty_9" [mapchip_png.cpp:77]   --->   Operation 142 'specloopname' 'specloopname_ln77' <Predicate = (!icmp_ln878)> <Delay = 0.00>
ST_17 : Operation 143 [1/1] (0.00ns)   --->   "%color_V = bitconcatenate i24 @_ssdm_op_BitConcatenate.i24.i8.i8.i8, i8 %dst_r_V, i8 %dst_b_V, i8 %dst_g_V"   --->   Operation 143 'bitconcatenate' 'color_V' <Predicate = (!icmp_ln878)> <Delay = 0.00>
ST_17 : Operation 144 [1/1] (0.00ns)   --->   "%zext_ln35 = zext i24 %color_V" [mapchip_png.cpp:35]   --->   Operation 144 'zext' 'zext_ln35' <Predicate = (!icmp_ln878)> <Delay = 0.00>
ST_17 : Operation 145 [1/1] (7.30ns)   --->   "%write_ln329 = write void @_ssdm_op_Write.m_axi.i32P1A, i32 %dst_addr, i32 %zext_ln35, i4 15"   --->   Operation 145 'write' 'write_ln329' <Predicate = (!icmp_ln878)> <Delay = 7.30> <CoreInst = "m_axi">   --->   Core 113 'm_axi' <Latency = 6> <II = 1> <Delay = 1.00> <Adapter> <Opcode : 'read' 'write' 'readreq' 'writereq' 'writeresp'>
ST_17 : Operation 146 [1/1] (0.00ns)   --->   "%br_ln75 = br void %.split285.i.i" [mapchip_png.cpp:75]   --->   Operation 146 'br' 'br_ln75' <Predicate = (!icmp_ln878)> <Delay = 0.00>

State 18 <SV = 6> <Delay = 7.30>
ST_18 : Operation 147 [5/5] (7.30ns)   --->   "%dst_addr_1_wr_resp = writeresp i1 @_ssdm_op_WriteResp.m_axi.i32P1A, i32 %dst_addr"   --->   Operation 147 'writeresp' 'dst_addr_1_wr_resp' <Predicate = true> <Delay = 7.30> <CoreInst = "m_axi">   --->   Core 113 'm_axi' <Latency = 6> <II = 1> <Delay = 1.00> <Adapter> <Opcode : 'read' 'write' 'readreq' 'writereq' 'writeresp'>

State 19 <SV = 7> <Delay = 7.30>
ST_19 : Operation 148 [4/5] (7.30ns)   --->   "%dst_addr_1_wr_resp = writeresp i1 @_ssdm_op_WriteResp.m_axi.i32P1A, i32 %dst_addr"   --->   Operation 148 'writeresp' 'dst_addr_1_wr_resp' <Predicate = true> <Delay = 7.30> <CoreInst = "m_axi">   --->   Core 113 'm_axi' <Latency = 6> <II = 1> <Delay = 1.00> <Adapter> <Opcode : 'read' 'write' 'readreq' 'writereq' 'writeresp'>

State 20 <SV = 8> <Delay = 7.30>
ST_20 : Operation 149 [3/5] (7.30ns)   --->   "%dst_addr_1_wr_resp = writeresp i1 @_ssdm_op_WriteResp.m_axi.i32P1A, i32 %dst_addr"   --->   Operation 149 'writeresp' 'dst_addr_1_wr_resp' <Predicate = true> <Delay = 7.30> <CoreInst = "m_axi">   --->   Core 113 'm_axi' <Latency = 6> <II = 1> <Delay = 1.00> <Adapter> <Opcode : 'read' 'write' 'readreq' 'writereq' 'writeresp'>

State 21 <SV = 9> <Delay = 7.30>
ST_21 : Operation 150 [2/5] (7.30ns)   --->   "%dst_addr_1_wr_resp = writeresp i1 @_ssdm_op_WriteResp.m_axi.i32P1A, i32 %dst_addr"   --->   Operation 150 'writeresp' 'dst_addr_1_wr_resp' <Predicate = true> <Delay = 7.30> <CoreInst = "m_axi">   --->   Core 113 'm_axi' <Latency = 6> <II = 1> <Delay = 1.00> <Adapter> <Opcode : 'read' 'write' 'readreq' 'writereq' 'writeresp'>

State 22 <SV = 10> <Delay = 7.30>
ST_22 : Operation 151 [1/5] (7.30ns)   --->   "%dst_addr_1_wr_resp = writeresp i1 @_ssdm_op_WriteResp.m_axi.i32P1A, i32 %dst_addr"   --->   Operation 151 'writeresp' 'dst_addr_1_wr_resp' <Predicate = true> <Delay = 7.30> <CoreInst = "m_axi">   --->   Core 113 'm_axi' <Latency = 6> <II = 1> <Delay = 1.00> <Adapter> <Opcode : 'read' 'write' 'readreq' 'writereq' 'writeresp'>
ST_22 : Operation 152 [1/1] (0.00ns)   --->   "%ret_ln0 = ret"   --->   Operation 152 'ret' 'ret_ln0' <Predicate = true> <Delay = 0.00>


============================================================
+ Verbose Summary: Timing violations
============================================================
Target clock period: 10ns, clock uncertainty: 2.7ns.

 <State 1>: 3.63ns
The critical path consists of the following:
	fifo read on port 'mapchip_draw_xsize' [15]  (3.63 ns)

 <State 2>: 6.91ns
The critical path consists of the following:
	'mul' operation ('mul_i_i70_i', mapchip_png.cpp:63) [24]  (6.91 ns)

 <State 3>: 6.91ns
The critical path consists of the following:
	'mul' operation ('mul_i_i70_i', mapchip_png.cpp:63) [24]  (6.91 ns)

 <State 4>: 3.52ns
The critical path consists of the following:
	'add' operation ('add_ln329') [26]  (3.52 ns)

 <State 5>: 7.3ns
The critical path consists of the following:
	bus request on port 'dst' [30]  (7.3 ns)

 <State 6>: 3.25ns
The critical path consists of the following:
	'phi' operation ('x', mapchip_png.cpp:75) with incoming values : ('add_ln75', mapchip_png.cpp:75) [33]  (0 ns)
	'getelementptr' operation ('src_V1_addr', mapchip_png.cpp:77) [42]  (0 ns)
	'load' operation ('src.V', mapchip_png.cpp:77) on array 'src_V1' [43]  (3.25 ns)

 <State 7>: 3.25ns
The critical path consists of the following:
	'load' operation ('src.V', mapchip_png.cpp:77) on array 'src_V1' [43]  (3.25 ns)

 <State 8>: 6.32ns
The critical path consists of the following:
	'mul' operation ('mul_ln1364') [60]  (4.17 ns)
	'mul' operation of DSP[62] ('mul_ln213') [62]  (2.15 ns)

 <State 9>: 3.25ns
The critical path consists of the following:
	'getelementptr' operation ('dst_V2_addr', mapchip_png.cpp:77) [46]  (0 ns)
	'load' operation ('dst.V', mapchip_png.cpp:77) on array 'dst_V2' [47]  (3.25 ns)

 <State 10>: 4.3ns
The critical path consists of the following:
	'load' operation ('dst.V', mapchip_png.cpp:77) on array 'dst_V2' [47]  (3.25 ns)
	'mul' operation of DSP[85] ('ret') [83]  (1.05 ns)

 <State 11>: 1.05ns
The critical path consists of the following:
	'mul' operation of DSP[85] ('ret') [83]  (1.05 ns)

 <State 12>: 6.45ns
The critical path consists of the following:
	'mul' operation ('ret') [79]  (4.35 ns)
	'add' operation of DSP[85] ('ret') [85]  (2.1 ns)

 <State 13>: 4.25ns
The critical path consists of the following:
	'add' operation of DSP[91] ('ret') [91]  (2.1 ns)
	'mul' operation of DSP[93] ('mul_ln1364_3') [93]  (2.15 ns)

 <State 14>: 2.15ns
The critical path consists of the following:
	'mul' operation of DSP[93] ('mul_ln1364_3') [93]  (2.15 ns)

 <State 15>: 2.15ns
The critical path consists of the following:
	'mul' operation of DSP[93] ('mul_ln1364_3') [93]  (2.15 ns)

 <State 16>: 0ns
The critical path consists of the following:

 <State 17>: 7.3ns
The critical path consists of the following:
	bus write on port 'dst' [103]  (7.3 ns)

 <State 18>: 7.3ns
The critical path consists of the following:
	bus response on port 'dst' [106]  (7.3 ns)

 <State 19>: 7.3ns
The critical path consists of the following:
	bus response on port 'dst' [106]  (7.3 ns)

 <State 20>: 7.3ns
The critical path consists of the following:
	bus response on port 'dst' [106]  (7.3 ns)

 <State 21>: 7.3ns
The critical path consists of the following:
	bus response on port 'dst' [106]  (7.3 ns)

 <State 22>: 7.3ns
The critical path consists of the following:
	bus response on port 'dst' [106]  (7.3 ns)


============================================================
+ Verbose Summary: Binding
============================================================
N/A
* FSMD analyzer results:
  - Output states:
 - Input state : 
  - Chain level:
	State 1
	State 2
	State 3
	State 4
	State 5
	State 6
	State 7
	State 8
	State 9
	State 10
	State 11
	State 12
	State 13
	State 14
	State 15
	State 16
	State 17
	State 18
	State 19
	State 20
	State 21
	State 22


============================================================
+ Verbose Summary: Datapath Resource usage 
============================================================
N/A
