

================================================================
== Synthesis Summary Report of 'mapchip_color'
================================================================
+ General Information: 
    * Date:           Tue Jul 27 20:14:35 2021
    * Version:        2020.2 (Build 3064766 on Wed Nov 18 09:12:47 MST 2020)
    * Project:        mapchip_color
    * Solution:       solution1 (Vivado IP Flow Target)
    * Product family: zynq
    * Target device:  xc7z020-clg400-1
    

+ Performance & Resource Estimates: 
    
    PS: '+' for module; 'o' for loop; '*' for dataflow
    +---------------------------------------------------------+--------+-------+---------+-----------+----------+---------+------+----------+---------+---------+-----------+------------+-----+
    |                         Modules                         |  Issue |       | Latency |  Latency  | Iteration|         | Trip |          |         |         |           |            |     |
    |                         & Loops                         |  Type  | Slack | (cycles)|    (ns)   |  Latency | Interval| Count| Pipelined|  BRAM   |   DSP   |     FF    |     LUT    | URAM|
    +---------------------------------------------------------+--------+-------+---------+-----------+----------+---------+------+----------+---------+---------+-----------+------------+-----+
    |+ mapchip_color                                          |  Timing|   0.00|   319380|  3.194e+06|         -|   319381|     -|        no|  11 (3%)|  12 (5%)|  6593 (6%)|  5497 (10%)|    -|
    | + grp_dataflow_in_loop_height_loop_fu_218*              |  Timing|   0.00|     1322|  1.322e+04|         -|      664|     -|  dataflow|   7 (2%)|  12 (5%)|  4421 (4%)|   3131 (5%)|    -|
    |  + grp_dstout_loop_proc_fu_292                          |  Timing|   0.00|      663|  6.630e+03|         -|      663|     -|        no|        -|  12 (5%)|  727 (~0%)|    603 (1%)|    -|
    |   o dstout_loop                                         |       -|  -7.30|      653|  6.530e+03|        15|        1|   640|       yes|        -|        -|          -|           -|    -|
    |  + grp_src_loop_proc_fu_307                             |  Timing|   0.00|      657|  6.570e+03|         -|      657|     -|        no|        -|        -|  1218 (1%)|    675 (1%)|    -|
    |   o src_loop                                            |       -|  -7.30|      641|  6.410e+03|         3|        1|   640|       yes|        -|        -|          -|           -|    -|
    |  + grp_dstin_loop_proc_fu_324                           |  Timing|   0.00|      653|  6.530e+03|         -|      653|     -|        no|        -|        -|  590 (~0%)|   352 (~0%)|    -|
    |   o dstin_loop                                          |       -|  -7.30|      641|  6.410e+03|         3|        1|   640|       yes|        -|        -|          -|           -|    -|
    |  + call_ln0_dataflow_in_loop_height_loop_entry6_fu_335  |       -|  -3.67|        0|      0.000|         -|        0|     -|        no|        -|        -|    2 (~0%)|   164 (~0%)|    -|
    | o height_loop                                           |       -|  -7.30|   319379|  3.194e+06|      1324|        -|   480|        no|        -|        -|          -|           -|    -|
    +---------------------------------------------------------+--------+-------+---------+-----------+----------+---------+------+----------+---------+---------+-----------+------------+-----+

